2025-12-10 07:58:01 - OGBL-DDI Link Prediction - GCN with External Features
2025-12-10 07:58:01 - Device: cuda:0
2025-12-10 07:58:01 - Log directory: logs/ddi_gcn_pubchem_20251210_075801
2025-12-10 07:58:01 - ================================================================================
2025-12-10 07:58:01 - Dataset: 4267 nodes, 2135822 edges
2025-12-10 07:58:01 - Train edges: 1067911
2025-12-10 07:58:01 - Valid edges: 133489 pos, 101882 neg
2025-12-10 07:58:01 - Test edges: 133489 pos, 95599 neg
2025-12-10 07:58:01 - Loading external features...
2025-12-10 07:58:02 - Loaded PubChem features: shape=(4267, 9)
2025-12-10 07:58:02 -   PubChem properties: 9 dims
2025-12-10 07:58:02 - Combined features: 9 dims total
2025-12-10 07:58:02 - Loaded features: {'pubchem': 9}
2025-12-10 07:58:02 - Total feature dimension: 9
2025-12-10 07:58:02 - ================================================================================
2025-12-10 07:58:02 - Model Configuration:
2025-12-10 07:58:02 -   architecture: GCN + MLP
2025-12-10 07:58:02 -   num_layers: 2
2025-12-10 07:58:02 -   hidden_channels: 256
2025-12-10 07:58:02 -   dropout: 0.5
2025-12-10 07:58:02 -   fusion: concat
2025-12-10 07:58:02 -   external_features: ['pubchem']
2025-12-10 07:58:02 - Training Configuration:
2025-12-10 07:58:02 -   epochs: 2000
2025-12-10 07:58:02 -   lr: 0.005
2025-12-10 07:58:02 -   batch_size: 65536
2025-12-10 07:58:02 -   eval_steps: 5
2025-12-10 07:58:02 -   runs: 1
2025-12-10 07:58:02 - ================================================================================
2025-12-10 07:58:14 - [GCN] Epoch 0005 | loss 0.6679 | val@20 0.2217 | test@20 0.1605 | best 0.2217 (ep 5)
2025-12-10 07:58:27 - [GCN] Epoch 0010 | loss 0.5080 | val@20 0.1595 | test@20 0.0890 | best 0.2217 (ep 5)
2025-12-10 07:58:40 - [GCN] Epoch 0015 | loss 0.4350 | val@20 0.1416 | test@20 0.0625 | best 0.2217 (ep 5)
2025-12-10 07:58:53 - [GCN] Epoch 0020 | loss 0.3887 | val@20 0.2695 | test@20 0.2046 | best 0.2695 (ep 20)
2025-12-10 07:59:06 - [GCN] Epoch 0025 | loss 0.3516 | val@20 0.1849 | test@20 0.1701 | best 0.2695 (ep 20)
2025-12-10 07:59:19 - [GCN] Epoch 0030 | loss 0.3223 | val@20 0.0849 | test@20 0.0968 | best 0.2695 (ep 20)
2025-12-10 07:59:31 - [GCN] Epoch 0035 | loss 0.3048 | val@20 0.2696 | test@20 0.1887 | best 0.2696 (ep 35)
2025-12-10 07:59:44 - [GCN] Epoch 0040 | loss 0.2961 | val@20 0.3271 | test@20 0.1801 | best 0.3271 (ep 40)
2025-12-10 07:59:56 - [GCN] Epoch 0045 | loss 0.2854 | val@20 0.3489 | test@20 0.2145 | best 0.3489 (ep 45)
2025-12-10 08:00:09 - [GCN] Epoch 0050 | loss 0.2700 | val@20 0.3541 | test@20 0.2226 | best 0.3541 (ep 50)
2025-12-10 08:00:22 - [GCN] Epoch 0055 | loss 0.2615 | val@20 0.3523 | test@20 0.2728 | best 0.3541 (ep 50)
2025-12-10 08:00:34 - [GCN] Epoch 0060 | loss 0.2574 | val@20 0.3492 | test@20 0.2802 | best 0.3541 (ep 50)
2025-12-10 08:00:47 - [GCN] Epoch 0065 | loss 0.2528 | val@20 0.3367 | test@20 0.2744 | best 0.3541 (ep 50)
2025-12-10 08:01:00 - [GCN] Epoch 0070 | loss 0.2434 | val@20 0.3551 | test@20 0.2282 | best 0.3551 (ep 70)
2025-12-10 08:01:16 - [GCN] Epoch 0075 | loss 0.2403 | val@20 0.3407 | test@20 0.2444 | best 0.3551 (ep 70)
2025-12-10 08:01:28 - [GCN] Epoch 0080 | loss 0.2325 | val@20 0.4302 | test@20 0.3819 | best 0.4302 (ep 80)
2025-12-10 08:01:41 - [GCN] Epoch 0085 | loss 0.2297 | val@20 0.2475 | test@20 0.2557 | best 0.4302 (ep 80)
2025-12-10 08:01:54 - [GCN] Epoch 0090 | loss 0.2239 | val@20 0.3841 | test@20 0.2812 | best 0.4302 (ep 80)
2025-12-10 08:02:08 - [GCN] Epoch 0095 | loss 0.2198 | val@20 0.4003 | test@20 0.2569 | best 0.4302 (ep 80)
2025-12-10 08:02:21 - [GCN] Epoch 0100 | loss 0.2182 | val@20 0.3974 | test@20 0.3169 | best 0.4302 (ep 80)
2025-12-10 08:02:34 - [GCN] Epoch 0105 | loss 0.2124 | val@20 0.3499 | test@20 0.2858 | best 0.4302 (ep 80)
2025-12-10 08:02:46 - [GCN] Epoch 0110 | loss 0.2140 | val@20 0.4683 | test@20 0.3380 | best 0.4683 (ep 110)
2025-12-10 08:03:00 - [GCN] Epoch 0115 | loss 0.2107 | val@20 0.5121 | test@20 0.2776 | best 0.5121 (ep 115)
2025-12-10 08:03:13 - [GCN] Epoch 0120 | loss 0.2065 | val@20 0.4617 | test@20 0.4539 | best 0.5121 (ep 115)
2025-12-10 08:03:25 - [GCN] Epoch 0125 | loss 0.2033 | val@20 0.5007 | test@20 0.5107 | best 0.5121 (ep 115)
2025-12-10 08:03:38 - [GCN] Epoch 0130 | loss 0.2069 | val@20 0.4637 | test@20 0.4037 | best 0.5121 (ep 115)
2025-12-10 08:03:51 - [GCN] Epoch 0135 | loss 0.2041 | val@20 0.4470 | test@20 0.3944 | best 0.5121 (ep 115)
2025-12-10 08:04:04 - [GCN] Epoch 0140 | loss 0.2003 | val@20 0.5150 | test@20 0.5584 | best 0.5150 (ep 140)
2025-12-10 08:04:17 - [GCN] Epoch 0145 | loss 0.1970 | val@20 0.3668 | test@20 0.4087 | best 0.5150 (ep 140)
2025-12-10 08:04:30 - [GCN] Epoch 0150 | loss 0.1950 | val@20 0.5587 | test@20 0.5266 | best 0.5587 (ep 150)
2025-12-10 08:04:42 - [GCN] Epoch 0155 | loss 0.1996 | val@20 0.4753 | test@20 0.5546 | best 0.5587 (ep 150)
2025-12-10 08:04:55 - [GCN] Epoch 0160 | loss 0.1935 | val@20 0.5202 | test@20 0.4381 | best 0.5587 (ep 150)
2025-12-10 08:05:08 - [GCN] Epoch 0165 | loss 0.1926 | val@20 0.4855 | test@20 0.3959 | best 0.5587 (ep 150)
2025-12-10 08:05:21 - [GCN] Epoch 0170 | loss 0.1927 | val@20 0.4655 | test@20 0.4851 | best 0.5587 (ep 150)
2025-12-10 08:05:33 - [GCN] Epoch 0175 | loss 0.1895 | val@20 0.5701 | test@20 0.5421 | best 0.5701 (ep 175)
2025-12-10 08:05:46 - [GCN] Epoch 0180 | loss 0.1864 | val@20 0.5013 | test@20 0.3275 | best 0.5701 (ep 175)
2025-12-10 08:05:59 - [GCN] Epoch 0185 | loss 0.1866 | val@20 0.4544 | test@20 0.3804 | best 0.5701 (ep 175)
2025-12-10 08:06:12 - [GCN] Epoch 0190 | loss 0.1880 | val@20 0.5630 | test@20 0.3495 | best 0.5701 (ep 175)
2025-12-10 08:06:25 - [GCN] Epoch 0195 | loss 0.1809 | val@20 0.4885 | test@20 0.2754 | best 0.5701 (ep 175)
2025-12-10 08:06:37 - [GCN] Epoch 0200 | loss 0.1845 | val@20 0.5447 | test@20 0.5169 | best 0.5701 (ep 175)
2025-12-10 08:06:50 - [GCN] Epoch 0205 | loss 0.1817 | val@20 0.5075 | test@20 0.4081 | best 0.5701 (ep 175)
2025-12-10 08:07:03 - [GCN] Epoch 0210 | loss 0.1813 | val@20 0.5250 | test@20 0.4608 | best 0.5701 (ep 175)
2025-12-10 08:07:16 - [GCN] Epoch 0215 | loss 0.1779 | val@20 0.4856 | test@20 0.3414 | best 0.5701 (ep 175)
2025-12-10 08:07:29 - [GCN] Epoch 0220 | loss 0.1786 | val@20 0.5248 | test@20 0.3562 | best 0.5701 (ep 175)
2025-12-10 08:07:42 - [GCN] Epoch 0225 | loss 0.1785 | val@20 0.4748 | test@20 0.3352 | best 0.5701 (ep 175)
2025-12-10 08:07:54 - [GCN] Epoch 0230 | loss 0.1772 | val@20 0.5765 | test@20 0.2642 | best 0.5765 (ep 230)
2025-12-10 08:08:08 - [GCN] Epoch 0235 | loss 0.1769 | val@20 0.5595 | test@20 0.2767 | best 0.5765 (ep 230)
2025-12-10 08:08:21 - [GCN] Epoch 0240 | loss 0.1774 | val@20 0.4377 | test@20 0.2314 | best 0.5765 (ep 230)
2025-12-10 08:08:34 - [GCN] Epoch 0245 | loss 0.1736 | val@20 0.5296 | test@20 0.2023 | best 0.5765 (ep 230)
2025-12-10 08:08:47 - [GCN] Epoch 0250 | loss 0.1756 | val@20 0.5315 | test@20 0.1704 | best 0.5765 (ep 230)
2025-12-10 08:08:59 - [GCN] Epoch 0255 | loss 0.1733 | val@20 0.6058 | test@20 0.4319 | best 0.6058 (ep 255)
2025-12-10 08:09:13 - [GCN] Epoch 0260 | loss 0.1742 | val@20 0.5794 | test@20 0.4461 | best 0.6058 (ep 255)
2025-12-10 08:09:26 - [GCN] Epoch 0265 | loss 0.1706 | val@20 0.6318 | test@20 0.3650 | best 0.6318 (ep 265)
2025-12-10 08:09:39 - [GCN] Epoch 0270 | loss 0.1757 | val@20 0.6326 | test@20 0.2394 | best 0.6326 (ep 270)
2025-12-10 08:09:52 - [GCN] Epoch 0275 | loss 0.1711 | val@20 0.6249 | test@20 0.3376 | best 0.6326 (ep 270)
2025-12-10 08:10:04 - [GCN] Epoch 0280 | loss 0.1712 | val@20 0.5712 | test@20 0.2946 | best 0.6326 (ep 270)
2025-12-10 08:10:17 - [GCN] Epoch 0285 | loss 0.1707 | val@20 0.6138 | test@20 0.4255 | best 0.6326 (ep 270)
2025-12-10 08:10:30 - [GCN] Epoch 0290 | loss 0.1704 | val@20 0.5535 | test@20 0.2437 | best 0.6326 (ep 270)
2025-12-10 08:10:43 - [GCN] Epoch 0295 | loss 0.1702 | val@20 0.6177 | test@20 0.3172 | best 0.6326 (ep 270)
2025-12-10 08:10:55 - [GCN] Epoch 0300 | loss 0.1665 | val@20 0.5172 | test@20 0.2086 | best 0.6326 (ep 270)
2025-12-10 08:11:10 - [GCN] Epoch 0305 | loss 0.1670 | val@20 0.5755 | test@20 0.3196 | best 0.6326 (ep 270)
2025-12-10 08:11:23 - [GCN] Epoch 0310 | loss 0.1672 | val@20 0.5170 | test@20 0.3240 | best 0.6326 (ep 270)
2025-12-10 08:11:36 - [GCN] Epoch 0315 | loss 0.1668 | val@20 0.5474 | test@20 0.1919 | best 0.6326 (ep 270)
2025-12-10 08:11:49 - [GCN] Epoch 0320 | loss 0.1668 | val@20 0.5691 | test@20 0.2878 | best 0.6326 (ep 270)
2025-12-10 08:12:02 - [GCN] Epoch 0325 | loss 0.1662 | val@20 0.6260 | test@20 0.2919 | best 0.6326 (ep 270)
2025-12-10 08:12:14 - [GCN] Epoch 0330 | loss 0.1656 | val@20 0.6065 | test@20 0.3498 | best 0.6326 (ep 270)
2025-12-10 08:12:27 - [GCN] Epoch 0335 | loss 0.1648 | val@20 0.5687 | test@20 0.2502 | best 0.6326 (ep 270)
2025-12-10 08:12:39 - [GCN] Epoch 0340 | loss 0.1668 | val@20 0.5798 | test@20 0.2251 | best 0.6326 (ep 270)
2025-12-10 08:12:52 - [GCN] Epoch 0345 | loss 0.1685 | val@20 0.5664 | test@20 0.4724 | best 0.6326 (ep 270)
2025-12-10 08:13:06 - [GCN] Epoch 0350 | loss 0.1663 | val@20 0.6097 | test@20 0.2819 | best 0.6326 (ep 270)
2025-12-10 08:13:18 - [GCN] Epoch 0355 | loss 0.1626 | val@20 0.6155 | test@20 0.3101 | best 0.6326 (ep 270)
2025-12-10 08:13:31 - [GCN] Epoch 0360 | loss 0.1653 | val@20 0.6293 | test@20 0.3251 | best 0.6326 (ep 270)
2025-12-10 08:13:43 - [GCN] Epoch 0365 | loss 0.1624 | val@20 0.6080 | test@20 0.3439 | best 0.6326 (ep 270)
2025-12-10 08:13:56 - [GCN] Epoch 0370 | loss 0.1652 | val@20 0.6234 | test@20 0.3134 | best 0.6326 (ep 270)
2025-12-10 08:14:09 - [GCN] Epoch 0375 | loss 0.1614 | val@20 0.6004 | test@20 0.2259 | best 0.6326 (ep 270)
2025-12-10 08:14:22 - [GCN] Epoch 0380 | loss 0.1611 | val@20 0.6097 | test@20 0.2974 | best 0.6326 (ep 270)
2025-12-10 08:14:35 - [GCN] Epoch 0385 | loss 0.1628 | val@20 0.6084 | test@20 0.2182 | best 0.6326 (ep 270)
2025-12-10 08:14:48 - [GCN] Epoch 0390 | loss 0.1641 | val@20 0.6390 | test@20 0.3598 | best 0.6390 (ep 390)
2025-12-10 08:15:01 - [GCN] Epoch 0395 | loss 0.1610 | val@20 0.5049 | test@20 0.4026 | best 0.6390 (ep 390)
2025-12-10 08:15:14 - [GCN] Epoch 0400 | loss 0.1619 | val@20 0.5455 | test@20 0.2525 | best 0.6390 (ep 390)
2025-12-10 08:15:27 - [GCN] Epoch 0405 | loss 0.1612 | val@20 0.5411 | test@20 0.3844 | best 0.6390 (ep 390)
2025-12-10 08:15:39 - [GCN] Epoch 0410 | loss 0.1594 | val@20 0.5477 | test@20 0.2796 | best 0.6390 (ep 390)
2025-12-10 08:15:52 - [GCN] Epoch 0415 | loss 0.1598 | val@20 0.5857 | test@20 0.2573 | best 0.6390 (ep 390)
2025-12-10 08:16:05 - [GCN] Epoch 0420 | loss 0.1612 | val@20 0.5750 | test@20 0.3401 | best 0.6390 (ep 390)
2025-12-10 08:16:18 - [GCN] Epoch 0425 | loss 0.1593 | val@20 0.5900 | test@20 0.3624 | best 0.6390 (ep 390)
2025-12-10 08:16:30 - [GCN] Epoch 0430 | loss 0.1603 | val@20 0.5974 | test@20 0.4784 | best 0.6390 (ep 390)
2025-12-10 08:16:43 - [GCN] Epoch 0435 | loss 0.1591 | val@20 0.5366 | test@20 0.3625 | best 0.6390 (ep 390)
2025-12-10 08:16:55 - [GCN] Epoch 0440 | loss 0.1596 | val@20 0.6073 | test@20 0.3888 | best 0.6390 (ep 390)
2025-12-10 08:17:08 - [GCN] Epoch 0445 | loss 0.1606 | val@20 0.5847 | test@20 0.2454 | best 0.6390 (ep 390)
2025-12-10 08:17:21 - [GCN] Epoch 0450 | loss 0.1611 | val@20 0.6287 | test@20 0.3897 | best 0.6390 (ep 390)
2025-12-10 08:17:34 - [GCN] Epoch 0455 | loss 0.1633 | val@20 0.6262 | test@20 0.4246 | best 0.6390 (ep 390)
2025-12-10 08:17:47 - [GCN] Epoch 0460 | loss 0.1590 | val@20 0.5848 | test@20 0.1872 | best 0.6390 (ep 390)
2025-12-10 08:17:59 - [GCN] Epoch 0465 | loss 0.1607 | val@20 0.5631 | test@20 0.4957 | best 0.6390 (ep 390)
2025-12-10 08:18:13 - [GCN] Epoch 0470 | loss 0.1600 | val@20 0.6252 | test@20 0.2957 | best 0.6390 (ep 390)
2025-12-10 08:18:26 - [GCN] Epoch 0475 | loss 0.1598 | val@20 0.6492 | test@20 0.3820 | best 0.6492 (ep 475)
2025-12-10 08:18:39 - [GCN] Epoch 0480 | loss 0.1581 | val@20 0.6582 | test@20 0.3994 | best 0.6582 (ep 480)
2025-12-10 08:18:51 - [GCN] Epoch 0485 | loss 0.1581 | val@20 0.6045 | test@20 0.3468 | best 0.6582 (ep 480)
2025-12-10 08:19:04 - [GCN] Epoch 0490 | loss 0.1584 | val@20 0.5991 | test@20 0.2945 | best 0.6582 (ep 480)
2025-12-10 08:19:17 - [GCN] Epoch 0495 | loss 0.1585 | val@20 0.6429 | test@20 0.2729 | best 0.6582 (ep 480)
2025-12-10 08:19:30 - [GCN] Epoch 0500 | loss 0.1573 | val@20 0.6321 | test@20 0.3039 | best 0.6582 (ep 480)
2025-12-10 08:19:42 - [GCN] Epoch 0505 | loss 0.1565 | val@20 0.6275 | test@20 0.3667 | best 0.6582 (ep 480)
2025-12-10 08:19:55 - [GCN] Epoch 0510 | loss 0.1628 | val@20 0.5143 | test@20 0.3317 | best 0.6582 (ep 480)
2025-12-10 08:20:08 - [GCN] Epoch 0515 | loss 0.1559 | val@20 0.6330 | test@20 0.3442 | best 0.6582 (ep 480)
2025-12-10 08:20:21 - [GCN] Epoch 0520 | loss 0.1576 | val@20 0.6292 | test@20 0.4713 | best 0.6582 (ep 480)
2025-12-10 08:20:33 - [GCN] Epoch 0525 | loss 0.1567 | val@20 0.6419 | test@20 0.3802 | best 0.6582 (ep 480)
2025-12-10 08:20:46 - [GCN] Epoch 0530 | loss 0.1565 | val@20 0.6211 | test@20 0.3122 | best 0.6582 (ep 480)
2025-12-10 08:20:59 - [GCN] Epoch 0535 | loss 0.1562 | val@20 0.6200 | test@20 0.3218 | best 0.6582 (ep 480)
2025-12-10 08:21:15 - [GCN] Epoch 0540 | loss 0.1570 | val@20 0.6562 | test@20 0.3377 | best 0.6582 (ep 480)
2025-12-10 08:21:27 - [GCN] Epoch 0545 | loss 0.1602 | val@20 0.6090 | test@20 0.3137 | best 0.6582 (ep 480)
2025-12-10 08:21:40 - [GCN] Epoch 0550 | loss 0.1578 | val@20 0.5989 | test@20 0.2165 | best 0.6582 (ep 480)
2025-12-10 08:21:53 - [GCN] Epoch 0555 | loss 0.1556 | val@20 0.6167 | test@20 0.3167 | best 0.6582 (ep 480)
2025-12-10 08:22:06 - [GCN] Epoch 0560 | loss 0.1560 | val@20 0.6359 | test@20 0.5465 | best 0.6582 (ep 480)
2025-12-10 08:22:19 - [GCN] Epoch 0565 | loss 0.1561 | val@20 0.5738 | test@20 0.3851 | best 0.6582 (ep 480)
2025-12-10 08:22:32 - [GCN] Epoch 0570 | loss 0.1554 | val@20 0.6339 | test@20 0.3614 | best 0.6582 (ep 480)
2025-12-10 08:22:44 - [GCN] Epoch 0575 | loss 0.1553 | val@20 0.5933 | test@20 0.2940 | best 0.6582 (ep 480)
2025-12-10 08:22:57 - [GCN] Epoch 0580 | loss 0.1547 | val@20 0.5741 | test@20 0.2465 | best 0.6582 (ep 480)
2025-12-10 08:23:10 - [GCN] Epoch 0585 | loss 0.1542 | val@20 0.6168 | test@20 0.3934 | best 0.6582 (ep 480)
2025-12-10 08:23:22 - [GCN] Epoch 0590 | loss 0.1571 | val@20 0.5985 | test@20 0.3211 | best 0.6582 (ep 480)
2025-12-10 08:23:35 - [GCN] Epoch 0595 | loss 0.1565 | val@20 0.5974 | test@20 0.4359 | best 0.6582 (ep 480)
2025-12-10 08:23:48 - [GCN] Epoch 0600 | loss 0.1542 | val@20 0.6400 | test@20 0.3405 | best 0.6582 (ep 480)
2025-12-10 08:24:01 - [GCN] Epoch 0605 | loss 0.1566 | val@20 0.6360 | test@20 0.2238 | best 0.6582 (ep 480)
2025-12-10 08:24:14 - [GCN] Epoch 0610 | loss 0.1553 | val@20 0.6511 | test@20 0.4081 | best 0.6582 (ep 480)
2025-12-10 08:24:27 - [GCN] Epoch 0615 | loss 0.1558 | val@20 0.5451 | test@20 0.2825 | best 0.6582 (ep 480)
2025-12-10 08:24:40 - [GCN] Epoch 0620 | loss 0.1544 | val@20 0.6533 | test@20 0.3938 | best 0.6582 (ep 480)
2025-12-10 08:24:53 - [GCN] Epoch 0625 | loss 0.1560 | val@20 0.6336 | test@20 0.2755 | best 0.6582 (ep 480)
2025-12-10 08:25:06 - [GCN] Epoch 0630 | loss 0.1549 | val@20 0.6110 | test@20 0.4353 | best 0.6582 (ep 480)
2025-12-10 08:25:19 - [GCN] Epoch 0635 | loss 0.1544 | val@20 0.6365 | test@20 0.3827 | best 0.6582 (ep 480)
2025-12-10 08:25:31 - [GCN] Epoch 0640 | loss 0.1535 | val@20 0.6268 | test@20 0.2445 | best 0.6582 (ep 480)
2025-12-10 08:25:44 - [GCN] Epoch 0645 | loss 0.1566 | val@20 0.6448 | test@20 0.3266 | best 0.6582 (ep 480)
2025-12-10 08:25:57 - [GCN] Epoch 0650 | loss 0.1550 | val@20 0.6424 | test@20 0.2919 | best 0.6582 (ep 480)
2025-12-10 08:26:10 - [GCN] Epoch 0655 | loss 0.1561 | val@20 0.6023 | test@20 0.4101 | best 0.6582 (ep 480)
2025-12-10 08:26:23 - [GCN] Epoch 0660 | loss 0.1546 | val@20 0.6079 | test@20 0.3073 | best 0.6582 (ep 480)
2025-12-10 08:26:35 - [GCN] Epoch 0665 | loss 0.1550 | val@20 0.6416 | test@20 0.4016 | best 0.6582 (ep 480)
2025-12-10 08:26:48 - [GCN] Epoch 0670 | loss 0.1529 | val@20 0.6466 | test@20 0.4274 | best 0.6582 (ep 480)
2025-12-10 08:27:01 - [GCN] Epoch 0675 | loss 0.2777 | val@20 0.2346 | test@20 0.2345 | best 0.6582 (ep 480)
2025-12-10 08:27:14 - [GCN] Epoch 0680 | loss 0.1688 | val@20 0.6210 | test@20 0.3494 | best 0.6582 (ep 480)
2025-12-10 08:27:27 - [GCN] Epoch 0685 | loss 0.1615 | val@20 0.5849 | test@20 0.2858 | best 0.6582 (ep 480)
2025-12-10 08:27:39 - [GCN] Epoch 0690 | loss 0.1569 | val@20 0.6165 | test@20 0.3024 | best 0.6582 (ep 480)
2025-12-10 08:27:52 - [GCN] Epoch 0695 | loss 0.1560 | val@20 0.6345 | test@20 0.2747 | best 0.6582 (ep 480)
2025-12-10 08:28:05 - [GCN] Epoch 0700 | loss 0.1561 | val@20 0.5989 | test@20 0.3237 | best 0.6582 (ep 480)
2025-12-10 08:28:18 - [GCN] Epoch 0705 | loss 0.1539 | val@20 0.6412 | test@20 0.2804 | best 0.6582 (ep 480)
2025-12-10 08:28:30 - [GCN] Epoch 0710 | loss 0.1547 | val@20 0.6359 | test@20 0.3769 | best 0.6582 (ep 480)
2025-12-10 08:28:43 - [GCN] Epoch 0715 | loss 0.1536 | val@20 0.5856 | test@20 0.2228 | best 0.6582 (ep 480)
2025-12-10 08:28:56 - [GCN] Epoch 0720 | loss 0.1529 | val@20 0.6558 | test@20 0.3154 | best 0.6582 (ep 480)
2025-12-10 08:29:10 - [GCN] Epoch 0725 | loss 0.1539 | val@20 0.6589 | test@20 0.3223 | best 0.6589 (ep 725)
2025-12-10 08:29:22 - [GCN] Epoch 0730 | loss 0.1534 | val@20 0.6516 | test@20 0.3648 | best 0.6589 (ep 725)
2025-12-10 08:29:35 - [GCN] Epoch 0735 | loss 0.1529 | val@20 0.6588 | test@20 0.4126 | best 0.6589 (ep 725)
2025-12-10 08:29:47 - [GCN] Epoch 0740 | loss 0.1525 | val@20 0.6408 | test@20 0.4032 | best 0.6589 (ep 725)
2025-12-10 08:30:00 - [GCN] Epoch 0745 | loss 0.1528 | val@20 0.6545 | test@20 0.2929 | best 0.6589 (ep 725)
2025-12-10 08:30:14 - [GCN] Epoch 0750 | loss 0.1526 | val@20 0.6724 | test@20 0.3763 | best 0.6724 (ep 750)
2025-12-10 08:30:27 - [GCN] Epoch 0755 | loss 0.1541 | val@20 0.5116 | test@20 0.4137 | best 0.6724 (ep 750)
2025-12-10 08:30:39 - [GCN] Epoch 0760 | loss 0.1511 | val@20 0.6759 | test@20 0.4149 | best 0.6759 (ep 760)
2025-12-10 08:30:53 - [GCN] Epoch 0765 | loss 0.1529 | val@20 0.6316 | test@20 0.3166 | best 0.6759 (ep 760)
2025-12-10 08:31:08 - [GCN] Epoch 0770 | loss 0.1537 | val@20 0.6474 | test@20 0.2299 | best 0.6759 (ep 760)
2025-12-10 08:31:21 - [GCN] Epoch 0775 | loss 0.1520 | val@20 0.6342 | test@20 0.2835 | best 0.6759 (ep 760)
2025-12-10 08:31:34 - [GCN] Epoch 0780 | loss 0.1529 | val@20 0.6596 | test@20 0.4011 | best 0.6759 (ep 760)
2025-12-10 08:31:47 - [GCN] Epoch 0785 | loss 0.1541 | val@20 0.6207 | test@20 0.2613 | best 0.6759 (ep 760)
2025-12-10 08:31:59 - [GCN] Epoch 0790 | loss 0.1501 | val@20 0.6717 | test@20 0.3240 | best 0.6759 (ep 760)
2025-12-10 08:32:13 - [GCN] Epoch 0795 | loss 0.1531 | val@20 0.6522 | test@20 0.4171 | best 0.6759 (ep 760)
2025-12-10 08:32:26 - [GCN] Epoch 0800 | loss 0.1523 | val@20 0.6434 | test@20 0.3944 | best 0.6759 (ep 760)
2025-12-10 08:32:38 - [GCN] Epoch 0805 | loss 0.1527 | val@20 0.6393 | test@20 0.3634 | best 0.6759 (ep 760)
2025-12-10 08:32:51 - [GCN] Epoch 0810 | loss 0.1521 | val@20 0.6659 | test@20 0.4019 | best 0.6759 (ep 760)
2025-12-10 08:33:04 - [GCN] Epoch 0815 | loss 0.1528 | val@20 0.6196 | test@20 0.3021 | best 0.6759 (ep 760)
2025-12-10 08:33:17 - [GCN] Epoch 0820 | loss 0.1511 | val@20 0.6243 | test@20 0.4432 | best 0.6759 (ep 760)
2025-12-10 08:33:30 - [GCN] Epoch 0825 | loss 0.1532 | val@20 0.6329 | test@20 0.3823 | best 0.6759 (ep 760)
2025-12-10 08:33:43 - [GCN] Epoch 0830 | loss 0.1508 | val@20 0.6321 | test@20 0.2952 | best 0.6759 (ep 760)
2025-12-10 08:33:55 - [GCN] Epoch 0835 | loss 0.1531 | val@20 0.6440 | test@20 0.4835 | best 0.6759 (ep 760)
2025-12-10 08:34:09 - [GCN] Epoch 0840 | loss 0.1508 | val@20 0.6352 | test@20 0.4869 | best 0.6759 (ep 760)
2025-12-10 08:34:22 - [GCN] Epoch 0845 | loss 0.1512 | val@20 0.6318 | test@20 0.3136 | best 0.6759 (ep 760)
2025-12-10 08:34:34 - [GCN] Epoch 0850 | loss 0.1524 | val@20 0.6333 | test@20 0.3814 | best 0.6759 (ep 760)
2025-12-10 08:34:47 - [GCN] Epoch 0855 | loss 0.1518 | val@20 0.6362 | test@20 0.6213 | best 0.6759 (ep 760)
2025-12-10 08:35:00 - [GCN] Epoch 0860 | loss 0.1511 | val@20 0.6729 | test@20 0.4845 | best 0.6759 (ep 760)
2025-12-10 08:35:13 - [GCN] Epoch 0865 | loss 0.1525 | val@20 0.6533 | test@20 0.5198 | best 0.6759 (ep 760)
2025-12-10 08:35:26 - [GCN] Epoch 0870 | loss 0.1529 | val@20 0.5430 | test@20 0.5055 | best 0.6759 (ep 760)
2025-12-10 08:35:39 - [GCN] Epoch 0875 | loss 0.1537 | val@20 0.6564 | test@20 0.4797 | best 0.6759 (ep 760)
2025-12-10 08:35:51 - [GCN] Epoch 0880 | loss 0.1525 | val@20 0.6159 | test@20 0.3867 | best 0.6759 (ep 760)
2025-12-10 08:36:05 - [GCN] Epoch 0885 | loss 0.1494 | val@20 0.6562 | test@20 0.3897 | best 0.6759 (ep 760)
2025-12-10 08:36:18 - [GCN] Epoch 0890 | loss 0.1519 | val@20 0.6619 | test@20 0.4876 | best 0.6759 (ep 760)
2025-12-10 08:36:30 - [GCN] Epoch 0895 | loss 0.1511 | val@20 0.6570 | test@20 0.4456 | best 0.6759 (ep 760)
2025-12-10 08:36:43 - [GCN] Epoch 0900 | loss 0.1507 | val@20 0.6800 | test@20 0.4507 | best 0.6800 (ep 900)
2025-12-10 08:36:56 - [GCN] Epoch 0905 | loss 0.1519 | val@20 0.6326 | test@20 0.3014 | best 0.6800 (ep 900)
2025-12-10 08:37:10 - [GCN] Epoch 0910 | loss 0.1518 | val@20 0.6642 | test@20 0.4690 | best 0.6800 (ep 900)
2025-12-10 08:37:22 - [GCN] Epoch 0915 | loss 0.1509 | val@20 0.6189 | test@20 0.4905 | best 0.6800 (ep 900)
2025-12-10 08:37:35 - [GCN] Epoch 0920 | loss 0.1512 | val@20 0.6503 | test@20 0.3973 | best 0.6800 (ep 900)
2025-12-10 08:37:48 - [GCN] Epoch 0925 | loss 0.1519 | val@20 0.6719 | test@20 0.5768 | best 0.6800 (ep 900)
2025-12-10 08:38:00 - [GCN] Epoch 0930 | loss 0.1522 | val@20 0.6452 | test@20 0.2593 | best 0.6800 (ep 900)
2025-12-10 08:38:14 - [GCN] Epoch 0935 | loss 0.1499 | val@20 0.6535 | test@20 0.3533 | best 0.6800 (ep 900)
2025-12-10 08:38:27 - [GCN] Epoch 0940 | loss 0.1507 | val@20 0.6418 | test@20 0.3778 | best 0.6800 (ep 900)
2025-12-10 08:38:39 - [GCN] Epoch 0945 | loss 0.1520 | val@20 0.6286 | test@20 0.4088 | best 0.6800 (ep 900)
2025-12-10 08:38:52 - [GCN] Epoch 0950 | loss 0.1513 | val@20 0.6390 | test@20 0.4309 | best 0.6800 (ep 900)
2025-12-10 08:39:05 - [GCN] Epoch 0955 | loss 0.1496 | val@20 0.6263 | test@20 0.4814 | best 0.6800 (ep 900)
2025-12-10 08:39:18 - [GCN] Epoch 0960 | loss 0.1513 | val@20 0.6587 | test@20 0.5517 | best 0.6800 (ep 900)
2025-12-10 08:39:30 - [GCN] Epoch 0965 | loss 0.1507 | val@20 0.6609 | test@20 0.5231 | best 0.6800 (ep 900)
2025-12-10 08:39:43 - [GCN] Epoch 0970 | loss 0.1517 | val@20 0.6515 | test@20 0.4114 | best 0.6800 (ep 900)
2025-12-10 08:39:56 - [GCN] Epoch 0975 | loss 0.1495 | val@20 0.6735 | test@20 0.5085 | best 0.6800 (ep 900)
2025-12-10 08:40:09 - [GCN] Epoch 0980 | loss 0.1519 | val@20 0.6757 | test@20 0.4362 | best 0.6800 (ep 900)
2025-12-10 08:40:22 - [GCN] Epoch 0985 | loss 0.1511 | val@20 0.6830 | test@20 0.3996 | best 0.6830 (ep 985)
2025-12-10 08:40:34 - [GCN] Epoch 0990 | loss 0.1506 | val@20 0.6669 | test@20 0.5011 | best 0.6830 (ep 985)
2025-12-10 08:40:47 - [GCN] Epoch 0995 | loss 0.1491 | val@20 0.6510 | test@20 0.3259 | best 0.6830 (ep 985)
2025-12-10 08:41:00 - [GCN] Epoch 1000 | loss 0.1500 | val@20 0.6782 | test@20 0.5867 | best 0.6830 (ep 985)
2025-12-10 08:41:17 - [GCN] Epoch 1005 | loss 0.1509 | val@20 0.6469 | test@20 0.4780 | best 0.6830 (ep 985)
2025-12-10 08:41:29 - [GCN] Epoch 1010 | loss 0.1491 | val@20 0.6184 | test@20 0.5212 | best 0.6830 (ep 985)
2025-12-10 08:41:42 - [GCN] Epoch 1015 | loss 0.1521 | val@20 0.6523 | test@20 0.5550 | best 0.6830 (ep 985)
2025-12-10 08:41:55 - [GCN] Epoch 1020 | loss 0.1497 | val@20 0.6771 | test@20 0.5154 | best 0.6830 (ep 985)
2025-12-10 08:42:08 - [GCN] Epoch 1025 | loss 0.1490 | val@20 0.6533 | test@20 0.3891 | best 0.6830 (ep 985)
2025-12-10 08:42:21 - [GCN] Epoch 1030 | loss 0.1512 | val@20 0.6766 | test@20 0.8243 | best 0.6830 (ep 985)
2025-12-10 08:42:34 - [GCN] Epoch 1035 | loss 0.1503 | val@20 0.6689 | test@20 0.4925 | best 0.6830 (ep 985)
2025-12-10 08:42:46 - [GCN] Epoch 1040 | loss 0.1489 | val@20 0.6154 | test@20 0.8200 | best 0.6830 (ep 985)
2025-12-10 08:42:59 - [GCN] Epoch 1045 | loss 0.1496 | val@20 0.6344 | test@20 0.3599 | best 0.6830 (ep 985)
2025-12-10 08:43:12 - [GCN] Epoch 1050 | loss 0.1496 | val@20 0.6601 | test@20 0.4369 | best 0.6830 (ep 985)
2025-12-10 08:43:25 - [GCN] Epoch 1055 | loss 0.1503 | val@20 0.6482 | test@20 0.3461 | best 0.6830 (ep 985)
2025-12-10 08:43:38 - [GCN] Epoch 1060 | loss 0.1516 | val@20 0.6641 | test@20 0.5894 | best 0.6830 (ep 985)
2025-12-10 08:43:51 - [GCN] Epoch 1065 | loss 0.1499 | val@20 0.6063 | test@20 0.4230 | best 0.6830 (ep 985)
2025-12-10 08:44:04 - [GCN] Epoch 1070 | loss 0.1493 | val@20 0.6719 | test@20 0.5978 | best 0.6830 (ep 985)
2025-12-10 08:44:17 - [GCN] Epoch 1075 | loss 0.1517 | val@20 0.5870 | test@20 0.4142 | best 0.6830 (ep 985)
2025-12-10 08:44:30 - [GCN] Epoch 1080 | loss 0.1496 | val@20 0.6638 | test@20 0.4721 | best 0.6830 (ep 985)
2025-12-10 08:44:42 - [GCN] Epoch 1085 | loss 0.1485 | val@20 0.6630 | test@20 0.4412 | best 0.6830 (ep 985)
2025-12-10 08:44:55 - [GCN] Epoch 1090 | loss 0.1513 | val@20 0.6050 | test@20 0.5981 | best 0.6830 (ep 985)
2025-12-10 08:45:08 - [GCN] Epoch 1095 | loss 0.1499 | val@20 0.6764 | test@20 0.3968 | best 0.6830 (ep 985)
2025-12-10 08:45:21 - [GCN] Epoch 1100 | loss 0.1495 | val@20 0.6689 | test@20 0.5579 | best 0.6830 (ep 985)
2025-12-10 08:45:34 - [GCN] Epoch 1105 | loss 0.1510 | val@20 0.6070 | test@20 0.1980 | best 0.6830 (ep 985)
2025-12-10 08:45:47 - [GCN] Epoch 1110 | loss 0.1497 | val@20 0.6579 | test@20 0.8037 | best 0.6830 (ep 985)
2025-12-10 08:45:59 - [GCN] Epoch 1115 | loss 0.1507 | val@20 0.6274 | test@20 0.4570 | best 0.6830 (ep 985)
2025-12-10 08:46:12 - [GCN] Epoch 1120 | loss 0.1506 | val@20 0.6297 | test@20 0.5135 | best 0.6830 (ep 985)
2025-12-10 08:46:25 - [GCN] Epoch 1125 | loss 0.1502 | val@20 0.6820 | test@20 0.5686 | best 0.6830 (ep 985)
2025-12-10 08:46:38 - [GCN] Epoch 1130 | loss 0.1480 | val@20 0.6767 | test@20 0.6799 | best 0.6830 (ep 985)
2025-12-10 08:46:51 - [GCN] Epoch 1135 | loss 0.1486 | val@20 0.6775 | test@20 0.4558 | best 0.6830 (ep 985)
2025-12-10 08:47:03 - [GCN] Epoch 1140 | loss 0.1500 | val@20 0.6642 | test@20 0.4911 | best 0.6830 (ep 985)
2025-12-10 08:47:16 - [GCN] Epoch 1145 | loss 0.1487 | val@20 0.6675 | test@20 0.8186 | best 0.6830 (ep 985)
2025-12-10 08:47:29 - [GCN] Epoch 1150 | loss 0.1494 | val@20 0.6718 | test@20 0.6744 | best 0.6830 (ep 985)
2025-12-10 08:47:42 - [GCN] Epoch 1155 | loss 0.1495 | val@20 0.6621 | test@20 0.3230 | best 0.6830 (ep 985)
2025-12-10 08:47:55 - [GCN] Epoch 1160 | loss 0.1492 | val@20 0.6227 | test@20 0.3239 | best 0.6830 (ep 985)
2025-12-10 08:48:08 - [GCN] Epoch 1165 | loss 0.1488 | val@20 0.6774 | test@20 0.5529 | best 0.6830 (ep 985)
2025-12-10 08:48:21 - [GCN] Epoch 1170 | loss 0.1517 | val@20 0.6567 | test@20 0.3606 | best 0.6830 (ep 985)
2025-12-10 08:48:33 - [GCN] Epoch 1175 | loss 0.1497 | val@20 0.6713 | test@20 0.5159 | best 0.6830 (ep 985)
2025-12-10 08:48:46 - [GCN] Epoch 1180 | loss 0.1484 | val@20 0.6686 | test@20 0.5877 | best 0.6830 (ep 985)
2025-12-10 08:48:59 - [GCN] Epoch 1185 | loss 0.1489 | val@20 0.6399 | test@20 0.2946 | best 0.6830 (ep 985)
2025-12-10 08:49:13 - [GCN] Epoch 1190 | loss 0.1491 | val@20 0.6918 | test@20 0.4251 | best 0.6918 (ep 1190)
2025-12-10 08:49:25 - [GCN] Epoch 1195 | loss 0.1504 | val@20 0.6531 | test@20 0.3982 | best 0.6918 (ep 1190)
2025-12-10 08:49:38 - [GCN] Epoch 1200 | loss 0.1485 | val@20 0.6891 | test@20 0.8175 | best 0.6918 (ep 1190)
2025-12-10 08:49:51 - [GCN] Epoch 1205 | loss 0.1507 | val@20 0.6774 | test@20 0.5866 | best 0.6918 (ep 1190)
2025-12-10 08:50:05 - [GCN] Epoch 1210 | loss 0.1469 | val@20 0.6742 | test@20 0.3847 | best 0.6918 (ep 1190)
2025-12-10 08:50:17 - [GCN] Epoch 1215 | loss 0.1504 | val@20 0.5938 | test@20 0.3767 | best 0.6918 (ep 1190)
2025-12-10 08:50:29 - [GCN] Epoch 1220 | loss 0.1500 | val@20 0.6341 | test@20 0.8064 | best 0.6918 (ep 1190)
2025-12-10 08:50:42 - [GCN] Epoch 1225 | loss 0.1477 | val@20 0.6790 | test@20 0.4326 | best 0.6918 (ep 1190)
2025-12-10 08:50:55 - [GCN] Epoch 1230 | loss 0.1477 | val@20 0.6669 | test@20 0.5636 | best 0.6918 (ep 1190)
2025-12-10 08:51:10 - [GCN] Epoch 1235 | loss 0.1484 | val@20 0.6737 | test@20 0.8367 | best 0.6918 (ep 1190)
2025-12-10 08:51:24 - [GCN] Epoch 1240 | loss 0.1477 | val@20 0.6762 | test@20 0.4119 | best 0.6918 (ep 1190)
2025-12-10 08:51:36 - [GCN] Epoch 1245 | loss 0.1487 | val@20 0.6855 | test@20 0.7849 | best 0.6918 (ep 1190)
2025-12-10 08:51:49 - [GCN] Epoch 1250 | loss 0.1489 | val@20 0.6648 | test@20 0.4788 | best 0.6918 (ep 1190)
2025-12-10 08:52:02 - [GCN] Epoch 1255 | loss 0.1487 | val@20 0.6927 | test@20 0.4869 | best 0.6927 (ep 1255)
2025-12-10 08:52:16 - [GCN] Epoch 1260 | loss 0.1492 | val@20 0.6473 | test@20 0.3470 | best 0.6927 (ep 1255)
2025-12-10 08:52:29 - [GCN] Epoch 1265 | loss 0.1488 | val@20 0.6840 | test@20 0.4112 | best 0.6927 (ep 1255)
2025-12-10 08:52:41 - [GCN] Epoch 1270 | loss 0.1473 | val@20 0.6927 | test@20 0.5319 | best 0.6927 (ep 1255)
2025-12-10 08:52:54 - [GCN] Epoch 1275 | loss 0.1473 | val@20 0.6545 | test@20 0.3269 | best 0.6927 (ep 1255)
2025-12-10 08:53:07 - [GCN] Epoch 1280 | loss 0.1484 | val@20 0.6549 | test@20 0.4851 | best 0.6927 (ep 1255)
2025-12-10 08:53:20 - [GCN] Epoch 1285 | loss 0.1474 | val@20 0.6555 | test@20 0.3479 | best 0.6927 (ep 1255)
2025-12-10 08:53:32 - [GCN] Epoch 1290 | loss 0.1469 | val@20 0.6741 | test@20 0.5124 | best 0.6927 (ep 1255)
2025-12-10 08:53:45 - [GCN] Epoch 1295 | loss 0.1480 | val@20 0.6597 | test@20 0.4500 | best 0.6927 (ep 1255)
2025-12-10 08:53:58 - [GCN] Epoch 1300 | loss 0.1494 | val@20 0.6778 | test@20 0.5933 | best 0.6927 (ep 1255)
2025-12-10 08:54:11 - [GCN] Epoch 1305 | loss 0.1475 | val@20 0.6868 | test@20 0.7814 | best 0.6927 (ep 1255)
2025-12-10 08:54:23 - [GCN] Epoch 1310 | loss 0.1477 | val@20 0.6585 | test@20 0.7420 | best 0.6927 (ep 1255)
2025-12-10 08:54:36 - [GCN] Epoch 1315 | loss 0.1483 | val@20 0.6619 | test@20 0.3999 | best 0.6927 (ep 1255)
2025-12-10 08:54:48 - [GCN] Epoch 1320 | loss 0.1464 | val@20 0.6614 | test@20 0.3832 | best 0.6927 (ep 1255)
2025-12-10 08:55:01 - [GCN] Epoch 1325 | loss 0.1483 | val@20 0.6571 | test@20 0.3457 | best 0.6927 (ep 1255)
2025-12-10 08:55:15 - [GCN] Epoch 1330 | loss 0.1476 | val@20 0.6549 | test@20 0.5439 | best 0.6927 (ep 1255)
2025-12-10 08:55:28 - [GCN] Epoch 1335 | loss 0.1480 | val@20 0.6288 | test@20 0.7647 | best 0.6927 (ep 1255)
2025-12-10 08:55:40 - [GCN] Epoch 1340 | loss 0.1466 | val@20 0.6218 | test@20 0.2629 | best 0.6927 (ep 1255)
2025-12-10 08:55:53 - [GCN] Epoch 1345 | loss 0.1479 | val@20 0.6746 | test@20 0.4224 | best 0.6927 (ep 1255)
2025-12-10 08:56:06 - [GCN] Epoch 1350 | loss 0.1481 | val@20 0.6657 | test@20 0.8020 | best 0.6927 (ep 1255)
2025-12-10 08:56:19 - [GCN] Epoch 1355 | loss 0.1490 | val@20 0.6603 | test@20 0.7688 | best 0.6927 (ep 1255)
2025-12-10 08:56:32 - [GCN] Epoch 1360 | loss 0.1486 | val@20 0.6650 | test@20 0.4175 | best 0.6927 (ep 1255)
2025-12-10 08:56:45 - [GCN] Epoch 1365 | loss 0.1474 | val@20 0.6577 | test@20 0.7823 | best 0.6927 (ep 1255)
2025-12-10 08:56:58 - [GCN] Epoch 1370 | loss 0.1501 | val@20 0.6126 | test@20 0.3221 | best 0.6927 (ep 1255)
2025-12-10 08:57:12 - [GCN] Epoch 1375 | loss 0.1475 | val@20 0.6729 | test@20 0.3626 | best 0.6927 (ep 1255)
2025-12-10 08:57:25 - [GCN] Epoch 1380 | loss 0.1479 | val@20 0.6579 | test@20 0.4242 | best 0.6927 (ep 1255)
2025-12-10 08:57:37 - [GCN] Epoch 1385 | loss 0.1480 | val@20 0.6468 | test@20 0.7475 | best 0.6927 (ep 1255)
2025-12-10 08:57:49 - [GCN] Epoch 1390 | loss 0.1490 | val@20 0.6026 | test@20 0.6066 | best 0.6927 (ep 1255)
2025-12-10 08:58:02 - [GCN] Epoch 1395 | loss 0.1480 | val@20 0.6477 | test@20 0.3097 | best 0.6927 (ep 1255)
2025-12-10 08:58:15 - [GCN] Epoch 1400 | loss 0.1488 | val@20 0.6713 | test@20 0.5593 | best 0.6927 (ep 1255)
2025-12-10 08:58:28 - [GCN] Epoch 1405 | loss 0.1469 | val@20 0.6590 | test@20 0.4208 | best 0.6927 (ep 1255)
2025-12-10 08:58:41 - [GCN] Epoch 1410 | loss 0.1485 | val@20 0.6552 | test@20 0.4351 | best 0.6927 (ep 1255)
2025-12-10 08:58:53 - [GCN] Epoch 1415 | loss 0.1515 | val@20 0.6009 | test@20 0.2123 | best 0.6927 (ep 1255)
2025-12-10 08:59:07 - [GCN] Epoch 1420 | loss 0.1475 | val@20 0.6542 | test@20 0.7683 | best 0.6927 (ep 1255)
2025-12-10 08:59:19 - [GCN] Epoch 1425 | loss 0.1477 | val@20 0.6632 | test@20 0.7777 | best 0.6927 (ep 1255)
2025-12-10 08:59:32 - [GCN] Epoch 1430 | loss 0.1463 | val@20 0.6821 | test@20 0.5140 | best 0.6927 (ep 1255)
2025-12-10 08:59:45 - [GCN] Epoch 1435 | loss 0.1475 | val@20 0.6374 | test@20 0.3238 | best 0.6927 (ep 1255)
2025-12-10 08:59:57 - [GCN] Epoch 1440 | loss 0.1486 | val@20 0.6389 | test@20 0.4759 | best 0.6927 (ep 1255)
2025-12-10 09:00:11 - [GCN] Epoch 1445 | loss 0.1466 | val@20 0.6693 | test@20 0.4793 | best 0.6927 (ep 1255)
2025-12-10 09:00:23 - [GCN] Epoch 1450 | loss 0.1454 | val@20 0.6698 | test@20 0.4476 | best 0.6927 (ep 1255)
2025-12-10 09:00:36 - [GCN] Epoch 1455 | loss 0.1481 | val@20 0.6847 | test@20 0.4403 | best 0.6927 (ep 1255)
2025-12-10 09:00:49 - [GCN] Epoch 1460 | loss 0.1478 | val@20 0.6768 | test@20 0.5513 | best 0.6927 (ep 1255)
2025-12-10 09:01:02 - [GCN] Epoch 1465 | loss 0.1469 | val@20 0.6850 | test@20 0.5434 | best 0.6927 (ep 1255)
2025-12-10 09:01:17 - [GCN] Epoch 1470 | loss 0.1471 | val@20 0.6708 | test@20 0.5368 | best 0.6927 (ep 1255)
2025-12-10 09:01:30 - [GCN] Epoch 1475 | loss 0.1477 | val@20 0.6788 | test@20 0.7281 | best 0.6927 (ep 1255)
2025-12-10 09:01:43 - [GCN] Epoch 1480 | loss 0.1470 | val@20 0.6711 | test@20 0.5918 | best 0.6927 (ep 1255)
2025-12-10 09:01:55 - [GCN] Epoch 1485 | loss 0.1472 | val@20 0.6437 | test@20 0.4459 | best 0.6927 (ep 1255)
2025-12-10 09:02:09 - [GCN] Epoch 1490 | loss 0.1472 | val@20 0.6656 | test@20 0.4554 | best 0.6927 (ep 1255)
2025-12-10 09:02:22 - [GCN] Epoch 1495 | loss 0.1476 | val@20 0.6370 | test@20 0.2636 | best 0.6927 (ep 1255)
2025-12-10 09:02:34 - [GCN] Epoch 1500 | loss 0.1453 | val@20 0.6647 | test@20 0.7682 | best 0.6927 (ep 1255)
2025-12-10 09:02:47 - [GCN] Epoch 1505 | loss 0.1472 | val@20 0.6895 | test@20 0.5079 | best 0.6927 (ep 1255)
2025-12-10 09:03:00 - [GCN] Epoch 1510 | loss 0.1484 | val@20 0.6659 | test@20 0.4340 | best 0.6927 (ep 1255)
2025-12-10 09:03:13 - [GCN] Epoch 1515 | loss 0.1467 | val@20 0.6659 | test@20 0.3840 | best 0.6927 (ep 1255)
2025-12-10 09:03:26 - [GCN] Epoch 1520 | loss 0.1464 | val@20 0.6614 | test@20 0.3723 | best 0.6927 (ep 1255)
2025-12-10 09:03:39 - [GCN] Epoch 1525 | loss 0.1475 | val@20 0.6576 | test@20 0.4056 | best 0.6927 (ep 1255)
2025-12-10 09:03:52 - [GCN] Epoch 1530 | loss 0.1480 | val@20 0.6829 | test@20 0.5908 | best 0.6927 (ep 1255)
2025-12-10 09:04:05 - [GCN] Epoch 1535 | loss 0.1476 | val@20 0.5892 | test@20 0.3617 | best 0.6927 (ep 1255)
2025-12-10 09:04:18 - [GCN] Epoch 1540 | loss 0.1469 | val@20 0.6719 | test@20 0.3831 | best 0.6927 (ep 1255)
2025-12-10 09:04:31 - [GCN] Epoch 1545 | loss 0.1464 | val@20 0.6797 | test@20 0.7442 | best 0.6927 (ep 1255)
2025-12-10 09:04:43 - [GCN] Epoch 1550 | loss 0.1460 | val@20 0.6500 | test@20 0.3518 | best 0.6927 (ep 1255)
2025-12-10 09:04:56 - [GCN] Epoch 1555 | loss 0.1474 | val@20 0.6701 | test@20 0.5049 | best 0.6927 (ep 1255)
2025-12-10 09:05:09 - [GCN] Epoch 1560 | loss 0.1469 | val@20 0.6790 | test@20 0.5123 | best 0.6927 (ep 1255)
2025-12-10 09:05:22 - [GCN] Epoch 1565 | loss 0.1454 | val@20 0.6590 | test@20 0.7911 | best 0.6927 (ep 1255)
2025-12-10 09:05:35 - [GCN] Epoch 1570 | loss 0.1486 | val@20 0.6454 | test@20 0.7493 | best 0.6927 (ep 1255)
2025-12-10 09:05:47 - [GCN] Epoch 1575 | loss 0.1466 | val@20 0.6759 | test@20 0.7181 | best 0.6927 (ep 1255)
2025-12-10 09:06:00 - [GCN] Epoch 1580 | loss 0.1466 | val@20 0.6261 | test@20 0.5686 | best 0.6927 (ep 1255)
2025-12-10 09:06:13 - [GCN] Epoch 1585 | loss 0.1470 | val@20 0.6803 | test@20 0.5228 | best 0.6927 (ep 1255)
2025-12-10 09:06:26 - [GCN] Epoch 1590 | loss 0.1455 | val@20 0.6766 | test@20 0.7147 | best 0.6927 (ep 1255)
2025-12-10 09:06:38 - [GCN] Epoch 1595 | loss 0.1461 | val@20 0.6848 | test@20 0.3591 | best 0.6927 (ep 1255)
2025-12-10 09:06:51 - [GCN] Epoch 1600 | loss 0.1460 | val@20 0.5394 | test@20 0.4897 | best 0.6927 (ep 1255)
2025-12-10 09:07:03 - [GCN] Epoch 1605 | loss 0.1475 | val@20 0.5505 | test@20 0.3800 | best 0.6927 (ep 1255)
2025-12-10 09:07:16 - [GCN] Epoch 1610 | loss 0.1473 | val@20 0.6709 | test@20 0.3979 | best 0.6927 (ep 1255)
2025-12-10 09:07:29 - [GCN] Epoch 1615 | loss 0.1475 | val@20 0.6243 | test@20 0.6975 | best 0.6927 (ep 1255)
2025-12-10 09:07:42 - [GCN] Epoch 1620 | loss 0.1457 | val@20 0.6764 | test@20 0.4817 | best 0.6927 (ep 1255)
2025-12-10 09:07:55 - [GCN] Epoch 1625 | loss 0.1463 | val@20 0.6821 | test@20 0.4140 | best 0.6927 (ep 1255)
2025-12-10 09:08:08 - [GCN] Epoch 1630 | loss 0.1469 | val@20 0.6670 | test@20 0.4907 | best 0.6927 (ep 1255)
2025-12-10 09:08:21 - [GCN] Epoch 1635 | loss 0.1466 | val@20 0.6224 | test@20 0.7261 | best 0.6927 (ep 1255)
2025-12-10 09:08:33 - [GCN] Epoch 1640 | loss 0.1455 | val@20 0.6505 | test@20 0.3882 | best 0.6927 (ep 1255)
2025-12-10 09:08:46 - [GCN] Epoch 1645 | loss 0.1466 | val@20 0.6237 | test@20 0.5259 | best 0.6927 (ep 1255)
2025-12-10 09:08:58 - [GCN] Epoch 1650 | loss 0.1475 | val@20 0.6898 | test@20 0.5762 | best 0.6927 (ep 1255)
2025-12-10 09:09:12 - [GCN] Epoch 1655 | loss 0.1471 | val@20 0.6703 | test@20 0.6955 | best 0.6927 (ep 1255)
2025-12-10 09:09:24 - [GCN] Epoch 1660 | loss 0.1483 | val@20 0.6341 | test@20 0.4574 | best 0.6927 (ep 1255)
2025-12-10 09:09:37 - [GCN] Epoch 1665 | loss 0.1464 | val@20 0.6664 | test@20 0.5937 | best 0.6927 (ep 1255)
2025-12-10 09:09:50 - [GCN] Epoch 1670 | loss 0.1463 | val@20 0.6808 | test@20 0.4540 | best 0.6927 (ep 1255)
2025-12-10 09:10:03 - [GCN] Epoch 1675 | loss 0.1462 | val@20 0.6759 | test@20 0.6151 | best 0.6927 (ep 1255)
2025-12-10 09:10:16 - [GCN] Epoch 1680 | loss 0.1465 | val@20 0.6844 | test@20 0.6718 | best 0.6927 (ep 1255)
2025-12-10 09:10:29 - [GCN] Epoch 1685 | loss 0.1467 | val@20 0.6540 | test@20 0.3598 | best 0.6927 (ep 1255)
2025-12-10 09:10:41 - [GCN] Epoch 1690 | loss 0.1459 | val@20 0.6913 | test@20 0.3935 | best 0.6927 (ep 1255)
2025-12-10 09:10:54 - [GCN] Epoch 1695 | loss 0.1465 | val@20 0.6459 | test@20 0.2160 | best 0.6927 (ep 1255)
2025-12-10 09:11:10 - [GCN] Epoch 1700 | loss 0.1459 | val@20 0.6531 | test@20 0.4120 | best 0.6927 (ep 1255)
2025-12-10 09:11:23 - [GCN] Epoch 1705 | loss 0.1463 | val@20 0.6862 | test@20 0.3867 | best 0.6927 (ep 1255)
2025-12-10 09:11:35 - [GCN] Epoch 1710 | loss 0.1473 | val@20 0.6594 | test@20 0.2637 | best 0.6927 (ep 1255)
2025-12-10 09:11:48 - [GCN] Epoch 1715 | loss 0.1455 | val@20 0.6932 | test@20 0.7604 | best 0.6932 (ep 1715)
2025-12-10 09:12:00 - [GCN] Epoch 1720 | loss 0.1460 | val@20 0.6501 | test@20 0.3461 | best 0.6932 (ep 1715)
2025-12-10 09:12:13 - [GCN] Epoch 1725 | loss 0.1459 | val@20 0.6833 | test@20 0.5439 | best 0.6932 (ep 1715)
2025-12-10 09:12:26 - [GCN] Epoch 1730 | loss 0.1459 | val@20 0.6881 | test@20 0.3426 | best 0.6932 (ep 1715)
2025-12-10 09:12:39 - [GCN] Epoch 1735 | loss 0.1451 | val@20 0.6887 | test@20 0.3039 | best 0.6932 (ep 1715)
2025-12-10 09:12:52 - [GCN] Epoch 1740 | loss 0.1461 | val@20 0.6754 | test@20 0.4198 | best 0.6932 (ep 1715)
2025-12-10 09:13:06 - [GCN] Epoch 1745 | loss 0.1460 | val@20 0.6851 | test@20 0.3892 | best 0.6932 (ep 1715)
2025-12-10 09:13:18 - [GCN] Epoch 1750 | loss 0.1464 | val@20 0.6814 | test@20 0.3088 | best 0.6932 (ep 1715)
2025-12-10 09:13:30 - [GCN] Epoch 1755 | loss 0.1471 | val@20 0.6576 | test@20 0.2896 | best 0.6932 (ep 1715)
2025-12-10 09:13:43 - [GCN] Epoch 1760 | loss 0.1459 | val@20 0.6915 | test@20 0.7087 | best 0.6932 (ep 1715)
2025-12-10 09:13:55 - [GCN] Epoch 1765 | loss 0.1485 | val@20 0.6907 | test@20 0.6752 | best 0.6932 (ep 1715)
2025-12-10 09:14:09 - [GCN] Epoch 1770 | loss 0.1461 | val@20 0.6697 | test@20 0.3501 | best 0.6932 (ep 1715)
2025-12-10 09:14:21 - [GCN] Epoch 1775 | loss 0.1461 | val@20 0.6783 | test@20 0.4460 | best 0.6932 (ep 1715)
2025-12-10 09:14:34 - [GCN] Epoch 1780 | loss 0.1446 | val@20 0.6711 | test@20 0.4862 | best 0.6932 (ep 1715)
2025-12-10 09:14:47 - [GCN] Epoch 1785 | loss 0.1456 | val@20 0.6738 | test@20 0.5652 | best 0.6932 (ep 1715)
2025-12-10 09:14:59 - [GCN] Epoch 1790 | loss 0.1470 | val@20 0.6804 | test@20 0.7345 | best 0.6932 (ep 1715)
2025-12-10 09:15:13 - [GCN] Epoch 1795 | loss 0.1451 | val@20 0.6928 | test@20 0.4917 | best 0.6932 (ep 1715)
2025-12-10 09:15:26 - [GCN] Epoch 1800 | loss 0.1452 | val@20 0.6792 | test@20 0.5414 | best 0.6932 (ep 1715)
2025-12-10 09:15:38 - [GCN] Epoch 1805 | loss 0.1456 | val@20 0.6180 | test@20 0.6183 | best 0.6932 (ep 1715)
2025-12-10 09:15:51 - [GCN] Epoch 1810 | loss 0.1466 | val@20 0.6783 | test@20 0.4715 | best 0.6932 (ep 1715)
2025-12-10 09:16:04 - [GCN] Epoch 1815 | loss 0.1458 | val@20 0.6590 | test@20 0.6071 | best 0.6932 (ep 1715)
2025-12-10 09:16:17 - [GCN] Epoch 1820 | loss 0.1456 | val@20 0.6831 | test@20 0.3931 | best 0.6932 (ep 1715)
2025-12-10 09:16:29 - [GCN] Epoch 1825 | loss 0.1462 | val@20 0.6819 | test@20 0.6129 | best 0.6932 (ep 1715)
2025-12-10 09:16:42 - [GCN] Epoch 1830 | loss 0.1462 | val@20 0.6698 | test@20 0.4130 | best 0.6932 (ep 1715)
2025-12-10 09:16:55 - [GCN] Epoch 1835 | loss 0.1463 | val@20 0.6794 | test@20 0.4445 | best 0.6932 (ep 1715)
2025-12-10 09:17:09 - [GCN] Epoch 1840 | loss 0.1462 | val@20 0.6759 | test@20 0.3157 | best 0.6932 (ep 1715)
2025-12-10 09:17:22 - [GCN] Epoch 1845 | loss 0.1459 | val@20 0.6814 | test@20 0.4374 | best 0.6932 (ep 1715)
2025-12-10 09:17:34 - [GCN] Epoch 1850 | loss 0.1468 | val@20 0.6815 | test@20 0.6304 | best 0.6932 (ep 1715)
2025-12-10 09:17:47 - [GCN] Epoch 1855 | loss 0.1463 | val@20 0.6789 | test@20 0.5689 | best 0.6932 (ep 1715)
2025-12-10 09:17:59 - [GCN] Epoch 1860 | loss 0.1456 | val@20 0.6686 | test@20 0.6262 | best 0.6932 (ep 1715)
2025-12-10 09:18:13 - [GCN] Epoch 1865 | loss 0.1476 | val@20 0.6509 | test@20 0.5535 | best 0.6932 (ep 1715)
2025-12-10 09:18:26 - [GCN] Epoch 1870 | loss 0.1457 | val@20 0.6718 | test@20 0.7651 | best 0.6932 (ep 1715)
2025-12-10 09:18:38 - [GCN] Epoch 1875 | loss 0.1457 | val@20 0.6853 | test@20 0.6293 | best 0.6932 (ep 1715)
2025-12-10 09:18:51 - [GCN] Epoch 1880 | loss 0.1453 | val@20 0.6968 | test@20 0.5535 | best 0.6968 (ep 1880)
2025-12-10 09:19:04 - [GCN] Epoch 1885 | loss 0.1451 | val@20 0.6813 | test@20 0.6049 | best 0.6968 (ep 1880)
2025-12-10 09:19:17 - [GCN] Epoch 1890 | loss 0.1449 | val@20 0.6752 | test@20 0.6037 | best 0.6968 (ep 1880)
2025-12-10 09:19:29 - [GCN] Epoch 1895 | loss 0.1450 | val@20 0.6708 | test@20 0.7145 | best 0.6968 (ep 1880)
2025-12-10 09:19:42 - [GCN] Epoch 1900 | loss 0.1450 | val@20 0.6916 | test@20 0.6219 | best 0.6968 (ep 1880)
2025-12-10 09:19:54 - [GCN] Epoch 1905 | loss 0.1472 | val@20 0.6695 | test@20 0.5769 | best 0.6968 (ep 1880)
2025-12-10 09:20:08 - [GCN] Epoch 1910 | loss 0.1450 | val@20 0.6821 | test@20 0.7468 | best 0.6968 (ep 1880)
2025-12-10 09:20:20 - [GCN] Epoch 1915 | loss 0.1446 | val@20 0.6672 | test@20 0.5122 | best 0.6968 (ep 1880)
2025-12-10 09:20:33 - [GCN] Epoch 1920 | loss 0.1450 | val@20 0.6864 | test@20 0.6731 | best 0.6968 (ep 1880)
2025-12-10 09:20:46 - [GCN] Epoch 1925 | loss 0.1450 | val@20 0.6541 | test@20 0.3151 | best 0.6968 (ep 1880)
2025-12-10 09:20:59 - [GCN] Epoch 1930 | loss 0.1446 | val@20 0.6868 | test@20 0.4670 | best 0.6968 (ep 1880)
2025-12-10 09:21:15 - [GCN] Epoch 1935 | loss 0.1440 | val@20 0.6942 | test@20 0.7310 | best 0.6968 (ep 1880)
2025-12-10 09:21:28 - [GCN] Epoch 1940 | loss 0.1461 | val@20 0.6319 | test@20 0.5087 | best 0.6968 (ep 1880)
2025-12-10 09:21:41 - [GCN] Epoch 1945 | loss 0.1439 | val@20 0.6913 | test@20 0.6513 | best 0.6968 (ep 1880)
2025-12-10 09:21:53 - [GCN] Epoch 1950 | loss 0.1441 | val@20 0.6790 | test@20 0.4478 | best 0.6968 (ep 1880)
2025-12-10 09:22:07 - [GCN] Epoch 1955 | loss 0.1444 | val@20 0.6535 | test@20 0.3665 | best 0.6968 (ep 1880)
2025-12-10 09:22:20 - [GCN] Epoch 1960 | loss 0.1436 | val@20 0.6888 | test@20 0.6914 | best 0.6968 (ep 1880)
2025-12-10 09:22:33 - [GCN] Epoch 1965 | loss 0.1442 | val@20 0.6454 | test@20 0.4709 | best 0.6968 (ep 1880)
2025-12-10 09:22:45 - [GCN] Epoch 1970 | loss 0.1466 | val@20 0.6460 | test@20 0.5788 | best 0.6968 (ep 1880)
2025-12-10 09:22:58 - [GCN] Epoch 1975 | loss 0.1455 | val@20 0.6992 | test@20 0.5672 | best 0.6992 (ep 1975)
2025-12-10 09:23:12 - [GCN] Epoch 1980 | loss 0.1466 | val@20 0.6694 | test@20 0.4919 | best 0.6992 (ep 1975)
2025-12-10 09:23:24 - [GCN] Epoch 1985 | loss 0.1443 | val@20 0.6660 | test@20 0.5573 | best 0.6992 (ep 1975)
2025-12-10 09:23:37 - [GCN] Epoch 1990 | loss 0.1450 | val@20 0.6954 | test@20 0.6755 | best 0.6992 (ep 1975)
2025-12-10 09:23:50 - [GCN] Epoch 1995 | loss 0.1445 | val@20 0.6804 | test@20 0.3561 | best 0.6992 (ep 1975)
2025-12-10 09:24:03 - [GCN] Epoch 2000 | loss 0.1451 | val@20 0.6631 | test@20 0.5861 | best 0.6992 (ep 1975)
2025-12-10 09:24:03 - ================================================================================
2025-12-10 09:24:03 - Final Results
2025-12-10 09:24:03 - ================================================================================
2025-12-10 09:24:03 - Hits@10: Valid 65.53% | Test 18.28%
2025-12-10 09:24:03 - Hits@20: Valid 69.92% | Test 56.72%
2025-12-10 09:24:03 - Hits@30: Valid 71.61% | Test 82.36%
2025-12-10 09:24:03 - ================================================================================
