2025-12-10 13:49:08 - OGBL-DDI Link Prediction - GCN with External Features
2025-12-10 13:49:08 - Device: cuda:0
2025-12-10 13:49:08 - Log directory: logs/ddi_gcn_all_20251210_134908
2025-12-10 13:49:08 - ================================================================================
2025-12-10 13:49:08 - Dataset: 4267 nodes, 2135822 edges
2025-12-10 13:49:08 - Train edges: 1067911
2025-12-10 13:49:08 - Valid edges: 133489 pos, 101882 neg
2025-12-10 13:49:08 - Test edges: 133489 pos, 95599 neg
2025-12-10 13:49:08 - Loading external features...
2025-12-10 13:49:08 - Loading cached Morgan features from data/morgan_features.pt
2025-12-10 13:49:08 -   Morgan fingerprints: 2048 dims
2025-12-10 13:49:08 - Loaded PubChem features: shape=(4267, 9)
2025-12-10 13:49:08 -   PubChem properties: 9 dims
2025-12-10 13:49:09 - Loaded ChemBERTa features: shape=torch.Size([4267, 768])
2025-12-10 13:49:09 -   ChemBERTa embeddings: 768 dims
2025-12-10 13:49:09 - Loaded drug-target features: shape=torch.Size([4267, 229])
2025-12-10 13:49:09 -   Drug-target features: 229 dims
2025-12-10 13:49:09 - Combined features: 3054 dims total
2025-12-10 13:49:09 - Loaded features: {'morgan': 2048, 'pubchem': 9, 'chemberta': 768, 'drug_targets': 229}
2025-12-10 13:49:09 - Total feature dimension: 3054
2025-12-10 13:49:09 - ================================================================================
2025-12-10 13:49:09 - Model Configuration:
2025-12-10 13:49:09 -   architecture: GCN + MLP
2025-12-10 13:49:09 -   num_layers: 2
2025-12-10 13:49:09 -   hidden_channels: 512
2025-12-10 13:49:09 -   dropout: 0.5
2025-12-10 13:49:09 -   fusion: concat
2025-12-10 13:49:09 -   external_features: ['morgan', 'pubchem', 'chemberta', 'drug_targets']
2025-12-10 13:49:09 - Training Configuration:
2025-12-10 13:49:09 -   epochs: 200
2025-12-10 13:49:09 -   lr: 0.005
2025-12-10 13:49:09 -   batch_size: 65536
2025-12-10 13:49:09 -   eval_steps: 5
2025-12-10 13:49:09 -   runs: 1
2025-12-10 13:49:09 - ================================================================================
2025-12-10 13:49:23 - [GCN] Epoch 0005 | loss 34.5388 | val@20 0.0000 | test@20 0.0000 | best 0.0000 (ep 0)
2025-12-10 13:49:37 - [GCN] Epoch 0010 | loss 34.5388 | val@20 0.0000 | test@20 0.0000 | best 0.0000 (ep 0)
