2025-12-09 02:31:12,442 - Using device: cuda
2025-12-09 02:31:12,442 - Logging results to: logs/baselines_20251209_023112/baselines.log
2025-12-09 02:31:12,442 - Loading dataset ogbl-ddi...
2025-12-09 02:31:12,528 - Dataset loaded: 4267 nodes
2025-12-09 02:31:12,674 - Train pos edges: 1067911, Valid pos: 133489, Test pos: 133489
2025-12-09 02:31:12,674 - Valid neg edges: 101882, Test neg: 95599
2025-12-09 02:31:12,694 - Added self-loops: Total edges now = 1072178
2025-12-09 02:31:12,701 - 
================================================================================
2025-12-09 02:31:12,701 - Training Simple GCN Baseline
2025-12-09 02:31:12,701 - ================================================================================
2025-12-09 02:31:12,741 - Starting training for GCN-Baseline (epochs=200, lr=0.01, patience=20, hard_neg=False)
2025-12-09 02:31:12,741 - Model description: Ultra-minimal GCN (2 layers, dropout=0.5) | hidden_dim=128, num_layers=2, decoder=simple
2025-12-09 02:31:12,741 - Memory optimization: batch_size=50000, gradient_accumulation=1
2025-12-09 02:31:12,742 - Initialized EMA with decay=0.999 for stable checkpointing
2025-12-09 02:31:14,575 - GCN-Baseline Epoch 0001/200 [Random Neg] | Loss: 1.3891 | Val Hits@20: 0.0005 | Test Hits@20: 0.0004 | Best Val: 0.0005 (epoch 1) | LR: 0.010000 ðŸ”¥
2025-12-09 02:31:14,961 - [DIAGNOSTICS Epoch 1] Emb: sim_mean=0.955 sim_std=0.057 norm=0.363 | Scores: pos=0.490 neg=0.488 gap=0.001 | Grad: norm=0.06
2025-12-09 02:31:14,961 -   âš ï¸  EMBEDDING COLLAPSE (similarity > 0.9)
2025-12-09 02:31:20,829 - GCN-Baseline Epoch 0005/200 [Random Neg] | Loss: 1.2796 | Val Hits@20: 0.0008 | Test Hits@20: 0.0006 | Best Val: 0.0008 (epoch 5) | LR: 0.010000 ðŸ”¥
2025-12-09 02:31:21,195 - [DIAGNOSTICS Epoch 5] Emb: sim_mean=0.831 sim_std=0.287 norm=1.775 | Scores: pos=0.573 neg=0.521 gap=0.052 | Grad: norm=0.42
2025-12-09 02:31:28,481 - GCN-Baseline Epoch 0010/200 [Random Neg] | Loss: 1.2514 | Val Hits@20: 0.0011 | Test Hits@20: 0.0010 | Best Val: 0.0011 (epoch 10) | LR: 0.010000 ðŸ”¥
2025-12-09 02:31:28,847 - [DIAGNOSTICS Epoch 10] Emb: sim_mean=0.714 sim_std=0.308 norm=2.262 | Scores: pos=0.551 neg=0.450 gap=0.100 | Grad: norm=0.43
2025-12-09 02:31:36,171 - GCN-Baseline Epoch 0015/200 [Random Neg] | Loss: 1.1019 | Val Hits@20: 0.0017 | Test Hits@20: 0.0019 | Best Val: 0.0017 (epoch 15) | LR: 0.010000 ðŸ”¥
2025-12-09 02:31:43,506 - GCN-Baseline Epoch 0020/200 [Random Neg] | Loss: 1.0484 | Val Hits@20: 0.0022 | Test Hits@20: 0.0021 | Best Val: 0.0022 (epoch 20) | LR: 0.010000 ðŸ”¥
2025-12-09 02:31:43,883 - [DIAGNOSTICS Epoch 20] Emb: sim_mean=0.735 sim_std=0.289 norm=3.736 | Scores: pos=0.693 neg=0.379 gap=0.314 | Grad: norm=0.70
2025-12-09 02:31:51,192 - GCN-Baseline Epoch 0025/200 [Random Neg] | Loss: 0.9806 | Val Hits@20: 0.0023 | Test Hits@20: 0.0025 | Best Val: 0.0023 (epoch 25) | LR: 0.010000 ðŸ”¥
