2025-12-10 13:47:25 - OGBL-DDI Link Prediction - GCN with External Features
2025-12-10 13:47:25 - Device: cuda:0
2025-12-10 13:47:25 - Log directory: logs/ddi_gcn_all_20251210_134725
2025-12-10 13:47:25 - ================================================================================
2025-12-10 13:47:25 - Dataset: 4267 nodes, 2135822 edges
2025-12-10 13:47:25 - Train edges: 1067911
2025-12-10 13:47:25 - Valid edges: 133489 pos, 101882 neg
2025-12-10 13:47:25 - Test edges: 133489 pos, 95599 neg
2025-12-10 13:47:25 - Loading external features...
2025-12-10 13:47:25 - Loading cached Morgan features from data/morgan_features.pt
2025-12-10 13:47:25 -   Morgan fingerprints: 2048 dims
2025-12-10 13:47:26 - Loaded PubChem features: shape=(4267, 9)
2025-12-10 13:47:26 -   PubChem properties: 9 dims
2025-12-10 13:47:26 - Loaded ChemBERTa features: shape=torch.Size([4267, 768])
2025-12-10 13:47:26 -   ChemBERTa embeddings: 768 dims
2025-12-10 13:47:26 - Loaded drug-target features: shape=torch.Size([4267, 229])
2025-12-10 13:47:26 -   Drug-target features: 229 dims
2025-12-10 13:47:26 - Combined features: 3054 dims total
2025-12-10 13:47:26 - Loaded features: {'morgan': 2048, 'pubchem': 9, 'chemberta': 768, 'drug_targets': 229}
2025-12-10 13:47:26 - Total feature dimension: 3054
2025-12-10 13:47:26 - ================================================================================
2025-12-10 13:47:26 - Model Configuration:
2025-12-10 13:47:26 -   architecture: GCN + MLP
2025-12-10 13:47:26 -   num_layers: 2
2025-12-10 13:47:26 -   hidden_channels: 512
2025-12-10 13:47:26 -   dropout: 0.5
2025-12-10 13:47:26 -   fusion: concat
2025-12-10 13:47:26 -   external_features: ['morgan', 'pubchem', 'chemberta', 'drug_targets']
2025-12-10 13:47:26 - Training Configuration:
2025-12-10 13:47:26 -   epochs: 200
2025-12-10 13:47:26 -   lr: 0.005
2025-12-10 13:47:26 -   batch_size: 65536
2025-12-10 13:47:26 -   eval_steps: 5
2025-12-10 13:47:26 -   runs: 1
2025-12-10 13:47:26 - ================================================================================
2025-12-10 13:47:40 - [GCN] Epoch 0005 | loss 34.5388 | val@20 0.0000 | test@20 0.0000 | best 0.0000 (ep 0)
2025-12-10 13:47:53 - [GCN] Epoch 0010 | loss 34.5388 | val@20 0.0000 | test@20 0.0000 | best 0.0000 (ep 0)
2025-12-10 13:48:07 - [GCN] Epoch 0015 | loss 34.5388 | val@20 0.0000 | test@20 0.0000 | best 0.0000 (ep 0)
2025-12-10 13:48:21 - [GCN] Epoch 0020 | loss 34.5388 | val@20 0.0000 | test@20 0.0000 | best 0.0000 (ep 0)
2025-12-10 13:48:34 - [GCN] Epoch 0025 | loss 34.5388 | val@20 0.0000 | test@20 0.0000 | best 0.0000 (ep 0)
2025-12-10 13:48:48 - [GCN] Epoch 0030 | loss 34.5388 | val@20 0.0000 | test@20 0.0000 | best 0.0000 (ep 0)
