2025-12-10 09:24:10 - OGBL-DDI Link Prediction - GCN with External Features
2025-12-10 09:24:10 - Device: cuda:0
2025-12-10 09:24:10 - Log directory: logs/ddi_gcn_chemberta_20251210_092410
2025-12-10 09:24:10 - ================================================================================
2025-12-10 09:24:11 - Dataset: 4267 nodes, 2135822 edges
2025-12-10 09:24:11 - Train edges: 1067911
2025-12-10 09:24:11 - Valid edges: 133489 pos, 101882 neg
2025-12-10 09:24:11 - Test edges: 133489 pos, 95599 neg
2025-12-10 09:24:11 - Loading external features...
2025-12-10 09:24:11 - Loaded ChemBERTa features: shape=torch.Size([4267, 768])
2025-12-10 09:24:11 -   ChemBERTa embeddings: 768 dims
2025-12-10 09:24:11 - Combined features: 768 dims total
2025-12-10 09:24:11 - Loaded features: {'chemberta': 768}
2025-12-10 09:24:11 - Total feature dimension: 768
2025-12-10 09:24:11 - ================================================================================
2025-12-10 09:24:11 - Model Configuration:
2025-12-10 09:24:11 -   architecture: GCN + MLP
2025-12-10 09:24:11 -   num_layers: 2
2025-12-10 09:24:11 -   hidden_channels: 256
2025-12-10 09:24:11 -   dropout: 0.5
2025-12-10 09:24:11 -   fusion: concat
2025-12-10 09:24:11 -   external_features: ['chemberta']
2025-12-10 09:24:11 - Training Configuration:
2025-12-10 09:24:11 -   epochs: 2000
2025-12-10 09:24:11 -   lr: 0.005
2025-12-10 09:24:11 -   batch_size: 65536
2025-12-10 09:24:11 -   eval_steps: 5
2025-12-10 09:24:11 -   runs: 1
2025-12-10 09:24:11 - ================================================================================
2025-12-10 09:24:25 - [GCN] Epoch 0005 | loss 0.7076 | val@20 0.0632 | test@20 0.0140 | best 0.0632 (ep 5)
2025-12-10 09:24:37 - [GCN] Epoch 0010 | loss 0.5216 | val@20 0.1858 | test@20 0.0618 | best 0.1858 (ep 10)
2025-12-10 09:24:50 - [GCN] Epoch 0015 | loss 0.4497 | val@20 0.2052 | test@20 0.1712 | best 0.2052 (ep 15)
2025-12-10 09:25:03 - [GCN] Epoch 0020 | loss 0.4013 | val@20 0.3089 | test@20 0.2639 | best 0.3089 (ep 20)
2025-12-10 09:25:16 - [GCN] Epoch 0025 | loss 0.3741 | val@20 0.2482 | test@20 0.1887 | best 0.3089 (ep 20)
2025-12-10 09:25:29 - [GCN] Epoch 0030 | loss 0.3326 | val@20 0.1893 | test@20 0.1867 | best 0.3089 (ep 20)
2025-12-10 09:25:42 - [GCN] Epoch 0035 | loss 0.3082 | val@20 0.2099 | test@20 0.2098 | best 0.3089 (ep 20)
2025-12-10 09:25:54 - [GCN] Epoch 0040 | loss 0.2869 | val@20 0.2907 | test@20 0.2565 | best 0.3089 (ep 20)
2025-12-10 09:26:08 - [GCN] Epoch 0045 | loss 0.2752 | val@20 0.2528 | test@20 0.2514 | best 0.3089 (ep 20)
2025-12-10 09:26:21 - [GCN] Epoch 0050 | loss 0.2649 | val@20 0.2985 | test@20 0.1997 | best 0.3089 (ep 20)
2025-12-10 09:26:34 - [GCN] Epoch 0055 | loss 0.2553 | val@20 0.4040 | test@20 0.2997 | best 0.4040 (ep 55)
2025-12-10 09:26:47 - [GCN] Epoch 0060 | loss 0.2490 | val@20 0.3957 | test@20 0.3113 | best 0.4040 (ep 55)
2025-12-10 09:26:59 - [GCN] Epoch 0065 | loss 0.2423 | val@20 0.2843 | test@20 0.3594 | best 0.4040 (ep 55)
2025-12-10 09:27:13 - [GCN] Epoch 0070 | loss 0.2359 | val@20 0.3970 | test@20 0.3333 | best 0.4040 (ep 55)
2025-12-10 09:27:26 - [GCN] Epoch 0075 | loss 0.2353 | val@20 0.3790 | test@20 0.3234 | best 0.4040 (ep 55)
2025-12-10 09:27:39 - [GCN] Epoch 0080 | loss 0.2265 | val@20 0.3547 | test@20 0.3465 | best 0.4040 (ep 55)
2025-12-10 09:27:52 - [GCN] Epoch 0085 | loss 0.2272 | val@20 0.3773 | test@20 0.3371 | best 0.4040 (ep 55)
2025-12-10 09:28:05 - [GCN] Epoch 0090 | loss 0.2249 | val@20 0.3932 | test@20 0.2293 | best 0.4040 (ep 55)
2025-12-10 09:28:19 - [GCN] Epoch 0095 | loss 0.2274 | val@20 0.3005 | test@20 0.2345 | best 0.4040 (ep 55)
2025-12-10 09:28:31 - [GCN] Epoch 0100 | loss 0.2156 | val@20 0.3272 | test@20 0.2868 | best 0.4040 (ep 55)
2025-12-10 09:28:43 - [GCN] Epoch 0105 | loss 0.2165 | val@20 0.4490 | test@20 0.2410 | best 0.4490 (ep 105)
2025-12-10 09:28:56 - [GCN] Epoch 0110 | loss 0.2115 | val@20 0.4802 | test@20 0.4237 | best 0.4802 (ep 110)
2025-12-10 09:29:10 - [GCN] Epoch 0115 | loss 0.2110 | val@20 0.3654 | test@20 0.3065 | best 0.4802 (ep 110)
2025-12-10 09:29:23 - [GCN] Epoch 0120 | loss 0.2061 | val@20 0.4119 | test@20 0.4083 | best 0.4802 (ep 110)
2025-12-10 09:29:36 - [GCN] Epoch 0125 | loss 0.2065 | val@20 0.4275 | test@20 0.4772 | best 0.4802 (ep 110)
2025-12-10 09:29:48 - [GCN] Epoch 0130 | loss 0.2035 | val@20 0.4325 | test@20 0.2882 | best 0.4802 (ep 110)
2025-12-10 09:30:01 - [GCN] Epoch 0135 | loss 0.2024 | val@20 0.4269 | test@20 0.5015 | best 0.4802 (ep 110)
2025-12-10 09:30:15 - [GCN] Epoch 0140 | loss 0.2003 | val@20 0.5035 | test@20 0.4887 | best 0.5035 (ep 140)
2025-12-10 09:30:27 - [GCN] Epoch 0145 | loss 0.1968 | val@20 0.4235 | test@20 0.3281 | best 0.5035 (ep 140)
2025-12-10 09:30:40 - [GCN] Epoch 0150 | loss 0.2037 | val@20 0.4360 | test@20 0.2947 | best 0.5035 (ep 140)
2025-12-10 09:30:53 - [GCN] Epoch 0155 | loss 0.1942 | val@20 0.4322 | test@20 0.3708 | best 0.5035 (ep 140)
2025-12-10 09:31:08 - [GCN] Epoch 0160 | loss 0.1942 | val@20 0.4427 | test@20 0.5235 | best 0.5035 (ep 140)
2025-12-10 09:31:22 - [GCN] Epoch 0165 | loss 0.1938 | val@20 0.5179 | test@20 0.4903 | best 0.5179 (ep 165)
2025-12-10 09:31:35 - [GCN] Epoch 0170 | loss 0.1925 | val@20 0.4547 | test@20 0.3910 | best 0.5179 (ep 165)
2025-12-10 09:31:48 - [GCN] Epoch 0175 | loss 0.1883 | val@20 0.4142 | test@20 0.3620 | best 0.5179 (ep 165)
2025-12-10 09:32:01 - [GCN] Epoch 0180 | loss 0.1872 | val@20 0.3810 | test@20 0.3516 | best 0.5179 (ep 165)
2025-12-10 09:32:14 - [GCN] Epoch 0185 | loss 0.1890 | val@20 0.4458 | test@20 0.3913 | best 0.5179 (ep 165)
2025-12-10 09:32:27 - [GCN] Epoch 0190 | loss 0.1866 | val@20 0.4587 | test@20 0.4424 | best 0.5179 (ep 165)
2025-12-10 09:32:40 - [GCN] Epoch 0195 | loss 0.1867 | val@20 0.4353 | test@20 0.4116 | best 0.5179 (ep 165)
2025-12-10 09:32:53 - [GCN] Epoch 0200 | loss 0.1878 | val@20 0.3439 | test@20 0.3296 | best 0.5179 (ep 165)
2025-12-10 09:33:07 - [GCN] Epoch 0205 | loss 0.1843 | val@20 0.4715 | test@20 0.3464 | best 0.5179 (ep 165)
2025-12-10 09:33:20 - [GCN] Epoch 0210 | loss 0.1801 | val@20 0.4661 | test@20 0.3111 | best 0.5179 (ep 165)
2025-12-10 09:33:33 - [GCN] Epoch 0215 | loss 0.1852 | val@20 0.4925 | test@20 0.3112 | best 0.5179 (ep 165)
2025-12-10 09:33:46 - [GCN] Epoch 0220 | loss 0.1816 | val@20 0.4932 | test@20 0.3479 | best 0.5179 (ep 165)
2025-12-10 09:33:58 - [GCN] Epoch 0225 | loss 0.1806 | val@20 0.5764 | test@20 0.4491 | best 0.5764 (ep 225)
2025-12-10 09:34:12 - [GCN] Epoch 0230 | loss 0.1834 | val@20 0.4863 | test@20 0.3171 | best 0.5764 (ep 225)
2025-12-10 09:34:24 - [GCN] Epoch 0235 | loss 0.1790 | val@20 0.5359 | test@20 0.2630 | best 0.5764 (ep 225)
2025-12-10 09:34:37 - [GCN] Epoch 0240 | loss 0.1775 | val@20 0.5831 | test@20 0.3592 | best 0.5831 (ep 240)
2025-12-10 09:34:50 - [GCN] Epoch 0245 | loss 0.1769 | val@20 0.5280 | test@20 0.3074 | best 0.5831 (ep 240)
2025-12-10 09:35:03 - [GCN] Epoch 0250 | loss 0.1758 | val@20 0.5713 | test@20 0.2829 | best 0.5831 (ep 240)
2025-12-10 09:35:16 - [GCN] Epoch 0255 | loss 0.1742 | val@20 0.5514 | test@20 0.3251 | best 0.5831 (ep 240)
2025-12-10 09:35:29 - [GCN] Epoch 0260 | loss 0.1741 | val@20 0.5245 | test@20 0.2992 | best 0.5831 (ep 240)
2025-12-10 09:35:42 - [GCN] Epoch 0265 | loss 0.1740 | val@20 0.5839 | test@20 0.3527 | best 0.5839 (ep 265)
2025-12-10 09:35:54 - [GCN] Epoch 0270 | loss 0.1728 | val@20 0.5958 | test@20 0.2575 | best 0.5958 (ep 270)
2025-12-10 09:36:08 - [GCN] Epoch 0275 | loss 0.1729 | val@20 0.5733 | test@20 0.3055 | best 0.5958 (ep 270)
2025-12-10 09:36:20 - [GCN] Epoch 0280 | loss 0.1713 | val@20 0.5452 | test@20 0.2762 | best 0.5958 (ep 270)
2025-12-10 09:36:33 - [GCN] Epoch 0285 | loss 0.1692 | val@20 0.5970 | test@20 0.3528 | best 0.5970 (ep 285)
2025-12-10 09:36:46 - [GCN] Epoch 0290 | loss 0.1683 | val@20 0.5848 | test@20 0.2641 | best 0.5970 (ep 285)
2025-12-10 09:36:59 - [GCN] Epoch 0295 | loss 0.1690 | val@20 0.5548 | test@20 0.2481 | best 0.5970 (ep 285)
2025-12-10 09:37:13 - [GCN] Epoch 0300 | loss 0.1702 | val@20 0.5309 | test@20 0.3494 | best 0.5970 (ep 285)
2025-12-10 09:37:26 - [GCN] Epoch 0305 | loss 0.1682 | val@20 0.5673 | test@20 0.2989 | best 0.5970 (ep 285)
2025-12-10 09:37:39 - [GCN] Epoch 0310 | loss 0.1702 | val@20 0.5895 | test@20 0.3032 | best 0.5970 (ep 285)
2025-12-10 09:37:52 - [GCN] Epoch 0315 | loss 0.1686 | val@20 0.5647 | test@20 0.3095 | best 0.5970 (ep 285)
2025-12-10 09:38:05 - [GCN] Epoch 0320 | loss 0.1673 | val@20 0.5285 | test@20 0.3874 | best 0.5970 (ep 285)
2025-12-10 09:38:18 - [GCN] Epoch 0325 | loss 0.1676 | val@20 0.5675 | test@20 0.3423 | best 0.5970 (ep 285)
2025-12-10 09:38:32 - [GCN] Epoch 0330 | loss 0.1675 | val@20 0.5982 | test@20 0.2371 | best 0.5982 (ep 330)
2025-12-10 09:38:45 - [GCN] Epoch 0335 | loss 0.1665 | val@20 0.6099 | test@20 0.3338 | best 0.6099 (ep 335)
2025-12-10 09:38:58 - [GCN] Epoch 0340 | loss 0.1663 | val@20 0.6033 | test@20 0.3228 | best 0.6099 (ep 335)
2025-12-10 09:39:12 - [GCN] Epoch 0345 | loss 0.1682 | val@20 0.5979 | test@20 0.3813 | best 0.6099 (ep 335)
2025-12-10 09:39:25 - [GCN] Epoch 0350 | loss 0.1640 | val@20 0.5643 | test@20 0.2630 | best 0.6099 (ep 335)
2025-12-10 09:39:37 - [GCN] Epoch 0355 | loss 0.1670 | val@20 0.6197 | test@20 0.3913 | best 0.6197 (ep 355)
2025-12-10 09:39:49 - [GCN] Epoch 0360 | loss 0.1664 | val@20 0.6222 | test@20 0.3106 | best 0.6222 (ep 360)
2025-12-10 09:40:02 - [GCN] Epoch 0365 | loss 0.1656 | val@20 0.6326 | test@20 0.5060 | best 0.6326 (ep 365)
2025-12-10 09:40:15 - [GCN] Epoch 0370 | loss 0.1634 | val@20 0.5774 | test@20 0.3510 | best 0.6326 (ep 365)
2025-12-10 09:40:28 - [GCN] Epoch 0375 | loss 0.1634 | val@20 0.4973 | test@20 0.4162 | best 0.6326 (ep 365)
2025-12-10 09:40:40 - [GCN] Epoch 0380 | loss 0.1664 | val@20 0.5625 | test@20 0.2886 | best 0.6326 (ep 365)
2025-12-10 09:40:53 - [GCN] Epoch 0385 | loss 0.1620 | val@20 0.5799 | test@20 0.2271 | best 0.6326 (ep 365)
2025-12-10 09:41:08 - [GCN] Epoch 0390 | loss 0.1630 | val@20 0.5765 | test@20 0.2883 | best 0.6326 (ep 365)
2025-12-10 09:41:22 - [GCN] Epoch 0395 | loss 0.1631 | val@20 0.5736 | test@20 0.2239 | best 0.6326 (ep 365)
2025-12-10 09:41:35 - [GCN] Epoch 0400 | loss 0.1617 | val@20 0.6352 | test@20 0.4685 | best 0.6352 (ep 400)
2025-12-10 09:41:48 - [GCN] Epoch 0405 | loss 0.1635 | val@20 0.6053 | test@20 0.3244 | best 0.6352 (ep 400)
2025-12-10 09:42:01 - [GCN] Epoch 0410 | loss 0.1603 | val@20 0.4867 | test@20 0.2617 | best 0.6352 (ep 400)
2025-12-10 09:42:14 - [GCN] Epoch 0415 | loss 0.1648 | val@20 0.5877 | test@20 0.2992 | best 0.6352 (ep 400)
2025-12-10 09:42:27 - [GCN] Epoch 0420 | loss 0.1610 | val@20 0.5891 | test@20 0.2908 | best 0.6352 (ep 400)
2025-12-10 09:42:40 - [GCN] Epoch 0425 | loss 0.1628 | val@20 0.5998 | test@20 0.4761 | best 0.6352 (ep 400)
2025-12-10 09:42:53 - [GCN] Epoch 0430 | loss 0.1629 | val@20 0.5766 | test@20 0.1915 | best 0.6352 (ep 400)
2025-12-10 09:43:06 - [GCN] Epoch 0435 | loss 0.1620 | val@20 0.5756 | test@20 0.2738 | best 0.6352 (ep 400)
2025-12-10 09:43:19 - [GCN] Epoch 0440 | loss 0.1613 | val@20 0.5384 | test@20 0.4211 | best 0.6352 (ep 400)
2025-12-10 09:43:32 - [GCN] Epoch 0445 | loss 0.1589 | val@20 0.6078 | test@20 0.5623 | best 0.6352 (ep 400)
2025-12-10 09:43:44 - [GCN] Epoch 0450 | loss 0.1605 | val@20 0.5067 | test@20 0.4667 | best 0.6352 (ep 400)
2025-12-10 09:43:57 - [GCN] Epoch 0455 | loss 0.1616 | val@20 0.6059 | test@20 0.3141 | best 0.6352 (ep 400)
2025-12-10 09:44:11 - [GCN] Epoch 0460 | loss 0.1603 | val@20 0.6337 | test@20 0.5547 | best 0.6352 (ep 400)
2025-12-10 09:44:24 - [GCN] Epoch 0465 | loss 0.1585 | val@20 0.5910 | test@20 0.2138 | best 0.6352 (ep 400)
2025-12-10 09:44:36 - [GCN] Epoch 0470 | loss 0.1595 | val@20 0.6130 | test@20 0.5273 | best 0.6352 (ep 400)
2025-12-10 09:44:49 - [GCN] Epoch 0475 | loss 0.1626 | val@20 0.5643 | test@20 0.4253 | best 0.6352 (ep 400)
2025-12-10 09:45:02 - [GCN] Epoch 0480 | loss 0.1625 | val@20 0.6359 | test@20 0.3745 | best 0.6359 (ep 480)
2025-12-10 09:45:16 - [GCN] Epoch 0485 | loss 0.1578 | val@20 0.6361 | test@20 0.4381 | best 0.6361 (ep 485)
2025-12-10 09:45:29 - [GCN] Epoch 0490 | loss 0.1568 | val@20 0.6166 | test@20 0.2506 | best 0.6361 (ep 485)
2025-12-10 09:45:41 - [GCN] Epoch 0495 | loss 0.1598 | val@20 0.6190 | test@20 0.4120 | best 0.6361 (ep 485)
2025-12-10 09:45:54 - [GCN] Epoch 0500 | loss 0.1585 | val@20 0.6377 | test@20 0.4446 | best 0.6377 (ep 500)
2025-12-10 09:46:07 - [GCN] Epoch 0505 | loss 0.1584 | val@20 0.6474 | test@20 0.3942 | best 0.6474 (ep 505)
2025-12-10 09:46:20 - [GCN] Epoch 0510 | loss 0.1607 | val@20 0.5820 | test@20 0.4460 | best 0.6474 (ep 505)
2025-12-10 09:46:33 - [GCN] Epoch 0515 | loss 0.1627 | val@20 0.5799 | test@20 0.2703 | best 0.6474 (ep 505)
2025-12-10 09:46:46 - [GCN] Epoch 0520 | loss 0.1585 | val@20 0.5763 | test@20 0.2665 | best 0.6474 (ep 505)
2025-12-10 09:46:58 - [GCN] Epoch 0525 | loss 0.1581 | val@20 0.6477 | test@20 0.4282 | best 0.6477 (ep 525)
2025-12-10 09:47:12 - [GCN] Epoch 0530 | loss 0.1593 | val@20 0.5977 | test@20 0.3568 | best 0.6477 (ep 525)
2025-12-10 09:47:25 - [GCN] Epoch 0535 | loss 0.1598 | val@20 0.4377 | test@20 0.6520 | best 0.6477 (ep 525)
2025-12-10 09:47:38 - [GCN] Epoch 0540 | loss 0.1575 | val@20 0.6200 | test@20 0.4728 | best 0.6477 (ep 525)
2025-12-10 09:47:51 - [GCN] Epoch 0545 | loss 0.1567 | val@20 0.5600 | test@20 0.1959 | best 0.6477 (ep 525)
2025-12-10 09:48:04 - [GCN] Epoch 0550 | loss 0.1567 | val@20 0.6485 | test@20 0.4946 | best 0.6485 (ep 550)
2025-12-10 09:48:17 - [GCN] Epoch 0555 | loss 0.1566 | val@20 0.5760 | test@20 0.3555 | best 0.6485 (ep 550)
2025-12-10 09:48:30 - [GCN] Epoch 0560 | loss 0.1574 | val@20 0.6221 | test@20 0.3760 | best 0.6485 (ep 550)
2025-12-10 09:48:43 - [GCN] Epoch 0565 | loss 0.1564 | val@20 0.6157 | test@20 0.3013 | best 0.6485 (ep 550)
2025-12-10 09:48:56 - [GCN] Epoch 0570 | loss 0.1558 | val@20 0.6377 | test@20 0.2571 | best 0.6485 (ep 550)
2025-12-10 09:49:10 - [GCN] Epoch 0575 | loss 0.1563 | val@20 0.6468 | test@20 0.3773 | best 0.6485 (ep 550)
2025-12-10 09:49:22 - [GCN] Epoch 0580 | loss 0.1561 | val@20 0.6298 | test@20 0.4450 | best 0.6485 (ep 550)
2025-12-10 09:49:35 - [GCN] Epoch 0585 | loss 0.1561 | val@20 0.6549 | test@20 0.2955 | best 0.6549 (ep 585)
2025-12-10 09:49:48 - [GCN] Epoch 0590 | loss 0.1580 | val@20 0.6409 | test@20 0.5519 | best 0.6549 (ep 585)
2025-12-10 09:50:01 - [GCN] Epoch 0595 | loss 0.1553 | val@20 0.6603 | test@20 0.3375 | best 0.6603 (ep 595)
2025-12-10 09:50:14 - [GCN] Epoch 0600 | loss 0.1557 | val@20 0.5552 | test@20 0.2017 | best 0.6603 (ep 595)
2025-12-10 09:50:28 - [GCN] Epoch 0605 | loss 0.1569 | val@20 0.6484 | test@20 0.3369 | best 0.6603 (ep 595)
2025-12-10 09:50:40 - [GCN] Epoch 0610 | loss 0.1546 | val@20 0.6686 | test@20 0.3422 | best 0.6686 (ep 610)
2025-12-10 09:50:53 - [GCN] Epoch 0615 | loss 0.1557 | val@20 0.6455 | test@20 0.2281 | best 0.6686 (ep 610)
2025-12-10 09:51:08 - [GCN] Epoch 0620 | loss 0.1591 | val@20 0.6335 | test@20 0.3041 | best 0.6686 (ep 610)
2025-12-10 09:51:22 - [GCN] Epoch 0625 | loss 0.1547 | val@20 0.6476 | test@20 0.3912 | best 0.6686 (ep 610)
2025-12-10 09:51:35 - [GCN] Epoch 0630 | loss 0.1556 | val@20 0.6604 | test@20 0.5137 | best 0.6686 (ep 610)
2025-12-10 09:51:48 - [GCN] Epoch 0635 | loss 0.1556 | val@20 0.6710 | test@20 0.3718 | best 0.6710 (ep 635)
2025-12-10 09:52:01 - [GCN] Epoch 0640 | loss 0.1571 | val@20 0.6168 | test@20 0.3733 | best 0.6710 (ep 635)
2025-12-10 09:52:14 - [GCN] Epoch 0645 | loss 0.1539 | val@20 0.6445 | test@20 0.4085 | best 0.6710 (ep 635)
2025-12-10 09:52:27 - [GCN] Epoch 0650 | loss 0.1541 | val@20 0.6179 | test@20 0.3367 | best 0.6710 (ep 635)
2025-12-10 09:52:40 - [GCN] Epoch 0655 | loss 0.1539 | val@20 0.6410 | test@20 0.4051 | best 0.6710 (ep 635)
2025-12-10 09:52:53 - [GCN] Epoch 0660 | loss 0.1547 | val@20 0.6405 | test@20 0.4083 | best 0.6710 (ep 635)
2025-12-10 09:53:07 - [GCN] Epoch 0665 | loss 0.1556 | val@20 0.6527 | test@20 0.3011 | best 0.6710 (ep 635)
2025-12-10 09:53:20 - [GCN] Epoch 0670 | loss 0.1551 | val@20 0.6200 | test@20 0.2981 | best 0.6710 (ep 635)
2025-12-10 09:53:33 - [GCN] Epoch 0675 | loss 0.1552 | val@20 0.6182 | test@20 0.2701 | best 0.6710 (ep 635)
2025-12-10 09:53:46 - [GCN] Epoch 0680 | loss 0.1553 | val@20 0.6282 | test@20 0.3622 | best 0.6710 (ep 635)
2025-12-10 09:53:59 - [GCN] Epoch 0685 | loss 0.1536 | val@20 0.6538 | test@20 0.5578 | best 0.6710 (ep 635)
2025-12-10 09:54:12 - [GCN] Epoch 0690 | loss 0.1557 | val@20 0.6700 | test@20 0.3954 | best 0.6710 (ep 635)
2025-12-10 09:54:25 - [GCN] Epoch 0695 | loss 0.1549 | val@20 0.6342 | test@20 0.5150 | best 0.6710 (ep 635)
2025-12-10 09:54:38 - [GCN] Epoch 0700 | loss 0.1539 | val@20 0.6560 | test@20 0.5794 | best 0.6710 (ep 635)
2025-12-10 09:54:51 - [GCN] Epoch 0705 | loss 0.1531 | val@20 0.6307 | test@20 0.5279 | best 0.6710 (ep 635)
2025-12-10 09:55:04 - [GCN] Epoch 0710 | loss 0.1538 | val@20 0.6460 | test@20 0.3410 | best 0.6710 (ep 635)
2025-12-10 09:55:17 - [GCN] Epoch 0715 | loss 0.1538 | val@20 0.6279 | test@20 0.4134 | best 0.6710 (ep 635)
2025-12-10 09:55:30 - [GCN] Epoch 0720 | loss 0.1521 | val@20 0.5634 | test@20 0.4167 | best 0.6710 (ep 635)
2025-12-10 09:55:42 - [GCN] Epoch 0725 | loss 0.1540 | val@20 0.6790 | test@20 0.2480 | best 0.6790 (ep 725)
2025-12-10 09:55:55 - [GCN] Epoch 0730 | loss 0.1537 | val@20 0.6494 | test@20 0.7017 | best 0.6790 (ep 725)
2025-12-10 09:56:08 - [GCN] Epoch 0735 | loss 0.1556 | val@20 0.5701 | test@20 0.5141 | best 0.6790 (ep 725)
2025-12-10 09:56:21 - [GCN] Epoch 0740 | loss 0.1522 | val@20 0.5976 | test@20 0.4376 | best 0.6790 (ep 725)
2025-12-10 09:56:34 - [GCN] Epoch 0745 | loss 0.1534 | val@20 0.6395 | test@20 0.3850 | best 0.6790 (ep 725)
2025-12-10 09:56:47 - [GCN] Epoch 0750 | loss 0.1524 | val@20 0.6444 | test@20 0.3822 | best 0.6790 (ep 725)
2025-12-10 09:56:59 - [GCN] Epoch 0755 | loss 0.1525 | val@20 0.6214 | test@20 0.4520 | best 0.6790 (ep 725)
2025-12-10 09:57:12 - [GCN] Epoch 0760 | loss 0.1526 | val@20 0.6225 | test@20 0.4114 | best 0.6790 (ep 725)
2025-12-10 09:57:25 - [GCN] Epoch 0765 | loss 0.1517 | val@20 0.6725 | test@20 0.3988 | best 0.6790 (ep 725)
2025-12-10 09:57:38 - [GCN] Epoch 0770 | loss 0.1526 | val@20 0.5881 | test@20 0.3775 | best 0.6790 (ep 725)
2025-12-10 09:57:51 - [GCN] Epoch 0775 | loss 0.1521 | val@20 0.6672 | test@20 0.4254 | best 0.6790 (ep 725)
2025-12-10 09:58:04 - [GCN] Epoch 0780 | loss 0.1527 | val@20 0.6600 | test@20 0.3734 | best 0.6790 (ep 725)
2025-12-10 09:58:17 - [GCN] Epoch 0785 | loss 0.1531 | val@20 0.6437 | test@20 0.3395 | best 0.6790 (ep 725)
2025-12-10 09:58:30 - [GCN] Epoch 0790 | loss 0.1523 | val@20 0.6375 | test@20 0.4220 | best 0.6790 (ep 725)
2025-12-10 09:58:43 - [GCN] Epoch 0795 | loss 0.1515 | val@20 0.6265 | test@20 0.5276 | best 0.6790 (ep 725)
2025-12-10 09:58:56 - [GCN] Epoch 0800 | loss 0.1516 | val@20 0.6471 | test@20 0.4191 | best 0.6790 (ep 725)
2025-12-10 09:59:10 - [GCN] Epoch 0805 | loss 0.1540 | val@20 0.6494 | test@20 0.5084 | best 0.6790 (ep 725)
2025-12-10 09:59:22 - [GCN] Epoch 0810 | loss 0.1509 | val@20 0.6341 | test@20 0.3354 | best 0.6790 (ep 725)
2025-12-10 09:59:35 - [GCN] Epoch 0815 | loss 0.1511 | val@20 0.5710 | test@20 0.4672 | best 0.6790 (ep 725)
2025-12-10 09:59:48 - [GCN] Epoch 0820 | loss 0.1528 | val@20 0.6636 | test@20 0.5555 | best 0.6790 (ep 725)
2025-12-10 10:00:01 - [GCN] Epoch 0825 | loss 0.1514 | val@20 0.6662 | test@20 0.5256 | best 0.6790 (ep 725)
2025-12-10 10:00:15 - [GCN] Epoch 0830 | loss 0.1516 | val@20 0.6304 | test@20 0.4187 | best 0.6790 (ep 725)
2025-12-10 10:00:27 - [GCN] Epoch 0835 | loss 0.1502 | val@20 0.6666 | test@20 0.3525 | best 0.6790 (ep 725)
2025-12-10 10:00:41 - [GCN] Epoch 0840 | loss 0.1529 | val@20 0.6237 | test@20 0.4495 | best 0.6790 (ep 725)
2025-12-10 10:00:54 - [GCN] Epoch 0845 | loss 0.1524 | val@20 0.5888 | test@20 0.6438 | best 0.6790 (ep 725)
2025-12-10 10:01:09 - [GCN] Epoch 0850 | loss 0.1510 | val@20 0.6466 | test@20 0.4134 | best 0.6790 (ep 725)
2025-12-10 10:01:23 - [GCN] Epoch 0855 | loss 0.1507 | val@20 0.6688 | test@20 0.5265 | best 0.6790 (ep 725)
2025-12-10 10:01:36 - [GCN] Epoch 0860 | loss 0.1505 | val@20 0.6466 | test@20 0.4369 | best 0.6790 (ep 725)
2025-12-10 10:01:49 - [GCN] Epoch 0865 | loss 0.1542 | val@20 0.5055 | test@20 0.6367 | best 0.6790 (ep 725)
2025-12-10 10:02:02 - [GCN] Epoch 0870 | loss 0.1530 | val@20 0.6635 | test@20 0.5182 | best 0.6790 (ep 725)
2025-12-10 10:02:16 - [GCN] Epoch 0875 | loss 0.1517 | val@20 0.5858 | test@20 0.4873 | best 0.6790 (ep 725)
2025-12-10 10:02:28 - [GCN] Epoch 0880 | loss 0.1516 | val@20 0.6781 | test@20 0.5533 | best 0.6790 (ep 725)
2025-12-10 10:02:41 - [GCN] Epoch 0885 | loss 0.1526 | val@20 0.6403 | test@20 0.3782 | best 0.6790 (ep 725)
2025-12-10 10:02:54 - [GCN] Epoch 0890 | loss 0.1496 | val@20 0.6466 | test@20 0.3587 | best 0.6790 (ep 725)
2025-12-10 10:03:08 - [GCN] Epoch 0895 | loss 0.1488 | val@20 0.6369 | test@20 0.3825 | best 0.6790 (ep 725)
2025-12-10 10:03:21 - [GCN] Epoch 0900 | loss 0.1510 | val@20 0.6474 | test@20 0.4334 | best 0.6790 (ep 725)
2025-12-10 10:03:33 - [GCN] Epoch 0905 | loss 0.1501 | val@20 0.6423 | test@20 0.5119 | best 0.6790 (ep 725)
2025-12-10 10:03:46 - [GCN] Epoch 0910 | loss 0.1515 | val@20 0.6755 | test@20 0.4602 | best 0.6790 (ep 725)
2025-12-10 10:03:59 - [GCN] Epoch 0915 | loss 0.1504 | val@20 0.6298 | test@20 0.5306 | best 0.6790 (ep 725)
2025-12-10 10:04:12 - [GCN] Epoch 0920 | loss 0.1510 | val@20 0.6453 | test@20 0.5493 | best 0.6790 (ep 725)
2025-12-10 10:04:25 - [GCN] Epoch 0925 | loss 0.1498 | val@20 0.6675 | test@20 0.3373 | best 0.6790 (ep 725)
2025-12-10 10:04:38 - [GCN] Epoch 0930 | loss 0.1492 | val@20 0.6626 | test@20 0.4068 | best 0.6790 (ep 725)
2025-12-10 10:04:50 - [GCN] Epoch 0935 | loss 0.1500 | val@20 0.6642 | test@20 0.2934 | best 0.6790 (ep 725)
2025-12-10 10:05:04 - [GCN] Epoch 0940 | loss 0.1513 | val@20 0.6622 | test@20 0.5828 | best 0.6790 (ep 725)
2025-12-10 10:05:17 - [GCN] Epoch 0945 | loss 0.1500 | val@20 0.6682 | test@20 0.3324 | best 0.6790 (ep 725)
2025-12-10 10:05:30 - [GCN] Epoch 0950 | loss 0.1493 | val@20 0.6364 | test@20 0.3137 | best 0.6790 (ep 725)
2025-12-10 10:05:43 - [GCN] Epoch 0955 | loss 0.1496 | val@20 0.6735 | test@20 0.5323 | best 0.6790 (ep 725)
2025-12-10 10:05:55 - [GCN] Epoch 0960 | loss 0.1513 | val@20 0.6569 | test@20 0.4757 | best 0.6790 (ep 725)
2025-12-10 10:06:09 - [GCN] Epoch 0965 | loss 0.1514 | val@20 0.6694 | test@20 0.3050 | best 0.6790 (ep 725)
2025-12-10 10:06:22 - [GCN] Epoch 0970 | loss 0.1487 | val@20 0.6831 | test@20 0.4689 | best 0.6831 (ep 970)
2025-12-10 10:06:35 - [GCN] Epoch 0975 | loss 0.1501 | val@20 0.6746 | test@20 0.4058 | best 0.6831 (ep 970)
2025-12-10 10:06:47 - [GCN] Epoch 0980 | loss 0.1500 | val@20 0.6200 | test@20 0.4538 | best 0.6831 (ep 970)
2025-12-10 10:07:00 - [GCN] Epoch 0985 | loss 0.1496 | val@20 0.6752 | test@20 0.5709 | best 0.6831 (ep 970)
2025-12-10 10:07:14 - [GCN] Epoch 0990 | loss 0.1486 | val@20 0.6368 | test@20 0.4538 | best 0.6831 (ep 970)
2025-12-10 10:07:27 - [GCN] Epoch 0995 | loss 0.1499 | val@20 0.6726 | test@20 0.4363 | best 0.6831 (ep 970)
2025-12-10 10:07:39 - [GCN] Epoch 1000 | loss 0.1512 | val@20 0.6571 | test@20 0.3582 | best 0.6831 (ep 970)
2025-12-10 10:07:52 - [GCN] Epoch 1005 | loss 0.1505 | val@20 0.6449 | test@20 0.2579 | best 0.6831 (ep 970)
2025-12-10 10:08:06 - [GCN] Epoch 1010 | loss 0.1502 | val@20 0.6662 | test@20 0.4554 | best 0.6831 (ep 970)
2025-12-10 10:08:19 - [GCN] Epoch 1015 | loss 0.1490 | val@20 0.6499 | test@20 0.4676 | best 0.6831 (ep 970)
2025-12-10 10:08:31 - [GCN] Epoch 1020 | loss 0.1482 | val@20 0.6280 | test@20 0.4450 | best 0.6831 (ep 970)
2025-12-10 10:08:44 - [GCN] Epoch 1025 | loss 0.1510 | val@20 0.6424 | test@20 0.4502 | best 0.6831 (ep 970)
2025-12-10 10:08:57 - [GCN] Epoch 1030 | loss 0.1500 | val@20 0.6298 | test@20 0.4862 | best 0.6831 (ep 970)
2025-12-10 10:09:11 - [GCN] Epoch 1035 | loss 0.1483 | val@20 0.6494 | test@20 0.5284 | best 0.6831 (ep 970)
2025-12-10 10:09:23 - [GCN] Epoch 1040 | loss 0.1487 | val@20 0.6738 | test@20 0.4906 | best 0.6831 (ep 970)
2025-12-10 10:09:36 - [GCN] Epoch 1045 | loss 0.1493 | val@20 0.6640 | test@20 0.5454 | best 0.6831 (ep 970)
2025-12-10 10:09:49 - [GCN] Epoch 1050 | loss 0.1512 | val@20 0.6666 | test@20 0.3499 | best 0.6831 (ep 970)
2025-12-10 10:10:02 - [GCN] Epoch 1055 | loss 0.1503 | val@20 0.6771 | test@20 0.5620 | best 0.6831 (ep 970)
2025-12-10 10:10:15 - [GCN] Epoch 1060 | loss 0.1489 | val@20 0.6460 | test@20 0.4068 | best 0.6831 (ep 970)
2025-12-10 10:10:28 - [GCN] Epoch 1065 | loss 0.1494 | val@20 0.6640 | test@20 0.4564 | best 0.6831 (ep 970)
2025-12-10 10:10:41 - [GCN] Epoch 1070 | loss 0.1492 | val@20 0.6731 | test@20 0.5072 | best 0.6831 (ep 970)
2025-12-10 10:10:54 - [GCN] Epoch 1075 | loss 0.1494 | val@20 0.6283 | test@20 0.3535 | best 0.6831 (ep 970)
2025-12-10 10:11:09 - [GCN] Epoch 1080 | loss 0.1494 | val@20 0.6487 | test@20 0.5655 | best 0.6831 (ep 970)
2025-12-10 10:11:23 - [GCN] Epoch 1085 | loss 0.1500 | val@20 0.6964 | test@20 0.4091 | best 0.6964 (ep 1085)
2025-12-10 10:11:36 - [GCN] Epoch 1090 | loss 0.1489 | val@20 0.6525 | test@20 0.6194 | best 0.6964 (ep 1085)
2025-12-10 10:11:48 - [GCN] Epoch 1095 | loss 0.1487 | val@20 0.6061 | test@20 0.2340 | best 0.6964 (ep 1085)
2025-12-10 10:12:01 - [GCN] Epoch 1100 | loss 0.1483 | val@20 0.6830 | test@20 0.5820 | best 0.6964 (ep 1085)
2025-12-10 10:12:15 - [GCN] Epoch 1105 | loss 0.1482 | val@20 0.6686 | test@20 0.4607 | best 0.6964 (ep 1085)
2025-12-10 10:12:27 - [GCN] Epoch 1110 | loss 0.1496 | val@20 0.6897 | test@20 0.3610 | best 0.6964 (ep 1085)
2025-12-10 10:12:40 - [GCN] Epoch 1115 | loss 0.1492 | val@20 0.6540 | test@20 0.4309 | best 0.6964 (ep 1085)
2025-12-10 10:12:53 - [GCN] Epoch 1120 | loss 0.1491 | val@20 0.6600 | test@20 0.5659 | best 0.6964 (ep 1085)
2025-12-10 10:13:06 - [GCN] Epoch 1125 | loss 0.1511 | val@20 0.6885 | test@20 0.5888 | best 0.6964 (ep 1085)
2025-12-10 10:13:19 - [GCN] Epoch 1130 | loss 0.1472 | val@20 0.6720 | test@20 0.4370 | best 0.6964 (ep 1085)
2025-12-10 10:13:32 - [GCN] Epoch 1135 | loss 0.1472 | val@20 0.6807 | test@20 0.4854 | best 0.6964 (ep 1085)
2025-12-10 10:13:44 - [GCN] Epoch 1140 | loss 0.1484 | val@20 0.5584 | test@20 0.4804 | best 0.6964 (ep 1085)
2025-12-10 10:13:57 - [GCN] Epoch 1145 | loss 0.1472 | val@20 0.6593 | test@20 0.4550 | best 0.6964 (ep 1085)
2025-12-10 10:14:11 - [GCN] Epoch 1150 | loss 0.1479 | val@20 0.6575 | test@20 0.6235 | best 0.6964 (ep 1085)
2025-12-10 10:14:24 - [GCN] Epoch 1155 | loss 0.1490 | val@20 0.6610 | test@20 0.4440 | best 0.6964 (ep 1085)
2025-12-10 10:14:36 - [GCN] Epoch 1160 | loss 0.1479 | val@20 0.6197 | test@20 0.5538 | best 0.6964 (ep 1085)
2025-12-10 10:14:49 - [GCN] Epoch 1165 | loss 0.1480 | val@20 0.6180 | test@20 0.6471 | best 0.6964 (ep 1085)
2025-12-10 10:15:02 - [GCN] Epoch 1170 | loss 0.1496 | val@20 0.6448 | test@20 0.4835 | best 0.6964 (ep 1085)
2025-12-10 10:15:15 - [GCN] Epoch 1175 | loss 0.1472 | val@20 0.6795 | test@20 0.4875 | best 0.6964 (ep 1085)
2025-12-10 10:15:28 - [GCN] Epoch 1180 | loss 0.1479 | val@20 0.6004 | test@20 0.3539 | best 0.6964 (ep 1085)
2025-12-10 10:15:40 - [GCN] Epoch 1185 | loss 0.1483 | val@20 0.6765 | test@20 0.3107 | best 0.6964 (ep 1085)
2025-12-10 10:15:53 - [GCN] Epoch 1190 | loss 0.1486 | val@20 0.6571 | test@20 0.6352 | best 0.6964 (ep 1085)
2025-12-10 10:16:06 - [GCN] Epoch 1195 | loss 0.1479 | val@20 0.6635 | test@20 0.7186 | best 0.6964 (ep 1085)
2025-12-10 10:16:19 - [GCN] Epoch 1200 | loss 0.1482 | val@20 0.6299 | test@20 0.5315 | best 0.6964 (ep 1085)
2025-12-10 10:16:32 - [GCN] Epoch 1205 | loss 0.1473 | val@20 0.6470 | test@20 0.4716 | best 0.6964 (ep 1085)
2025-12-10 10:16:45 - [GCN] Epoch 1210 | loss 0.1469 | val@20 0.6679 | test@20 0.3998 | best 0.6964 (ep 1085)
2025-12-10 10:16:57 - [GCN] Epoch 1215 | loss 0.1461 | val@20 0.6302 | test@20 0.5418 | best 0.6964 (ep 1085)
2025-12-10 10:17:11 - [GCN] Epoch 1220 | loss 0.1467 | val@20 0.6572 | test@20 0.5995 | best 0.6964 (ep 1085)
2025-12-10 10:17:24 - [GCN] Epoch 1225 | loss 0.1479 | val@20 0.6745 | test@20 0.4569 | best 0.6964 (ep 1085)
2025-12-10 10:17:37 - [GCN] Epoch 1230 | loss 0.1475 | val@20 0.6701 | test@20 0.6204 | best 0.6964 (ep 1085)
2025-12-10 10:17:50 - [GCN] Epoch 1235 | loss 0.1474 | val@20 0.6511 | test@20 0.3438 | best 0.6964 (ep 1085)
2025-12-10 10:18:03 - [GCN] Epoch 1240 | loss 0.1481 | val@20 0.6004 | test@20 0.3137 | best 0.6964 (ep 1085)
2025-12-10 10:18:16 - [GCN] Epoch 1245 | loss 0.1477 | val@20 0.6707 | test@20 0.6352 | best 0.6964 (ep 1085)
2025-12-10 10:18:29 - [GCN] Epoch 1250 | loss 0.1476 | val@20 0.6842 | test@20 0.6027 | best 0.6964 (ep 1085)
2025-12-10 10:18:42 - [GCN] Epoch 1255 | loss 0.1482 | val@20 0.5600 | test@20 0.6123 | best 0.6964 (ep 1085)
2025-12-10 10:18:55 - [GCN] Epoch 1260 | loss 0.1478 | val@20 0.6784 | test@20 0.5061 | best 0.6964 (ep 1085)
2025-12-10 10:19:09 - [GCN] Epoch 1265 | loss 0.1485 | val@20 0.5869 | test@20 0.5254 | best 0.6964 (ep 1085)
2025-12-10 10:19:22 - [GCN] Epoch 1270 | loss 0.1474 | val@20 0.6795 | test@20 0.5174 | best 0.6964 (ep 1085)
2025-12-10 10:19:34 - [GCN] Epoch 1275 | loss 0.1484 | val@20 0.6337 | test@20 0.4613 | best 0.6964 (ep 1085)
2025-12-10 10:19:47 - [GCN] Epoch 1280 | loss 0.1479 | val@20 0.5906 | test@20 0.2095 | best 0.6964 (ep 1085)
2025-12-10 10:20:00 - [GCN] Epoch 1285 | loss 0.1467 | val@20 0.6549 | test@20 0.4438 | best 0.6964 (ep 1085)
2025-12-10 10:20:13 - [GCN] Epoch 1290 | loss 0.1481 | val@20 0.6938 | test@20 0.5870 | best 0.6964 (ep 1085)
2025-12-10 10:20:26 - [GCN] Epoch 1295 | loss 0.1483 | val@20 0.6465 | test@20 0.4582 | best 0.6964 (ep 1085)
2025-12-10 10:20:39 - [GCN] Epoch 1300 | loss 0.1469 | val@20 0.6586 | test@20 0.6670 | best 0.6964 (ep 1085)
2025-12-10 10:20:52 - [GCN] Epoch 1305 | loss 0.1497 | val@20 0.6651 | test@20 0.6967 | best 0.6964 (ep 1085)
2025-12-10 10:21:06 - [GCN] Epoch 1310 | loss 0.1473 | val@20 0.6587 | test@20 0.4771 | best 0.6964 (ep 1085)
2025-12-10 10:21:20 - [GCN] Epoch 1315 | loss 0.1477 | val@20 0.6379 | test@20 0.4381 | best 0.6964 (ep 1085)
2025-12-10 10:21:33 - [GCN] Epoch 1320 | loss 0.1475 | val@20 0.6721 | test@20 0.3265 | best 0.6964 (ep 1085)
2025-12-10 10:21:45 - [GCN] Epoch 1325 | loss 0.1462 | val@20 0.6675 | test@20 0.6526 | best 0.6964 (ep 1085)
2025-12-10 10:21:58 - [GCN] Epoch 1330 | loss 0.1475 | val@20 0.6755 | test@20 0.5487 | best 0.6964 (ep 1085)
2025-12-10 10:22:11 - [GCN] Epoch 1335 | loss 0.1490 | val@20 0.6461 | test@20 0.3543 | best 0.6964 (ep 1085)
2025-12-10 10:22:24 - [GCN] Epoch 1340 | loss 0.1473 | val@20 0.6517 | test@20 0.4705 | best 0.6964 (ep 1085)
2025-12-10 10:22:37 - [GCN] Epoch 1345 | loss 0.1473 | val@20 0.6587 | test@20 0.4727 | best 0.6964 (ep 1085)
2025-12-10 10:22:49 - [GCN] Epoch 1350 | loss 0.1468 | val@20 0.6591 | test@20 0.3789 | best 0.6964 (ep 1085)
2025-12-10 10:23:02 - [GCN] Epoch 1355 | loss 0.1464 | val@20 0.6533 | test@20 0.4494 | best 0.6964 (ep 1085)
2025-12-10 10:23:16 - [GCN] Epoch 1360 | loss 0.1472 | val@20 0.5984 | test@20 0.5178 | best 0.6964 (ep 1085)
2025-12-10 10:23:28 - [GCN] Epoch 1365 | loss 0.1475 | val@20 0.6161 | test@20 0.5176 | best 0.6964 (ep 1085)
2025-12-10 10:23:42 - [GCN] Epoch 1370 | loss 0.1482 | val@20 0.6576 | test@20 0.2808 | best 0.6964 (ep 1085)
2025-12-10 10:23:54 - [GCN] Epoch 1375 | loss 0.1480 | val@20 0.6432 | test@20 0.7075 | best 0.6964 (ep 1085)
2025-12-10 10:24:07 - [GCN] Epoch 1380 | loss 0.1456 | val@20 0.6643 | test@20 0.6343 | best 0.6964 (ep 1085)
2025-12-10 10:24:20 - [GCN] Epoch 1385 | loss 0.1467 | val@20 0.6631 | test@20 0.3986 | best 0.6964 (ep 1085)
2025-12-10 10:24:33 - [GCN] Epoch 1390 | loss 0.1482 | val@20 0.6690 | test@20 0.4741 | best 0.6964 (ep 1085)
2025-12-10 10:24:45 - [GCN] Epoch 1395 | loss 0.1461 | val@20 0.6790 | test@20 0.7118 | best 0.6964 (ep 1085)
2025-12-10 10:24:58 - [GCN] Epoch 1400 | loss 0.1456 | val@20 0.6895 | test@20 0.4898 | best 0.6964 (ep 1085)
2025-12-10 10:25:12 - [GCN] Epoch 1405 | loss 0.1474 | val@20 0.6810 | test@20 0.5059 | best 0.6964 (ep 1085)
2025-12-10 10:25:25 - [GCN] Epoch 1410 | loss 0.1465 | val@20 0.6391 | test@20 0.4410 | best 0.6964 (ep 1085)
2025-12-10 10:25:38 - [GCN] Epoch 1415 | loss 0.1464 | val@20 0.6828 | test@20 0.6734 | best 0.6964 (ep 1085)
2025-12-10 10:25:51 - [GCN] Epoch 1420 | loss 0.1481 | val@20 0.6677 | test@20 0.5014 | best 0.6964 (ep 1085)
2025-12-10 10:26:04 - [GCN] Epoch 1425 | loss 0.1479 | val@20 0.6659 | test@20 0.5948 | best 0.6964 (ep 1085)
2025-12-10 10:26:17 - [GCN] Epoch 1430 | loss 0.1490 | val@20 0.6713 | test@20 0.4145 | best 0.6964 (ep 1085)
2025-12-10 10:26:30 - [GCN] Epoch 1435 | loss 0.1458 | val@20 0.6575 | test@20 0.5384 | best 0.6964 (ep 1085)
2025-12-10 10:26:43 - [GCN] Epoch 1440 | loss 0.1467 | val@20 0.6540 | test@20 0.5964 | best 0.6964 (ep 1085)
2025-12-10 10:26:56 - [GCN] Epoch 1445 | loss 0.1480 | val@20 0.6968 | test@20 0.6480 | best 0.6968 (ep 1445)
2025-12-10 10:27:09 - [GCN] Epoch 1450 | loss 0.1464 | val@20 0.6348 | test@20 0.4792 | best 0.6968 (ep 1445)
2025-12-10 10:27:23 - [GCN] Epoch 1455 | loss 0.1476 | val@20 0.6020 | test@20 0.5886 | best 0.6968 (ep 1445)
2025-12-10 10:27:35 - [GCN] Epoch 1460 | loss 0.1464 | val@20 0.6750 | test@20 0.4605 | best 0.6968 (ep 1445)
2025-12-10 10:27:47 - [GCN] Epoch 1465 | loss 0.1470 | val@20 0.6061 | test@20 0.3516 | best 0.6968 (ep 1445)
2025-12-10 10:28:01 - [GCN] Epoch 1470 | loss 0.1468 | val@20 0.6412 | test@20 0.6070 | best 0.6968 (ep 1445)
2025-12-10 10:28:14 - [GCN] Epoch 1475 | loss 0.1462 | val@20 0.6459 | test@20 0.5385 | best 0.6968 (ep 1445)
2025-12-10 10:28:27 - [GCN] Epoch 1480 | loss 0.1475 | val@20 0.6630 | test@20 0.3057 | best 0.6968 (ep 1445)
2025-12-10 10:28:40 - [GCN] Epoch 1485 | loss 0.1469 | val@20 0.6516 | test@20 0.4752 | best 0.6968 (ep 1445)
2025-12-10 10:28:53 - [GCN] Epoch 1490 | loss 0.1466 | val@20 0.6562 | test@20 0.5061 | best 0.6968 (ep 1445)
2025-12-10 10:29:06 - [GCN] Epoch 1495 | loss 0.1473 | val@20 0.6727 | test@20 0.6404 | best 0.6968 (ep 1445)
2025-12-10 10:29:19 - [GCN] Epoch 1500 | loss 0.1491 | val@20 0.6189 | test@20 0.5274 | best 0.6968 (ep 1445)
2025-12-10 10:29:32 - [GCN] Epoch 1505 | loss 0.1469 | val@20 0.5978 | test@20 0.3121 | best 0.6968 (ep 1445)
2025-12-10 10:29:45 - [GCN] Epoch 1510 | loss 0.1466 | val@20 0.6790 | test@20 0.7100 | best 0.6968 (ep 1445)
2025-12-10 10:29:57 - [GCN] Epoch 1515 | loss 0.1481 | val@20 0.6389 | test@20 0.6468 | best 0.6968 (ep 1445)
2025-12-10 10:30:11 - [GCN] Epoch 1520 | loss 0.1463 | val@20 0.6674 | test@20 0.4486 | best 0.6968 (ep 1445)
2025-12-10 10:30:24 - [GCN] Epoch 1525 | loss 0.1445 | val@20 0.6877 | test@20 0.6338 | best 0.6968 (ep 1445)
2025-12-10 10:30:37 - [GCN] Epoch 1530 | loss 0.1461 | val@20 0.6770 | test@20 0.5252 | best 0.6968 (ep 1445)
2025-12-10 10:30:51 - [GCN] Epoch 1535 | loss 0.1476 | val@20 0.6429 | test@20 0.5322 | best 0.6968 (ep 1445)
2025-12-10 10:31:06 - [GCN] Epoch 1540 | loss 0.1468 | val@20 0.6591 | test@20 0.3700 | best 0.6968 (ep 1445)
2025-12-10 10:31:20 - [GCN] Epoch 1545 | loss 0.1466 | val@20 0.6671 | test@20 0.6330 | best 0.6968 (ep 1445)
2025-12-10 10:31:33 - [GCN] Epoch 1550 | loss 0.1460 | val@20 0.6352 | test@20 0.6154 | best 0.6968 (ep 1445)
2025-12-10 10:31:46 - [GCN] Epoch 1555 | loss 0.1473 | val@20 0.6558 | test@20 0.6903 | best 0.6968 (ep 1445)
2025-12-10 10:31:59 - [GCN] Epoch 1560 | loss 0.1462 | val@20 0.6717 | test@20 0.3672 | best 0.6968 (ep 1445)
2025-12-10 10:32:14 - [GCN] Epoch 1565 | loss 0.1450 | val@20 0.6610 | test@20 0.5209 | best 0.6968 (ep 1445)
2025-12-10 10:32:26 - [GCN] Epoch 1570 | loss 0.1457 | val@20 0.6788 | test@20 0.6349 | best 0.6968 (ep 1445)
2025-12-10 10:32:39 - [GCN] Epoch 1575 | loss 0.1468 | val@20 0.6542 | test@20 0.5820 | best 0.6968 (ep 1445)
2025-12-10 10:32:52 - [GCN] Epoch 1580 | loss 0.1473 | val@20 0.6230 | test@20 0.4679 | best 0.6968 (ep 1445)
2025-12-10 10:33:06 - [GCN] Epoch 1585 | loss 0.1445 | val@20 0.6927 | test@20 0.5241 | best 0.6968 (ep 1445)
2025-12-10 10:33:19 - [GCN] Epoch 1590 | loss 0.1466 | val@20 0.6093 | test@20 0.6107 | best 0.6968 (ep 1445)
2025-12-10 10:33:32 - [GCN] Epoch 1595 | loss 0.1468 | val@20 0.6715 | test@20 0.6726 | best 0.6968 (ep 1445)
2025-12-10 10:33:45 - [GCN] Epoch 1600 | loss 0.1462 | val@20 0.6839 | test@20 0.5786 | best 0.6968 (ep 1445)
2025-12-10 10:33:57 - [GCN] Epoch 1605 | loss 0.1463 | val@20 0.6859 | test@20 0.4361 | best 0.6968 (ep 1445)
2025-12-10 10:34:11 - [GCN] Epoch 1610 | loss 0.1476 | val@20 0.6394 | test@20 0.4621 | best 0.6968 (ep 1445)
2025-12-10 10:34:24 - [GCN] Epoch 1615 | loss 0.1455 | val@20 0.6870 | test@20 0.5133 | best 0.6968 (ep 1445)
2025-12-10 10:34:36 - [GCN] Epoch 1620 | loss 0.1462 | val@20 0.6165 | test@20 0.4677 | best 0.6968 (ep 1445)
2025-12-10 10:34:49 - [GCN] Epoch 1625 | loss 0.1458 | val@20 0.6583 | test@20 0.4701 | best 0.6968 (ep 1445)
2025-12-10 10:35:02 - [GCN] Epoch 1630 | loss 0.1459 | val@20 0.6825 | test@20 0.5379 | best 0.6968 (ep 1445)
2025-12-10 10:35:15 - [GCN] Epoch 1635 | loss 0.1472 | val@20 0.6821 | test@20 0.4342 | best 0.6968 (ep 1445)
2025-12-10 10:35:28 - [GCN] Epoch 1640 | loss 0.1444 | val@20 0.6708 | test@20 0.5231 | best 0.6968 (ep 1445)
2025-12-10 10:35:41 - [GCN] Epoch 1645 | loss 0.1465 | val@20 0.6862 | test@20 0.3816 | best 0.6968 (ep 1445)
2025-12-10 10:35:54 - [GCN] Epoch 1650 | loss 0.1448 | val@20 0.6446 | test@20 0.4163 | best 0.6968 (ep 1445)
2025-12-10 10:36:07 - [GCN] Epoch 1655 | loss 0.1456 | val@20 0.6508 | test@20 0.5048 | best 0.6968 (ep 1445)
2025-12-10 10:36:21 - [GCN] Epoch 1660 | loss 0.1464 | val@20 0.6673 | test@20 0.4337 | best 0.6968 (ep 1445)
2025-12-10 10:36:34 - [GCN] Epoch 1665 | loss 0.1449 | val@20 0.6574 | test@20 0.7152 | best 0.6968 (ep 1445)
2025-12-10 10:36:46 - [GCN] Epoch 1670 | loss 0.1459 | val@20 0.6662 | test@20 0.5401 | best 0.6968 (ep 1445)
2025-12-10 10:36:59 - [GCN] Epoch 1675 | loss 0.1466 | val@20 0.6701 | test@20 0.3744 | best 0.6968 (ep 1445)
2025-12-10 10:37:12 - [GCN] Epoch 1680 | loss 0.1450 | val@20 0.6171 | test@20 0.3991 | best 0.6968 (ep 1445)
2025-12-10 10:37:24 - [GCN] Epoch 1685 | loss 0.1458 | val@20 0.6778 | test@20 0.3474 | best 0.6968 (ep 1445)
2025-12-10 10:37:37 - [GCN] Epoch 1690 | loss 0.1452 | val@20 0.6226 | test@20 0.5383 | best 0.6968 (ep 1445)
2025-12-10 10:37:50 - [GCN] Epoch 1695 | loss 0.1454 | val@20 0.6417 | test@20 0.6084 | best 0.6968 (ep 1445)
2025-12-10 10:38:03 - [GCN] Epoch 1700 | loss 0.1469 | val@20 0.6428 | test@20 0.4904 | best 0.6968 (ep 1445)
2025-12-10 10:38:16 - [GCN] Epoch 1705 | loss 0.1457 | val@20 0.6494 | test@20 0.3828 | best 0.6968 (ep 1445)
2025-12-10 10:38:29 - [GCN] Epoch 1710 | loss 0.1463 | val@20 0.6708 | test@20 0.4178 | best 0.6968 (ep 1445)
2025-12-10 10:38:42 - [GCN] Epoch 1715 | loss 0.1447 | val@20 0.6867 | test@20 0.7563 | best 0.6968 (ep 1445)
2025-12-10 10:38:55 - [GCN] Epoch 1720 | loss 0.1472 | val@20 0.6662 | test@20 0.7211 | best 0.6968 (ep 1445)
2025-12-10 10:39:09 - [GCN] Epoch 1725 | loss 0.1453 | val@20 0.6685 | test@20 0.6019 | best 0.6968 (ep 1445)
2025-12-10 10:39:22 - [GCN] Epoch 1730 | loss 0.1457 | val@20 0.6911 | test@20 0.6075 | best 0.6968 (ep 1445)
2025-12-10 10:39:35 - [GCN] Epoch 1735 | loss 0.1453 | val@20 0.6698 | test@20 0.5227 | best 0.6968 (ep 1445)
2025-12-10 10:39:48 - [GCN] Epoch 1740 | loss 0.1464 | val@20 0.6487 | test@20 0.3369 | best 0.6968 (ep 1445)
2025-12-10 10:40:01 - [GCN] Epoch 1745 | loss 0.1450 | val@20 0.6651 | test@20 0.3538 | best 0.6968 (ep 1445)
2025-12-10 10:40:14 - [GCN] Epoch 1750 | loss 0.1466 | val@20 0.6832 | test@20 0.6221 | best 0.6968 (ep 1445)
2025-12-10 10:40:27 - [GCN] Epoch 1755 | loss 0.1463 | val@20 0.5708 | test@20 0.4713 | best 0.6968 (ep 1445)
2025-12-10 10:40:40 - [GCN] Epoch 1760 | loss 0.1455 | val@20 0.6232 | test@20 0.4538 | best 0.6968 (ep 1445)
2025-12-10 10:40:53 - [GCN] Epoch 1765 | loss 0.1441 | val@20 0.6737 | test@20 0.4250 | best 0.6968 (ep 1445)
2025-12-10 10:41:09 - [GCN] Epoch 1770 | loss 0.1459 | val@20 0.6731 | test@20 0.5447 | best 0.6968 (ep 1445)
2025-12-10 10:41:23 - [GCN] Epoch 1775 | loss 0.1443 | val@20 0.6748 | test@20 0.5433 | best 0.6968 (ep 1445)
2025-12-10 10:41:36 - [GCN] Epoch 1780 | loss 0.1447 | val@20 0.5715 | test@20 0.5848 | best 0.6968 (ep 1445)
2025-12-10 10:41:49 - [GCN] Epoch 1785 | loss 0.1457 | val@20 0.6747 | test@20 0.4474 | best 0.6968 (ep 1445)
2025-12-10 10:42:01 - [GCN] Epoch 1790 | loss 0.1470 | val@20 0.6525 | test@20 0.2796 | best 0.6968 (ep 1445)
2025-12-10 10:42:15 - [GCN] Epoch 1795 | loss 0.1460 | val@20 0.6334 | test@20 0.4327 | best 0.6968 (ep 1445)
2025-12-10 10:42:28 - [GCN] Epoch 1800 | loss 0.1453 | val@20 0.6655 | test@20 0.5469 | best 0.6968 (ep 1445)
2025-12-10 10:42:41 - [GCN] Epoch 1805 | loss 0.1446 | val@20 0.6639 | test@20 0.5729 | best 0.6968 (ep 1445)
2025-12-10 10:42:54 - [GCN] Epoch 1810 | loss 0.1452 | val@20 0.6686 | test@20 0.6037 | best 0.6968 (ep 1445)
2025-12-10 10:43:08 - [GCN] Epoch 1815 | loss 0.1455 | val@20 0.6643 | test@20 0.5002 | best 0.6968 (ep 1445)
2025-12-10 10:43:21 - [GCN] Epoch 1820 | loss 0.1441 | val@20 0.6799 | test@20 0.7410 | best 0.6968 (ep 1445)
2025-12-10 10:43:34 - [GCN] Epoch 1825 | loss 0.1450 | val@20 0.6974 | test@20 0.3912 | best 0.6974 (ep 1825)
2025-12-10 10:43:47 - [GCN] Epoch 1830 | loss 0.1452 | val@20 0.5240 | test@20 0.4453 | best 0.6974 (ep 1825)
2025-12-10 10:43:59 - [GCN] Epoch 1835 | loss 0.1461 | val@20 0.6815 | test@20 0.4031 | best 0.6974 (ep 1825)
2025-12-10 10:44:13 - [GCN] Epoch 1840 | loss 0.1454 | val@20 0.6295 | test@20 0.4742 | best 0.6974 (ep 1825)
2025-12-10 10:44:26 - [GCN] Epoch 1845 | loss 0.1460 | val@20 0.6793 | test@20 0.7501 | best 0.6974 (ep 1825)
2025-12-10 10:44:38 - [GCN] Epoch 1850 | loss 0.1439 | val@20 0.6699 | test@20 0.4840 | best 0.6974 (ep 1825)
2025-12-10 10:44:51 - [GCN] Epoch 1855 | loss 0.1449 | val@20 0.6837 | test@20 0.5342 | best 0.6974 (ep 1825)
2025-12-10 10:45:04 - [GCN] Epoch 1860 | loss 0.1467 | val@20 0.6769 | test@20 0.2630 | best 0.6974 (ep 1825)
2025-12-10 10:45:17 - [GCN] Epoch 1865 | loss 0.1438 | val@20 0.6534 | test@20 0.6708 | best 0.6974 (ep 1825)
2025-12-10 10:45:30 - [GCN] Epoch 1870 | loss 0.1447 | val@20 0.6633 | test@20 0.4790 | best 0.6974 (ep 1825)
2025-12-10 10:45:43 - [GCN] Epoch 1875 | loss 0.1453 | val@20 0.6642 | test@20 0.4714 | best 0.6974 (ep 1825)
2025-12-10 10:45:56 - [GCN] Epoch 1880 | loss 0.1471 | val@20 0.5919 | test@20 0.4074 | best 0.6974 (ep 1825)
2025-12-10 10:46:09 - [GCN] Epoch 1885 | loss 0.1441 | val@20 0.6412 | test@20 0.4896 | best 0.6974 (ep 1825)
2025-12-10 10:46:21 - [GCN] Epoch 1890 | loss 0.1459 | val@20 0.6456 | test@20 0.2656 | best 0.6974 (ep 1825)
2025-12-10 10:46:34 - [GCN] Epoch 1895 | loss 0.1439 | val@20 0.6847 | test@20 0.5856 | best 0.6974 (ep 1825)
2025-12-10 10:46:46 - [GCN] Epoch 1900 | loss 0.1443 | val@20 0.6792 | test@20 0.6782 | best 0.6974 (ep 1825)
2025-12-10 10:46:59 - [GCN] Epoch 1905 | loss 0.1457 | val@20 0.5997 | test@20 0.3728 | best 0.6974 (ep 1825)
2025-12-10 10:47:12 - [GCN] Epoch 1910 | loss 1.5355 | val@20 0.0291 | test@20 0.0103 | best 0.6974 (ep 1825)
2025-12-10 10:47:25 - [GCN] Epoch 1915 | loss 0.2030 | val@20 0.4270 | test@20 0.3640 | best 0.6974 (ep 1825)
2025-12-10 10:47:37 - [GCN] Epoch 1920 | loss 0.1806 | val@20 0.5601 | test@20 0.6583 | best 0.6974 (ep 1825)
2025-12-10 10:47:50 - [GCN] Epoch 1925 | loss 0.1724 | val@20 0.7085 | test@20 0.5901 | best 0.7085 (ep 1925)
2025-12-10 10:48:03 - [GCN] Epoch 1930 | loss 0.1662 | val@20 0.6183 | test@20 0.3489 | best 0.7085 (ep 1925)
2025-12-10 10:48:16 - [GCN] Epoch 1935 | loss 0.1639 | val@20 0.5895 | test@20 0.2368 | best 0.7085 (ep 1925)
2025-12-10 10:48:29 - [GCN] Epoch 1940 | loss 0.1596 | val@20 0.6218 | test@20 0.3011 | best 0.7085 (ep 1925)
2025-12-10 10:48:42 - [GCN] Epoch 1945 | loss 0.1570 | val@20 0.6502 | test@20 0.2447 | best 0.7085 (ep 1925)
2025-12-10 10:48:55 - [GCN] Epoch 1950 | loss 0.1548 | val@20 0.6750 | test@20 0.5082 | best 0.7085 (ep 1925)
2025-12-10 10:49:09 - [GCN] Epoch 1955 | loss 0.1525 | val@20 0.6420 | test@20 0.4724 | best 0.7085 (ep 1925)
2025-12-10 10:49:21 - [GCN] Epoch 1960 | loss 0.1534 | val@20 0.6872 | test@20 0.4770 | best 0.7085 (ep 1925)
2025-12-10 10:49:34 - [GCN] Epoch 1965 | loss 0.1508 | val@20 0.6900 | test@20 0.4542 | best 0.7085 (ep 1925)
2025-12-10 10:49:47 - [GCN] Epoch 1970 | loss 0.1501 | val@20 0.6858 | test@20 0.6742 | best 0.7085 (ep 1925)
2025-12-10 10:49:59 - [GCN] Epoch 1975 | loss 0.1496 | val@20 0.6683 | test@20 0.5653 | best 0.7085 (ep 1925)
2025-12-10 10:50:13 - [GCN] Epoch 1980 | loss 0.1489 | val@20 0.6583 | test@20 0.3792 | best 0.7085 (ep 1925)
2025-12-10 10:50:25 - [GCN] Epoch 1985 | loss 0.1494 | val@20 0.6500 | test@20 0.6359 | best 0.7085 (ep 1925)
2025-12-10 10:50:38 - [GCN] Epoch 1990 | loss 0.1491 | val@20 0.6921 | test@20 0.4966 | best 0.7085 (ep 1925)
2025-12-10 10:50:51 - [GCN] Epoch 1995 | loss 0.1474 | val@20 0.6812 | test@20 0.5937 | best 0.7085 (ep 1925)
2025-12-10 10:51:04 - [GCN] Epoch 2000 | loss 0.1480 | val@20 0.6504 | test@20 0.3264 | best 0.7085 (ep 1925)
2025-12-10 10:51:04 - ================================================================================
2025-12-10 10:51:04 - Final Results
2025-12-10 10:51:04 - ================================================================================
2025-12-10 10:51:04 - Hits@10: Valid 64.07% | Test 35.10%
2025-12-10 10:51:04 - Hits@20: Valid 70.85% | Test 59.01%
2025-12-10 10:51:04 - Hits@30: Valid 78.40% | Test 63.97%
2025-12-10 10:51:04 - ================================================================================
