%Y-%m-%d %H:%M:%S - Device: cuda:0
%Y-%m-%d %H:%M:%S - Logging to: logs/ddi_long_sweeps_20251210_231641
%Y-%m-%d %H:%M:%S - Dataset: 4267 nodes, 2135822 edges
%Y-%m-%d %H:%M:%S - Configs: 1 total
%Y-%m-%d %H:%M:%S - Early stopping: patience=100 epochs
%Y-%m-%d %H:%M:%S - [A_l2_h256_do0.5_lr0.005_bs64k] Starting (GCN) | layers=2, hidden=256, dropout=0.5, lr=0.005, batch=65536, epochs=2000, runs=1
%Y-%m-%d %H:%M:%S - [A_l2_h256_do0.5_lr0.005_bs64k][run 1/1] Epoch 0005 | loss 0.6661 | val@20 0.0735 | test@20 0.0048 | best 0.0735 (ep 5) | lr 0.005000
%Y-%m-%d %H:%M:%S - [A_l2_h256_do0.5_lr0.005_bs64k][run 1/1] Epoch 0010 | loss 0.5162 | val@20 0.2118 | test@20 0.1370 | best 0.2118 (ep 10) | lr 0.005000
%Y-%m-%d %H:%M:%S - [A_l2_h256_do0.5_lr0.005_bs64k][run 1/1] Epoch 0015 | loss 0.4435 | val@20 0.1630 | test@20 0.1510 | best 0.2118 (ep 10) | lr 0.005000
%Y-%m-%d %H:%M:%S - [A_l2_h256_do0.5_lr0.005_bs64k][run 1/1] Epoch 0020 | loss 0.3957 | val@20 0.2531 | test@20 0.2633 | best 0.2531 (ep 20) | lr 0.005000
%Y-%m-%d %H:%M:%S - [A_l2_h256_do0.5_lr0.005_bs64k][run 1/1] Epoch 0025 | loss 0.3691 | val@20 0.2081 | test@20 0.1860 | best 0.2531 (ep 20) | lr 0.005000
%Y-%m-%d %H:%M:%S - [A_l2_h256_do0.5_lr0.005_bs64k][run 1/1] Epoch 0030 | loss 0.3547 | val@20 0.2630 | test@20 0.1342 | best 0.2630 (ep 30) | lr 0.005000
%Y-%m-%d %H:%M:%S - [A_l2_h256_do0.5_lr0.005_bs64k][run 1/1] Epoch 0035 | loss 0.3329 | val@20 0.2405 | test@20 0.1778 | best 0.2630 (ep 30) | lr 0.005000
%Y-%m-%d %H:%M:%S - [A_l2_h256_do0.5_lr0.005_bs64k][run 1/1] Epoch 0040 | loss 0.3188 | val@20 0.3087 | test@20 0.1675 | best 0.3087 (ep 40) | lr 0.005000
%Y-%m-%d %H:%M:%S - [A_l2_h256_do0.5_lr0.005_bs64k][run 1/1] Epoch 0045 | loss 0.3024 | val@20 0.2183 | test@20 0.0873 | best 0.3087 (ep 40) | lr 0.005000
%Y-%m-%d %H:%M:%S - [A_l2_h256_do0.5_lr0.005_bs64k][run 1/1] Epoch 0050 | loss 0.2926 | val@20 0.2576 | test@20 0.0838 | best 0.3087 (ep 40) | lr 0.005000
%Y-%m-%d %H:%M:%S - [A_l2_h256_do0.5_lr0.005_bs64k][run 1/1] Epoch 0055 | loss 0.2847 | val@20 0.2587 | test@20 0.0738 | best 0.3087 (ep 40) | lr 0.005000
%Y-%m-%d %H:%M:%S - [A_l2_h256_do0.5_lr0.005_bs64k][run 1/1] Epoch 0060 | loss 0.2747 | val@20 0.2897 | test@20 0.1180 | best 0.3087 (ep 40) | lr 0.005000
%Y-%m-%d %H:%M:%S - [A_l2_h256_do0.5_lr0.005_bs64k][run 1/1] Epoch 0065 | loss 0.2656 | val@20 0.3124 | test@20 0.1327 | best 0.3124 (ep 65) | lr 0.005000
%Y-%m-%d %H:%M:%S - [A_l2_h256_do0.5_lr0.005_bs64k][run 1/1] Epoch 0070 | loss 0.2621 | val@20 0.2354 | test@20 0.1163 | best 0.3124 (ep 65) | lr 0.005000
%Y-%m-%d %H:%M:%S - [A_l2_h256_do0.5_lr0.005_bs64k][run 1/1] Epoch 0075 | loss 0.2542 | val@20 0.3061 | test@20 0.2165 | best 0.3124 (ep 65) | lr 0.005000
%Y-%m-%d %H:%M:%S - [A_l2_h256_do0.5_lr0.005_bs64k][run 1/1] Epoch 0080 | loss 0.2528 | val@20 0.3085 | test@20 0.1608 | best 0.3124 (ep 65) | lr 0.005000
%Y-%m-%d %H:%M:%S - [A_l2_h256_do0.5_lr0.005_bs64k][run 1/1] Epoch 0085 | loss 0.2459 | val@20 0.3889 | test@20 0.2288 | best 0.3889 (ep 85) | lr 0.005000
%Y-%m-%d %H:%M:%S - [A_l2_h256_do0.5_lr0.005_bs64k][run 1/1] Epoch 0090 | loss 0.2434 | val@20 0.3616 | test@20 0.2490 | best 0.3889 (ep 85) | lr 0.005000
%Y-%m-%d %H:%M:%S - [A_l2_h256_do0.5_lr0.005_bs64k][run 1/1] Epoch 0095 | loss 0.2396 | val@20 0.3287 | test@20 0.2839 | best 0.3889 (ep 85) | lr 0.005000
%Y-%m-%d %H:%M:%S - [A_l2_h256_do0.5_lr0.005_bs64k][run 1/1] Epoch 0100 | loss 0.2349 | val@20 0.3233 | test@20 0.3208 | best 0.3889 (ep 85) | lr 0.005000
%Y-%m-%d %H:%M:%S - [A_l2_h256_do0.5_lr0.005_bs64k][run 1/1] Epoch 0105 | loss 0.2311 | val@20 0.4415 | test@20 0.3250 | best 0.4415 (ep 105) | lr 0.005000
%Y-%m-%d %H:%M:%S - [A_l2_h256_do0.5_lr0.005_bs64k][run 1/1] Epoch 0110 | loss 0.2275 | val@20 0.3050 | test@20 0.3137 | best 0.4415 (ep 105) | lr 0.005000
%Y-%m-%d %H:%M:%S - [A_l2_h256_do0.5_lr0.005_bs64k][run 1/1] Epoch 0115 | loss 0.2227 | val@20 0.4011 | test@20 0.3660 | best 0.4415 (ep 105) | lr 0.005000
%Y-%m-%d %H:%M:%S - [A_l2_h256_do0.5_lr0.005_bs64k][run 1/1] Epoch 0120 | loss 0.2207 | val@20 0.4018 | test@20 0.4381 | best 0.4415 (ep 105) | lr 0.005000
%Y-%m-%d %H:%M:%S - [A_l2_h256_do0.5_lr0.005_bs64k][run 1/1] Epoch 0125 | loss 0.2179 | val@20 0.3845 | test@20 0.3672 | best 0.4415 (ep 105) | lr 0.005000
%Y-%m-%d %H:%M:%S - [A_l2_h256_do0.5_lr0.005_bs64k][run 1/1] Epoch 0130 | loss 0.2162 | val@20 0.4024 | test@20 0.4077 | best 0.4415 (ep 105) | lr 0.005000
%Y-%m-%d %H:%M:%S - [A_l2_h256_do0.5_lr0.005_bs64k][run 1/1] Epoch 0135 | loss 0.2148 | val@20 0.3827 | test@20 0.3397 | best 0.4415 (ep 105) | lr 0.005000
%Y-%m-%d %H:%M:%S - [A_l2_h256_do0.5_lr0.005_bs64k][run 1/1] Epoch 0140 | loss 0.2102 | val@20 0.4236 | test@20 0.3977 | best 0.4415 (ep 105) | lr 0.005000
%Y-%m-%d %H:%M:%S - [A_l2_h256_do0.5_lr0.005_bs64k][run 1/1] Epoch 0145 | loss 0.2095 | val@20 0.4242 | test@20 0.3544 | best 0.4415 (ep 105) | lr 0.005000
%Y-%m-%d %H:%M:%S - [A_l2_h256_do0.5_lr0.005_bs64k][run 1/1] Epoch 0150 | loss 0.2067 | val@20 0.4062 | test@20 0.3084 | best 0.4415 (ep 105) | lr 0.005000
%Y-%m-%d %H:%M:%S - [A_l2_h256_do0.5_lr0.005_bs64k][run 1/1] Epoch 0155 | loss 0.2050 | val@20 0.4870 | test@20 0.4665 | best 0.4870 (ep 155) | lr 0.005000
%Y-%m-%d %H:%M:%S - [A_l2_h256_do0.5_lr0.005_bs64k][run 1/1] Epoch 0160 | loss 0.2022 | val@20 0.4383 | test@20 0.4457 | best 0.4870 (ep 155) | lr 0.005000
%Y-%m-%d %H:%M:%S - [A_l2_h256_do0.5_lr0.005_bs64k][run 1/1] Epoch 0165 | loss 0.2021 | val@20 0.5002 | test@20 0.4909 | best 0.5002 (ep 165) | lr 0.005000
%Y-%m-%d %H:%M:%S - [A_l2_h256_do0.5_lr0.005_bs64k][run 1/1] Epoch 0170 | loss 0.2011 | val@20 0.5209 | test@20 0.3939 | best 0.5209 (ep 170) | lr 0.005000
%Y-%m-%d %H:%M:%S - [A_l2_h256_do0.5_lr0.005_bs64k][run 1/1] Epoch 0175 | loss 0.1975 | val@20 0.4814 | test@20 0.3227 | best 0.5209 (ep 170) | lr 0.005000
%Y-%m-%d %H:%M:%S - [A_l2_h256_do0.5_lr0.005_bs64k][run 1/1] Epoch 0180 | loss 0.1967 | val@20 0.4771 | test@20 0.3023 | best 0.5209 (ep 170) | lr 0.005000
%Y-%m-%d %H:%M:%S - [A_l2_h256_do0.5_lr0.005_bs64k][run 1/1] Epoch 0185 | loss 0.1973 | val@20 0.4761 | test@20 0.3082 | best 0.5209 (ep 170) | lr 0.005000
%Y-%m-%d %H:%M:%S - [A_l2_h256_do0.5_lr0.005_bs64k][run 1/1] Epoch 0190 | loss 0.1962 | val@20 0.4897 | test@20 0.3022 | best 0.5209 (ep 170) | lr 0.005000
%Y-%m-%d %H:%M:%S - [A_l2_h256_do0.5_lr0.005_bs64k][run 1/1] Epoch 0195 | loss 0.1940 | val@20 0.5164 | test@20 0.3133 | best 0.5209 (ep 170) | lr 0.005000
%Y-%m-%d %H:%M:%S - [A_l2_h256_do0.5_lr0.005_bs64k][run 1/1] Epoch 0200 | loss 0.1905 | val@20 0.5449 | test@20 0.3643 | best 0.5449 (ep 200) | lr 0.005000
%Y-%m-%d %H:%M:%S - [A_l2_h256_do0.5_lr0.005_bs64k][run 1/1] Epoch 0205 | loss 0.1891 | val@20 0.5200 | test@20 0.4198 | best 0.5449 (ep 200) | lr 0.005000
%Y-%m-%d %H:%M:%S - [A_l2_h256_do0.5_lr0.005_bs64k][run 1/1] Epoch 0210 | loss 0.1878 | val@20 0.4883 | test@20 0.2546 | best 0.5449 (ep 200) | lr 0.005000
%Y-%m-%d %H:%M:%S - [A_l2_h256_do0.5_lr0.005_bs64k][run 1/1] Epoch 0215 | loss 0.1872 | val@20 0.5335 | test@20 0.3121 | best 0.5449 (ep 200) | lr 0.005000
%Y-%m-%d %H:%M:%S - [A_l2_h256_do0.5_lr0.005_bs64k][run 1/1] Epoch 0220 | loss 0.1854 | val@20 0.5048 | test@20 0.2005 | best 0.5449 (ep 200) | lr 0.005000
%Y-%m-%d %H:%M:%S - [A_l2_h256_do0.5_lr0.005_bs64k][run 1/1] Epoch 0225 | loss 0.1865 | val@20 0.5785 | test@20 0.3249 | best 0.5785 (ep 225) | lr 0.005000
%Y-%m-%d %H:%M:%S - [A_l2_h256_do0.5_lr0.005_bs64k][run 1/1] Epoch 0230 | loss 0.1856 | val@20 0.5151 | test@20 0.4211 | best 0.5785 (ep 225) | lr 0.005000
%Y-%m-%d %H:%M:%S - [A_l2_h256_do0.5_lr0.005_bs64k][run 1/1] Epoch 0235 | loss 0.1843 | val@20 0.5424 | test@20 0.3968 | best 0.5785 (ep 225) | lr 0.005000
%Y-%m-%d %H:%M:%S - [A_l2_h256_do0.5_lr0.005_bs64k][run 1/1] Epoch 0240 | loss 0.1823 | val@20 0.5526 | test@20 0.3659 | best 0.5785 (ep 225) | lr 0.005000
%Y-%m-%d %H:%M:%S - [A_l2_h256_do0.5_lr0.005_bs64k][run 1/1] Epoch 0245 | loss 0.1811 | val@20 0.5563 | test@20 0.3690 | best 0.5785 (ep 225) | lr 0.005000
%Y-%m-%d %H:%M:%S - [A_l2_h256_do0.5_lr0.005_bs64k][run 1/1] Epoch 0250 | loss 0.1798 | val@20 0.5754 | test@20 0.4742 | best 0.5785 (ep 225) | lr 0.005000
%Y-%m-%d %H:%M:%S - [A_l2_h256_do0.5_lr0.005_bs64k][run 1/1] Epoch 0255 | loss 0.1787 | val@20 0.5888 | test@20 0.4332 | best 0.5888 (ep 255) | lr 0.005000
%Y-%m-%d %H:%M:%S - [A_l2_h256_do0.5_lr0.005_bs64k][run 1/1] Epoch 0260 | loss 0.1788 | val@20 0.5618 | test@20 0.4539 | best 0.5888 (ep 255) | lr 0.005000
%Y-%m-%d %H:%M:%S - [A_l2_h256_do0.5_lr0.005_bs64k][run 1/1] Epoch 0265 | loss 0.1779 | val@20 0.5584 | test@20 0.3556 | best 0.5888 (ep 255) | lr 0.005000
%Y-%m-%d %H:%M:%S - [A_l2_h256_do0.5_lr0.005_bs64k][run 1/1] Epoch 0270 | loss 0.1770 | val@20 0.5869 | test@20 0.2957 | best 0.5888 (ep 255) | lr 0.005000
%Y-%m-%d %H:%M:%S - [A_l2_h256_do0.5_lr0.005_bs64k][run 1/1] Epoch 0275 | loss 0.1764 | val@20 0.5748 | test@20 0.3547 | best 0.5888 (ep 255) | lr 0.005000
%Y-%m-%d %H:%M:%S - [A_l2_h256_do0.5_lr0.005_bs64k][run 1/1] Epoch 0280 | loss 0.1743 | val@20 0.5681 | test@20 0.5571 | best 0.5888 (ep 255) | lr 0.005000
%Y-%m-%d %H:%M:%S - [A_l2_h256_do0.5_lr0.005_bs64k][run 1/1] Epoch 0285 | loss 0.1753 | val@20 0.5030 | test@20 0.3735 | best 0.5888 (ep 255) | lr 0.005000
%Y-%m-%d %H:%M:%S - [A_l2_h256_do0.5_lr0.005_bs64k][run 1/1] Epoch 0290 | loss 0.1740 | val@20 0.5249 | test@20 0.3031 | best 0.5888 (ep 255) | lr 0.005000
%Y-%m-%d %H:%M:%S - [A_l2_h256_do0.5_lr0.005_bs64k][run 1/1] Epoch 0295 | loss 0.1745 | val@20 0.5786 | test@20 0.4507 | best 0.5888 (ep 255) | lr 0.005000
%Y-%m-%d %H:%M:%S - [A_l2_h256_do0.5_lr0.005_bs64k][run 1/1] Epoch 0300 | loss 0.1732 | val@20 0.5667 | test@20 0.2997 | best 0.5888 (ep 255) | lr 0.005000
%Y-%m-%d %H:%M:%S - [A_l2_h256_do0.5_lr0.005_bs64k][run 1/1] Epoch 0305 | loss 0.1727 | val@20 0.5894 | test@20 0.3997 | best 0.5894 (ep 305) | lr 0.005000
%Y-%m-%d %H:%M:%S - [A_l2_h256_do0.5_lr0.005_bs64k][run 1/1] Epoch 0310 | loss 0.1721 | val@20 0.5435 | test@20 0.4608 | best 0.5894 (ep 305) | lr 0.005000
%Y-%m-%d %H:%M:%S - [A_l2_h256_do0.5_lr0.005_bs64k][run 1/1] Epoch 0315 | loss 0.1717 | val@20 0.5499 | test@20 0.3687 | best 0.5894 (ep 305) | lr 0.005000
%Y-%m-%d %H:%M:%S - [A_l2_h256_do0.5_lr0.005_bs64k][run 1/1] Epoch 0320 | loss 0.1720 | val@20 0.5683 | test@20 0.5425 | best 0.5894 (ep 305) | lr 0.005000
%Y-%m-%d %H:%M:%S - [A_l2_h256_do0.5_lr0.005_bs64k][run 1/1] Epoch 0325 | loss 0.1704 | val@20 0.5844 | test@20 0.2960 | best 0.5894 (ep 305) | lr 0.005000
%Y-%m-%d %H:%M:%S - [A_l2_h256_do0.5_lr0.005_bs64k][run 1/1] Epoch 0330 | loss 0.1691 | val@20 0.5050 | test@20 0.3820 | best 0.5894 (ep 305) | lr 0.005000
%Y-%m-%d %H:%M:%S - [A_l2_h256_do0.5_lr0.005_bs64k][run 1/1] Epoch 0335 | loss 0.1706 | val@20 0.5691 | test@20 0.2679 | best 0.5894 (ep 305) | lr 0.005000
%Y-%m-%d %H:%M:%S - [A_l2_h256_do0.5_lr0.005_bs64k][run 1/1] Epoch 0340 | loss 0.1688 | val@20 0.5345 | test@20 0.3197 | best 0.5894 (ep 305) | lr 0.005000
%Y-%m-%d %H:%M:%S - [A_l2_h256_do0.5_lr0.005_bs64k][run 1/1] Epoch 0345 | loss 0.1711 | val@20 0.5830 | test@20 0.4599 | best 0.5894 (ep 305) | lr 0.005000
%Y-%m-%d %H:%M:%S - [A_l2_h256_do0.5_lr0.005_bs64k][run 1/1] Epoch 0350 | loss 0.1697 | val@20 0.5781 | test@20 0.3220 | best 0.5894 (ep 305) | lr 0.005000
%Y-%m-%d %H:%M:%S - [A_l2_h256_do0.5_lr0.005_bs64k][run 1/1] Epoch 0355 | loss 0.1672 | val@20 0.5387 | test@20 0.3198 | best 0.5894 (ep 305) | lr 0.005000
%Y-%m-%d %H:%M:%S - [A_l2_h256_do0.5_lr0.005_bs64k][run 1/1] Epoch 0360 | loss 0.1687 | val@20 0.6155 | test@20 0.4923 | best 0.6155 (ep 360) | lr 0.005000
%Y-%m-%d %H:%M:%S - [A_l2_h256_do0.5_lr0.005_bs64k][run 1/1] Epoch 0365 | loss 0.1692 | val@20 0.6263 | test@20 0.4079 | best 0.6263 (ep 365) | lr 0.005000
%Y-%m-%d %H:%M:%S - [A_l2_h256_do0.5_lr0.005_bs64k][run 1/1] Epoch 0370 | loss 0.1672 | val@20 0.5678 | test@20 0.4017 | best 0.6263 (ep 365) | lr 0.005000
%Y-%m-%d %H:%M:%S - [A_l2_h256_do0.5_lr0.005_bs64k][run 1/1] Epoch 0375 | loss 0.1693 | val@20 0.4979 | test@20 0.2701 | best 0.6263 (ep 365) | lr 0.005000
%Y-%m-%d %H:%M:%S - [A_l2_h256_do0.5_lr0.005_bs64k][run 1/1] Epoch 0380 | loss 0.1654 | val@20 0.6261 | test@20 0.4035 | best 0.6263 (ep 365) | lr 0.005000
%Y-%m-%d %H:%M:%S - [A_l2_h256_do0.5_lr0.005_bs64k][run 1/1] Epoch 0385 | loss 0.1666 | val@20 0.5601 | test@20 0.2802 | best 0.6263 (ep 365) | lr 0.005000
%Y-%m-%d %H:%M:%S - [A_l2_h256_do0.5_lr0.005_bs64k][run 1/1] Epoch 0390 | loss 0.1663 | val@20 0.6275 | test@20 0.4092 | best 0.6275 (ep 390) | lr 0.005000
%Y-%m-%d %H:%M:%S - [A_l2_h256_do0.5_lr0.005_bs64k][run 1/1] Epoch 0395 | loss 0.1662 | val@20 0.6067 | test@20 0.4356 | best 0.6275 (ep 390) | lr 0.005000
%Y-%m-%d %H:%M:%S - [A_l2_h256_do0.5_lr0.005_bs64k][run 1/1] Epoch 0400 | loss 0.1647 | val@20 0.5570 | test@20 0.4340 | best 0.6275 (ep 390) | lr 0.005000
%Y-%m-%d %H:%M:%S - [A_l2_h256_do0.5_lr0.005_bs64k][run 1/1] Epoch 0405 | loss 0.1642 | val@20 0.6188 | test@20 0.5098 | best 0.6275 (ep 390) | lr 0.005000
%Y-%m-%d %H:%M:%S - [A_l2_h256_do0.5_lr0.005_bs64k][run 1/1] Epoch 0410 | loss 0.1666 | val@20 0.5781 | test@20 0.4191 | best 0.6275 (ep 390) | lr 0.005000
%Y-%m-%d %H:%M:%S - [A_l2_h256_do0.5_lr0.005_bs64k][run 1/1] Epoch 0415 | loss 0.1638 | val@20 0.6120 | test@20 0.4092 | best 0.6275 (ep 390) | lr 0.005000
%Y-%m-%d %H:%M:%S - [A_l2_h256_do0.5_lr0.005_bs64k][run 1/1] Epoch 0420 | loss 0.1643 | val@20 0.6045 | test@20 0.2763 | best 0.6275 (ep 390) | lr 0.005000
%Y-%m-%d %H:%M:%S - [A_l2_h256_do0.5_lr0.005_bs64k][run 1/1] Epoch 0425 | loss 0.1637 | val@20 0.5309 | test@20 0.4957 | best 0.6275 (ep 390) | lr 0.005000
%Y-%m-%d %H:%M:%S - [A_l2_h256_do0.5_lr0.005_bs64k][run 1/1] Epoch 0430 | loss 0.1613 | val@20 0.6478 | test@20 0.6169 | best 0.6478 (ep 430) | lr 0.005000
%Y-%m-%d %H:%M:%S - [A_l2_h256_do0.5_lr0.005_bs64k][run 1/1] Epoch 0435 | loss 0.1627 | val@20 0.6219 | test@20 0.5016 | best 0.6478 (ep 430) | lr 0.005000
%Y-%m-%d %H:%M:%S - [A_l2_h256_do0.5_lr0.005_bs64k][run 1/1] Epoch 0440 | loss 0.1634 | val@20 0.6109 | test@20 0.4114 | best 0.6478 (ep 430) | lr 0.005000
%Y-%m-%d %H:%M:%S - [A_l2_h256_do0.5_lr0.005_bs64k][run 1/1] Epoch 0445 | loss 0.1619 | val@20 0.6097 | test@20 0.4227 | best 0.6478 (ep 430) | lr 0.005000
%Y-%m-%d %H:%M:%S - [A_l2_h256_do0.5_lr0.005_bs64k][run 1/1] Epoch 0450 | loss 0.1631 | val@20 0.5615 | test@20 0.5270 | best 0.6478 (ep 430) | lr 0.005000
%Y-%m-%d %H:%M:%S - [A_l2_h256_do0.5_lr0.005_bs64k][run 1/1] Epoch 0455 | loss 0.1617 | val@20 0.6369 | test@20 0.4035 | best 0.6478 (ep 430) | lr 0.005000
%Y-%m-%d %H:%M:%S - [A_l2_h256_do0.5_lr0.005_bs64k][run 1/1] Epoch 0460 | loss 0.1604 | val@20 0.5730 | test@20 0.3869 | best 0.6478 (ep 430) | lr 0.005000
%Y-%m-%d %H:%M:%S - [A_l2_h256_do0.5_lr0.005_bs64k][run 1/1] Epoch 0465 | loss 0.1611 | val@20 0.6474 | test@20 0.4247 | best 0.6478 (ep 430) | lr 0.005000
%Y-%m-%d %H:%M:%S - [A_l2_h256_do0.5_lr0.005_bs64k][run 1/1] Epoch 0470 | loss 0.1613 | val@20 0.6248 | test@20 0.3820 | best 0.6478 (ep 430) | lr 0.005000
%Y-%m-%d %H:%M:%S - [A_l2_h256_do0.5_lr0.005_bs64k][run 1/1] Epoch 0475 | loss 0.1603 | val@20 0.6049 | test@20 0.2820 | best 0.6478 (ep 430) | lr 0.005000
%Y-%m-%d %H:%M:%S - [A_l2_h256_do0.5_lr0.005_bs64k][run 1/1] Epoch 0480 | loss 0.1604 | val@20 0.6407 | test@20 0.3892 | best 0.6478 (ep 430) | lr 0.005000
%Y-%m-%d %H:%M:%S - [A_l2_h256_do0.5_lr0.005_bs64k][run 1/1] Epoch 0485 | loss 0.1599 | val@20 0.6346 | test@20 0.2674 | best 0.6478 (ep 430) | lr 0.005000
%Y-%m-%d %H:%M:%S - [A_l2_h256_do0.5_lr0.005_bs64k][run 1/1] Epoch 0490 | loss 0.1606 | val@20 0.6444 | test@20 0.5339 | best 0.6478 (ep 430) | lr 0.005000
%Y-%m-%d %H:%M:%S - [A_l2_h256_do0.5_lr0.005_bs64k][run 1/1] Epoch 0495 | loss 0.1599 | val@20 0.6363 | test@20 0.5121 | best 0.6478 (ep 430) | lr 0.005000
%Y-%m-%d %H:%M:%S - [A_l2_h256_do0.5_lr0.005_bs64k][run 1/1] Epoch 0500 | loss 0.1602 | val@20 0.5966 | test@20 0.3258 | best 0.6478 (ep 430) | lr 0.005000
%Y-%m-%d %H:%M:%S - [A_l2_h256_do0.5_lr0.005_bs64k][run 1/1] Epoch 0505 | loss 0.1581 | val@20 0.6305 | test@20 0.5573 | best 0.6478 (ep 430) | lr 0.005000
%Y-%m-%d %H:%M:%S - [A_l2_h256_do0.5_lr0.005_bs64k][run 1/1] Epoch 0510 | loss 0.1589 | val@20 0.5753 | test@20 0.3417 | best 0.6478 (ep 430) | lr 0.005000
%Y-%m-%d %H:%M:%S - [A_l2_h256_do0.5_lr0.005_bs64k][run 1/1] Epoch 0515 | loss 0.1580 | val@20 0.6028 | test@20 0.4468 | best 0.6478 (ep 430) | lr 0.005000
%Y-%m-%d %H:%M:%S - [A_l2_h256_do0.5_lr0.005_bs64k][run 1/1] Epoch 0520 | loss 0.1595 | val@20 0.5978 | test@20 0.5901 | best 0.6478 (ep 430) | lr 0.005000
%Y-%m-%d %H:%M:%S - [A_l2_h256_do0.5_lr0.005_bs64k][run 1/1] Epoch 0525 | loss 0.1573 | val@20 0.6287 | test@20 0.3724 | best 0.6478 (ep 430) | lr 0.005000
%Y-%m-%d %H:%M:%S - [A_l2_h256_do0.5_lr0.005_bs64k][run 1/1] Epoch 0530 | loss 0.1580 | val@20 0.6236 | test@20 0.4713 | best 0.6478 (ep 430) | lr 0.005000
%Y-%m-%d %H:%M:%S - [A_l2_h256_do0.5_lr0.005_bs64k][run 1/1] Early stopping at epoch 530: no improvement for 100 epochs. Best val@20: 0.6478
%Y-%m-%d %H:%M:%S - [A_l2_h256_do0.5_lr0.005_bs64k][run 1/1] Stopped early. Final best: val@20=0.6478, test@20=0.6169 at epoch 430
%Y-%m-%d %H:%M:%S - [A_l2_h256_do0.5_lr0.005_bs64k] Hits@10: best_valid=0.5508, best_test=0.1608
%Y-%m-%d %H:%M:%S - [A_l2_h256_do0.5_lr0.005_bs64k] Hits@20: best_valid=0.6478, best_test=0.6169
%Y-%m-%d %H:%M:%S - [A_l2_h256_do0.5_lr0.005_bs64k] Hits@30: best_valid=0.6702, best_test=0.5318
%Y-%m-%d %H:%M:%S - Long-horizon sweep complete.
