2025-12-10 06:31:09 - OGBL-DDI Link Prediction - GCN with External Features
2025-12-10 06:31:09 - Device: cuda:0
2025-12-10 06:31:09 - Log directory: logs/ddi_gcn_morgan_20251210_063109
2025-12-10 06:31:09 - ================================================================================
2025-12-10 06:31:10 - Dataset: 4267 nodes, 2135822 edges
2025-12-10 06:31:10 - Train edges: 1067911
2025-12-10 06:31:10 - Valid edges: 133489 pos, 101882 neg
2025-12-10 06:31:10 - Test edges: 133489 pos, 95599 neg
2025-12-10 06:31:10 - Loading external features...
2025-12-10 06:31:10 - Loading cached Morgan features from data/morgan_features.pt
2025-12-10 06:31:10 -   Morgan fingerprints: 2048 dims
2025-12-10 06:31:10 - Combined features: 2048 dims total
2025-12-10 06:31:10 - Loaded features: {'morgan': 2048}
2025-12-10 06:31:10 - Total feature dimension: 2048
2025-12-10 06:31:10 - ================================================================================
2025-12-10 06:31:10 - Model Configuration:
2025-12-10 06:31:10 -   architecture: GCN + MLP
2025-12-10 06:31:10 -   num_layers: 2
2025-12-10 06:31:10 -   hidden_channels: 256
2025-12-10 06:31:10 -   dropout: 0.5
2025-12-10 06:31:10 -   fusion: concat
2025-12-10 06:31:10 -   external_features: ['morgan']
2025-12-10 06:31:10 - Training Configuration:
2025-12-10 06:31:10 -   epochs: 2000
2025-12-10 06:31:10 -   lr: 0.005
2025-12-10 06:31:10 -   batch_size: 65536
2025-12-10 06:31:10 -   eval_steps: 5
2025-12-10 06:31:10 -   runs: 1
2025-12-10 06:31:10 - ================================================================================
2025-12-10 06:31:25 - [GCN] Epoch 0005 | loss 0.6544 | val@20 0.1329 | test@20 0.0476 | best 0.1329 (ep 5)
2025-12-10 06:31:38 - [GCN] Epoch 0010 | loss 0.5328 | val@20 0.1260 | test@20 0.1328 | best 0.1329 (ep 5)
2025-12-10 06:31:51 - [GCN] Epoch 0015 | loss 0.4267 | val@20 0.2697 | test@20 0.0998 | best 0.2697 (ep 15)
2025-12-10 06:32:05 - [GCN] Epoch 0020 | loss 0.3775 | val@20 0.2055 | test@20 0.1358 | best 0.2697 (ep 15)
2025-12-10 06:32:18 - [GCN] Epoch 0025 | loss 0.3467 | val@20 0.2577 | test@20 0.1671 | best 0.2697 (ep 15)
2025-12-10 06:32:31 - [GCN] Epoch 0030 | loss 0.3283 | val@20 0.1853 | test@20 0.1312 | best 0.2697 (ep 15)
2025-12-10 06:32:44 - [GCN] Epoch 0035 | loss 0.3016 | val@20 0.2081 | test@20 0.1577 | best 0.2697 (ep 15)
2025-12-10 06:32:57 - [GCN] Epoch 0040 | loss 0.2798 | val@20 0.1667 | test@20 0.1018 | best 0.2697 (ep 15)
2025-12-10 06:33:10 - [GCN] Epoch 0045 | loss 0.2675 | val@20 0.1839 | test@20 0.0860 | best 0.2697 (ep 15)
2025-12-10 06:33:23 - [GCN] Epoch 0050 | loss 0.2603 | val@20 0.2230 | test@20 0.1712 | best 0.2697 (ep 15)
2025-12-10 06:33:35 - [GCN] Epoch 0055 | loss 0.2533 | val@20 0.2616 | test@20 0.1633 | best 0.2697 (ep 15)
2025-12-10 06:33:48 - [GCN] Epoch 0060 | loss 0.2435 | val@20 0.2651 | test@20 0.1609 | best 0.2697 (ep 15)
2025-12-10 06:34:01 - [GCN] Epoch 0065 | loss 0.2410 | val@20 0.3070 | test@20 0.1374 | best 0.3070 (ep 65)
2025-12-10 06:34:14 - [GCN] Epoch 0070 | loss 0.2359 | val@20 0.2382 | test@20 0.1222 | best 0.3070 (ep 65)
2025-12-10 06:34:27 - [GCN] Epoch 0075 | loss 0.2281 | val@20 0.3867 | test@20 0.2507 | best 0.3867 (ep 75)
2025-12-10 06:34:40 - [GCN] Epoch 0080 | loss 0.2253 | val@20 0.2568 | test@20 0.2748 | best 0.3867 (ep 75)
2025-12-10 06:34:53 - [GCN] Epoch 0085 | loss 0.2197 | val@20 0.3728 | test@20 0.1661 | best 0.3867 (ep 75)
2025-12-10 06:35:07 - [GCN] Epoch 0090 | loss 0.2159 | val@20 0.3647 | test@20 0.2535 | best 0.3867 (ep 75)
2025-12-10 06:35:20 - [GCN] Epoch 0095 | loss 0.2150 | val@20 0.3487 | test@20 0.3299 | best 0.3867 (ep 75)
2025-12-10 06:35:33 - [GCN] Epoch 0100 | loss 0.2139 | val@20 0.3534 | test@20 0.2392 | best 0.3867 (ep 75)
2025-12-10 06:35:46 - [GCN] Epoch 0105 | loss 0.2121 | val@20 0.4450 | test@20 0.3563 | best 0.4450 (ep 105)
2025-12-10 06:35:59 - [GCN] Epoch 0110 | loss 0.2084 | val@20 0.3655 | test@20 0.2730 | best 0.4450 (ep 105)
2025-12-10 06:36:13 - [GCN] Epoch 0115 | loss 0.2056 | val@20 0.3836 | test@20 0.2219 | best 0.4450 (ep 105)
2025-12-10 06:36:25 - [GCN] Epoch 0120 | loss 0.2037 | val@20 0.4685 | test@20 0.4285 | best 0.4685 (ep 120)
2025-12-10 06:36:39 - [GCN] Epoch 0125 | loss 0.2012 | val@20 0.5121 | test@20 0.3043 | best 0.5121 (ep 125)
2025-12-10 06:36:51 - [GCN] Epoch 0130 | loss 0.1981 | val@20 0.3464 | test@20 0.4013 | best 0.5121 (ep 125)
2025-12-10 06:37:05 - [GCN] Epoch 0135 | loss 0.1974 | val@20 0.3403 | test@20 0.2607 | best 0.5121 (ep 125)
2025-12-10 06:37:17 - [GCN] Epoch 0140 | loss 0.1980 | val@20 0.4713 | test@20 0.5377 | best 0.5121 (ep 125)
2025-12-10 06:37:30 - [GCN] Epoch 0145 | loss 0.1998 | val@20 0.4338 | test@20 0.3707 | best 0.5121 (ep 125)
2025-12-10 06:37:42 - [GCN] Epoch 0150 | loss 0.1938 | val@20 0.4959 | test@20 0.3895 | best 0.5121 (ep 125)
2025-12-10 06:37:55 - [GCN] Epoch 0155 | loss 0.1940 | val@20 0.3702 | test@20 0.2595 | best 0.5121 (ep 125)
2025-12-10 06:38:09 - [GCN] Epoch 0160 | loss 0.1909 | val@20 0.4172 | test@20 0.3518 | best 0.5121 (ep 125)
2025-12-10 06:38:22 - [GCN] Epoch 0165 | loss 0.1922 | val@20 0.3998 | test@20 0.2534 | best 0.5121 (ep 125)
2025-12-10 06:38:35 - [GCN] Epoch 0170 | loss 0.1882 | val@20 0.4875 | test@20 0.6038 | best 0.5121 (ep 125)
2025-12-10 06:38:48 - [GCN] Epoch 0175 | loss 0.1875 | val@20 0.4695 | test@20 0.4088 | best 0.5121 (ep 125)
2025-12-10 06:39:01 - [GCN] Epoch 0180 | loss 0.1858 | val@20 0.4966 | test@20 0.5488 | best 0.5121 (ep 125)
2025-12-10 06:39:14 - [GCN] Epoch 0185 | loss 0.1851 | val@20 0.4444 | test@20 0.3710 | best 0.5121 (ep 125)
2025-12-10 06:39:27 - [GCN] Epoch 0190 | loss 0.1827 | val@20 0.4091 | test@20 0.2563 | best 0.5121 (ep 125)
2025-12-10 06:39:40 - [GCN] Epoch 0195 | loss 0.1808 | val@20 0.4789 | test@20 0.4292 | best 0.5121 (ep 125)
2025-12-10 06:39:53 - [GCN] Epoch 0200 | loss 0.1797 | val@20 0.5320 | test@20 0.4040 | best 0.5320 (ep 200)
2025-12-10 06:40:07 - [GCN] Epoch 0205 | loss 0.1801 | val@20 0.4520 | test@20 0.1878 | best 0.5320 (ep 200)
2025-12-10 06:40:20 - [GCN] Epoch 0210 | loss 0.1795 | val@20 0.4877 | test@20 0.3585 | best 0.5320 (ep 200)
2025-12-10 06:40:32 - [GCN] Epoch 0215 | loss 0.1805 | val@20 0.5796 | test@20 0.3479 | best 0.5796 (ep 215)
2025-12-10 06:40:45 - [GCN] Epoch 0220 | loss 0.1751 | val@20 0.5199 | test@20 0.2901 | best 0.5796 (ep 215)
2025-12-10 06:40:58 - [GCN] Epoch 0225 | loss 0.1742 | val@20 0.5896 | test@20 0.4340 | best 0.5896 (ep 225)
2025-12-10 06:41:14 - [GCN] Epoch 0230 | loss 0.1736 | val@20 0.5611 | test@20 0.3775 | best 0.5896 (ep 225)
2025-12-10 06:41:27 - [GCN] Epoch 0235 | loss 0.1727 | val@20 0.5499 | test@20 0.2487 | best 0.5896 (ep 225)
2025-12-10 06:41:40 - [GCN] Epoch 0240 | loss 0.1727 | val@20 0.5079 | test@20 0.2742 | best 0.5896 (ep 225)
2025-12-10 06:41:53 - [GCN] Epoch 0245 | loss 0.1728 | val@20 0.5969 | test@20 0.3714 | best 0.5969 (ep 245)
2025-12-10 06:42:07 - [GCN] Epoch 0250 | loss 0.1702 | val@20 0.5575 | test@20 0.3772 | best 0.5969 (ep 245)
2025-12-10 06:42:20 - [GCN] Epoch 0255 | loss 0.1694 | val@20 0.5676 | test@20 0.4052 | best 0.5969 (ep 245)
2025-12-10 06:42:33 - [GCN] Epoch 0260 | loss 0.1713 | val@20 0.5686 | test@20 0.3181 | best 0.5969 (ep 245)
2025-12-10 06:42:46 - [GCN] Epoch 0265 | loss 0.1682 | val@20 0.5553 | test@20 0.3890 | best 0.5969 (ep 245)
2025-12-10 06:42:59 - [GCN] Epoch 0270 | loss 0.1707 | val@20 0.5933 | test@20 0.3250 | best 0.5969 (ep 245)
2025-12-10 06:43:12 - [GCN] Epoch 0275 | loss 0.1723 | val@20 0.6006 | test@20 0.3444 | best 0.6006 (ep 275)
2025-12-10 06:43:25 - [GCN] Epoch 0280 | loss 0.1704 | val@20 0.6171 | test@20 0.2327 | best 0.6171 (ep 280)
2025-12-10 06:43:38 - [GCN] Epoch 0285 | loss 0.1719 | val@20 0.5771 | test@20 0.2315 | best 0.6171 (ep 280)
2025-12-10 06:43:51 - [GCN] Epoch 0290 | loss 0.1667 | val@20 0.6124 | test@20 0.3300 | best 0.6171 (ep 280)
2025-12-10 06:44:05 - [GCN] Epoch 0295 | loss 0.1684 | val@20 0.5156 | test@20 0.3488 | best 0.6171 (ep 280)
2025-12-10 06:44:18 - [GCN] Epoch 0300 | loss 0.1661 | val@20 0.6217 | test@20 0.4555 | best 0.6217 (ep 300)
2025-12-10 06:44:30 - [GCN] Epoch 0305 | loss 0.1674 | val@20 0.6095 | test@20 0.5825 | best 0.6217 (ep 300)
2025-12-10 06:44:43 - [GCN] Epoch 0310 | loss 0.1658 | val@20 0.5787 | test@20 0.2807 | best 0.6217 (ep 300)
2025-12-10 06:44:56 - [GCN] Epoch 0315 | loss 0.1660 | val@20 0.5923 | test@20 0.4595 | best 0.6217 (ep 300)
2025-12-10 06:45:10 - [GCN] Epoch 0320 | loss 0.1645 | val@20 0.6083 | test@20 0.3420 | best 0.6217 (ep 300)
2025-12-10 06:45:23 - [GCN] Epoch 0325 | loss 0.1657 | val@20 0.6177 | test@20 0.5337 | best 0.6217 (ep 300)
2025-12-10 06:45:35 - [GCN] Epoch 0330 | loss 0.1649 | val@20 0.4990 | test@20 0.2414 | best 0.6217 (ep 300)
2025-12-10 06:45:48 - [GCN] Epoch 0335 | loss 0.1655 | val@20 0.5424 | test@20 0.3933 | best 0.6217 (ep 300)
2025-12-10 06:46:02 - [GCN] Epoch 0340 | loss 0.1651 | val@20 0.5787 | test@20 0.3725 | best 0.6217 (ep 300)
2025-12-10 06:46:15 - [GCN] Epoch 0345 | loss 0.1631 | val@20 0.5339 | test@20 0.2225 | best 0.6217 (ep 300)
2025-12-10 06:46:28 - [GCN] Epoch 0350 | loss 0.1634 | val@20 0.5831 | test@20 0.4312 | best 0.6217 (ep 300)
2025-12-10 06:46:41 - [GCN] Epoch 0355 | loss 0.1627 | val@20 0.5574 | test@20 0.2364 | best 0.6217 (ep 300)
2025-12-10 06:46:54 - [GCN] Epoch 0360 | loss 0.1624 | val@20 0.5877 | test@20 0.3954 | best 0.6217 (ep 300)
2025-12-10 06:47:08 - [GCN] Epoch 0365 | loss 0.1619 | val@20 0.6072 | test@20 0.3248 | best 0.6217 (ep 300)
2025-12-10 06:47:20 - [GCN] Epoch 0370 | loss 0.1612 | val@20 0.5735 | test@20 0.3447 | best 0.6217 (ep 300)
2025-12-10 06:47:33 - [GCN] Epoch 0375 | loss 0.1615 | val@20 0.6173 | test@20 0.3272 | best 0.6217 (ep 300)
2025-12-10 06:47:46 - [GCN] Epoch 0380 | loss 0.1628 | val@20 0.6107 | test@20 0.3880 | best 0.6217 (ep 300)
2025-12-10 06:47:58 - [GCN] Epoch 0385 | loss 0.1600 | val@20 0.5247 | test@20 0.2863 | best 0.6217 (ep 300)
2025-12-10 06:48:12 - [GCN] Epoch 0390 | loss 0.1603 | val@20 0.6224 | test@20 0.2573 | best 0.6224 (ep 390)
2025-12-10 06:48:25 - [GCN] Epoch 0395 | loss 0.1614 | val@20 0.6293 | test@20 0.2853 | best 0.6293 (ep 395)
2025-12-10 06:48:38 - [GCN] Epoch 0400 | loss 0.1610 | val@20 0.5796 | test@20 0.5343 | best 0.6293 (ep 395)
2025-12-10 06:48:50 - [GCN] Epoch 0405 | loss 0.1612 | val@20 0.5917 | test@20 0.4052 | best 0.6293 (ep 395)
2025-12-10 06:49:04 - [GCN] Epoch 0410 | loss 0.1631 | val@20 0.6388 | test@20 0.4013 | best 0.6388 (ep 410)
2025-12-10 06:49:17 - [GCN] Epoch 0415 | loss 0.1600 | val@20 0.4923 | test@20 0.5582 | best 0.6388 (ep 410)
2025-12-10 06:49:30 - [GCN] Epoch 0420 | loss 0.1612 | val@20 0.5534 | test@20 0.2320 | best 0.6388 (ep 410)
2025-12-10 06:49:43 - [GCN] Epoch 0425 | loss 0.1615 | val@20 0.6025 | test@20 0.3596 | best 0.6388 (ep 410)
2025-12-10 06:49:55 - [GCN] Epoch 0430 | loss 0.1608 | val@20 0.6214 | test@20 0.3639 | best 0.6388 (ep 410)
2025-12-10 06:50:09 - [GCN] Epoch 0435 | loss 0.1596 | val@20 0.5721 | test@20 0.4133 | best 0.6388 (ep 410)
2025-12-10 06:50:22 - [GCN] Epoch 0440 | loss 0.1608 | val@20 0.5591 | test@20 0.3385 | best 0.6388 (ep 410)
2025-12-10 06:50:35 - [GCN] Epoch 0445 | loss 0.1588 | val@20 0.6280 | test@20 0.2923 | best 0.6388 (ep 410)
2025-12-10 06:50:48 - [GCN] Epoch 0450 | loss 0.1593 | val@20 0.5253 | test@20 0.2337 | best 0.6388 (ep 410)
2025-12-10 06:51:00 - [GCN] Epoch 0455 | loss 0.1580 | val@20 0.6510 | test@20 0.3266 | best 0.6510 (ep 455)
2025-12-10 06:51:16 - [GCN] Epoch 0460 | loss 0.1583 | val@20 0.6499 | test@20 0.4760 | best 0.6510 (ep 455)
2025-12-10 06:51:29 - [GCN] Epoch 0465 | loss 0.1582 | val@20 0.6501 | test@20 0.4992 | best 0.6510 (ep 455)
2025-12-10 06:51:42 - [GCN] Epoch 0470 | loss 0.1585 | val@20 0.6165 | test@20 0.2809 | best 0.6510 (ep 455)
2025-12-10 06:51:55 - [GCN] Epoch 0475 | loss 0.1567 | val@20 0.6161 | test@20 0.4083 | best 0.6510 (ep 455)
2025-12-10 06:52:09 - [GCN] Epoch 0480 | loss 0.1570 | val@20 0.6211 | test@20 0.4429 | best 0.6510 (ep 455)
2025-12-10 06:52:22 - [GCN] Epoch 0485 | loss 0.1579 | val@20 0.5780 | test@20 0.2796 | best 0.6510 (ep 455)
2025-12-10 06:52:35 - [GCN] Epoch 0490 | loss 0.1577 | val@20 0.5176 | test@20 0.3776 | best 0.6510 (ep 455)
2025-12-10 06:52:47 - [GCN] Epoch 0495 | loss 0.1580 | val@20 0.5503 | test@20 0.3137 | best 0.6510 (ep 455)
2025-12-10 06:53:00 - [GCN] Epoch 0500 | loss 0.1578 | val@20 0.6173 | test@20 0.4050 | best 0.6510 (ep 455)
2025-12-10 06:53:13 - [GCN] Epoch 0505 | loss 0.1572 | val@20 0.6280 | test@20 0.2823 | best 0.6510 (ep 455)
2025-12-10 06:53:26 - [GCN] Epoch 0510 | loss 0.1564 | val@20 0.6175 | test@20 0.2348 | best 0.6510 (ep 455)
2025-12-10 06:53:39 - [GCN] Epoch 0515 | loss 0.1560 | val@20 0.6369 | test@20 0.2527 | best 0.6510 (ep 455)
2025-12-10 06:53:52 - [GCN] Epoch 0520 | loss 0.1569 | val@20 0.6394 | test@20 0.3422 | best 0.6510 (ep 455)
2025-12-10 06:54:06 - [GCN] Epoch 0525 | loss 0.1558 | val@20 0.6447 | test@20 0.4400 | best 0.6510 (ep 455)
2025-12-10 06:54:18 - [GCN] Epoch 0530 | loss 0.1543 | val@20 0.6187 | test@20 0.2217 | best 0.6510 (ep 455)
2025-12-10 06:54:31 - [GCN] Epoch 0535 | loss 0.1575 | val@20 0.6512 | test@20 0.3645 | best 0.6512 (ep 535)
2025-12-10 06:54:43 - [GCN] Epoch 0540 | loss 0.1541 | val@20 0.6336 | test@20 0.5187 | best 0.6512 (ep 535)
2025-12-10 06:54:56 - [GCN] Epoch 0545 | loss 0.1558 | val@20 0.5590 | test@20 0.2403 | best 0.6512 (ep 535)
2025-12-10 06:55:10 - [GCN] Epoch 0550 | loss 0.1554 | val@20 0.6411 | test@20 0.3282 | best 0.6512 (ep 535)
2025-12-10 06:55:23 - [GCN] Epoch 0555 | loss 0.1555 | val@20 0.6059 | test@20 0.3595 | best 0.6512 (ep 535)
2025-12-10 06:55:35 - [GCN] Epoch 0560 | loss 0.1559 | val@20 0.6551 | test@20 0.3346 | best 0.6551 (ep 560)
2025-12-10 06:55:48 - [GCN] Epoch 0565 | loss 0.1578 | val@20 0.5482 | test@20 0.5389 | best 0.6551 (ep 560)
2025-12-10 06:56:01 - [GCN] Epoch 0570 | loss 0.1549 | val@20 0.5473 | test@20 0.3445 | best 0.6551 (ep 560)
2025-12-10 06:56:15 - [GCN] Epoch 0575 | loss 0.1555 | val@20 0.6099 | test@20 0.4023 | best 0.6551 (ep 560)
2025-12-10 06:56:28 - [GCN] Epoch 0580 | loss 0.1548 | val@20 0.6332 | test@20 0.2588 | best 0.6551 (ep 560)
2025-12-10 06:56:40 - [GCN] Epoch 0585 | loss 0.1537 | val@20 0.6139 | test@20 0.4420 | best 0.6551 (ep 560)
2025-12-10 06:56:53 - [GCN] Epoch 0590 | loss 0.1550 | val@20 0.5884 | test@20 0.3418 | best 0.6551 (ep 560)
2025-12-10 06:57:07 - [GCN] Epoch 0595 | loss 0.1554 | val@20 0.5620 | test@20 0.2258 | best 0.6551 (ep 560)
2025-12-10 06:57:20 - [GCN] Epoch 0600 | loss 0.1547 | val@20 0.6500 | test@20 0.5033 | best 0.6551 (ep 560)
2025-12-10 06:57:33 - [GCN] Epoch 0605 | loss 0.1553 | val@20 0.6108 | test@20 0.3264 | best 0.6551 (ep 560)
2025-12-10 06:57:45 - [GCN] Epoch 0610 | loss 0.1555 | val@20 0.5953 | test@20 0.2235 | best 0.6551 (ep 560)
2025-12-10 06:57:58 - [GCN] Epoch 0615 | loss 0.1526 | val@20 0.6606 | test@20 0.5597 | best 0.6606 (ep 615)
2025-12-10 06:58:12 - [GCN] Epoch 0620 | loss 0.1548 | val@20 0.6402 | test@20 0.2695 | best 0.6606 (ep 615)
2025-12-10 06:58:24 - [GCN] Epoch 0625 | loss 0.1531 | val@20 0.5740 | test@20 0.3118 | best 0.6606 (ep 615)
2025-12-10 06:58:37 - [GCN] Epoch 0630 | loss 0.1539 | val@20 0.6743 | test@20 0.3757 | best 0.6743 (ep 630)
2025-12-10 06:58:49 - [GCN] Epoch 0635 | loss 0.1542 | val@20 0.6514 | test@20 0.6292 | best 0.6743 (ep 630)
2025-12-10 06:59:03 - [GCN] Epoch 0640 | loss 0.1531 | val@20 0.6375 | test@20 0.5077 | best 0.6743 (ep 630)
2025-12-10 06:59:16 - [GCN] Epoch 0645 | loss 0.1533 | val@20 0.6496 | test@20 0.6395 | best 0.6743 (ep 630)
2025-12-10 06:59:29 - [GCN] Epoch 0650 | loss 0.1574 | val@20 0.6152 | test@20 0.3631 | best 0.6743 (ep 630)
2025-12-10 06:59:41 - [GCN] Epoch 0655 | loss 0.1551 | val@20 0.6356 | test@20 0.4099 | best 0.6743 (ep 630)
2025-12-10 06:59:54 - [GCN] Epoch 0660 | loss 0.1537 | val@20 0.5782 | test@20 0.3589 | best 0.6743 (ep 630)
2025-12-10 07:00:08 - [GCN] Epoch 0665 | loss 0.1532 | val@20 0.6529 | test@20 0.5411 | best 0.6743 (ep 630)
2025-12-10 07:00:20 - [GCN] Epoch 0670 | loss 0.1532 | val@20 0.5878 | test@20 0.2065 | best 0.6743 (ep 630)
2025-12-10 07:00:34 - [GCN] Epoch 0675 | loss 0.1535 | val@20 0.6347 | test@20 0.3808 | best 0.6743 (ep 630)
2025-12-10 07:00:47 - [GCN] Epoch 0680 | loss 0.1519 | val@20 0.6496 | test@20 0.2837 | best 0.6743 (ep 630)
2025-12-10 07:01:00 - [GCN] Epoch 0685 | loss 0.1524 | val@20 0.6204 | test@20 0.2578 | best 0.6743 (ep 630)
2025-12-10 07:01:15 - [GCN] Epoch 0690 | loss 0.1530 | val@20 0.6332 | test@20 0.4019 | best 0.6743 (ep 630)
2025-12-10 07:01:28 - [GCN] Epoch 0695 | loss 0.1540 | val@20 0.6327 | test@20 0.5209 | best 0.6743 (ep 630)
2025-12-10 07:01:41 - [GCN] Epoch 0700 | loss 0.1524 | val@20 0.6412 | test@20 0.5848 | best 0.6743 (ep 630)
2025-12-10 07:01:54 - [GCN] Epoch 0705 | loss 0.1526 | val@20 0.6099 | test@20 0.4281 | best 0.6743 (ep 630)
2025-12-10 07:02:08 - [GCN] Epoch 0710 | loss 0.1526 | val@20 0.6258 | test@20 0.4337 | best 0.6743 (ep 630)
2025-12-10 07:02:21 - [GCN] Epoch 0715 | loss 0.1523 | val@20 0.4946 | test@20 0.4329 | best 0.6743 (ep 630)
2025-12-10 07:02:34 - [GCN] Epoch 0720 | loss 0.1532 | val@20 0.5687 | test@20 0.3203 | best 0.6743 (ep 630)
2025-12-10 07:02:47 - [GCN] Epoch 0725 | loss 0.1529 | val@20 0.6385 | test@20 0.5759 | best 0.6743 (ep 630)
2025-12-10 07:03:00 - [GCN] Epoch 0730 | loss 0.1537 | val@20 0.6311 | test@20 0.4795 | best 0.6743 (ep 630)
2025-12-10 07:03:14 - [GCN] Epoch 0735 | loss 0.1513 | val@20 0.6681 | test@20 0.4880 | best 0.6743 (ep 630)
2025-12-10 07:03:27 - [GCN] Epoch 0740 | loss 0.1523 | val@20 0.6567 | test@20 0.6357 | best 0.6743 (ep 630)
2025-12-10 07:03:40 - [GCN] Epoch 0745 | loss 0.1505 | val@20 0.6775 | test@20 0.5175 | best 0.6775 (ep 745)
2025-12-10 07:03:53 - [GCN] Epoch 0750 | loss 0.1528 | val@20 0.5830 | test@20 0.5504 | best 0.6775 (ep 745)
2025-12-10 07:04:06 - [GCN] Epoch 0755 | loss 0.1525 | val@20 0.6333 | test@20 0.5073 | best 0.6775 (ep 745)
2025-12-10 07:04:19 - [GCN] Epoch 0760 | loss 0.1525 | val@20 0.6339 | test@20 0.4497 | best 0.6775 (ep 745)
2025-12-10 07:04:31 - [GCN] Epoch 0765 | loss 0.1529 | val@20 0.6504 | test@20 0.4719 | best 0.6775 (ep 745)
2025-12-10 07:04:44 - [GCN] Epoch 0770 | loss 0.1519 | val@20 0.5191 | test@20 0.2681 | best 0.6775 (ep 745)
2025-12-10 07:04:57 - [GCN] Epoch 0775 | loss 0.1516 | val@20 0.6346 | test@20 0.5129 | best 0.6775 (ep 745)
2025-12-10 07:05:10 - [GCN] Epoch 0780 | loss 0.1513 | val@20 0.6572 | test@20 0.5561 | best 0.6775 (ep 745)
2025-12-10 07:05:23 - [GCN] Epoch 0785 | loss 0.1517 | val@20 0.6345 | test@20 0.5972 | best 0.6775 (ep 745)
2025-12-10 07:05:36 - [GCN] Epoch 0790 | loss 0.1525 | val@20 0.5987 | test@20 0.4805 | best 0.6775 (ep 745)
2025-12-10 07:05:49 - [GCN] Epoch 0795 | loss 0.1514 | val@20 0.6470 | test@20 0.5026 | best 0.6775 (ep 745)
2025-12-10 07:06:02 - [GCN] Epoch 0800 | loss 0.1509 | val@20 0.6360 | test@20 0.4477 | best 0.6775 (ep 745)
2025-12-10 07:06:15 - [GCN] Epoch 0805 | loss 0.1522 | val@20 0.6691 | test@20 0.5282 | best 0.6775 (ep 745)
2025-12-10 07:06:28 - [GCN] Epoch 0810 | loss 0.1524 | val@20 0.6155 | test@20 0.3831 | best 0.6775 (ep 745)
2025-12-10 07:06:40 - [GCN] Epoch 0815 | loss 0.1499 | val@20 0.6555 | test@20 0.4899 | best 0.6775 (ep 745)
2025-12-10 07:06:53 - [GCN] Epoch 0820 | loss 0.1518 | val@20 0.6621 | test@20 0.5050 | best 0.6775 (ep 745)
2025-12-10 07:07:07 - [GCN] Epoch 0825 | loss 0.1512 | val@20 0.6374 | test@20 0.5011 | best 0.6775 (ep 745)
2025-12-10 07:07:20 - [GCN] Epoch 0830 | loss 0.1512 | val@20 0.6251 | test@20 0.5573 | best 0.6775 (ep 745)
2025-12-10 07:07:33 - [GCN] Epoch 0835 | loss 0.1509 | val@20 0.6399 | test@20 0.4322 | best 0.6775 (ep 745)
2025-12-10 07:07:46 - [GCN] Epoch 0840 | loss 0.1510 | val@20 0.6155 | test@20 0.4954 | best 0.6775 (ep 745)
2025-12-10 07:07:59 - [GCN] Epoch 0845 | loss 0.1526 | val@20 0.6600 | test@20 0.8065 | best 0.6775 (ep 745)
2025-12-10 07:08:12 - [GCN] Epoch 0850 | loss 0.1507 | val@20 0.6506 | test@20 0.8126 | best 0.6775 (ep 745)
2025-12-10 07:08:25 - [GCN] Epoch 0855 | loss 0.1511 | val@20 0.6350 | test@20 0.6912 | best 0.6775 (ep 745)
2025-12-10 07:08:37 - [GCN] Epoch 0860 | loss 0.1498 | val@20 0.6508 | test@20 0.3905 | best 0.6775 (ep 745)
2025-12-10 07:08:50 - [GCN] Epoch 0865 | loss 0.1501 | val@20 0.6502 | test@20 0.5254 | best 0.6775 (ep 745)
2025-12-10 07:09:03 - [GCN] Epoch 0870 | loss 0.1501 | val@20 0.6555 | test@20 0.6438 | best 0.6775 (ep 745)
2025-12-10 07:09:16 - [GCN] Epoch 0875 | loss 0.1503 | val@20 0.6144 | test@20 0.4031 | best 0.6775 (ep 745)
2025-12-10 07:09:29 - [GCN] Epoch 0880 | loss 0.1497 | val@20 0.6135 | test@20 0.4696 | best 0.6775 (ep 745)
2025-12-10 07:09:42 - [GCN] Epoch 0885 | loss 0.1489 | val@20 0.6521 | test@20 0.6587 | best 0.6775 (ep 745)
2025-12-10 07:09:55 - [GCN] Epoch 0890 | loss 0.1508 | val@20 0.6605 | test@20 0.6431 | best 0.6775 (ep 745)
2025-12-10 07:10:08 - [GCN] Epoch 0895 | loss 0.1506 | val@20 0.6632 | test@20 0.6138 | best 0.6775 (ep 745)
2025-12-10 07:10:20 - [GCN] Epoch 0900 | loss 0.1489 | val@20 0.6496 | test@20 0.7586 | best 0.6775 (ep 745)
2025-12-10 07:10:33 - [GCN] Epoch 0905 | loss 0.1486 | val@20 0.5773 | test@20 0.3645 | best 0.6775 (ep 745)
2025-12-10 07:10:46 - [GCN] Epoch 0910 | loss 0.1493 | val@20 0.5923 | test@20 0.5861 | best 0.6775 (ep 745)
2025-12-10 07:10:59 - [GCN] Epoch 0915 | loss 0.1513 | val@20 0.6223 | test@20 0.7112 | best 0.6775 (ep 745)
2025-12-10 07:11:16 - [GCN] Epoch 0920 | loss 0.1489 | val@20 0.6001 | test@20 0.5216 | best 0.6775 (ep 745)
2025-12-10 07:11:28 - [GCN] Epoch 0925 | loss 0.1504 | val@20 0.5912 | test@20 0.4245 | best 0.6775 (ep 745)
2025-12-10 07:11:41 - [GCN] Epoch 0930 | loss 0.1493 | val@20 0.6706 | test@20 0.7124 | best 0.6775 (ep 745)
2025-12-10 07:11:54 - [GCN] Epoch 0935 | loss 0.1501 | val@20 0.6582 | test@20 0.6194 | best 0.6775 (ep 745)
2025-12-10 07:12:08 - [GCN] Epoch 0940 | loss 0.1503 | val@20 0.6346 | test@20 0.4793 | best 0.6775 (ep 745)
2025-12-10 07:12:20 - [GCN] Epoch 0945 | loss 0.1515 | val@20 0.6243 | test@20 0.5559 | best 0.6775 (ep 745)
2025-12-10 07:12:33 - [GCN] Epoch 0950 | loss 0.1514 | val@20 0.6295 | test@20 0.6216 | best 0.6775 (ep 745)
2025-12-10 07:12:46 - [GCN] Epoch 0955 | loss 0.1491 | val@20 0.6512 | test@20 0.5324 | best 0.6775 (ep 745)
2025-12-10 07:12:59 - [GCN] Epoch 0960 | loss 0.1491 | val@20 0.6670 | test@20 0.7392 | best 0.6775 (ep 745)
2025-12-10 07:13:12 - [GCN] Epoch 0965 | loss 0.1497 | val@20 0.6242 | test@20 0.3247 | best 0.6775 (ep 745)
2025-12-10 07:13:25 - [GCN] Epoch 0970 | loss 0.1494 | val@20 0.6589 | test@20 0.5131 | best 0.6775 (ep 745)
2025-12-10 07:13:38 - [GCN] Epoch 0975 | loss 0.1482 | val@20 0.6279 | test@20 0.3526 | best 0.6775 (ep 745)
2025-12-10 07:13:51 - [GCN] Epoch 0980 | loss 0.1508 | val@20 0.6828 | test@20 0.4559 | best 0.6828 (ep 980)
2025-12-10 07:14:04 - [GCN] Epoch 0985 | loss 0.1485 | val@20 0.6105 | test@20 0.3960 | best 0.6828 (ep 980)
2025-12-10 07:14:17 - [GCN] Epoch 0990 | loss 0.1489 | val@20 0.6801 | test@20 0.5415 | best 0.6828 (ep 980)
2025-12-10 07:14:30 - [GCN] Epoch 0995 | loss 0.1495 | val@20 0.6656 | test@20 0.6121 | best 0.6828 (ep 980)
2025-12-10 07:14:42 - [GCN] Epoch 1000 | loss 0.1477 | val@20 0.6441 | test@20 0.3319 | best 0.6828 (ep 980)
2025-12-10 07:14:55 - [GCN] Epoch 1005 | loss 0.1496 | val@20 0.6596 | test@20 0.6322 | best 0.6828 (ep 980)
2025-12-10 07:15:09 - [GCN] Epoch 1010 | loss 0.1510 | val@20 0.6527 | test@20 0.4807 | best 0.6828 (ep 980)
2025-12-10 07:15:22 - [GCN] Epoch 1015 | loss 0.1484 | val@20 0.6450 | test@20 0.6076 | best 0.6828 (ep 980)
2025-12-10 07:15:35 - [GCN] Epoch 1020 | loss 0.1493 | val@20 0.6833 | test@20 0.5983 | best 0.6833 (ep 1020)
2025-12-10 07:15:48 - [GCN] Epoch 1025 | loss 0.1489 | val@20 0.6635 | test@20 0.4406 | best 0.6833 (ep 1020)
2025-12-10 07:16:01 - [GCN] Epoch 1030 | loss 0.1495 | val@20 0.5744 | test@20 0.5005 | best 0.6833 (ep 1020)
2025-12-10 07:16:14 - [GCN] Epoch 1035 | loss 0.1495 | val@20 0.6178 | test@20 0.4705 | best 0.6833 (ep 1020)
2025-12-10 07:16:26 - [GCN] Epoch 1040 | loss 0.1512 | val@20 0.6357 | test@20 0.4998 | best 0.6833 (ep 1020)
2025-12-10 07:16:39 - [GCN] Epoch 1045 | loss 0.1495 | val@20 0.6521 | test@20 0.5456 | best 0.6833 (ep 1020)
2025-12-10 07:16:52 - [GCN] Epoch 1050 | loss 0.1477 | val@20 0.5722 | test@20 0.4287 | best 0.6833 (ep 1020)
2025-12-10 07:17:05 - [GCN] Epoch 1055 | loss 0.1478 | val@20 0.6793 | test@20 0.4207 | best 0.6833 (ep 1020)
2025-12-10 07:17:18 - [GCN] Epoch 1060 | loss 0.1488 | val@20 0.6694 | test@20 0.5487 | best 0.6833 (ep 1020)
2025-12-10 07:17:31 - [GCN] Epoch 1065 | loss 0.1484 | val@20 0.6257 | test@20 0.5122 | best 0.6833 (ep 1020)
2025-12-10 07:17:43 - [GCN] Epoch 1070 | loss 0.1494 | val@20 0.5789 | test@20 0.5166 | best 0.6833 (ep 1020)
2025-12-10 07:17:56 - [GCN] Epoch 1075 | loss 0.1497 | val@20 0.5563 | test@20 0.3524 | best 0.6833 (ep 1020)
2025-12-10 07:18:10 - [GCN] Epoch 1080 | loss 0.1488 | val@20 0.4410 | test@20 0.4931 | best 0.6833 (ep 1020)
2025-12-10 07:18:23 - [GCN] Epoch 1085 | loss 0.1478 | val@20 0.5651 | test@20 0.3357 | best 0.6833 (ep 1020)
2025-12-10 07:18:36 - [GCN] Epoch 1090 | loss 0.1474 | val@20 0.5803 | test@20 0.4876 | best 0.6833 (ep 1020)
2025-12-10 07:18:48 - [GCN] Epoch 1095 | loss 0.1496 | val@20 0.6578 | test@20 0.4626 | best 0.6833 (ep 1020)
2025-12-10 07:19:02 - [GCN] Epoch 1100 | loss 0.1493 | val@20 0.6813 | test@20 0.6219 | best 0.6833 (ep 1020)
2025-12-10 07:19:16 - [GCN] Epoch 1105 | loss 0.1486 | val@20 0.6103 | test@20 0.4973 | best 0.6833 (ep 1020)
2025-12-10 07:19:28 - [GCN] Epoch 1110 | loss 0.1492 | val@20 0.6783 | test@20 0.5649 | best 0.6833 (ep 1020)
2025-12-10 07:19:41 - [GCN] Epoch 1115 | loss 0.1478 | val@20 0.6552 | test@20 0.5864 | best 0.6833 (ep 1020)
2025-12-10 07:19:54 - [GCN] Epoch 1120 | loss 0.1478 | val@20 0.6125 | test@20 0.3857 | best 0.6833 (ep 1020)
2025-12-10 07:20:07 - [GCN] Epoch 1125 | loss 0.1481 | val@20 0.6442 | test@20 0.5439 | best 0.6833 (ep 1020)
2025-12-10 07:20:20 - [GCN] Epoch 1130 | loss 0.1495 | val@20 0.6766 | test@20 0.5589 | best 0.6833 (ep 1020)
2025-12-10 07:20:33 - [GCN] Epoch 1135 | loss 0.1504 | val@20 0.6504 | test@20 0.4202 | best 0.6833 (ep 1020)
2025-12-10 07:20:45 - [GCN] Epoch 1140 | loss 0.1470 | val@20 0.6682 | test@20 0.6131 | best 0.6833 (ep 1020)
2025-12-10 07:20:58 - [GCN] Epoch 1145 | loss 0.1475 | val@20 0.6572 | test@20 0.5196 | best 0.6833 (ep 1020)
2025-12-10 07:21:15 - [GCN] Epoch 1150 | loss 0.1473 | val@20 0.6641 | test@20 0.5973 | best 0.6833 (ep 1020)
2025-12-10 07:21:27 - [GCN] Epoch 1155 | loss 0.1477 | val@20 0.6689 | test@20 0.5261 | best 0.6833 (ep 1020)
2025-12-10 07:21:40 - [GCN] Epoch 1160 | loss 0.1464 | val@20 0.6873 | test@20 0.7841 | best 0.6873 (ep 1160)
2025-12-10 07:21:53 - [GCN] Epoch 1165 | loss 0.1475 | val@20 0.6214 | test@20 0.3120 | best 0.6873 (ep 1160)
2025-12-10 07:22:07 - [GCN] Epoch 1170 | loss 0.1480 | val@20 0.6732 | test@20 0.5746 | best 0.6873 (ep 1160)
2025-12-10 07:22:20 - [GCN] Epoch 1175 | loss 0.1490 | val@20 0.6547 | test@20 0.3714 | best 0.6873 (ep 1160)
2025-12-10 07:22:33 - [GCN] Epoch 1180 | loss 0.1476 | val@20 0.6583 | test@20 0.4899 | best 0.6873 (ep 1160)
2025-12-10 07:22:45 - [GCN] Epoch 1185 | loss 0.1474 | val@20 0.6758 | test@20 0.5870 | best 0.6873 (ep 1160)
2025-12-10 07:22:58 - [GCN] Epoch 1190 | loss 0.1465 | val@20 0.6551 | test@20 0.5400 | best 0.6873 (ep 1160)
2025-12-10 07:23:11 - [GCN] Epoch 1195 | loss 0.1474 | val@20 0.6013 | test@20 0.5616 | best 0.6873 (ep 1160)
2025-12-10 07:23:24 - [GCN] Epoch 1200 | loss 0.1471 | val@20 0.6259 | test@20 0.5509 | best 0.6873 (ep 1160)
2025-12-10 07:23:37 - [GCN] Epoch 1205 | loss 0.1479 | val@20 0.6516 | test@20 0.4690 | best 0.6873 (ep 1160)
2025-12-10 07:23:50 - [GCN] Epoch 1210 | loss 0.1480 | val@20 0.6434 | test@20 0.3607 | best 0.6873 (ep 1160)
2025-12-10 07:24:04 - [GCN] Epoch 1215 | loss 0.1492 | val@20 0.6511 | test@20 0.6655 | best 0.6873 (ep 1160)
2025-12-10 07:24:16 - [GCN] Epoch 1220 | loss 0.1478 | val@20 0.6669 | test@20 0.5024 | best 0.6873 (ep 1160)
2025-12-10 07:24:29 - [GCN] Epoch 1225 | loss 0.1479 | val@20 0.6663 | test@20 0.6315 | best 0.6873 (ep 1160)
2025-12-10 07:24:42 - [GCN] Epoch 1230 | loss 0.1485 | val@20 0.6735 | test@20 0.7781 | best 0.6873 (ep 1160)
2025-12-10 07:24:55 - [GCN] Epoch 1235 | loss 0.1469 | val@20 0.6623 | test@20 0.4792 | best 0.6873 (ep 1160)
2025-12-10 07:25:08 - [GCN] Epoch 1240 | loss 0.1495 | val@20 0.6362 | test@20 0.5239 | best 0.6873 (ep 1160)
2025-12-10 07:25:21 - [GCN] Epoch 1245 | loss 0.1476 | val@20 0.6582 | test@20 0.7277 | best 0.6873 (ep 1160)
2025-12-10 07:25:34 - [GCN] Epoch 1250 | loss 0.1471 | val@20 0.6580 | test@20 0.4290 | best 0.6873 (ep 1160)
2025-12-10 07:25:46 - [GCN] Epoch 1255 | loss 0.1467 | val@20 0.6627 | test@20 0.6419 | best 0.6873 (ep 1160)
2025-12-10 07:25:59 - [GCN] Epoch 1260 | loss 0.1477 | val@20 0.6590 | test@20 0.4250 | best 0.6873 (ep 1160)
2025-12-10 07:26:12 - [GCN] Epoch 1265 | loss 0.1466 | val@20 0.6728 | test@20 0.5100 | best 0.6873 (ep 1160)
2025-12-10 07:26:25 - [GCN] Epoch 1270 | loss 0.1478 | val@20 0.6384 | test@20 0.6653 | best 0.6873 (ep 1160)
2025-12-10 07:26:38 - [GCN] Epoch 1275 | loss 0.1472 | val@20 0.6442 | test@20 0.6354 | best 0.6873 (ep 1160)
2025-12-10 07:26:51 - [GCN] Epoch 1280 | loss 0.1473 | val@20 0.6758 | test@20 0.3523 | best 0.6873 (ep 1160)
2025-12-10 07:27:04 - [GCN] Epoch 1285 | loss 0.1465 | val@20 0.6827 | test@20 0.5278 | best 0.6873 (ep 1160)
2025-12-10 07:27:17 - [GCN] Epoch 1290 | loss 0.1477 | val@20 0.6756 | test@20 0.5920 | best 0.6873 (ep 1160)
2025-12-10 07:27:30 - [GCN] Epoch 1295 | loss 0.1477 | val@20 0.6808 | test@20 0.5890 | best 0.6873 (ep 1160)
2025-12-10 07:27:42 - [GCN] Epoch 1300 | loss 0.1489 | val@20 0.6856 | test@20 0.3495 | best 0.6873 (ep 1160)
2025-12-10 07:27:55 - [GCN] Epoch 1305 | loss 0.1462 | val@20 0.6920 | test@20 0.6419 | best 0.6920 (ep 1305)
2025-12-10 07:28:08 - [GCN] Epoch 1310 | loss 0.1472 | val@20 0.6789 | test@20 0.5993 | best 0.6920 (ep 1305)
2025-12-10 07:28:20 - [GCN] Epoch 1315 | loss 0.1461 | val@20 0.6735 | test@20 0.8107 | best 0.6920 (ep 1305)
2025-12-10 07:28:33 - [GCN] Epoch 1320 | loss 0.1462 | val@20 0.6696 | test@20 0.6485 | best 0.6920 (ep 1305)
2025-12-10 07:28:46 - [GCN] Epoch 1325 | loss 0.1470 | val@20 0.6273 | test@20 0.5201 | best 0.6920 (ep 1305)
2025-12-10 07:28:59 - [GCN] Epoch 1330 | loss 0.1469 | val@20 0.6452 | test@20 0.5339 | best 0.6920 (ep 1305)
2025-12-10 07:29:13 - [GCN] Epoch 1335 | loss 0.1478 | val@20 0.6083 | test@20 0.4844 | best 0.6920 (ep 1305)
2025-12-10 07:29:25 - [GCN] Epoch 1340 | loss 0.1470 | val@20 0.6201 | test@20 0.3942 | best 0.6920 (ep 1305)
2025-12-10 07:29:39 - [GCN] Epoch 1345 | loss 0.1468 | val@20 0.6372 | test@20 0.4963 | best 0.6920 (ep 1305)
2025-12-10 07:29:51 - [GCN] Epoch 1350 | loss 0.1471 | val@20 0.6676 | test@20 0.5526 | best 0.6920 (ep 1305)
2025-12-10 07:30:05 - [GCN] Epoch 1355 | loss 0.1466 | val@20 0.6805 | test@20 0.8291 | best 0.6920 (ep 1305)
2025-12-10 07:30:18 - [GCN] Epoch 1360 | loss 0.1473 | val@20 0.6797 | test@20 0.2865 | best 0.6920 (ep 1305)
2025-12-10 07:30:30 - [GCN] Epoch 1365 | loss 0.1479 | val@20 0.6414 | test@20 0.3977 | best 0.6920 (ep 1305)
2025-12-10 07:30:43 - [GCN] Epoch 1370 | loss 0.1468 | val@20 0.6647 | test@20 0.4921 | best 0.6920 (ep 1305)
2025-12-10 07:30:55 - [GCN] Epoch 1375 | loss 0.1485 | val@20 0.5753 | test@20 0.3860 | best 0.6920 (ep 1305)
2025-12-10 07:31:11 - [GCN] Epoch 1380 | loss 0.1467 | val@20 0.6801 | test@20 0.6966 | best 0.6920 (ep 1305)
2025-12-10 07:31:25 - [GCN] Epoch 1385 | loss 0.1475 | val@20 0.6466 | test@20 0.3785 | best 0.6920 (ep 1305)
2025-12-10 07:31:38 - [GCN] Epoch 1390 | loss 0.1479 | val@20 0.6641 | test@20 0.5288 | best 0.6920 (ep 1305)
2025-12-10 07:31:50 - [GCN] Epoch 1395 | loss 0.1474 | val@20 0.6777 | test@20 0.5810 | best 0.6920 (ep 1305)
2025-12-10 07:32:03 - [GCN] Epoch 1400 | loss 0.1462 | val@20 0.6392 | test@20 0.5099 | best 0.6920 (ep 1305)
2025-12-10 07:32:17 - [GCN] Epoch 1405 | loss 0.1465 | val@20 0.6613 | test@20 0.6236 | best 0.6920 (ep 1305)
2025-12-10 07:32:29 - [GCN] Epoch 1410 | loss 0.1478 | val@20 0.6466 | test@20 0.4596 | best 0.6920 (ep 1305)
2025-12-10 07:32:42 - [GCN] Epoch 1415 | loss 0.1458 | val@20 0.6701 | test@20 0.8140 | best 0.6920 (ep 1305)
2025-12-10 07:32:55 - [GCN] Epoch 1420 | loss 0.1455 | val@20 0.6218 | test@20 0.5534 | best 0.6920 (ep 1305)
2025-12-10 07:33:08 - [GCN] Epoch 1425 | loss 0.1469 | val@20 0.6076 | test@20 0.5748 | best 0.6920 (ep 1305)
2025-12-10 07:33:21 - [GCN] Epoch 1430 | loss 0.1470 | val@20 0.6528 | test@20 0.3376 | best 0.6920 (ep 1305)
2025-12-10 07:33:33 - [GCN] Epoch 1435 | loss 0.1460 | val@20 0.6329 | test@20 0.6228 | best 0.6920 (ep 1305)
2025-12-10 07:33:46 - [GCN] Epoch 1440 | loss 0.1475 | val@20 0.6309 | test@20 0.4588 | best 0.6920 (ep 1305)
2025-12-10 07:33:58 - [GCN] Epoch 1445 | loss 0.1468 | val@20 0.6686 | test@20 0.6146 | best 0.6920 (ep 1305)
2025-12-10 07:34:12 - [GCN] Epoch 1450 | loss 0.1464 | val@20 0.6599 | test@20 0.5276 | best 0.6920 (ep 1305)
2025-12-10 07:34:25 - [GCN] Epoch 1455 | loss 0.1462 | val@20 0.6784 | test@20 0.5586 | best 0.6920 (ep 1305)
2025-12-10 07:34:38 - [GCN] Epoch 1460 | loss 0.1466 | val@20 0.6679 | test@20 0.5999 | best 0.6920 (ep 1305)
2025-12-10 07:34:51 - [GCN] Epoch 1465 | loss 0.1471 | val@20 0.5903 | test@20 0.4245 | best 0.6920 (ep 1305)
2025-12-10 07:35:05 - [GCN] Epoch 1470 | loss 0.1455 | val@20 0.6341 | test@20 0.6693 | best 0.6920 (ep 1305)
2025-12-10 07:35:18 - [GCN] Epoch 1475 | loss 0.1462 | val@20 0.6532 | test@20 0.4146 | best 0.6920 (ep 1305)
2025-12-10 07:35:31 - [GCN] Epoch 1480 | loss 0.1455 | val@20 0.6924 | test@20 0.5333 | best 0.6924 (ep 1480)
2025-12-10 07:35:44 - [GCN] Epoch 1485 | loss 0.1503 | val@20 0.6590 | test@20 0.2951 | best 0.6924 (ep 1480)
2025-12-10 07:35:56 - [GCN] Epoch 1490 | loss 0.1464 | val@20 0.5017 | test@20 0.4003 | best 0.6924 (ep 1480)
2025-12-10 07:36:10 - [GCN] Epoch 1495 | loss 0.1486 | val@20 0.6859 | test@20 0.5347 | best 0.6924 (ep 1480)
2025-12-10 07:36:22 - [GCN] Epoch 1500 | loss 0.1455 | val@20 0.6636 | test@20 0.6565 | best 0.6924 (ep 1480)
2025-12-10 07:36:35 - [GCN] Epoch 1505 | loss 0.1466 | val@20 0.6174 | test@20 0.2843 | best 0.6924 (ep 1480)
2025-12-10 07:36:48 - [GCN] Epoch 1510 | loss 0.1469 | val@20 0.5793 | test@20 0.5874 | best 0.6924 (ep 1480)
2025-12-10 07:37:00 - [GCN] Epoch 1515 | loss 0.1451 | val@20 0.6816 | test@20 0.4843 | best 0.6924 (ep 1480)
2025-12-10 07:37:14 - [GCN] Epoch 1520 | loss 0.1453 | val@20 0.6928 | test@20 0.4570 | best 0.6928 (ep 1520)
2025-12-10 07:37:26 - [GCN] Epoch 1525 | loss 0.1455 | val@20 0.6967 | test@20 0.8054 | best 0.6967 (ep 1525)
2025-12-10 07:37:39 - [GCN] Epoch 1530 | loss 0.1484 | val@20 0.6959 | test@20 0.6712 | best 0.6967 (ep 1525)
2025-12-10 07:37:51 - [GCN] Epoch 1535 | loss 0.1452 | val@20 0.6686 | test@20 0.4815 | best 0.6967 (ep 1525)
2025-12-10 07:38:05 - [GCN] Epoch 1540 | loss 0.1460 | val@20 0.6607 | test@20 0.6277 | best 0.6967 (ep 1525)
2025-12-10 07:38:18 - [GCN] Epoch 1545 | loss 0.1468 | val@20 0.6927 | test@20 0.5281 | best 0.6967 (ep 1525)
2025-12-10 07:38:30 - [GCN] Epoch 1550 | loss 0.1466 | val@20 0.6921 | test@20 0.4562 | best 0.6967 (ep 1525)
2025-12-10 07:38:43 - [GCN] Epoch 1555 | loss 0.1460 | val@20 0.6740 | test@20 0.5155 | best 0.6967 (ep 1525)
2025-12-10 07:38:55 - [GCN] Epoch 1560 | loss 0.1465 | val@20 0.6363 | test@20 0.3994 | best 0.6967 (ep 1525)
2025-12-10 07:39:09 - [GCN] Epoch 1565 | loss 0.1460 | val@20 0.7042 | test@20 0.4894 | best 0.7042 (ep 1565)
2025-12-10 07:39:22 - [GCN] Epoch 1570 | loss 0.1465 | val@20 0.6709 | test@20 0.4579 | best 0.7042 (ep 1565)
2025-12-10 07:39:34 - [GCN] Epoch 1575 | loss 0.1462 | val@20 0.6596 | test@20 0.5157 | best 0.7042 (ep 1565)
2025-12-10 07:39:47 - [GCN] Epoch 1580 | loss 0.1457 | val@20 0.6082 | test@20 0.4764 | best 0.7042 (ep 1565)
2025-12-10 07:39:59 - [GCN] Epoch 1585 | loss 0.1457 | val@20 0.6843 | test@20 0.5338 | best 0.7042 (ep 1565)
2025-12-10 07:40:13 - [GCN] Epoch 1590 | loss 0.1461 | val@20 0.6707 | test@20 0.5210 | best 0.7042 (ep 1565)
2025-12-10 07:40:26 - [GCN] Epoch 1595 | loss 0.1454 | val@20 0.6837 | test@20 0.6654 | best 0.7042 (ep 1565)
2025-12-10 07:40:38 - [GCN] Epoch 1600 | loss 0.1458 | val@20 0.6850 | test@20 0.5060 | best 0.7042 (ep 1565)
2025-12-10 07:40:51 - [GCN] Epoch 1605 | loss 0.1442 | val@20 0.6657 | test@20 0.5925 | best 0.7042 (ep 1565)
2025-12-10 07:41:05 - [GCN] Epoch 1610 | loss 0.1471 | val@20 0.6449 | test@20 0.1909 | best 0.7042 (ep 1565)
2025-12-10 07:41:20 - [GCN] Epoch 1615 | loss 0.1456 | val@20 0.6902 | test@20 0.4095 | best 0.7042 (ep 1565)
2025-12-10 07:41:32 - [GCN] Epoch 1620 | loss 0.1463 | val@20 0.6956 | test@20 0.4680 | best 0.7042 (ep 1565)
2025-12-10 07:41:45 - [GCN] Epoch 1625 | loss 0.1469 | val@20 0.6786 | test@20 0.4275 | best 0.7042 (ep 1565)
2025-12-10 07:41:57 - [GCN] Epoch 1630 | loss 0.1456 | val@20 0.6897 | test@20 0.4857 | best 0.7042 (ep 1565)
2025-12-10 07:42:11 - [GCN] Epoch 1635 | loss 0.1452 | val@20 0.6783 | test@20 0.4906 | best 0.7042 (ep 1565)
2025-12-10 07:42:24 - [GCN] Epoch 1640 | loss 0.1472 | val@20 0.6778 | test@20 0.8118 | best 0.7042 (ep 1565)
2025-12-10 07:42:37 - [GCN] Epoch 1645 | loss 0.1456 | val@20 0.6802 | test@20 0.8233 | best 0.7042 (ep 1565)
2025-12-10 07:42:50 - [GCN] Epoch 1650 | loss 0.1448 | val@20 0.6651 | test@20 0.4356 | best 0.7042 (ep 1565)
2025-12-10 07:43:02 - [GCN] Epoch 1655 | loss 0.1451 | val@20 0.6883 | test@20 0.4877 | best 0.7042 (ep 1565)
2025-12-10 07:43:16 - [GCN] Epoch 1660 | loss 0.1470 | val@20 0.6843 | test@20 0.7464 | best 0.7042 (ep 1565)
2025-12-10 07:43:29 - [GCN] Epoch 1665 | loss 0.1442 | val@20 0.7010 | test@20 0.8041 | best 0.7042 (ep 1565)
2025-12-10 07:43:41 - [GCN] Epoch 1670 | loss 0.1457 | val@20 0.6649 | test@20 0.6231 | best 0.7042 (ep 1565)
2025-12-10 07:43:54 - [GCN] Epoch 1675 | loss 0.1452 | val@20 0.6717 | test@20 0.6216 | best 0.7042 (ep 1565)
2025-12-10 07:44:07 - [GCN] Epoch 1680 | loss 0.1455 | val@20 0.6883 | test@20 0.5352 | best 0.7042 (ep 1565)
2025-12-10 07:44:20 - [GCN] Epoch 1685 | loss 0.1467 | val@20 0.6695 | test@20 0.5946 | best 0.7042 (ep 1565)
2025-12-10 07:44:32 - [GCN] Epoch 1690 | loss 0.1479 | val@20 0.6911 | test@20 0.4999 | best 0.7042 (ep 1565)
2025-12-10 07:44:46 - [GCN] Epoch 1695 | loss 0.1468 | val@20 0.6833 | test@20 0.5958 | best 0.7042 (ep 1565)
2025-12-10 07:44:58 - [GCN] Epoch 1700 | loss 0.1448 | val@20 0.6706 | test@20 0.2707 | best 0.7042 (ep 1565)
2025-12-10 07:45:12 - [GCN] Epoch 1705 | loss 0.1464 | val@20 0.6560 | test@20 0.3835 | best 0.7042 (ep 1565)
2025-12-10 07:45:25 - [GCN] Epoch 1710 | loss 0.1453 | val@20 0.6813 | test@20 0.3890 | best 0.7042 (ep 1565)
2025-12-10 07:45:38 - [GCN] Epoch 1715 | loss 0.1464 | val@20 0.6767 | test@20 0.6412 | best 0.7042 (ep 1565)
2025-12-10 07:45:50 - [GCN] Epoch 1720 | loss 0.1464 | val@20 0.6869 | test@20 0.5934 | best 0.7042 (ep 1565)
2025-12-10 07:46:03 - [GCN] Epoch 1725 | loss 0.1456 | val@20 0.6903 | test@20 0.7349 | best 0.7042 (ep 1565)
2025-12-10 07:46:16 - [GCN] Epoch 1730 | loss 0.1459 | val@20 0.6858 | test@20 0.5750 | best 0.7042 (ep 1565)
2025-12-10 07:46:29 - [GCN] Epoch 1735 | loss 0.1458 | val@20 0.6779 | test@20 0.7918 | best 0.7042 (ep 1565)
2025-12-10 07:46:42 - [GCN] Epoch 1740 | loss 0.1467 | val@20 0.6682 | test@20 0.4505 | best 0.7042 (ep 1565)
2025-12-10 07:46:55 - [GCN] Epoch 1745 | loss 0.1456 | val@20 0.6735 | test@20 0.4955 | best 0.7042 (ep 1565)
2025-12-10 07:47:08 - [GCN] Epoch 1750 | loss 0.1460 | val@20 0.6789 | test@20 0.5639 | best 0.7042 (ep 1565)
2025-12-10 07:47:21 - [GCN] Epoch 1755 | loss 0.1447 | val@20 0.6740 | test@20 0.5113 | best 0.7042 (ep 1565)
2025-12-10 07:47:34 - [GCN] Epoch 1760 | loss 0.1465 | val@20 0.6771 | test@20 0.4864 | best 0.7042 (ep 1565)
2025-12-10 07:47:47 - [GCN] Epoch 1765 | loss 0.1447 | val@20 0.6960 | test@20 0.7987 | best 0.7042 (ep 1565)
2025-12-10 07:47:59 - [GCN] Epoch 1770 | loss 0.2468 | val@20 0.0000 | test@20 0.0005 | best 0.7042 (ep 1565)
2025-12-10 07:48:13 - [GCN] Epoch 1775 | loss 0.2115 | val@20 0.3587 | test@20 0.5074 | best 0.7042 (ep 1565)
2025-12-10 07:48:25 - [GCN] Epoch 1780 | loss 0.1789 | val@20 0.6482 | test@20 0.6741 | best 0.7042 (ep 1565)
2025-12-10 07:48:38 - [GCN] Epoch 1785 | loss 0.1688 | val@20 0.5849 | test@20 0.4141 | best 0.7042 (ep 1565)
2025-12-10 07:48:51 - [GCN] Epoch 1790 | loss 0.1645 | val@20 0.6486 | test@20 0.5957 | best 0.7042 (ep 1565)
2025-12-10 07:49:04 - [GCN] Epoch 1795 | loss 0.1600 | val@20 0.5508 | test@20 0.4949 | best 0.7042 (ep 1565)
2025-12-10 07:49:17 - [GCN] Epoch 1800 | loss 0.1597 | val@20 0.6397 | test@20 0.6469 | best 0.7042 (ep 1565)
2025-12-10 07:49:30 - [GCN] Epoch 1805 | loss 0.1552 | val@20 0.6264 | test@20 0.5172 | best 0.7042 (ep 1565)
2025-12-10 07:49:42 - [GCN] Epoch 1810 | loss 0.1536 | val@20 0.6405 | test@20 0.5421 | best 0.7042 (ep 1565)
2025-12-10 07:49:54 - [GCN] Epoch 1815 | loss 0.1525 | val@20 0.6747 | test@20 0.6077 | best 0.7042 (ep 1565)
2025-12-10 07:50:08 - [GCN] Epoch 1820 | loss 0.1517 | val@20 0.6869 | test@20 0.5668 | best 0.7042 (ep 1565)
2025-12-10 07:50:20 - [GCN] Epoch 1825 | loss 0.1515 | val@20 0.6761 | test@20 0.6322 | best 0.7042 (ep 1565)
2025-12-10 07:50:33 - [GCN] Epoch 1830 | loss 0.1496 | val@20 0.6823 | test@20 0.7973 | best 0.7042 (ep 1565)
2025-12-10 07:50:46 - [GCN] Epoch 1835 | loss 0.1500 | val@20 0.6690 | test@20 0.7563 | best 0.7042 (ep 1565)
2025-12-10 07:50:59 - [GCN] Epoch 1840 | loss 0.1492 | val@20 0.6783 | test@20 0.8049 | best 0.7042 (ep 1565)
2025-12-10 07:51:16 - [GCN] Epoch 1845 | loss 0.1479 | val@20 0.6851 | test@20 0.5780 | best 0.7042 (ep 1565)
2025-12-10 07:51:29 - [GCN] Epoch 1850 | loss 0.1488 | val@20 0.6707 | test@20 0.6884 | best 0.7042 (ep 1565)
2025-12-10 07:51:42 - [GCN] Epoch 1855 | loss 0.1492 | val@20 0.6909 | test@20 0.5947 | best 0.7042 (ep 1565)
2025-12-10 07:51:54 - [GCN] Epoch 1860 | loss 0.1483 | val@20 0.6787 | test@20 0.6668 | best 0.7042 (ep 1565)
2025-12-10 07:52:08 - [GCN] Epoch 1865 | loss 0.1477 | val@20 0.6732 | test@20 0.5990 | best 0.7042 (ep 1565)
2025-12-10 07:52:21 - [GCN] Epoch 1870 | loss 0.1493 | val@20 0.6898 | test@20 0.6690 | best 0.7042 (ep 1565)
2025-12-10 07:52:33 - [GCN] Epoch 1875 | loss 0.1466 | val@20 0.6991 | test@20 0.7110 | best 0.7042 (ep 1565)
2025-12-10 07:52:46 - [GCN] Epoch 1880 | loss 0.1464 | val@20 0.6829 | test@20 0.5646 | best 0.7042 (ep 1565)
2025-12-10 07:52:59 - [GCN] Epoch 1885 | loss 0.1466 | val@20 0.6759 | test@20 0.5756 | best 0.7042 (ep 1565)
2025-12-10 07:53:12 - [GCN] Epoch 1890 | loss 0.1467 | val@20 0.6590 | test@20 0.5352 | best 0.7042 (ep 1565)
2025-12-10 07:53:25 - [GCN] Epoch 1895 | loss 0.1467 | val@20 0.6824 | test@20 0.5811 | best 0.7042 (ep 1565)
2025-12-10 07:53:38 - [GCN] Epoch 1900 | loss 0.1481 | val@20 0.6889 | test@20 0.5326 | best 0.7042 (ep 1565)
2025-12-10 07:53:50 - [GCN] Epoch 1905 | loss 0.1465 | val@20 0.6783 | test@20 0.3896 | best 0.7042 (ep 1565)
2025-12-10 07:54:03 - [GCN] Epoch 1910 | loss 0.1451 | val@20 0.7045 | test@20 0.5505 | best 0.7045 (ep 1910)
2025-12-10 07:54:16 - [GCN] Epoch 1915 | loss 0.1460 | val@20 0.6906 | test@20 0.5027 | best 0.7045 (ep 1910)
2025-12-10 07:54:29 - [GCN] Epoch 1920 | loss 0.1468 | val@20 0.6990 | test@20 0.6272 | best 0.7045 (ep 1910)
2025-12-10 07:54:42 - [GCN] Epoch 1925 | loss 0.1458 | val@20 0.7027 | test@20 0.7212 | best 0.7045 (ep 1910)
2025-12-10 07:54:54 - [GCN] Epoch 1930 | loss 0.1462 | val@20 0.6688 | test@20 0.5565 | best 0.7045 (ep 1910)
2025-12-10 07:55:08 - [GCN] Epoch 1935 | loss 0.1457 | val@20 0.6946 | test@20 0.5084 | best 0.7045 (ep 1910)
2025-12-10 07:55:20 - [GCN] Epoch 1940 | loss 0.1454 | val@20 0.6768 | test@20 0.6805 | best 0.7045 (ep 1910)
2025-12-10 07:55:33 - [GCN] Epoch 1945 | loss 0.1473 | val@20 0.6854 | test@20 0.7184 | best 0.7045 (ep 1910)
2025-12-10 07:55:46 - [GCN] Epoch 1950 | loss 0.1462 | val@20 0.6894 | test@20 0.4358 | best 0.7045 (ep 1910)
2025-12-10 07:55:58 - [GCN] Epoch 1955 | loss 0.1457 | val@20 0.6891 | test@20 0.6774 | best 0.7045 (ep 1910)
2025-12-10 07:56:12 - [GCN] Epoch 1960 | loss 0.1450 | val@20 0.6886 | test@20 0.4604 | best 0.7045 (ep 1910)
2025-12-10 07:56:25 - [GCN] Epoch 1965 | loss 0.1460 | val@20 0.6811 | test@20 0.4895 | best 0.7045 (ep 1910)
2025-12-10 07:56:37 - [GCN] Epoch 1970 | loss 0.1449 | val@20 0.6787 | test@20 0.6193 | best 0.7045 (ep 1910)
2025-12-10 07:56:50 - [GCN] Epoch 1975 | loss 0.1477 | val@20 0.6847 | test@20 0.6719 | best 0.7045 (ep 1910)
2025-12-10 07:57:03 - [GCN] Epoch 1980 | loss 0.1460 | val@20 0.6795 | test@20 0.5134 | best 0.7045 (ep 1910)
2025-12-10 07:57:16 - [GCN] Epoch 1985 | loss 0.1453 | val@20 0.6881 | test@20 0.5465 | best 0.7045 (ep 1910)
2025-12-10 07:57:29 - [GCN] Epoch 1990 | loss 0.1454 | val@20 0.6958 | test@20 0.5705 | best 0.7045 (ep 1910)
2025-12-10 07:57:41 - [GCN] Epoch 1995 | loss 0.1455 | val@20 0.6889 | test@20 0.5058 | best 0.7045 (ep 1910)
2025-12-10 07:57:54 - [GCN] Epoch 2000 | loss 0.1452 | val@20 0.7021 | test@20 0.5871 | best 0.7045 (ep 1910)
2025-12-10 07:57:54 - ================================================================================
2025-12-10 07:57:54 - Final Results
2025-12-10 07:57:54 - ================================================================================
2025-12-10 07:57:54 - Hits@10: Valid 66.95% | Test 51.24%
2025-12-10 07:57:54 - Hits@20: Valid 70.45% | Test 55.05%
2025-12-10 07:57:54 - Hits@30: Valid 72.29% | Test 78.88%
2025-12-10 07:57:54 - ================================================================================
