2025-12-10 23:56:21 - OGBL-DDI Link Prediction - GCN
2025-12-10 23:56:21 - Device: cuda:0
2025-12-10 23:56:21 - Log directory: logs/ddi_gcn_20251210_235621
2025-12-10 23:56:21 - ================================================================================
2025-12-10 23:56:21 - Dataset: 4267 nodes, 2135822 edges
2025-12-10 23:56:21 - Train edges: 1067911
2025-12-10 23:56:21 - Valid edges: 133489 pos, 101882 neg
2025-12-10 23:56:21 - Test edges: 133489 pos, 95599 neg
2025-12-10 23:56:21 - ================================================================================
2025-12-10 23:56:21 - Model Configuration:
2025-12-10 23:56:21 -   architecture: GCN + MLP
2025-12-10 23:56:21 -   num_layers: 3
2025-12-10 23:56:21 -   hidden_channels: 192
2025-12-10 23:56:21 -   dropout: 0.0
2025-12-10 23:56:21 - Training Configuration:
2025-12-10 23:56:21 -   epochs: 200
2025-12-10 23:56:21 -   lr: 0.0015
2025-12-10 23:56:21 -   batch_size: 32768
2025-12-10 23:56:21 -   eval_steps: 10
2025-12-10 23:56:21 -   runs: 1
2025-12-10 23:56:21 - ================================================================================
2025-12-10 23:56:39 - [GCN] Epoch 0010 | loss 0.5883 | val@20 0.0749 | test@20 0.0685 | best 0.0749 (ep 10)
2025-12-10 23:56:56 - [GCN] Epoch 0020 | loss 0.4494 | val@20 0.1923 | test@20 0.1602 | best 0.1923 (ep 20)
2025-12-10 23:57:13 - [GCN] Epoch 0030 | loss 0.3993 | val@20 0.2288 | test@20 0.1445 | best 0.2288 (ep 30)
2025-12-10 23:57:30 - [GCN] Epoch 0040 | loss 0.3512 | val@20 0.2166 | test@20 0.1447 | best 0.2288 (ep 30)
2025-12-10 23:57:47 - [GCN] Epoch 0050 | loss 0.3254 | val@20 0.3111 | test@20 0.1342 | best 0.3111 (ep 50)
2025-12-10 23:58:04 - [GCN] Epoch 0060 | loss 0.3083 | val@20 0.3086 | test@20 0.1343 | best 0.3111 (ep 50)
2025-12-10 23:58:21 - [GCN] Epoch 0070 | loss 0.2938 | val@20 0.2522 | test@20 0.1311 | best 0.3111 (ep 50)
2025-12-10 23:58:38 - [GCN] Epoch 0080 | loss 0.2844 | val@20 0.2803 | test@20 0.1369 | best 0.3111 (ep 50)
2025-12-10 23:58:55 - [GCN] Epoch 0090 | loss 0.2768 | val@20 0.1922 | test@20 0.0513 | best 0.3111 (ep 50)
2025-12-10 23:59:13 - [GCN] Epoch 0100 | loss 0.2667 | val@20 0.2858 | test@20 0.1052 | best 0.3111 (ep 50)
2025-12-10 23:59:30 - [GCN] Epoch 0110 | loss 0.2587 | val@20 0.2855 | test@20 0.0999 | best 0.3111 (ep 50)
2025-12-10 23:59:47 - [GCN] Epoch 0120 | loss 0.2532 | val@20 0.3084 | test@20 0.0732 | best 0.3111 (ep 50)
2025-12-11 00:00:04 - [GCN] Epoch 0130 | loss 0.2458 | val@20 0.3375 | test@20 0.1766 | best 0.3375 (ep 130)
2025-12-11 00:00:21 - [GCN] Epoch 0140 | loss 0.2395 | val@20 0.2589 | test@20 0.1232 | best 0.3375 (ep 130)
2025-12-11 00:00:38 - [GCN] Epoch 0150 | loss 0.2388 | val@20 0.3295 | test@20 0.2184 | best 0.3375 (ep 130)
2025-12-11 00:00:55 - [GCN] Epoch 0160 | loss 0.2316 | val@20 0.2724 | test@20 0.1831 | best 0.3375 (ep 130)
2025-12-11 00:01:12 - [GCN] Epoch 0170 | loss 0.2270 | val@20 0.3455 | test@20 0.1230 | best 0.3455 (ep 170)
2025-12-11 00:01:30 - [GCN] Epoch 0180 | loss 0.2226 | val@20 0.3204 | test@20 0.1737 | best 0.3455 (ep 170)
2025-12-11 00:01:47 - [GCN] Epoch 0190 | loss 0.2193 | val@20 0.3119 | test@20 0.2132 | best 0.3455 (ep 170)
2025-12-11 00:02:04 - [GCN] Epoch 0200 | loss 0.2162 | val@20 0.2687 | test@20 0.1425 | best 0.3455 (ep 170)
2025-12-11 00:02:04 - ================================================================================
2025-12-11 00:02:04 - Final Results
2025-12-11 00:02:04 - ================================================================================
2025-12-11 00:02:04 - Hits@10: Valid 29.94% | Test  6.98%
2025-12-11 00:02:04 - Hits@20: Valid 34.55% | Test 12.30%
2025-12-11 00:02:04 - Hits@30: Valid 41.09% | Test 24.37%
2025-12-11 00:02:04 - ================================================================================
