2025-12-10 01:58:56,586 - Running Heuristic GCN (leaderboard-inspired)
2025-12-10 01:58:56,587 - Device: cuda
2025-12-10 01:58:56,587 - Log directory: logs/heuristic_gcn_20251210_015856
2025-12-10 01:58:56,587 - Loading ogbl-ddi dataset...
2025-12-10 01:58:56,587 - Loading dataset ogbl-ddi...
2025-12-10 01:58:56,672 - Dataset loaded: 4267 nodes
2025-12-10 01:58:56,836 - Train pos edges: 1067911, Valid pos: 133489, Test pos: 133489
2025-12-10 01:58:56,836 - Valid neg edges: 101882, Test neg: 95599
2025-12-10 01:58:56,857 - Added self-loops: Total edges now = 1072178
2025-12-10 01:58:56,857 - No smiles_csv_path provided → data.x will not be set.
2025-12-10 01:58:56,865 - Graph: 4267 nodes, 1072178 edges
2025-12-10 01:58:56,865 - Train edges: 1067911
2025-12-10 01:58:56,865 - Valid edges: 133489 pos, 101882 neg
2025-12-10 01:58:56,866 - Test edges: 133489 pos, 95599 neg
2025-12-10 01:58:56,866 - ================================================================================
2025-12-10 01:58:56,866 - Model Configuration:
2025-12-10 01:58:56,866 -   num_nodes: 4267
2025-12-10 01:58:56,866 -   hidden_dim: 128
2025-12-10 01:58:56,866 -   num_layers: 2
2025-12-10 01:58:56,866 -   dropout: 0.0
2025-12-10 01:58:56,866 -   decoder_dropout: 0.3
2025-12-10 01:58:56,866 -   heuristic_dim: 4
2025-12-10 01:58:56,866 -   use_degree_emb: True
2025-12-10 01:58:56,866 -   degree_emb_dim: 16
2025-12-10 01:58:56,866 - Training Configuration:
2025-12-10 01:58:56,866 -   epochs: 200
2025-12-10 01:58:56,866 -   lr: 0.01
2025-12-10 01:58:56,866 -   weight_decay: 0.0001
2025-12-10 01:58:56,866 -   batch_size: 50000
2025-12-10 01:58:56,866 -   eval_batch_size: 10000
2025-12-10 01:58:56,867 -   eval_every: 5
2025-12-10 01:58:56,867 -   patience: 20
2025-12-10 01:58:56,867 -   heuristic_batch_size: 10000
2025-12-10 01:58:56,867 - ================================================================================
2025-12-10 01:58:56,908 - Model: Heuristic-GCN (leaderboard-inspired) | 2 layers, hidden=128, degree_emb=True, heuristics=[CN,Jaccard,AA,RA]
2025-12-10 01:58:56,909 - Parameters: 638,785
2025-12-10 01:58:56,921 - [HeuristicGCN] Pre-computing heuristics for validation/test sets...
