2025-12-10 23:39:39 - OGBL-DDI Link Prediction - GCN
2025-12-10 23:39:39 - Device: cuda:0
2025-12-10 23:39:39 - Log directory: logs/ddi_gcn_20251210_233939
2025-12-10 23:39:39 - ================================================================================
2025-12-10 23:39:39 - Dataset: 4267 nodes, 2135822 edges
2025-12-10 23:39:39 - Train edges: 1067911
2025-12-10 23:39:39 - Valid edges: 133489 pos, 101882 neg
2025-12-10 23:39:39 - Test edges: 133489 pos, 95599 neg
2025-12-10 23:39:39 - ================================================================================
2025-12-10 23:39:39 - Model Configuration:
2025-12-10 23:39:39 -   architecture: GCN + MLP
2025-12-10 23:39:39 -   num_layers: 2
2025-12-10 23:39:39 -   hidden_channels: 256
2025-12-10 23:39:39 -   dropout: 0.25
2025-12-10 23:39:39 - Training Configuration:
2025-12-10 23:39:39 -   epochs: 200
2025-12-10 23:39:39 -   lr: 0.005
2025-12-10 23:39:39 -   batch_size: 65536
2025-12-10 23:39:39 -   eval_steps: 10
2025-12-10 23:39:39 -   runs: 1
2025-12-10 23:39:39 - ================================================================================
2025-12-10 23:39:55 - [GCN] Epoch 0010 | loss 0.4995 | val@20 0.1979 | test@20 0.1167 | best 0.1979 (ep 10)
2025-12-10 23:40:10 - [GCN] Epoch 0020 | loss 0.3698 | val@20 0.2030 | test@20 0.1548 | best 0.2030 (ep 20)
2025-12-10 23:40:25 - [GCN] Epoch 0030 | loss 0.3137 | val@20 0.2280 | test@20 0.1122 | best 0.2280 (ep 30)
2025-12-10 23:40:40 - [GCN] Epoch 0040 | loss 0.2794 | val@20 0.2366 | test@20 0.1001 | best 0.2366 (ep 40)
2025-12-10 23:40:55 - [GCN] Epoch 0050 | loss 0.2593 | val@20 0.2619 | test@20 0.1121 | best 0.2619 (ep 50)
2025-12-10 23:41:10 - [GCN] Epoch 0060 | loss 0.2455 | val@20 0.3034 | test@20 0.1653 | best 0.3034 (ep 60)
2025-12-10 23:41:25 - [GCN] Epoch 0070 | loss 0.2336 | val@20 0.3122 | test@20 0.1758 | best 0.3122 (ep 70)
2025-12-10 23:41:40 - [GCN] Epoch 0080 | loss 0.2259 | val@20 0.2905 | test@20 0.2364 | best 0.3122 (ep 70)
2025-12-10 23:41:55 - [GCN] Epoch 0090 | loss 0.2175 | val@20 0.4086 | test@20 0.3285 | best 0.4086 (ep 90)
2025-12-10 23:42:10 - [GCN] Epoch 0100 | loss 0.2118 | val@20 0.3622 | test@20 0.2965 | best 0.4086 (ep 90)
2025-12-10 23:42:26 - [GCN] Epoch 0110 | loss 0.2052 | val@20 0.3448 | test@20 0.2649 | best 0.4086 (ep 90)
2025-12-10 23:42:41 - [GCN] Epoch 0120 | loss 0.2010 | val@20 0.3669 | test@20 0.3461 | best 0.4086 (ep 90)
2025-12-10 23:42:56 - [GCN] Epoch 0130 | loss 0.1977 | val@20 0.2837 | test@20 0.2587 | best 0.4086 (ep 90)
2025-12-10 23:43:11 - [GCN] Epoch 0140 | loss 0.1971 | val@20 0.3947 | test@20 0.3266 | best 0.4086 (ep 90)
2025-12-10 23:43:26 - [GCN] Epoch 0150 | loss 0.1937 | val@20 0.4106 | test@20 0.2455 | best 0.4106 (ep 150)
2025-12-10 23:43:41 - [GCN] Epoch 0160 | loss 0.1891 | val@20 0.2688 | test@20 0.3019 | best 0.4106 (ep 150)
2025-12-10 23:43:56 - [GCN] Epoch 0170 | loss 0.1881 | val@20 0.3803 | test@20 0.3435 | best 0.4106 (ep 150)
2025-12-10 23:44:11 - [GCN] Epoch 0180 | loss 0.1830 | val@20 0.4513 | test@20 0.2771 | best 0.4513 (ep 180)
2025-12-10 23:44:26 - [GCN] Epoch 0190 | loss 0.1810 | val@20 0.4571 | test@20 0.2106 | best 0.4571 (ep 190)
2025-12-10 23:44:41 - [GCN] Epoch 0200 | loss 0.1787 | val@20 0.5069 | test@20 0.3434 | best 0.5069 (ep 200)
2025-12-10 23:44:41 - ================================================================================
2025-12-10 23:44:41 - Final Results
2025-12-10 23:44:41 - ================================================================================
2025-12-10 23:44:41 - Hits@10: Valid 40.47% | Test 21.30%
2025-12-10 23:44:41 - Hits@20: Valid 50.69% | Test 34.34%
2025-12-10 23:44:41 - Hits@30: Valid 59.37% | Test 41.69%
2025-12-10 23:44:41 - ================================================================================
