2025-12-10 06:31:01 - OGBL-DDI Link Prediction - GCN with External Features
2025-12-10 06:31:01 - Device: cuda:0
2025-12-10 06:31:01 - Log directory: logs/ddi_gcn_pubchem_20251210_063101
2025-12-10 06:31:01 - ================================================================================
2025-12-10 06:31:02 - Dataset: 4267 nodes, 2135822 edges
2025-12-10 06:31:02 - Train edges: 1067911
2025-12-10 06:31:02 - Valid edges: 133489 pos, 101882 neg
2025-12-10 06:31:02 - Test edges: 133489 pos, 95599 neg
2025-12-10 06:31:02 - Loading external features...
2025-12-10 06:31:02 - Loaded PubChem features: shape=(4267, 9)
2025-12-10 06:31:02 -   PubChem properties: 9 dims
2025-12-10 06:31:02 - Combined features: 9 dims total
2025-12-10 06:31:02 - Loaded features: {'pubchem': 9}
2025-12-10 06:31:02 - Total feature dimension: 9
2025-12-10 06:31:02 - ================================================================================
2025-12-10 06:31:02 - Model Configuration:
2025-12-10 06:31:02 -   architecture: GCN + MLP
2025-12-10 06:31:02 -   num_layers: 2
2025-12-10 06:31:02 -   hidden_channels: 256
2025-12-10 06:31:02 -   dropout: 0.5
2025-12-10 06:31:02 -   fusion: concat
2025-12-10 06:31:02 -   external_features: ['pubchem']
2025-12-10 06:31:02 - Training Configuration:
2025-12-10 06:31:02 -   epochs: 2000
2025-12-10 06:31:02 -   lr: 0.005
2025-12-10 06:31:02 -   batch_size: 65536
2025-12-10 06:31:02 -   eval_steps: 5
2025-12-10 06:31:02 -   runs: 1
2025-12-10 06:31:02 - ================================================================================
2025-12-10 06:31:18 - [GCN] Epoch 0005 | loss 0.6428 | val@20 0.1716 | test@20 0.1139 | best 0.1716 (ep 5)
2025-12-10 06:31:31 - [GCN] Epoch 0010 | loss 0.5252 | val@20 0.2505 | test@20 0.1745 | best 0.2505 (ep 10)
2025-12-10 06:31:44 - [GCN] Epoch 0015 | loss 0.4349 | val@20 0.2924 | test@20 0.1918 | best 0.2924 (ep 15)
2025-12-10 06:31:57 - [GCN] Epoch 0020 | loss 0.3810 | val@20 0.1733 | test@20 0.1616 | best 0.2924 (ep 15)
2025-12-10 06:32:11 - [GCN] Epoch 0025 | loss 0.3558 | val@20 0.2152 | test@20 0.1840 | best 0.2924 (ep 15)
2025-12-10 06:32:24 - [GCN] Epoch 0030 | loss 0.3385 | val@20 0.2550 | test@20 0.1828 | best 0.2924 (ep 15)
2025-12-10 06:32:37 - [GCN] Epoch 0035 | loss 0.3178 | val@20 0.2449 | test@20 0.2301 | best 0.2924 (ep 15)
2025-12-10 06:32:50 - [GCN] Epoch 0040 | loss 0.3165 | val@20 0.2845 | test@20 0.2103 | best 0.2924 (ep 15)
2025-12-10 06:33:04 - [GCN] Epoch 0045 | loss 0.2867 | val@20 0.2356 | test@20 0.2245 | best 0.2924 (ep 15)
2025-12-10 06:33:17 - [GCN] Epoch 0050 | loss 0.2727 | val@20 0.3120 | test@20 0.2398 | best 0.3120 (ep 50)
2025-12-10 06:33:30 - [GCN] Epoch 0055 | loss 0.2594 | val@20 0.3035 | test@20 0.2369 | best 0.3120 (ep 50)
2025-12-10 06:33:43 - [GCN] Epoch 0060 | loss 0.2545 | val@20 0.3261 | test@20 0.3367 | best 0.3261 (ep 60)
2025-12-10 06:33:55 - [GCN] Epoch 0065 | loss 0.2446 | val@20 0.2650 | test@20 0.2913 | best 0.3261 (ep 60)
2025-12-10 06:34:09 - [GCN] Epoch 0070 | loss 0.2371 | val@20 0.3537 | test@20 0.3273 | best 0.3537 (ep 70)
2025-12-10 06:34:22 - [GCN] Epoch 0075 | loss 0.2340 | val@20 0.4154 | test@20 0.4521 | best 0.4154 (ep 75)
2025-12-10 06:34:36 - [GCN] Epoch 0080 | loss 0.2328 | val@20 0.4433 | test@20 0.3681 | best 0.4433 (ep 80)
2025-12-10 06:34:48 - [GCN] Epoch 0085 | loss 0.2275 | val@20 0.3765 | test@20 0.2333 | best 0.4433 (ep 80)
2025-12-10 06:35:01 - [GCN] Epoch 0090 | loss 0.2231 | val@20 0.3588 | test@20 0.2444 | best 0.4433 (ep 80)
2025-12-10 06:35:15 - [GCN] Epoch 0095 | loss 0.2175 | val@20 0.4228 | test@20 0.3805 | best 0.4433 (ep 80)
2025-12-10 06:35:28 - [GCN] Epoch 0100 | loss 0.2144 | val@20 0.4585 | test@20 0.5177 | best 0.4585 (ep 100)
2025-12-10 06:35:41 - [GCN] Epoch 0105 | loss 0.2126 | val@20 0.3727 | test@20 0.3228 | best 0.4585 (ep 100)
2025-12-10 06:35:54 - [GCN] Epoch 0110 | loss 0.2083 | val@20 0.2933 | test@20 0.3520 | best 0.4585 (ep 100)
2025-12-10 06:36:08 - [GCN] Epoch 0115 | loss 0.2057 | val@20 0.4992 | test@20 0.4819 | best 0.4992 (ep 115)
2025-12-10 06:36:21 - [GCN] Epoch 0120 | loss 0.2099 | val@20 0.4179 | test@20 0.4136 | best 0.4992 (ep 115)
2025-12-10 06:36:33 - [GCN] Epoch 0125 | loss 0.2041 | val@20 0.4299 | test@20 0.5221 | best 0.4992 (ep 115)
2025-12-10 06:36:46 - [GCN] Epoch 0130 | loss 0.1999 | val@20 0.5347 | test@20 0.5351 | best 0.5347 (ep 130)
2025-12-10 06:36:59 - [GCN] Epoch 0135 | loss 0.1995 | val@20 0.5237 | test@20 0.3766 | best 0.5347 (ep 130)
2025-12-10 06:37:13 - [GCN] Epoch 0140 | loss 0.1944 | val@20 0.4517 | test@20 0.4186 | best 0.5347 (ep 130)
2025-12-10 06:37:26 - [GCN] Epoch 0145 | loss 0.1941 | val@20 0.4980 | test@20 0.5080 | best 0.5347 (ep 130)
2025-12-10 06:37:39 - [GCN] Epoch 0150 | loss 0.1925 | val@20 0.4306 | test@20 0.4934 | best 0.5347 (ep 130)
2025-12-10 06:37:51 - [GCN] Epoch 0155 | loss 0.1933 | val@20 0.4628 | test@20 0.5049 | best 0.5347 (ep 130)
2025-12-10 06:38:05 - [GCN] Epoch 0160 | loss 0.1940 | val@20 0.3735 | test@20 0.5472 | best 0.5347 (ep 130)
2025-12-10 06:38:18 - [GCN] Epoch 0165 | loss 0.1883 | val@20 0.4962 | test@20 0.5276 | best 0.5347 (ep 130)
2025-12-10 06:38:31 - [GCN] Epoch 0170 | loss 0.1863 | val@20 0.4547 | test@20 0.4646 | best 0.5347 (ep 130)
2025-12-10 06:38:44 - [GCN] Epoch 0175 | loss 0.1880 | val@20 0.5494 | test@20 0.5925 | best 0.5494 (ep 175)
2025-12-10 06:38:57 - [GCN] Epoch 0180 | loss 0.1846 | val@20 0.5036 | test@20 0.3879 | best 0.5494 (ep 175)
2025-12-10 06:39:11 - [GCN] Epoch 0185 | loss 0.1833 | val@20 0.5789 | test@20 0.4543 | best 0.5789 (ep 185)
2025-12-10 06:39:24 - [GCN] Epoch 0190 | loss 0.1858 | val@20 0.4630 | test@20 0.3307 | best 0.5789 (ep 185)
2025-12-10 06:39:37 - [GCN] Epoch 0195 | loss 0.1834 | val@20 0.4413 | test@20 0.3690 | best 0.5789 (ep 185)
2025-12-10 06:39:50 - [GCN] Epoch 0200 | loss 0.1833 | val@20 0.5666 | test@20 0.6147 | best 0.5789 (ep 185)
2025-12-10 06:40:03 - [GCN] Epoch 0205 | loss 0.1821 | val@20 0.5389 | test@20 0.3063 | best 0.5789 (ep 185)
2025-12-10 06:40:15 - [GCN] Epoch 0210 | loss 0.1777 | val@20 0.5749 | test@20 0.4212 | best 0.5789 (ep 185)
2025-12-10 06:40:28 - [GCN] Epoch 0215 | loss 0.1787 | val@20 0.5507 | test@20 0.4274 | best 0.5789 (ep 185)
2025-12-10 06:40:41 - [GCN] Epoch 0220 | loss 0.1779 | val@20 0.5509 | test@20 0.5187 | best 0.5789 (ep 185)
2025-12-10 06:40:54 - [GCN] Epoch 0225 | loss 0.1739 | val@20 0.5915 | test@20 0.4709 | best 0.5915 (ep 225)
2025-12-10 06:41:09 - [GCN] Epoch 0230 | loss 0.1737 | val@20 0.6125 | test@20 0.4458 | best 0.6125 (ep 230)
2025-12-10 06:41:23 - [GCN] Epoch 0235 | loss 0.1744 | val@20 0.5327 | test@20 0.3530 | best 0.6125 (ep 230)
2025-12-10 06:41:37 - [GCN] Epoch 0240 | loss 0.1742 | val@20 0.6229 | test@20 0.4375 | best 0.6229 (ep 240)
2025-12-10 06:41:50 - [GCN] Epoch 0245 | loss 0.1727 | val@20 0.5589 | test@20 0.3084 | best 0.6229 (ep 240)
2025-12-10 06:42:04 - [GCN] Epoch 0250 | loss 0.1717 | val@20 0.5823 | test@20 0.3907 | best 0.6229 (ep 240)
2025-12-10 06:42:18 - [GCN] Epoch 0255 | loss 0.1724 | val@20 0.5618 | test@20 0.3550 | best 0.6229 (ep 240)
2025-12-10 06:42:31 - [GCN] Epoch 0260 | loss 0.1709 | val@20 0.5482 | test@20 0.2960 | best 0.6229 (ep 240)
2025-12-10 06:42:44 - [GCN] Epoch 0265 | loss 0.1718 | val@20 0.5617 | test@20 0.4522 | best 0.6229 (ep 240)
2025-12-10 06:42:56 - [GCN] Epoch 0270 | loss 0.1705 | val@20 0.5966 | test@20 0.3029 | best 0.6229 (ep 240)
2025-12-10 06:43:10 - [GCN] Epoch 0275 | loss 0.1694 | val@20 0.5466 | test@20 0.4545 | best 0.6229 (ep 240)
2025-12-10 06:43:23 - [GCN] Epoch 0280 | loss 0.1691 | val@20 0.5345 | test@20 0.4278 | best 0.6229 (ep 240)
2025-12-10 06:43:36 - [GCN] Epoch 0285 | loss 0.1698 | val@20 0.6058 | test@20 0.5288 | best 0.6229 (ep 240)
2025-12-10 06:43:48 - [GCN] Epoch 0290 | loss 0.1676 | val@20 0.6212 | test@20 0.4306 | best 0.6229 (ep 240)
2025-12-10 06:44:01 - [GCN] Epoch 0295 | loss 0.1672 | val@20 0.5426 | test@20 0.5054 | best 0.6229 (ep 240)
2025-12-10 06:44:14 - [GCN] Epoch 0300 | loss 0.1657 | val@20 0.5896 | test@20 0.2619 | best 0.6229 (ep 240)
2025-12-10 06:44:27 - [GCN] Epoch 0305 | loss 0.1664 | val@20 0.5963 | test@20 0.5192 | best 0.6229 (ep 240)
2025-12-10 06:44:40 - [GCN] Epoch 0310 | loss 0.1669 | val@20 0.5473 | test@20 0.4314 | best 0.6229 (ep 240)
2025-12-10 06:44:53 - [GCN] Epoch 0315 | loss 0.1664 | val@20 0.5902 | test@20 0.3811 | best 0.6229 (ep 240)
2025-12-10 06:45:06 - [GCN] Epoch 0320 | loss 0.1651 | val@20 0.6205 | test@20 0.5087 | best 0.6229 (ep 240)
2025-12-10 06:45:19 - [GCN] Epoch 0325 | loss 0.1651 | val@20 0.5535 | test@20 0.3772 | best 0.6229 (ep 240)
2025-12-10 06:45:32 - [GCN] Epoch 0330 | loss 0.1707 | val@20 0.6087 | test@20 0.5345 | best 0.6229 (ep 240)
2025-12-10 06:45:45 - [GCN] Epoch 0335 | loss 0.1652 | val@20 0.5657 | test@20 0.3930 | best 0.6229 (ep 240)
2025-12-10 06:45:58 - [GCN] Epoch 0340 | loss 0.1669 | val@20 0.6247 | test@20 0.4396 | best 0.6247 (ep 340)
2025-12-10 06:46:11 - [GCN] Epoch 0345 | loss 0.1678 | val@20 0.4111 | test@20 0.4037 | best 0.6247 (ep 340)
2025-12-10 06:46:24 - [GCN] Epoch 0350 | loss 0.1669 | val@20 0.5239 | test@20 0.3419 | best 0.6247 (ep 340)
2025-12-10 06:46:37 - [GCN] Epoch 0355 | loss 0.1637 | val@20 0.5611 | test@20 0.4571 | best 0.6247 (ep 340)
2025-12-10 06:46:50 - [GCN] Epoch 0360 | loss 0.1623 | val@20 0.6368 | test@20 0.3808 | best 0.6368 (ep 360)
2025-12-10 06:47:04 - [GCN] Epoch 0365 | loss 0.1614 | val@20 0.6345 | test@20 0.5235 | best 0.6368 (ep 360)
2025-12-10 06:47:17 - [GCN] Epoch 0370 | loss 0.1626 | val@20 0.6143 | test@20 0.3432 | best 0.6368 (ep 360)
2025-12-10 06:47:29 - [GCN] Epoch 0375 | loss 0.1643 | val@20 0.5995 | test@20 0.2939 | best 0.6368 (ep 360)
2025-12-10 06:47:42 - [GCN] Epoch 0380 | loss 0.1631 | val@20 0.6431 | test@20 0.3633 | best 0.6431 (ep 380)
2025-12-10 06:47:55 - [GCN] Epoch 0385 | loss 0.1620 | val@20 0.6008 | test@20 0.4036 | best 0.6431 (ep 380)
2025-12-10 06:48:09 - [GCN] Epoch 0390 | loss 0.1600 | val@20 0.5653 | test@20 0.3965 | best 0.6431 (ep 380)
2025-12-10 06:48:22 - [GCN] Epoch 0395 | loss 0.1609 | val@20 0.6383 | test@20 0.3768 | best 0.6431 (ep 380)
2025-12-10 06:48:35 - [GCN] Epoch 0400 | loss 0.1628 | val@20 0.6325 | test@20 0.4624 | best 0.6431 (ep 380)
2025-12-10 06:48:47 - [GCN] Epoch 0405 | loss 0.1611 | val@20 0.5663 | test@20 0.3704 | best 0.6431 (ep 380)
2025-12-10 06:49:00 - [GCN] Epoch 0410 | loss 0.1586 | val@20 0.6565 | test@20 0.5194 | best 0.6565 (ep 410)
2025-12-10 06:49:14 - [GCN] Epoch 0415 | loss 0.1608 | val@20 0.6444 | test@20 0.4575 | best 0.6565 (ep 410)
2025-12-10 06:49:27 - [GCN] Epoch 0420 | loss 0.1609 | val@20 0.5885 | test@20 0.5021 | best 0.6565 (ep 410)
2025-12-10 06:49:40 - [GCN] Epoch 0425 | loss 0.1610 | val@20 0.6417 | test@20 0.5143 | best 0.6565 (ep 410)
2025-12-10 06:49:53 - [GCN] Epoch 0430 | loss 0.1582 | val@20 0.6501 | test@20 0.5033 | best 0.6565 (ep 410)
2025-12-10 06:50:06 - [GCN] Epoch 0435 | loss 0.1605 | val@20 0.6181 | test@20 0.2766 | best 0.6565 (ep 410)
2025-12-10 06:50:19 - [GCN] Epoch 0440 | loss 0.1594 | val@20 0.6472 | test@20 0.3682 | best 0.6565 (ep 410)
2025-12-10 06:50:31 - [GCN] Epoch 0445 | loss 0.1622 | val@20 0.6574 | test@20 0.4630 | best 0.6574 (ep 445)
2025-12-10 06:50:44 - [GCN] Epoch 0450 | loss 0.1605 | val@20 0.6041 | test@20 0.3904 | best 0.6574 (ep 445)
2025-12-10 06:50:57 - [GCN] Epoch 0455 | loss 0.1585 | val@20 0.6386 | test@20 0.3136 | best 0.6574 (ep 445)
2025-12-10 06:51:12 - [GCN] Epoch 0460 | loss 0.1577 | val@20 0.5935 | test@20 0.3044 | best 0.6574 (ep 445)
2025-12-10 06:51:26 - [GCN] Epoch 0465 | loss 0.1569 | val@20 0.6418 | test@20 0.5276 | best 0.6574 (ep 445)
2025-12-10 06:51:39 - [GCN] Epoch 0470 | loss 0.1588 | val@20 0.5489 | test@20 0.3249 | best 0.6574 (ep 445)
2025-12-10 06:51:52 - [GCN] Epoch 0475 | loss 0.1590 | val@20 0.6488 | test@20 0.6361 | best 0.6574 (ep 445)
2025-12-10 06:52:05 - [GCN] Epoch 0480 | loss 0.1572 | val@20 0.6411 | test@20 0.6152 | best 0.6574 (ep 445)
2025-12-10 06:52:18 - [GCN] Epoch 0485 | loss 0.1592 | val@20 0.6593 | test@20 0.4534 | best 0.6593 (ep 485)
2025-12-10 06:52:31 - [GCN] Epoch 0490 | loss 0.1568 | val@20 0.5928 | test@20 0.3817 | best 0.6593 (ep 485)
2025-12-10 06:52:44 - [GCN] Epoch 0495 | loss 0.1559 | val@20 0.5733 | test@20 0.3276 | best 0.6593 (ep 485)
2025-12-10 06:52:57 - [GCN] Epoch 0500 | loss 0.1562 | val@20 0.5917 | test@20 0.5291 | best 0.6593 (ep 485)
2025-12-10 06:53:11 - [GCN] Epoch 0505 | loss 0.1569 | val@20 0.6146 | test@20 0.3836 | best 0.6593 (ep 485)
2025-12-10 06:53:24 - [GCN] Epoch 0510 | loss 0.1565 | val@20 0.6526 | test@20 0.4295 | best 0.6593 (ep 485)
2025-12-10 06:53:37 - [GCN] Epoch 0515 | loss 0.1589 | val@20 0.6394 | test@20 0.6697 | best 0.6593 (ep 485)
2025-12-10 06:53:49 - [GCN] Epoch 0520 | loss 0.1600 | val@20 0.6058 | test@20 0.4689 | best 0.6593 (ep 485)
2025-12-10 06:54:03 - [GCN] Epoch 0525 | loss 0.1596 | val@20 0.6402 | test@20 0.4634 | best 0.6593 (ep 485)
2025-12-10 06:54:16 - [GCN] Epoch 0530 | loss 0.1573 | val@20 0.6236 | test@20 0.4081 | best 0.6593 (ep 485)
2025-12-10 06:54:29 - [GCN] Epoch 0535 | loss 0.1557 | val@20 0.6239 | test@20 0.3632 | best 0.6593 (ep 485)
2025-12-10 06:54:41 - [GCN] Epoch 0540 | loss 0.1563 | val@20 0.6120 | test@20 0.3932 | best 0.6593 (ep 485)
2025-12-10 06:54:54 - [GCN] Epoch 0545 | loss 0.1573 | val@20 0.6360 | test@20 0.3870 | best 0.6593 (ep 485)
2025-12-10 06:55:07 - [GCN] Epoch 0550 | loss 0.1552 | val@20 0.6562 | test@20 0.5071 | best 0.6593 (ep 485)
2025-12-10 06:55:20 - [GCN] Epoch 0555 | loss 0.1582 | val@20 0.5888 | test@20 0.3256 | best 0.6593 (ep 485)
2025-12-10 06:55:33 - [GCN] Epoch 0560 | loss 0.1543 | val@20 0.6470 | test@20 0.5019 | best 0.6593 (ep 485)
2025-12-10 06:55:46 - [GCN] Epoch 0565 | loss 0.1539 | val@20 0.6584 | test@20 0.3643 | best 0.6593 (ep 485)
2025-12-10 06:55:58 - [GCN] Epoch 0570 | loss 0.1540 | val@20 0.6725 | test@20 0.5360 | best 0.6725 (ep 570)
2025-12-10 06:56:12 - [GCN] Epoch 0575 | loss 0.1565 | val@20 0.6413 | test@20 0.4648 | best 0.6725 (ep 570)
2025-12-10 06:56:25 - [GCN] Epoch 0580 | loss 0.1564 | val@20 0.6775 | test@20 0.6051 | best 0.6775 (ep 580)
2025-12-10 06:56:37 - [GCN] Epoch 0585 | loss 0.1542 | val@20 0.5592 | test@20 0.4584 | best 0.6775 (ep 580)
2025-12-10 06:56:50 - [GCN] Epoch 0590 | loss 0.1547 | val@20 0.5482 | test@20 0.4565 | best 0.6775 (ep 580)
2025-12-10 06:57:04 - [GCN] Epoch 0595 | loss 0.1542 | val@20 0.6347 | test@20 0.3959 | best 0.6775 (ep 580)
2025-12-10 06:57:17 - [GCN] Epoch 0600 | loss 0.1531 | val@20 0.6683 | test@20 0.4953 | best 0.6775 (ep 580)
2025-12-10 06:57:30 - [GCN] Epoch 0605 | loss 0.1543 | val@20 0.6483 | test@20 0.2420 | best 0.6775 (ep 580)
2025-12-10 06:57:43 - [GCN] Epoch 0610 | loss 0.1546 | val@20 0.5396 | test@20 0.4322 | best 0.6775 (ep 580)
2025-12-10 06:57:55 - [GCN] Epoch 0615 | loss 0.1565 | val@20 0.5906 | test@20 0.4715 | best 0.6775 (ep 580)
2025-12-10 06:58:09 - [GCN] Epoch 0620 | loss 0.1554 | val@20 0.6612 | test@20 0.4917 | best 0.6775 (ep 580)
2025-12-10 06:58:22 - [GCN] Epoch 0625 | loss 0.1536 | val@20 0.6181 | test@20 0.5301 | best 0.6775 (ep 580)
2025-12-10 06:58:34 - [GCN] Epoch 0630 | loss 0.1537 | val@20 0.6393 | test@20 0.5749 | best 0.6775 (ep 580)
2025-12-10 06:58:47 - [GCN] Epoch 0635 | loss 0.1548 | val@20 0.6009 | test@20 0.5614 | best 0.6775 (ep 580)
2025-12-10 06:59:00 - [GCN] Epoch 0640 | loss 0.1535 | val@20 0.6574 | test@20 0.4178 | best 0.6775 (ep 580)
2025-12-10 06:59:14 - [GCN] Epoch 0645 | loss 0.1550 | val@20 0.5959 | test@20 0.4372 | best 0.6775 (ep 580)
2025-12-10 06:59:26 - [GCN] Epoch 0650 | loss 0.1583 | val@20 0.6283 | test@20 0.5661 | best 0.6775 (ep 580)
2025-12-10 06:59:39 - [GCN] Epoch 0655 | loss 0.1559 | val@20 0.5969 | test@20 0.4297 | best 0.6775 (ep 580)
2025-12-10 06:59:52 - [GCN] Epoch 0660 | loss 0.1541 | val@20 0.6016 | test@20 0.5419 | best 0.6775 (ep 580)
2025-12-10 07:00:05 - [GCN] Epoch 0665 | loss 0.1530 | val@20 0.6605 | test@20 0.5584 | best 0.6775 (ep 580)
2025-12-10 07:00:18 - [GCN] Epoch 0670 | loss 0.1549 | val@20 0.5838 | test@20 0.6490 | best 0.6775 (ep 580)
2025-12-10 07:00:31 - [GCN] Epoch 0675 | loss 0.1532 | val@20 0.6290 | test@20 0.5402 | best 0.6775 (ep 580)
2025-12-10 07:00:44 - [GCN] Epoch 0680 | loss 0.1539 | val@20 0.6559 | test@20 0.3996 | best 0.6775 (ep 580)
2025-12-10 07:00:57 - [GCN] Epoch 0685 | loss 0.1552 | val@20 0.6300 | test@20 0.4519 | best 0.6775 (ep 580)
2025-12-10 07:01:13 - [GCN] Epoch 0690 | loss 0.1526 | val@20 0.6615 | test@20 0.4593 | best 0.6775 (ep 580)
2025-12-10 07:01:27 - [GCN] Epoch 0695 | loss 0.1531 | val@20 0.6144 | test@20 0.4141 | best 0.6775 (ep 580)
2025-12-10 07:01:39 - [GCN] Epoch 0700 | loss 0.1548 | val@20 0.6734 | test@20 0.5258 | best 0.6775 (ep 580)
2025-12-10 07:01:53 - [GCN] Epoch 0705 | loss 0.1530 | val@20 0.6461 | test@20 0.4406 | best 0.6775 (ep 580)
2025-12-10 07:02:06 - [GCN] Epoch 0710 | loss 0.1538 | val@20 0.6569 | test@20 0.6729 | best 0.6775 (ep 580)
2025-12-10 07:02:19 - [GCN] Epoch 0715 | loss 0.1545 | val@20 0.6254 | test@20 0.4042 | best 0.6775 (ep 580)
2025-12-10 07:02:32 - [GCN] Epoch 0720 | loss 0.1522 | val@20 0.6632 | test@20 0.5362 | best 0.6775 (ep 580)
2025-12-10 07:02:44 - [GCN] Epoch 0725 | loss 0.1523 | val@20 0.6736 | test@20 0.5001 | best 0.6775 (ep 580)
2025-12-10 07:02:57 - [GCN] Epoch 0730 | loss 0.1515 | val@20 0.6295 | test@20 0.3539 | best 0.6775 (ep 580)
2025-12-10 07:03:11 - [GCN] Epoch 0735 | loss 0.1524 | val@20 0.6538 | test@20 0.5150 | best 0.6775 (ep 580)
2025-12-10 07:03:24 - [GCN] Epoch 0740 | loss 0.1527 | val@20 0.6355 | test@20 0.5464 | best 0.6775 (ep 580)
2025-12-10 07:03:36 - [GCN] Epoch 0745 | loss 0.1526 | val@20 0.6480 | test@20 0.5407 | best 0.6775 (ep 580)
2025-12-10 07:03:49 - [GCN] Epoch 0750 | loss 0.1510 | val@20 0.6390 | test@20 0.5814 | best 0.6775 (ep 580)
2025-12-10 07:04:02 - [GCN] Epoch 0755 | loss 0.1530 | val@20 0.6011 | test@20 0.4331 | best 0.6775 (ep 580)
2025-12-10 07:04:16 - [GCN] Epoch 0760 | loss 0.1538 | val@20 0.6590 | test@20 0.4577 | best 0.6775 (ep 580)
2025-12-10 07:04:29 - [GCN] Epoch 0765 | loss 0.1530 | val@20 0.6251 | test@20 0.4867 | best 0.6775 (ep 580)
2025-12-10 07:04:41 - [GCN] Epoch 0770 | loss 0.1526 | val@20 0.6707 | test@20 0.6170 | best 0.6775 (ep 580)
2025-12-10 07:04:54 - [GCN] Epoch 0775 | loss 0.1532 | val@20 0.6266 | test@20 0.6144 | best 0.6775 (ep 580)
2025-12-10 07:05:08 - [GCN] Epoch 0780 | loss 0.1497 | val@20 0.6681 | test@20 0.8290 | best 0.6775 (ep 580)
2025-12-10 07:05:21 - [GCN] Epoch 0785 | loss 0.1509 | val@20 0.6536 | test@20 0.4691 | best 0.6775 (ep 580)
2025-12-10 07:05:34 - [GCN] Epoch 0790 | loss 0.1523 | val@20 0.6354 | test@20 0.4481 | best 0.6775 (ep 580)
2025-12-10 07:05:47 - [GCN] Epoch 0795 | loss 0.1524 | val@20 0.6600 | test@20 0.5996 | best 0.6775 (ep 580)
2025-12-10 07:06:00 - [GCN] Epoch 0800 | loss 0.1518 | val@20 0.6741 | test@20 0.5897 | best 0.6775 (ep 580)
2025-12-10 07:06:14 - [GCN] Epoch 0805 | loss 0.1516 | val@20 0.5885 | test@20 0.6685 | best 0.6775 (ep 580)
2025-12-10 07:06:26 - [GCN] Epoch 0810 | loss 0.1508 | val@20 0.6606 | test@20 0.3130 | best 0.6775 (ep 580)
2025-12-10 07:06:39 - [GCN] Epoch 0815 | loss 0.1504 | val@20 0.6754 | test@20 0.5420 | best 0.6775 (ep 580)
2025-12-10 07:06:52 - [GCN] Epoch 0820 | loss 0.1550 | val@20 0.6721 | test@20 0.3815 | best 0.6775 (ep 580)
2025-12-10 07:07:06 - [GCN] Epoch 0825 | loss 0.1498 | val@20 0.6591 | test@20 0.4356 | best 0.6775 (ep 580)
2025-12-10 07:07:19 - [GCN] Epoch 0830 | loss 0.1519 | val@20 0.5242 | test@20 0.5259 | best 0.6775 (ep 580)
2025-12-10 07:07:32 - [GCN] Epoch 0835 | loss 0.1514 | val@20 0.6674 | test@20 0.3139 | best 0.6775 (ep 580)
2025-12-10 07:07:45 - [GCN] Epoch 0840 | loss 0.1510 | val@20 0.6401 | test@20 0.6350 | best 0.6775 (ep 580)
2025-12-10 07:07:58 - [GCN] Epoch 0845 | loss 0.1491 | val@20 0.6571 | test@20 0.6123 | best 0.6775 (ep 580)
2025-12-10 07:08:12 - [GCN] Epoch 0850 | loss 0.1515 | val@20 0.6651 | test@20 0.3918 | best 0.6775 (ep 580)
2025-12-10 07:08:24 - [GCN] Epoch 0855 | loss 0.1490 | val@20 0.6496 | test@20 0.4200 | best 0.6775 (ep 580)
2025-12-10 07:08:37 - [GCN] Epoch 0860 | loss 0.1510 | val@20 0.6225 | test@20 0.4139 | best 0.6775 (ep 580)
2025-12-10 07:08:50 - [GCN] Epoch 0865 | loss 0.1529 | val@20 0.6153 | test@20 0.3255 | best 0.6775 (ep 580)
2025-12-10 07:09:03 - [GCN] Epoch 0870 | loss 0.1509 | val@20 0.6868 | test@20 0.6556 | best 0.6868 (ep 870)
2025-12-10 07:09:16 - [GCN] Epoch 0875 | loss 0.1508 | val@20 0.6771 | test@20 0.3979 | best 0.6868 (ep 870)
2025-12-10 07:09:29 - [GCN] Epoch 0880 | loss 0.1502 | val@20 0.6626 | test@20 0.3854 | best 0.6868 (ep 870)
2025-12-10 07:09:41 - [GCN] Epoch 0885 | loss 0.1494 | val@20 0.6651 | test@20 0.5517 | best 0.6868 (ep 870)
2025-12-10 07:09:55 - [GCN] Epoch 0890 | loss 0.1514 | val@20 0.6509 | test@20 0.7825 | best 0.6868 (ep 870)
2025-12-10 07:10:08 - [GCN] Epoch 0895 | loss 0.1507 | val@20 0.6679 | test@20 0.6212 | best 0.6868 (ep 870)
2025-12-10 07:10:21 - [GCN] Epoch 0900 | loss 0.1531 | val@20 0.6738 | test@20 0.6228 | best 0.6868 (ep 870)
2025-12-10 07:10:34 - [GCN] Epoch 0905 | loss 0.1499 | val@20 0.6651 | test@20 0.4152 | best 0.6868 (ep 870)
2025-12-10 07:10:47 - [GCN] Epoch 0910 | loss 0.1501 | val@20 0.6708 | test@20 0.6099 | best 0.6868 (ep 870)
2025-12-10 07:11:00 - [GCN] Epoch 0915 | loss 0.1506 | val@20 0.6770 | test@20 0.6565 | best 0.6868 (ep 870)
2025-12-10 07:11:16 - [GCN] Epoch 0920 | loss 0.1491 | val@20 0.6671 | test@20 0.4959 | best 0.6868 (ep 870)
2025-12-10 07:11:28 - [GCN] Epoch 0925 | loss 0.1502 | val@20 0.6686 | test@20 0.4142 | best 0.6868 (ep 870)
2025-12-10 07:11:41 - [GCN] Epoch 0930 | loss 0.1507 | val@20 0.6640 | test@20 0.5138 | best 0.6868 (ep 870)
2025-12-10 07:11:54 - [GCN] Epoch 0935 | loss 0.1512 | val@20 0.6664 | test@20 0.4718 | best 0.6868 (ep 870)
2025-12-10 07:12:07 - [GCN] Epoch 0940 | loss 0.1500 | val@20 0.6677 | test@20 0.5394 | best 0.6868 (ep 870)
2025-12-10 07:12:20 - [GCN] Epoch 0945 | loss 0.1504 | val@20 0.6637 | test@20 0.5370 | best 0.6868 (ep 870)
2025-12-10 07:12:33 - [GCN] Epoch 0950 | loss 0.1510 | val@20 0.6916 | test@20 0.7883 | best 0.6916 (ep 950)
2025-12-10 07:12:46 - [GCN] Epoch 0955 | loss 0.1499 | val@20 0.6605 | test@20 0.7232 | best 0.6916 (ep 950)
2025-12-10 07:12:58 - [GCN] Epoch 0960 | loss 0.1496 | val@20 0.6271 | test@20 0.4339 | best 0.6916 (ep 950)
2025-12-10 07:13:12 - [GCN] Epoch 0965 | loss 0.1519 | val@20 0.6252 | test@20 0.5375 | best 0.6916 (ep 950)
2025-12-10 07:13:25 - [GCN] Epoch 0970 | loss 0.1495 | val@20 0.6375 | test@20 0.4374 | best 0.6916 (ep 950)
2025-12-10 07:13:37 - [GCN] Epoch 0975 | loss 0.1480 | val@20 0.6785 | test@20 0.4167 | best 0.6916 (ep 950)
2025-12-10 07:13:50 - [GCN] Epoch 0980 | loss 0.1505 | val@20 0.6691 | test@20 0.4141 | best 0.6916 (ep 950)
2025-12-10 07:14:04 - [GCN] Epoch 0985 | loss 0.1490 | val@20 0.6581 | test@20 0.5021 | best 0.6916 (ep 950)
2025-12-10 07:14:17 - [GCN] Epoch 0990 | loss 0.1512 | val@20 0.5741 | test@20 0.4689 | best 0.6916 (ep 950)
2025-12-10 07:14:29 - [GCN] Epoch 0995 | loss 0.1491 | val@20 0.6479 | test@20 0.4427 | best 0.6916 (ep 950)
2025-12-10 07:14:42 - [GCN] Epoch 1000 | loss 0.1490 | val@20 0.6510 | test@20 0.4165 | best 0.6916 (ep 950)
2025-12-10 07:14:55 - [GCN] Epoch 1005 | loss 0.1481 | val@20 0.6668 | test@20 0.4079 | best 0.6916 (ep 950)
2025-12-10 07:15:08 - [GCN] Epoch 1010 | loss 0.1493 | val@20 0.6196 | test@20 0.5572 | best 0.6916 (ep 950)
2025-12-10 07:15:21 - [GCN] Epoch 1015 | loss 0.1484 | val@20 0.6808 | test@20 0.6347 | best 0.6916 (ep 950)
2025-12-10 07:15:34 - [GCN] Epoch 1020 | loss 0.1487 | val@20 0.6853 | test@20 0.5972 | best 0.6916 (ep 950)
2025-12-10 07:15:47 - [GCN] Epoch 1025 | loss 0.1507 | val@20 0.6733 | test@20 0.5031 | best 0.6916 (ep 950)
2025-12-10 07:16:00 - [GCN] Epoch 1030 | loss 0.1485 | val@20 0.6614 | test@20 0.4577 | best 0.6916 (ep 950)
2025-12-10 07:16:14 - [GCN] Epoch 1035 | loss 0.1505 | val@20 0.6765 | test@20 0.7841 | best 0.6916 (ep 950)
2025-12-10 07:16:26 - [GCN] Epoch 1040 | loss 0.1500 | val@20 0.6871 | test@20 0.7534 | best 0.6916 (ep 950)
2025-12-10 07:16:39 - [GCN] Epoch 1045 | loss 0.1492 | val@20 0.6535 | test@20 0.4504 | best 0.6916 (ep 950)
2025-12-10 07:16:52 - [GCN] Epoch 1050 | loss 0.1507 | val@20 0.6756 | test@20 0.5549 | best 0.6916 (ep 950)
2025-12-10 07:17:06 - [GCN] Epoch 1055 | loss 0.1514 | val@20 0.6163 | test@20 0.3452 | best 0.6916 (ep 950)
2025-12-10 07:17:18 - [GCN] Epoch 1060 | loss 0.1490 | val@20 0.6406 | test@20 0.7553 | best 0.6916 (ep 950)
2025-12-10 07:17:31 - [GCN] Epoch 1065 | loss 0.1500 | val@20 0.5986 | test@20 0.5261 | best 0.6916 (ep 950)
2025-12-10 07:17:44 - [GCN] Epoch 1070 | loss 0.1492 | val@20 0.6790 | test@20 0.7011 | best 0.6916 (ep 950)
2025-12-10 07:17:57 - [GCN] Epoch 1075 | loss 0.1484 | val@20 0.6173 | test@20 0.5267 | best 0.6916 (ep 950)
2025-12-10 07:18:10 - [GCN] Epoch 1080 | loss 0.1501 | val@20 0.6772 | test@20 0.3970 | best 0.6916 (ep 950)
2025-12-10 07:18:23 - [GCN] Epoch 1085 | loss 0.1478 | val@20 0.6865 | test@20 0.6930 | best 0.6916 (ep 950)
2025-12-10 07:18:36 - [GCN] Epoch 1090 | loss 0.1495 | val@20 0.6792 | test@20 0.6226 | best 0.6916 (ep 950)
2025-12-10 07:18:49 - [GCN] Epoch 1095 | loss 0.1494 | val@20 0.6721 | test@20 0.5893 | best 0.6916 (ep 950)
2025-12-10 07:19:03 - [GCN] Epoch 1100 | loss 0.1479 | val@20 0.6760 | test@20 0.5132 | best 0.6916 (ep 950)
2025-12-10 07:19:16 - [GCN] Epoch 1105 | loss 0.1476 | val@20 0.6862 | test@20 0.5696 | best 0.6916 (ep 950)
2025-12-10 07:19:29 - [GCN] Epoch 1110 | loss 0.1495 | val@20 0.6901 | test@20 0.6467 | best 0.6916 (ep 950)
2025-12-10 07:19:42 - [GCN] Epoch 1115 | loss 0.1485 | val@20 0.6771 | test@20 0.5206 | best 0.6916 (ep 950)
2025-12-10 07:19:55 - [GCN] Epoch 1120 | loss 0.1503 | val@20 0.6948 | test@20 0.7746 | best 0.6948 (ep 1120)
2025-12-10 07:20:08 - [GCN] Epoch 1125 | loss 0.1483 | val@20 0.6786 | test@20 0.6292 | best 0.6948 (ep 1120)
2025-12-10 07:20:21 - [GCN] Epoch 1130 | loss 0.1490 | val@20 0.6835 | test@20 0.5969 | best 0.6948 (ep 1120)
2025-12-10 07:20:34 - [GCN] Epoch 1135 | loss 0.1483 | val@20 0.6451 | test@20 0.6993 | best 0.6948 (ep 1120)
2025-12-10 07:20:47 - [GCN] Epoch 1140 | loss 0.1496 | val@20 0.6741 | test@20 0.6118 | best 0.6948 (ep 1120)
2025-12-10 07:21:00 - [GCN] Epoch 1145 | loss 0.1495 | val@20 0.6762 | test@20 0.6564 | best 0.6948 (ep 1120)
2025-12-10 07:21:16 - [GCN] Epoch 1150 | loss 0.1487 | val@20 0.6761 | test@20 0.6950 | best 0.6948 (ep 1120)
2025-12-10 07:21:29 - [GCN] Epoch 1155 | loss 0.1487 | val@20 0.6885 | test@20 0.5209 | best 0.6948 (ep 1120)
2025-12-10 07:21:41 - [GCN] Epoch 1160 | loss 0.1483 | val@20 0.6789 | test@20 0.5260 | best 0.6948 (ep 1120)
2025-12-10 07:21:54 - [GCN] Epoch 1165 | loss 0.1502 | val@20 0.6330 | test@20 0.4859 | best 0.6948 (ep 1120)
2025-12-10 07:22:08 - [GCN] Epoch 1170 | loss 0.1468 | val@20 0.6999 | test@20 0.7718 | best 0.6999 (ep 1170)
2025-12-10 07:22:21 - [GCN] Epoch 1175 | loss 0.1495 | val@20 0.5424 | test@20 0.6270 | best 0.6999 (ep 1170)
2025-12-10 07:22:34 - [GCN] Epoch 1180 | loss 0.1493 | val@20 0.6739 | test@20 0.4979 | best 0.6999 (ep 1170)
2025-12-10 07:22:46 - [GCN] Epoch 1185 | loss 0.1475 | val@20 0.6755 | test@20 0.8077 | best 0.6999 (ep 1170)
2025-12-10 07:22:59 - [GCN] Epoch 1190 | loss 0.1473 | val@20 0.6279 | test@20 0.4278 | best 0.6999 (ep 1170)
2025-12-10 07:23:13 - [GCN] Epoch 1195 | loss 0.1492 | val@20 0.6715 | test@20 0.5377 | best 0.6999 (ep 1170)
2025-12-10 07:23:26 - [GCN] Epoch 1200 | loss 0.1474 | val@20 0.6911 | test@20 0.5382 | best 0.6999 (ep 1170)
2025-12-10 07:23:39 - [GCN] Epoch 1205 | loss 0.1494 | val@20 0.6875 | test@20 0.6251 | best 0.6999 (ep 1170)
2025-12-10 07:23:51 - [GCN] Epoch 1210 | loss 0.1464 | val@20 0.6932 | test@20 0.7065 | best 0.6999 (ep 1170)
2025-12-10 07:24:05 - [GCN] Epoch 1215 | loss 0.1485 | val@20 0.6465 | test@20 0.3930 | best 0.6999 (ep 1170)
2025-12-10 07:24:18 - [GCN] Epoch 1220 | loss 0.1498 | val@20 0.6370 | test@20 0.4897 | best 0.6999 (ep 1170)
2025-12-10 07:24:31 - [GCN] Epoch 1225 | loss 0.1475 | val@20 0.6660 | test@20 0.3934 | best 0.6999 (ep 1170)
2025-12-10 07:24:44 - [GCN] Epoch 1230 | loss 0.1481 | val@20 0.6641 | test@20 0.4687 | best 0.6999 (ep 1170)
2025-12-10 07:24:57 - [GCN] Epoch 1235 | loss 0.1474 | val@20 0.6632 | test@20 0.4201 | best 0.6999 (ep 1170)
2025-12-10 07:25:10 - [GCN] Epoch 1240 | loss 0.1485 | val@20 0.6774 | test@20 0.4458 | best 0.6999 (ep 1170)
2025-12-10 07:25:23 - [GCN] Epoch 1245 | loss 0.1486 | val@20 0.6770 | test@20 0.6589 | best 0.6999 (ep 1170)
2025-12-10 07:25:36 - [GCN] Epoch 1250 | loss 0.1484 | val@20 0.6549 | test@20 0.3725 | best 0.6999 (ep 1170)
2025-12-10 07:25:49 - [GCN] Epoch 1255 | loss 0.1475 | val@20 0.6408 | test@20 0.4912 | best 0.6999 (ep 1170)
2025-12-10 07:26:01 - [GCN] Epoch 1260 | loss 0.1479 | val@20 0.6917 | test@20 0.6291 | best 0.6999 (ep 1170)
2025-12-10 07:26:15 - [GCN] Epoch 1265 | loss 0.1476 | val@20 0.6597 | test@20 0.6911 | best 0.6999 (ep 1170)
2025-12-10 07:26:27 - [GCN] Epoch 1270 | loss 0.1473 | val@20 0.6894 | test@20 0.5486 | best 0.6999 (ep 1170)
2025-12-10 07:26:40 - [GCN] Epoch 1275 | loss 0.1483 | val@20 0.6970 | test@20 0.5009 | best 0.6999 (ep 1170)
2025-12-10 07:26:53 - [GCN] Epoch 1280 | loss 0.1480 | val@20 0.6891 | test@20 0.3399 | best 0.6999 (ep 1170)
2025-12-10 07:27:06 - [GCN] Epoch 1285 | loss 0.1483 | val@20 0.6673 | test@20 0.5136 | best 0.6999 (ep 1170)
2025-12-10 07:27:19 - [GCN] Epoch 1290 | loss 0.1477 | val@20 0.6889 | test@20 0.5497 | best 0.6999 (ep 1170)
2025-12-10 07:27:31 - [GCN] Epoch 1295 | loss 0.1490 | val@20 0.6890 | test@20 0.5268 | best 0.6999 (ep 1170)
2025-12-10 07:27:44 - [GCN] Epoch 1300 | loss 0.1478 | val@20 0.6758 | test@20 0.4723 | best 0.6999 (ep 1170)
2025-12-10 07:27:56 - [GCN] Epoch 1305 | loss 0.1483 | val@20 0.6878 | test@20 0.6207 | best 0.6999 (ep 1170)
2025-12-10 07:28:10 - [GCN] Epoch 1310 | loss 0.1465 | val@20 0.6957 | test@20 0.5301 | best 0.6999 (ep 1170)
2025-12-10 07:28:22 - [GCN] Epoch 1315 | loss 0.1467 | val@20 0.6951 | test@20 0.5429 | best 0.6999 (ep 1170)
2025-12-10 07:28:35 - [GCN] Epoch 1320 | loss 0.1494 | val@20 0.6706 | test@20 0.3967 | best 0.6999 (ep 1170)
2025-12-10 07:28:48 - [GCN] Epoch 1325 | loss 0.1474 | val@20 0.6561 | test@20 0.5144 | best 0.6999 (ep 1170)
2025-12-10 07:29:01 - [GCN] Epoch 1330 | loss 0.1468 | val@20 0.6769 | test@20 0.4749 | best 0.6999 (ep 1170)
2025-12-10 07:29:14 - [GCN] Epoch 1335 | loss 0.1486 | val@20 0.6653 | test@20 0.4244 | best 0.6999 (ep 1170)
2025-12-10 07:29:27 - [GCN] Epoch 1340 | loss 0.1472 | val@20 0.6959 | test@20 0.4004 | best 0.6999 (ep 1170)
2025-12-10 07:29:40 - [GCN] Epoch 1345 | loss 0.1474 | val@20 0.6153 | test@20 0.3980 | best 0.6999 (ep 1170)
2025-12-10 07:29:53 - [GCN] Epoch 1350 | loss 0.1469 | val@20 0.6976 | test@20 0.7888 | best 0.6999 (ep 1170)
2025-12-10 07:30:07 - [GCN] Epoch 1355 | loss 0.1481 | val@20 0.6724 | test@20 0.5515 | best 0.6999 (ep 1170)
2025-12-10 07:30:19 - [GCN] Epoch 1360 | loss 0.1471 | val@20 0.6500 | test@20 0.4272 | best 0.6999 (ep 1170)
2025-12-10 07:30:32 - [GCN] Epoch 1365 | loss 0.1471 | val@20 0.6982 | test@20 0.3634 | best 0.6999 (ep 1170)
2025-12-10 07:30:45 - [GCN] Epoch 1370 | loss 0.1483 | val@20 0.6976 | test@20 0.7523 | best 0.6999 (ep 1170)
2025-12-10 07:30:57 - [GCN] Epoch 1375 | loss 0.1462 | val@20 0.6710 | test@20 0.4608 | best 0.6999 (ep 1170)
2025-12-10 07:31:14 - [GCN] Epoch 1380 | loss 0.1492 | val@20 0.6387 | test@20 0.6035 | best 0.6999 (ep 1170)
2025-12-10 07:31:27 - [GCN] Epoch 1385 | loss 0.1463 | val@20 0.6746 | test@20 0.4189 | best 0.6999 (ep 1170)
2025-12-10 07:31:39 - [GCN] Epoch 1390 | loss 0.1489 | val@20 0.5897 | test@20 0.3954 | best 0.6999 (ep 1170)
2025-12-10 07:31:52 - [GCN] Epoch 1395 | loss 0.1489 | val@20 0.6022 | test@20 0.3132 | best 0.6999 (ep 1170)
2025-12-10 07:32:06 - [GCN] Epoch 1400 | loss 0.1477 | val@20 0.6821 | test@20 0.5476 | best 0.6999 (ep 1170)
2025-12-10 07:32:18 - [GCN] Epoch 1405 | loss 0.1462 | val@20 0.6887 | test@20 0.5003 | best 0.6999 (ep 1170)
2025-12-10 07:32:31 - [GCN] Epoch 1410 | loss 0.1470 | val@20 0.6846 | test@20 0.4665 | best 0.6999 (ep 1170)
2025-12-10 07:32:44 - [GCN] Epoch 1415 | loss 0.1479 | val@20 0.6715 | test@20 0.4228 | best 0.6999 (ep 1170)
2025-12-10 07:32:57 - [GCN] Epoch 1420 | loss 0.1485 | val@20 0.6902 | test@20 0.4500 | best 0.6999 (ep 1170)
2025-12-10 07:33:10 - [GCN] Epoch 1425 | loss 0.1470 | val@20 0.6445 | test@20 0.3301 | best 0.6999 (ep 1170)
2025-12-10 07:33:24 - [GCN] Epoch 1430 | loss 0.1458 | val@20 0.6738 | test@20 0.7688 | best 0.6999 (ep 1170)
2025-12-10 07:33:37 - [GCN] Epoch 1435 | loss 0.1464 | val@20 0.7048 | test@20 0.5157 | best 0.7048 (ep 1435)
2025-12-10 07:33:49 - [GCN] Epoch 1440 | loss 0.1469 | val@20 0.6411 | test@20 0.4955 | best 0.7048 (ep 1435)
2025-12-10 07:34:03 - [GCN] Epoch 1445 | loss 0.1494 | val@20 0.6601 | test@20 0.4870 | best 0.7048 (ep 1435)
2025-12-10 07:34:15 - [GCN] Epoch 1450 | loss 0.1466 | val@20 0.6846 | test@20 0.7163 | best 0.7048 (ep 1435)
2025-12-10 07:34:28 - [GCN] Epoch 1455 | loss 0.1474 | val@20 0.6480 | test@20 0.7246 | best 0.7048 (ep 1435)
2025-12-10 07:34:41 - [GCN] Epoch 1460 | loss 0.1484 | val@20 0.6691 | test@20 0.5717 | best 0.7048 (ep 1435)
2025-12-10 07:34:54 - [GCN] Epoch 1465 | loss 0.1485 | val@20 0.6342 | test@20 0.2899 | best 0.7048 (ep 1435)
2025-12-10 07:35:07 - [GCN] Epoch 1470 | loss 0.1464 | val@20 0.6836 | test@20 0.8307 | best 0.7048 (ep 1435)
2025-12-10 07:35:20 - [GCN] Epoch 1475 | loss 0.1472 | val@20 0.6764 | test@20 0.4869 | best 0.7048 (ep 1435)
2025-12-10 07:35:33 - [GCN] Epoch 1480 | loss 0.1467 | val@20 0.6722 | test@20 0.5698 | best 0.7048 (ep 1435)
2025-12-10 07:35:46 - [GCN] Epoch 1485 | loss 0.1461 | val@20 0.6618 | test@20 0.5767 | best 0.7048 (ep 1435)
2025-12-10 07:35:59 - [GCN] Epoch 1490 | loss 0.1459 | val@20 0.6614 | test@20 0.4197 | best 0.7048 (ep 1435)
2025-12-10 07:36:12 - [GCN] Epoch 1495 | loss 0.1490 | val@20 0.6733 | test@20 0.4937 | best 0.7048 (ep 1435)
2025-12-10 07:36:25 - [GCN] Epoch 1500 | loss 0.1462 | val@20 0.6916 | test@20 0.7064 | best 0.7048 (ep 1435)
2025-12-10 07:36:38 - [GCN] Epoch 1505 | loss 0.1470 | val@20 0.6925 | test@20 0.7458 | best 0.7048 (ep 1435)
2025-12-10 07:36:51 - [GCN] Epoch 1510 | loss 0.1473 | val@20 0.6704 | test@20 0.4712 | best 0.7048 (ep 1435)
2025-12-10 07:37:05 - [GCN] Epoch 1515 | loss 0.1463 | val@20 0.6791 | test@20 0.7025 | best 0.7048 (ep 1435)
2025-12-10 07:37:18 - [GCN] Epoch 1520 | loss 0.1462 | val@20 0.6398 | test@20 0.5347 | best 0.7048 (ep 1435)
2025-12-10 07:37:31 - [GCN] Epoch 1525 | loss 0.1463 | val@20 0.6761 | test@20 0.4520 | best 0.7048 (ep 1435)
2025-12-10 07:37:44 - [GCN] Epoch 1530 | loss 0.1466 | val@20 0.6645 | test@20 0.4792 | best 0.7048 (ep 1435)
2025-12-10 07:37:56 - [GCN] Epoch 1535 | loss 0.1462 | val@20 0.6705 | test@20 0.4991 | best 0.7048 (ep 1435)
2025-12-10 07:38:10 - [GCN] Epoch 1540 | loss 0.1464 | val@20 0.6968 | test@20 0.7598 | best 0.7048 (ep 1435)
2025-12-10 07:38:23 - [GCN] Epoch 1545 | loss 0.1463 | val@20 0.6409 | test@20 0.3792 | best 0.7048 (ep 1435)
2025-12-10 07:38:35 - [GCN] Epoch 1550 | loss 0.1491 | val@20 0.6622 | test@20 0.5757 | best 0.7048 (ep 1435)
2025-12-10 07:38:48 - [GCN] Epoch 1555 | loss 0.1474 | val@20 0.6266 | test@20 0.7045 | best 0.7048 (ep 1435)
2025-12-10 07:39:01 - [GCN] Epoch 1560 | loss 0.1477 | val@20 0.6803 | test@20 0.7537 | best 0.7048 (ep 1435)
2025-12-10 07:39:15 - [GCN] Epoch 1565 | loss 0.1468 | val@20 0.6321 | test@20 0.3532 | best 0.7048 (ep 1435)
2025-12-10 07:39:28 - [GCN] Epoch 1570 | loss 0.1466 | val@20 0.6616 | test@20 0.4169 | best 0.7048 (ep 1435)
2025-12-10 07:39:41 - [GCN] Epoch 1575 | loss 0.1459 | val@20 0.6899 | test@20 0.5074 | best 0.7048 (ep 1435)
2025-12-10 07:39:53 - [GCN] Epoch 1580 | loss 0.1468 | val@20 0.6940 | test@20 0.8006 | best 0.7048 (ep 1435)
2025-12-10 07:40:07 - [GCN] Epoch 1585 | loss 0.1463 | val@20 0.6651 | test@20 0.5492 | best 0.7048 (ep 1435)
2025-12-10 07:40:20 - [GCN] Epoch 1590 | loss 0.1469 | val@20 0.6627 | test@20 0.6619 | best 0.7048 (ep 1435)
2025-12-10 07:40:33 - [GCN] Epoch 1595 | loss 0.1487 | val@20 0.6559 | test@20 0.6032 | best 0.7048 (ep 1435)
2025-12-10 07:40:46 - [GCN] Epoch 1600 | loss 0.1461 | val@20 0.6549 | test@20 0.4795 | best 0.7048 (ep 1435)
2025-12-10 07:40:58 - [GCN] Epoch 1605 | loss 0.1458 | val@20 0.6626 | test@20 0.4104 | best 0.7048 (ep 1435)
2025-12-10 07:41:15 - [GCN] Epoch 1610 | loss 0.1463 | val@20 0.6876 | test@20 0.4879 | best 0.7048 (ep 1435)
2025-12-10 07:41:28 - [GCN] Epoch 1615 | loss 0.1469 | val@20 0.5868 | test@20 0.6293 | best 0.7048 (ep 1435)
2025-12-10 07:41:40 - [GCN] Epoch 1620 | loss 0.1458 | val@20 0.6924 | test@20 0.5237 | best 0.7048 (ep 1435)
2025-12-10 07:41:53 - [GCN] Epoch 1625 | loss 0.1458 | val@20 0.6666 | test@20 0.4371 | best 0.7048 (ep 1435)
2025-12-10 07:42:06 - [GCN] Epoch 1630 | loss 0.1454 | val@20 0.6987 | test@20 0.7294 | best 0.7048 (ep 1435)
2025-12-10 07:42:19 - [GCN] Epoch 1635 | loss 0.1458 | val@20 0.6848 | test@20 0.5023 | best 0.7048 (ep 1435)
2025-12-10 07:42:32 - [GCN] Epoch 1640 | loss 0.1450 | val@20 0.6831 | test@20 0.4337 | best 0.7048 (ep 1435)
2025-12-10 07:42:45 - [GCN] Epoch 1645 | loss 0.1529 | val@20 0.6580 | test@20 0.5164 | best 0.7048 (ep 1435)
2025-12-10 07:42:57 - [GCN] Epoch 1650 | loss 0.1464 | val@20 0.6705 | test@20 0.7331 | best 0.7048 (ep 1435)
2025-12-10 07:43:11 - [GCN] Epoch 1655 | loss 0.1474 | val@20 0.6478 | test@20 0.5614 | best 0.7048 (ep 1435)
2025-12-10 07:43:24 - [GCN] Epoch 1660 | loss 0.1450 | val@20 0.6287 | test@20 0.5076 | best 0.7048 (ep 1435)
2025-12-10 07:43:36 - [GCN] Epoch 1665 | loss 0.1465 | val@20 0.6386 | test@20 0.5393 | best 0.7048 (ep 1435)
2025-12-10 07:43:49 - [GCN] Epoch 1670 | loss 0.1461 | val@20 0.6468 | test@20 0.7105 | best 0.7048 (ep 1435)
2025-12-10 07:44:02 - [GCN] Epoch 1675 | loss 0.1478 | val@20 0.6773 | test@20 0.7309 | best 0.7048 (ep 1435)
2025-12-10 07:44:15 - [GCN] Epoch 1680 | loss 0.1452 | val@20 0.6972 | test@20 0.7496 | best 0.7048 (ep 1435)
2025-12-10 07:44:28 - [GCN] Epoch 1685 | loss 0.1471 | val@20 0.6267 | test@20 0.6462 | best 0.7048 (ep 1435)
2025-12-10 07:44:41 - [GCN] Epoch 1690 | loss 0.1456 | val@20 0.6547 | test@20 0.6388 | best 0.7048 (ep 1435)
2025-12-10 07:44:53 - [GCN] Epoch 1695 | loss 0.1477 | val@20 0.6351 | test@20 0.4738 | best 0.7048 (ep 1435)
2025-12-10 07:45:07 - [GCN] Epoch 1700 | loss 0.1465 | val@20 0.6154 | test@20 0.6421 | best 0.7048 (ep 1435)
2025-12-10 07:45:20 - [GCN] Epoch 1705 | loss 0.1461 | val@20 0.6682 | test@20 0.6623 | best 0.7048 (ep 1435)
2025-12-10 07:45:32 - [GCN] Epoch 1710 | loss 0.1453 | val@20 0.6607 | test@20 0.6979 | best 0.7048 (ep 1435)
2025-12-10 07:45:45 - [GCN] Epoch 1715 | loss 0.1469 | val@20 0.6707 | test@20 0.7517 | best 0.7048 (ep 1435)
2025-12-10 07:45:58 - [GCN] Epoch 1720 | loss 0.1457 | val@20 0.6796 | test@20 0.7333 | best 0.7048 (ep 1435)
2025-12-10 07:46:11 - [GCN] Epoch 1725 | loss 0.1463 | val@20 0.6560 | test@20 0.6847 | best 0.7048 (ep 1435)
2025-12-10 07:46:24 - [GCN] Epoch 1730 | loss 0.1451 | val@20 0.6912 | test@20 0.7504 | best 0.7048 (ep 1435)
2025-12-10 07:46:36 - [GCN] Epoch 1735 | loss 0.1464 | val@20 0.6287 | test@20 0.3547 | best 0.7048 (ep 1435)
2025-12-10 07:46:49 - [GCN] Epoch 1740 | loss 0.1475 | val@20 0.6706 | test@20 0.7327 | best 0.7048 (ep 1435)
2025-12-10 07:47:02 - [GCN] Epoch 1745 | loss 0.1476 | val@20 0.5520 | test@20 0.4603 | best 0.7048 (ep 1435)
2025-12-10 07:47:15 - [GCN] Epoch 1750 | loss 0.1454 | val@20 0.6483 | test@20 0.4919 | best 0.7048 (ep 1435)
2025-12-10 07:47:29 - [GCN] Epoch 1755 | loss 0.1458 | val@20 0.6546 | test@20 0.7037 | best 0.7048 (ep 1435)
2025-12-10 07:47:41 - [GCN] Epoch 1760 | loss 0.1454 | val@20 0.6638 | test@20 0.6825 | best 0.7048 (ep 1435)
2025-12-10 07:47:53 - [GCN] Epoch 1765 | loss 0.1454 | val@20 0.6872 | test@20 0.6876 | best 0.7048 (ep 1435)
2025-12-10 07:48:07 - [GCN] Epoch 1770 | loss 0.1454 | val@20 0.6897 | test@20 0.7750 | best 0.7048 (ep 1435)
2025-12-10 07:48:19 - [GCN] Epoch 1775 | loss 0.1457 | val@20 0.6950 | test@20 0.6381 | best 0.7048 (ep 1435)
2025-12-10 07:48:32 - [GCN] Epoch 1780 | loss 0.1468 | val@20 0.5894 | test@20 0.6793 | best 0.7048 (ep 1435)
2025-12-10 07:48:45 - [GCN] Epoch 1785 | loss 0.1471 | val@20 0.6340 | test@20 0.7122 | best 0.7048 (ep 1435)
2025-12-10 07:48:58 - [GCN] Epoch 1790 | loss 0.1456 | val@20 0.6854 | test@20 0.5381 | best 0.7048 (ep 1435)
2025-12-10 07:49:12 - [GCN] Epoch 1795 | loss 0.1457 | val@20 0.6940 | test@20 0.4089 | best 0.7048 (ep 1435)
2025-12-10 07:49:24 - [GCN] Epoch 1800 | loss 0.1455 | val@20 0.6563 | test@20 0.6286 | best 0.7048 (ep 1435)
2025-12-10 07:49:37 - [GCN] Epoch 1805 | loss 0.1480 | val@20 0.7059 | test@20 0.6149 | best 0.7059 (ep 1805)
2025-12-10 07:49:50 - [GCN] Epoch 1810 | loss 0.1463 | val@20 0.6721 | test@20 0.4951 | best 0.7059 (ep 1805)
2025-12-10 07:50:03 - [GCN] Epoch 1815 | loss 0.1461 | val@20 0.6788 | test@20 0.7105 | best 0.7059 (ep 1805)
2025-12-10 07:50:17 - [GCN] Epoch 1820 | loss 0.1467 | val@20 0.6943 | test@20 0.6252 | best 0.7059 (ep 1805)
2025-12-10 07:50:29 - [GCN] Epoch 1825 | loss 0.1449 | val@20 0.6704 | test@20 0.5271 | best 0.7059 (ep 1805)
2025-12-10 07:50:42 - [GCN] Epoch 1830 | loss 0.1446 | val@20 0.6679 | test@20 0.4542 | best 0.7059 (ep 1805)
2025-12-10 07:50:55 - [GCN] Epoch 1835 | loss 0.1438 | val@20 0.6941 | test@20 0.5282 | best 0.7059 (ep 1805)
2025-12-10 07:51:09 - [GCN] Epoch 1840 | loss 0.1470 | val@20 0.6692 | test@20 0.4204 | best 0.7059 (ep 1805)
2025-12-10 07:51:23 - [GCN] Epoch 1845 | loss 0.1447 | val@20 0.6214 | test@20 0.6362 | best 0.7059 (ep 1805)
2025-12-10 07:51:36 - [GCN] Epoch 1850 | loss 0.1467 | val@20 0.6564 | test@20 0.5116 | best 0.7059 (ep 1805)
2025-12-10 07:51:49 - [GCN] Epoch 1855 | loss 0.1457 | val@20 0.7037 | test@20 0.7734 | best 0.7059 (ep 1805)
2025-12-10 07:52:02 - [GCN] Epoch 1860 | loss 0.1466 | val@20 0.6619 | test@20 0.7687 | best 0.7059 (ep 1805)
2025-12-10 07:52:16 - [GCN] Epoch 1865 | loss 0.1443 | val@20 0.6601 | test@20 0.7406 | best 0.7059 (ep 1805)
2025-12-10 07:52:28 - [GCN] Epoch 1870 | loss 0.1462 | val@20 0.6928 | test@20 0.7240 | best 0.7059 (ep 1805)
2025-12-10 07:52:41 - [GCN] Epoch 1875 | loss 0.1450 | val@20 0.6790 | test@20 0.8031 | best 0.7059 (ep 1805)
2025-12-10 07:52:53 - [GCN] Epoch 1880 | loss 0.1461 | val@20 0.5716 | test@20 0.5381 | best 0.7059 (ep 1805)
2025-12-10 07:53:07 - [GCN] Epoch 1885 | loss 0.1462 | val@20 0.6839 | test@20 0.6967 | best 0.7059 (ep 1805)
2025-12-10 07:53:20 - [GCN] Epoch 1890 | loss 0.1459 | val@20 0.5718 | test@20 0.5128 | best 0.7059 (ep 1805)
2025-12-10 07:53:32 - [GCN] Epoch 1895 | loss 0.1459 | val@20 0.6737 | test@20 0.7306 | best 0.7059 (ep 1805)
2025-12-10 07:53:45 - [GCN] Epoch 1900 | loss 0.1444 | val@20 0.6844 | test@20 0.4994 | best 0.7059 (ep 1805)
2025-12-10 07:53:58 - [GCN] Epoch 1905 | loss 0.1453 | val@20 0.6784 | test@20 0.7521 | best 0.7059 (ep 1805)
2025-12-10 07:54:11 - [GCN] Epoch 1910 | loss 0.1449 | val@20 0.5479 | test@20 0.2239 | best 0.7059 (ep 1805)
2025-12-10 07:54:24 - [GCN] Epoch 1915 | loss 0.1456 | val@20 0.6463 | test@20 0.4655 | best 0.7059 (ep 1805)
2025-12-10 07:54:37 - [GCN] Epoch 1920 | loss 0.1466 | val@20 0.6587 | test@20 0.5001 | best 0.7059 (ep 1805)
2025-12-10 07:54:49 - [GCN] Epoch 1925 | loss 0.1458 | val@20 0.6920 | test@20 0.5434 | best 0.7059 (ep 1805)
2025-12-10 07:55:02 - [GCN] Epoch 1930 | loss 0.1458 | val@20 0.6712 | test@20 0.4583 | best 0.7059 (ep 1805)
2025-12-10 07:55:15 - [GCN] Epoch 1935 | loss 0.1453 | val@20 0.6602 | test@20 0.5145 | best 0.7059 (ep 1805)
2025-12-10 07:55:28 - [GCN] Epoch 1940 | loss 0.1445 | val@20 0.6756 | test@20 0.5725 | best 0.7059 (ep 1805)
2025-12-10 07:55:41 - [GCN] Epoch 1945 | loss 0.1450 | val@20 0.6638 | test@20 0.5110 | best 0.7059 (ep 1805)
2025-12-10 07:55:53 - [GCN] Epoch 1950 | loss 0.1442 | val@20 0.6691 | test@20 0.7042 | best 0.7059 (ep 1805)
2025-12-10 07:56:07 - [GCN] Epoch 1955 | loss 0.1447 | val@20 0.6693 | test@20 0.6906 | best 0.7059 (ep 1805)
2025-12-10 07:56:20 - [GCN] Epoch 1960 | loss 0.1447 | val@20 0.6781 | test@20 0.6300 | best 0.7059 (ep 1805)
2025-12-10 07:56:33 - [GCN] Epoch 1965 | loss 0.1440 | val@20 0.6529 | test@20 0.8069 | best 0.7059 (ep 1805)
2025-12-10 07:56:45 - [GCN] Epoch 1970 | loss 0.1442 | val@20 0.6959 | test@20 0.7682 | best 0.7059 (ep 1805)
2025-12-10 07:56:58 - [GCN] Epoch 1975 | loss 0.1462 | val@20 0.6892 | test@20 0.6974 | best 0.7059 (ep 1805)
2025-12-10 07:57:11 - [GCN] Epoch 1980 | loss 0.1456 | val@20 0.6824 | test@20 0.5677 | best 0.7059 (ep 1805)
2025-12-10 07:57:24 - [GCN] Epoch 1985 | loss 0.1450 | val@20 0.6669 | test@20 0.6682 | best 0.7059 (ep 1805)
2025-12-10 07:57:37 - [GCN] Epoch 1990 | loss 0.1447 | val@20 0.6240 | test@20 0.4267 | best 0.7059 (ep 1805)
2025-12-10 07:57:50 - [GCN] Epoch 1995 | loss 0.1452 | val@20 0.6611 | test@20 0.4745 | best 0.7059 (ep 1805)
2025-12-10 07:58:02 - [GCN] Epoch 2000 | loss 0.1460 | val@20 0.6381 | test@20 0.6941 | best 0.7059 (ep 1805)
2025-12-10 07:58:02 - ================================================================================
2025-12-10 07:58:02 - Final Results
2025-12-10 07:58:02 - ================================================================================
2025-12-10 07:58:02 - Hits@10: Valid 64.19% | Test 23.78%
2025-12-10 07:58:02 - Hits@20: Valid 70.59% | Test 61.49%
2025-12-10 07:58:02 - Hits@30: Valid 71.97% | Test 83.98%
2025-12-10 07:58:02 - ================================================================================
