2025-12-10 10:51:13 - OGBL-DDI Link Prediction - GCN with External Features
2025-12-10 10:51:13 - Device: cuda:0
2025-12-10 10:51:13 - Log directory: logs/ddi_gcn_dti_20251210_105113
2025-12-10 10:51:13 - ================================================================================
2025-12-10 10:51:13 - Dataset: 4267 nodes, 2135822 edges
2025-12-10 10:51:13 - Train edges: 1067911
2025-12-10 10:51:13 - Valid edges: 133489 pos, 101882 neg
2025-12-10 10:51:13 - Test edges: 133489 pos, 95599 neg
2025-12-10 10:51:13 - Loading external features...
2025-12-10 10:51:13 - Loaded drug-target features: shape=torch.Size([4267, 229])
2025-12-10 10:51:13 -   Drug-target features: 229 dims
2025-12-10 10:51:13 - Combined features: 229 dims total
2025-12-10 10:51:13 - Loaded features: {'drug_targets': 229}
2025-12-10 10:51:13 - Total feature dimension: 229
2025-12-10 10:51:13 - ================================================================================
2025-12-10 10:51:13 - Model Configuration:
2025-12-10 10:51:13 -   architecture: GCN + MLP
2025-12-10 10:51:13 -   num_layers: 2
2025-12-10 10:51:13 -   hidden_channels: 256
2025-12-10 10:51:13 -   dropout: 0.5
2025-12-10 10:51:13 -   fusion: concat
2025-12-10 10:51:13 -   external_features: ['drug_targets']
2025-12-10 10:51:13 - Training Configuration:
2025-12-10 10:51:13 -   epochs: 2000
2025-12-10 10:51:13 -   lr: 0.005
2025-12-10 10:51:13 -   batch_size: 65536
2025-12-10 10:51:13 -   eval_steps: 5
2025-12-10 10:51:13 -   runs: 1
2025-12-10 10:51:13 - ================================================================================
2025-12-10 10:51:27 - [GCN] Epoch 0005 | loss 0.7327 | val@20 0.0748 | test@20 0.0472 | best 0.0748 (ep 5)
2025-12-10 10:51:39 - [GCN] Epoch 0010 | loss 0.5704 | val@20 0.2481 | test@20 0.2484 | best 0.2481 (ep 10)
2025-12-10 10:51:52 - [GCN] Epoch 0015 | loss 0.5379 | val@20 0.2478 | test@20 0.2329 | best 0.2481 (ep 10)
2025-12-10 10:52:05 - [GCN] Epoch 0020 | loss 0.4723 | val@20 0.2037 | test@20 0.1378 | best 0.2481 (ep 10)
2025-12-10 10:52:17 - [GCN] Epoch 0025 | loss 0.4191 | val@20 0.3314 | test@20 0.2277 | best 0.3314 (ep 25)
2025-12-10 10:52:30 - [GCN] Epoch 0030 | loss 0.3918 | val@20 0.1854 | test@20 0.1010 | best 0.3314 (ep 25)
2025-12-10 10:52:43 - [GCN] Epoch 0035 | loss 0.3573 | val@20 0.2355 | test@20 0.1962 | best 0.3314 (ep 25)
2025-12-10 10:52:55 - [GCN] Epoch 0040 | loss 0.3305 | val@20 0.3182 | test@20 0.1766 | best 0.3314 (ep 25)
2025-12-10 10:53:09 - [GCN] Epoch 0045 | loss 0.3084 | val@20 0.3466 | test@20 0.1850 | best 0.3466 (ep 45)
2025-12-10 10:53:21 - [GCN] Epoch 0050 | loss 0.2913 | val@20 0.2436 | test@20 0.1227 | best 0.3466 (ep 45)
2025-12-10 10:53:34 - [GCN] Epoch 0055 | loss 0.2752 | val@20 0.2666 | test@20 0.1703 | best 0.3466 (ep 45)
2025-12-10 10:53:47 - [GCN] Epoch 0060 | loss 0.2700 | val@20 0.2367 | test@20 0.1362 | best 0.3466 (ep 45)
2025-12-10 10:54:00 - [GCN] Epoch 0065 | loss 0.2639 | val@20 0.3553 | test@20 0.2206 | best 0.3553 (ep 65)
2025-12-10 10:54:13 - [GCN] Epoch 0070 | loss 0.2494 | val@20 0.2738 | test@20 0.1628 | best 0.3553 (ep 65)
2025-12-10 10:54:26 - [GCN] Epoch 0075 | loss 0.2483 | val@20 0.2998 | test@20 0.2894 | best 0.3553 (ep 65)
2025-12-10 10:54:38 - [GCN] Epoch 0080 | loss 0.2403 | val@20 0.2661 | test@20 0.2028 | best 0.3553 (ep 65)
2025-12-10 10:54:51 - [GCN] Epoch 0085 | loss 0.2407 | val@20 0.3658 | test@20 0.3089 | best 0.3658 (ep 85)
2025-12-10 10:55:05 - [GCN] Epoch 0090 | loss 0.2294 | val@20 0.3105 | test@20 0.3396 | best 0.3658 (ep 85)
2025-12-10 10:55:18 - [GCN] Epoch 0095 | loss 0.2269 | val@20 0.3112 | test@20 0.2121 | best 0.3658 (ep 85)
2025-12-10 10:55:30 - [GCN] Epoch 0100 | loss 0.2252 | val@20 0.3939 | test@20 0.4100 | best 0.3939 (ep 100)
2025-12-10 10:55:43 - [GCN] Epoch 0105 | loss 0.2208 | val@20 0.3902 | test@20 0.3825 | best 0.3939 (ep 100)
2025-12-10 10:55:56 - [GCN] Epoch 0110 | loss 0.2202 | val@20 0.3267 | test@20 0.3745 | best 0.3939 (ep 100)
2025-12-10 10:56:09 - [GCN] Epoch 0115 | loss 0.2151 | val@20 0.4245 | test@20 0.4123 | best 0.4245 (ep 115)
2025-12-10 10:56:22 - [GCN] Epoch 0120 | loss 0.2140 | val@20 0.3476 | test@20 0.4373 | best 0.4245 (ep 115)
2025-12-10 10:56:35 - [GCN] Epoch 0125 | loss 0.2086 | val@20 0.3686 | test@20 0.3901 | best 0.4245 (ep 115)
2025-12-10 10:56:47 - [GCN] Epoch 0130 | loss 0.2062 | val@20 0.3413 | test@20 0.3913 | best 0.4245 (ep 115)
2025-12-10 10:57:00 - [GCN] Epoch 0135 | loss 0.2066 | val@20 0.3573 | test@20 0.3425 | best 0.4245 (ep 115)
2025-12-10 10:57:14 - [GCN] Epoch 0140 | loss 0.2030 | val@20 0.3507 | test@20 0.3617 | best 0.4245 (ep 115)
2025-12-10 10:57:26 - [GCN] Epoch 0145 | loss 0.2014 | val@20 0.5044 | test@20 0.5690 | best 0.5044 (ep 145)
2025-12-10 10:57:39 - [GCN] Epoch 0150 | loss 0.2019 | val@20 0.3613 | test@20 0.3143 | best 0.5044 (ep 145)
2025-12-10 10:57:52 - [GCN] Epoch 0155 | loss 0.1980 | val@20 0.4674 | test@20 0.5700 | best 0.5044 (ep 145)
2025-12-10 10:58:05 - [GCN] Epoch 0160 | loss 0.1976 | val@20 0.3512 | test@20 0.4191 | best 0.5044 (ep 145)
2025-12-10 10:58:18 - [GCN] Epoch 0165 | loss 0.1955 | val@20 0.4261 | test@20 0.3305 | best 0.5044 (ep 145)
2025-12-10 10:58:30 - [GCN] Epoch 0170 | loss 0.1968 | val@20 0.4637 | test@20 0.5022 | best 0.5044 (ep 145)
2025-12-10 10:58:43 - [GCN] Epoch 0175 | loss 0.1950 | val@20 0.4860 | test@20 0.4944 | best 0.5044 (ep 145)
2025-12-10 10:58:56 - [GCN] Epoch 0180 | loss 0.1926 | val@20 0.3971 | test@20 0.2709 | best 0.5044 (ep 145)
2025-12-10 10:59:09 - [GCN] Epoch 0185 | loss 0.1909 | val@20 0.4744 | test@20 0.3723 | best 0.5044 (ep 145)
2025-12-10 10:59:22 - [GCN] Epoch 0190 | loss 0.1875 | val@20 0.4731 | test@20 0.3906 | best 0.5044 (ep 145)
2025-12-10 10:59:35 - [GCN] Epoch 0195 | loss 0.1897 | val@20 0.4380 | test@20 0.3771 | best 0.5044 (ep 145)
2025-12-10 10:59:48 - [GCN] Epoch 0200 | loss 0.1853 | val@20 0.5100 | test@20 0.4815 | best 0.5100 (ep 200)
2025-12-10 11:00:01 - [GCN] Epoch 0205 | loss 0.1864 | val@20 0.3757 | test@20 0.2679 | best 0.5100 (ep 200)
2025-12-10 11:00:15 - [GCN] Epoch 0210 | loss 0.1817 | val@20 0.4773 | test@20 0.4551 | best 0.5100 (ep 200)
2025-12-10 11:00:28 - [GCN] Epoch 0215 | loss 0.1799 | val@20 0.4297 | test@20 0.2814 | best 0.5100 (ep 200)
2025-12-10 11:00:40 - [GCN] Epoch 0220 | loss 0.1833 | val@20 0.4358 | test@20 0.2675 | best 0.5100 (ep 200)
2025-12-10 11:00:53 - [GCN] Epoch 0225 | loss 0.1790 | val@20 0.5287 | test@20 0.5145 | best 0.5287 (ep 225)
2025-12-10 11:01:09 - [GCN] Epoch 0230 | loss 0.1793 | val@20 0.5387 | test@20 0.3029 | best 0.5387 (ep 230)
2025-12-10 11:01:22 - [GCN] Epoch 0235 | loss 0.1759 | val@20 0.5600 | test@20 0.3075 | best 0.5600 (ep 235)
2025-12-10 11:01:35 - [GCN] Epoch 0240 | loss 0.1749 | val@20 0.5688 | test@20 0.3291 | best 0.5688 (ep 240)
2025-12-10 11:01:48 - [GCN] Epoch 0245 | loss 0.1758 | val@20 0.5676 | test@20 0.2701 | best 0.5688 (ep 240)
2025-12-10 11:02:00 - [GCN] Epoch 0250 | loss 0.1788 | val@20 0.5064 | test@20 0.5708 | best 0.5688 (ep 240)
2025-12-10 11:02:14 - [GCN] Epoch 0255 | loss 0.1730 | val@20 0.5486 | test@20 0.3130 | best 0.5688 (ep 240)
2025-12-10 11:02:27 - [GCN] Epoch 0260 | loss 0.1727 | val@20 0.4794 | test@20 0.2222 | best 0.5688 (ep 240)
2025-12-10 11:02:39 - [GCN] Epoch 0265 | loss 0.1735 | val@20 0.5530 | test@20 0.4394 | best 0.5688 (ep 240)
2025-12-10 11:02:52 - [GCN] Epoch 0270 | loss 0.1718 | val@20 0.5567 | test@20 0.2332 | best 0.5688 (ep 240)
2025-12-10 11:03:06 - [GCN] Epoch 0275 | loss 0.1723 | val@20 0.5560 | test@20 0.5062 | best 0.5688 (ep 240)
2025-12-10 11:03:18 - [GCN] Epoch 0280 | loss 0.1709 | val@20 0.5092 | test@20 0.2832 | best 0.5688 (ep 240)
2025-12-10 11:03:31 - [GCN] Epoch 0285 | loss 0.1710 | val@20 0.5437 | test@20 0.2313 | best 0.5688 (ep 240)
2025-12-10 11:03:44 - [GCN] Epoch 0290 | loss 0.1691 | val@20 0.5673 | test@20 0.3193 | best 0.5688 (ep 240)
2025-12-10 11:03:57 - [GCN] Epoch 0295 | loss 0.1689 | val@20 0.5933 | test@20 0.3317 | best 0.5933 (ep 295)
2025-12-10 11:04:11 - [GCN] Epoch 0300 | loss 0.1683 | val@20 0.5570 | test@20 0.3085 | best 0.5933 (ep 295)
2025-12-10 11:04:24 - [GCN] Epoch 0305 | loss 0.1677 | val@20 0.5899 | test@20 0.3882 | best 0.5933 (ep 295)
2025-12-10 11:04:37 - [GCN] Epoch 0310 | loss 0.1689 | val@20 0.4810 | test@20 0.2906 | best 0.5933 (ep 295)
2025-12-10 11:04:50 - [GCN] Epoch 0315 | loss 0.1676 | val@20 0.6262 | test@20 0.2480 | best 0.6262 (ep 315)
2025-12-10 11:05:03 - [GCN] Epoch 0320 | loss 0.1654 | val@20 0.6102 | test@20 0.3298 | best 0.6262 (ep 315)
2025-12-10 11:05:16 - [GCN] Epoch 0325 | loss 0.1665 | val@20 0.5893 | test@20 0.3223 | best 0.6262 (ep 315)
2025-12-10 11:05:29 - [GCN] Epoch 0330 | loss 0.1659 | val@20 0.6078 | test@20 0.2787 | best 0.6262 (ep 315)
2025-12-10 11:05:42 - [GCN] Epoch 0335 | loss 0.1676 | val@20 0.5015 | test@20 0.2332 | best 0.6262 (ep 315)
2025-12-10 11:05:55 - [GCN] Epoch 0340 | loss 0.1662 | val@20 0.6260 | test@20 0.4099 | best 0.6262 (ep 315)
2025-12-10 11:06:09 - [GCN] Epoch 0345 | loss 0.1647 | val@20 0.6433 | test@20 0.3780 | best 0.6433 (ep 345)
2025-12-10 11:06:22 - [GCN] Epoch 0350 | loss 0.1633 | val@20 0.6454 | test@20 0.3099 | best 0.6454 (ep 350)
2025-12-10 11:06:35 - [GCN] Epoch 0355 | loss 0.1661 | val@20 0.6442 | test@20 0.2255 | best 0.6454 (ep 350)
2025-12-10 11:06:48 - [GCN] Epoch 0360 | loss 0.1648 | val@20 0.6427 | test@20 0.3935 | best 0.6454 (ep 350)
2025-12-10 11:07:01 - [GCN] Epoch 0365 | loss 0.1644 | val@20 0.6073 | test@20 0.3268 | best 0.6454 (ep 350)
2025-12-10 11:07:14 - [GCN] Epoch 0370 | loss 0.1647 | val@20 0.6080 | test@20 0.1866 | best 0.6454 (ep 350)
2025-12-10 11:07:27 - [GCN] Epoch 0375 | loss 0.1633 | val@20 0.6279 | test@20 0.2823 | best 0.6454 (ep 350)
2025-12-10 11:07:40 - [GCN] Epoch 0380 | loss 0.1646 | val@20 0.6259 | test@20 0.2646 | best 0.6454 (ep 350)
2025-12-10 11:07:53 - [GCN] Epoch 0385 | loss 0.1644 | val@20 0.5988 | test@20 0.3704 | best 0.6454 (ep 350)
2025-12-10 11:08:06 - [GCN] Epoch 0390 | loss 0.1620 | val@20 0.6487 | test@20 0.3513 | best 0.6487 (ep 390)
2025-12-10 11:08:18 - [GCN] Epoch 0395 | loss 0.1626 | val@20 0.6039 | test@20 0.3102 | best 0.6487 (ep 390)
2025-12-10 11:08:30 - [GCN] Epoch 0400 | loss 0.1625 | val@20 0.6398 | test@20 0.3840 | best 0.6487 (ep 390)
2025-12-10 11:08:43 - [GCN] Epoch 0405 | loss 0.1624 | val@20 0.6125 | test@20 0.3905 | best 0.6487 (ep 390)
2025-12-10 11:08:56 - [GCN] Epoch 0410 | loss 0.1626 | val@20 0.6396 | test@20 0.3975 | best 0.6487 (ep 390)
2025-12-10 11:09:09 - [GCN] Epoch 0415 | loss 0.1604 | val@20 0.6347 | test@20 0.3764 | best 0.6487 (ep 390)
2025-12-10 11:09:21 - [GCN] Epoch 0420 | loss 0.1612 | val@20 0.6399 | test@20 0.3379 | best 0.6487 (ep 390)
2025-12-10 11:09:33 - [GCN] Epoch 0425 | loss 0.1627 | val@20 0.5671 | test@20 0.2779 | best 0.6487 (ep 390)
2025-12-10 11:09:46 - [GCN] Epoch 0430 | loss 0.1811 | val@20 0.3580 | test@20 0.2221 | best 0.6487 (ep 390)
2025-12-10 11:09:58 - [GCN] Epoch 0435 | loss 0.1627 | val@20 0.6161 | test@20 0.1185 | best 0.6487 (ep 390)
2025-12-10 11:10:12 - [GCN] Epoch 0440 | loss 0.1639 | val@20 0.5516 | test@20 0.1107 | best 0.6487 (ep 390)
2025-12-10 11:10:24 - [GCN] Epoch 0445 | loss 0.1614 | val@20 0.6405 | test@20 0.2680 | best 0.6487 (ep 390)
2025-12-10 11:10:37 - [GCN] Epoch 0450 | loss 0.1622 | val@20 0.6228 | test@20 0.3461 | best 0.6487 (ep 390)
2025-12-10 11:10:50 - [GCN] Epoch 0455 | loss 0.1597 | val@20 0.6187 | test@20 0.3276 | best 0.6487 (ep 390)
2025-12-10 11:11:04 - [GCN] Epoch 0460 | loss 0.1620 | val@20 0.5668 | test@20 0.2720 | best 0.6487 (ep 390)
2025-12-10 11:11:19 - [GCN] Epoch 0465 | loss 0.1595 | val@20 0.6469 | test@20 0.2592 | best 0.6487 (ep 390)
2025-12-10 11:11:32 - [GCN] Epoch 0470 | loss 0.1582 | val@20 0.6315 | test@20 0.2886 | best 0.6487 (ep 390)
2025-12-10 11:11:45 - [GCN] Epoch 0475 | loss 0.1609 | val@20 0.6194 | test@20 0.3734 | best 0.6487 (ep 390)
2025-12-10 11:11:58 - [GCN] Epoch 0480 | loss 0.1584 | val@20 0.6552 | test@20 0.3944 | best 0.6552 (ep 480)
2025-12-10 11:12:11 - [GCN] Epoch 0485 | loss 0.1606 | val@20 0.5898 | test@20 0.2682 | best 0.6552 (ep 480)
2025-12-10 11:12:24 - [GCN] Epoch 0490 | loss 0.1605 | val@20 0.6362 | test@20 0.3043 | best 0.6552 (ep 480)
2025-12-10 11:12:37 - [GCN] Epoch 0495 | loss 0.1588 | val@20 0.6674 | test@20 0.4162 | best 0.6674 (ep 495)
2025-12-10 11:12:49 - [GCN] Epoch 0500 | loss 0.1578 | val@20 0.6513 | test@20 0.4539 | best 0.6674 (ep 495)
2025-12-10 11:13:01 - [GCN] Epoch 0505 | loss 0.1611 | val@20 0.5313 | test@20 0.3104 | best 0.6674 (ep 495)
2025-12-10 11:13:15 - [GCN] Epoch 0510 | loss 0.1584 | val@20 0.6386 | test@20 0.3130 | best 0.6674 (ep 495)
2025-12-10 11:13:27 - [GCN] Epoch 0515 | loss 0.1583 | val@20 0.6485 | test@20 0.2602 | best 0.6674 (ep 495)
2025-12-10 11:13:40 - [GCN] Epoch 0520 | loss 0.1603 | val@20 0.5682 | test@20 0.2638 | best 0.6674 (ep 495)
2025-12-10 11:13:53 - [GCN] Epoch 0525 | loss 0.1579 | val@20 0.6360 | test@20 0.1395 | best 0.6674 (ep 495)
2025-12-10 11:14:06 - [GCN] Epoch 0530 | loss 0.1585 | val@20 0.5599 | test@20 0.2239 | best 0.6674 (ep 495)
2025-12-10 11:14:19 - [GCN] Epoch 0535 | loss 0.1568 | val@20 0.6166 | test@20 0.3671 | best 0.6674 (ep 495)
2025-12-10 11:14:31 - [GCN] Epoch 0540 | loss 0.1584 | val@20 0.6552 | test@20 0.3757 | best 0.6674 (ep 495)
2025-12-10 11:14:44 - [GCN] Epoch 0545 | loss 0.1589 | val@20 0.6450 | test@20 0.2991 | best 0.6674 (ep 495)
2025-12-10 11:14:56 - [GCN] Epoch 0550 | loss 0.1574 | val@20 0.6361 | test@20 0.3703 | best 0.6674 (ep 495)
2025-12-10 11:15:10 - [GCN] Epoch 0555 | loss 0.1568 | val@20 0.6669 | test@20 0.5037 | best 0.6674 (ep 495)
2025-12-10 11:15:23 - [GCN] Epoch 0560 | loss 0.1571 | val@20 0.6435 | test@20 0.3750 | best 0.6674 (ep 495)
2025-12-10 11:15:35 - [GCN] Epoch 0565 | loss 0.1570 | val@20 0.6533 | test@20 0.3298 | best 0.6674 (ep 495)
2025-12-10 11:15:48 - [GCN] Epoch 0570 | loss 0.1570 | val@20 0.5195 | test@20 0.2044 | best 0.6674 (ep 495)
2025-12-10 11:16:01 - [GCN] Epoch 0575 | loss 0.1563 | val@20 0.5835 | test@20 0.3409 | best 0.6674 (ep 495)
2025-12-10 11:16:14 - [GCN] Epoch 0580 | loss 0.1573 | val@20 0.6540 | test@20 0.3223 | best 0.6674 (ep 495)
2025-12-10 11:16:27 - [GCN] Epoch 0585 | loss 0.1569 | val@20 0.6472 | test@20 0.3087 | best 0.6674 (ep 495)
2025-12-10 11:16:39 - [GCN] Epoch 0590 | loss 0.1552 | val@20 0.6708 | test@20 0.3731 | best 0.6708 (ep 590)
2025-12-10 11:16:52 - [GCN] Epoch 0595 | loss 0.1549 | val@20 0.6151 | test@20 0.2336 | best 0.6708 (ep 590)
2025-12-10 11:17:05 - [GCN] Epoch 0600 | loss 0.1548 | val@20 0.6703 | test@20 0.4364 | best 0.6708 (ep 590)
2025-12-10 11:17:18 - [GCN] Epoch 0605 | loss 0.1592 | val@20 0.5653 | test@20 0.3158 | best 0.6708 (ep 590)
2025-12-10 11:17:31 - [GCN] Epoch 0610 | loss 0.1562 | val@20 0.6625 | test@20 0.3756 | best 0.6708 (ep 590)
2025-12-10 11:17:43 - [GCN] Epoch 0615 | loss 0.1556 | val@20 0.6531 | test@20 0.4689 | best 0.6708 (ep 590)
2025-12-10 11:17:56 - [GCN] Epoch 0620 | loss 0.1539 | val@20 0.6868 | test@20 0.3575 | best 0.6868 (ep 620)
2025-12-10 11:18:10 - [GCN] Epoch 0625 | loss 0.1554 | val@20 0.6410 | test@20 0.2885 | best 0.6868 (ep 620)
2025-12-10 11:18:22 - [GCN] Epoch 0630 | loss 0.1548 | val@20 0.6476 | test@20 0.2696 | best 0.6868 (ep 620)
2025-12-10 11:18:35 - [GCN] Epoch 0635 | loss 0.1584 | val@20 0.6510 | test@20 0.3754 | best 0.6868 (ep 620)
2025-12-10 11:18:48 - [GCN] Epoch 0640 | loss 0.1549 | val@20 0.6742 | test@20 0.3543 | best 0.6868 (ep 620)
2025-12-10 11:19:00 - [GCN] Epoch 0645 | loss 0.1561 | val@20 0.6240 | test@20 0.3491 | best 0.6868 (ep 620)
2025-12-10 11:19:14 - [GCN] Epoch 0650 | loss 0.1551 | val@20 0.6550 | test@20 0.3459 | best 0.6868 (ep 620)
2025-12-10 11:19:26 - [GCN] Epoch 0655 | loss 0.1539 | val@20 0.6770 | test@20 0.2914 | best 0.6868 (ep 620)
2025-12-10 11:19:39 - [GCN] Epoch 0660 | loss 0.1540 | val@20 0.6596 | test@20 0.3831 | best 0.6868 (ep 620)
2025-12-10 11:19:52 - [GCN] Epoch 0665 | loss 0.1551 | val@20 0.6365 | test@20 0.3634 | best 0.6868 (ep 620)
2025-12-10 11:20:05 - [GCN] Epoch 0670 | loss 0.1540 | val@20 0.6134 | test@20 0.2935 | best 0.6868 (ep 620)
2025-12-10 11:20:19 - [GCN] Epoch 0675 | loss 0.1553 | val@20 0.6525 | test@20 0.3170 | best 0.6868 (ep 620)
2025-12-10 11:20:31 - [GCN] Epoch 0680 | loss 0.1574 | val@20 0.6563 | test@20 0.4137 | best 0.6868 (ep 620)
2025-12-10 11:20:44 - [GCN] Epoch 0685 | loss 0.1541 | val@20 0.6281 | test@20 0.3020 | best 0.6868 (ep 620)
2025-12-10 11:20:57 - [GCN] Epoch 0690 | loss 0.1535 | val@20 0.6631 | test@20 0.3020 | best 0.6868 (ep 620)
2025-12-10 11:21:14 - [GCN] Epoch 0695 | loss 0.1531 | val@20 0.6107 | test@20 0.5072 | best 0.6868 (ep 620)
2025-12-10 11:21:26 - [GCN] Epoch 0700 | loss 0.1540 | val@20 0.6729 | test@20 0.5296 | best 0.6868 (ep 620)
2025-12-10 11:21:39 - [GCN] Epoch 0705 | loss 0.1519 | val@20 0.6548 | test@20 0.3583 | best 0.6868 (ep 620)
2025-12-10 11:21:52 - [GCN] Epoch 0710 | loss 0.1550 | val@20 0.6531 | test@20 0.3275 | best 0.6868 (ep 620)
2025-12-10 11:22:06 - [GCN] Epoch 0715 | loss 0.1535 | val@20 0.6587 | test@20 0.3080 | best 0.6868 (ep 620)
2025-12-10 11:22:18 - [GCN] Epoch 0720 | loss 0.1547 | val@20 0.6469 | test@20 0.3396 | best 0.6868 (ep 620)
2025-12-10 11:22:31 - [GCN] Epoch 0725 | loss 0.1529 | val@20 0.6595 | test@20 0.3747 | best 0.6868 (ep 620)
2025-12-10 11:22:44 - [GCN] Epoch 0730 | loss 0.1525 | val@20 0.6670 | test@20 0.4644 | best 0.6868 (ep 620)
2025-12-10 11:22:57 - [GCN] Epoch 0735 | loss 0.1525 | val@20 0.6330 | test@20 0.4720 | best 0.6868 (ep 620)
2025-12-10 11:23:10 - [GCN] Epoch 0740 | loss 0.1543 | val@20 0.6783 | test@20 0.4377 | best 0.6868 (ep 620)
2025-12-10 11:23:23 - [GCN] Epoch 0745 | loss 0.1535 | val@20 0.6777 | test@20 0.1976 | best 0.6868 (ep 620)
2025-12-10 11:23:36 - [GCN] Epoch 0750 | loss 0.1558 | val@20 0.6566 | test@20 0.2842 | best 0.6868 (ep 620)
2025-12-10 11:23:49 - [GCN] Epoch 0755 | loss 0.1525 | val@20 0.6195 | test@20 0.3642 | best 0.6868 (ep 620)
2025-12-10 11:24:02 - [GCN] Epoch 0760 | loss 0.1539 | val@20 0.6716 | test@20 0.3577 | best 0.6868 (ep 620)
2025-12-10 11:24:16 - [GCN] Epoch 0765 | loss 0.1528 | val@20 0.6800 | test@20 0.4498 | best 0.6868 (ep 620)
2025-12-10 11:24:28 - [GCN] Epoch 0770 | loss 0.1528 | val@20 0.6876 | test@20 0.2849 | best 0.6876 (ep 770)
2025-12-10 11:24:41 - [GCN] Epoch 0775 | loss 0.1510 | val@20 0.6783 | test@20 0.2193 | best 0.6876 (ep 770)
2025-12-10 11:24:54 - [GCN] Epoch 0780 | loss 0.1521 | val@20 0.6601 | test@20 0.3184 | best 0.6876 (ep 770)
2025-12-10 11:25:08 - [GCN] Epoch 0785 | loss 0.1543 | val@20 0.6739 | test@20 0.3919 | best 0.6876 (ep 770)
2025-12-10 11:25:21 - [GCN] Epoch 0790 | loss 0.1523 | val@20 0.6785 | test@20 0.3963 | best 0.6876 (ep 770)
2025-12-10 11:25:33 - [GCN] Epoch 0795 | loss 0.1534 | val@20 0.6561 | test@20 0.6236 | best 0.6876 (ep 770)
2025-12-10 11:25:46 - [GCN] Epoch 0800 | loss 0.1521 | val@20 0.6550 | test@20 0.3807 | best 0.6876 (ep 770)
2025-12-10 11:25:59 - [GCN] Epoch 0805 | loss 0.1507 | val@20 0.6618 | test@20 0.3916 | best 0.6876 (ep 770)
2025-12-10 11:26:13 - [GCN] Epoch 0810 | loss 0.1538 | val@20 0.6576 | test@20 0.3416 | best 0.6876 (ep 770)
2025-12-10 11:26:27 - [GCN] Epoch 0815 | loss 0.1531 | val@20 0.6032 | test@20 0.3838 | best 0.6876 (ep 770)
2025-12-10 11:26:40 - [GCN] Epoch 0820 | loss 0.1527 | val@20 0.6758 | test@20 0.3442 | best 0.6876 (ep 770)
2025-12-10 11:26:52 - [GCN] Epoch 0825 | loss 0.1526 | val@20 0.6441 | test@20 0.3681 | best 0.6876 (ep 770)
2025-12-10 11:27:06 - [GCN] Epoch 0830 | loss 0.1516 | val@20 0.6523 | test@20 0.3859 | best 0.6876 (ep 770)
2025-12-10 11:27:19 - [GCN] Epoch 0835 | loss 0.1526 | val@20 0.6149 | test@20 0.6079 | best 0.6876 (ep 770)
2025-12-10 11:27:32 - [GCN] Epoch 0840 | loss 0.1535 | val@20 0.6441 | test@20 0.3670 | best 0.6876 (ep 770)
2025-12-10 11:27:45 - [GCN] Epoch 0845 | loss 0.1520 | val@20 0.6660 | test@20 0.3683 | best 0.6876 (ep 770)
2025-12-10 11:27:58 - [GCN] Epoch 0850 | loss 0.1528 | val@20 0.6658 | test@20 0.3259 | best 0.6876 (ep 770)
2025-12-10 11:28:11 - [GCN] Epoch 0855 | loss 0.1523 | val@20 0.6837 | test@20 0.3935 | best 0.6876 (ep 770)
2025-12-10 11:28:24 - [GCN] Epoch 0860 | loss 0.1522 | val@20 0.6727 | test@20 0.3181 | best 0.6876 (ep 770)
2025-12-10 11:28:37 - [GCN] Epoch 0865 | loss 0.1535 | val@20 0.6751 | test@20 0.4060 | best 0.6876 (ep 770)
2025-12-10 11:28:50 - [GCN] Epoch 0870 | loss 0.1516 | val@20 0.6757 | test@20 0.4247 | best 0.6876 (ep 770)
2025-12-10 11:29:04 - [GCN] Epoch 0875 | loss 0.1523 | val@20 0.5410 | test@20 0.3755 | best 0.6876 (ep 770)
2025-12-10 11:29:18 - [GCN] Epoch 0880 | loss 0.1513 | val@20 0.6706 | test@20 0.2497 | best 0.6876 (ep 770)
2025-12-10 11:29:31 - [GCN] Epoch 0885 | loss 0.1509 | val@20 0.6855 | test@20 0.3059 | best 0.6876 (ep 770)
2025-12-10 11:29:44 - [GCN] Epoch 0890 | loss 0.1525 | val@20 0.6862 | test@20 0.6174 | best 0.6876 (ep 770)
2025-12-10 11:29:57 - [GCN] Epoch 0895 | loss 0.1500 | val@20 0.6768 | test@20 0.3697 | best 0.6876 (ep 770)
2025-12-10 11:30:10 - [GCN] Epoch 0900 | loss 0.1512 | val@20 0.6378 | test@20 0.4497 | best 0.6876 (ep 770)
2025-12-10 11:30:23 - [GCN] Epoch 0905 | loss 0.1510 | val@20 0.6474 | test@20 0.4074 | best 0.6876 (ep 770)
2025-12-10 11:30:35 - [GCN] Epoch 0910 | loss 0.1515 | val@20 0.6718 | test@20 0.5004 | best 0.6876 (ep 770)
2025-12-10 11:30:49 - [GCN] Epoch 0915 | loss 0.1509 | val@20 0.6879 | test@20 0.4015 | best 0.6879 (ep 915)
2025-12-10 11:31:03 - [GCN] Epoch 0920 | loss 0.1511 | val@20 0.6652 | test@20 0.4928 | best 0.6879 (ep 915)
2025-12-10 11:31:18 - [GCN] Epoch 0925 | loss 0.1517 | val@20 0.6816 | test@20 0.4361 | best 0.6879 (ep 915)
2025-12-10 11:31:30 - [GCN] Epoch 0930 | loss 0.1508 | val@20 0.6863 | test@20 0.4816 | best 0.6879 (ep 915)
2025-12-10 11:31:42 - [GCN] Epoch 0935 | loss 0.1503 | val@20 0.6562 | test@20 0.3752 | best 0.6879 (ep 915)
2025-12-10 11:31:56 - [GCN] Epoch 0940 | loss 0.1528 | val@20 0.6601 | test@20 0.3519 | best 0.6879 (ep 915)
2025-12-10 11:32:09 - [GCN] Epoch 0945 | loss 0.1527 | val@20 0.5907 | test@20 0.3275 | best 0.6879 (ep 915)
2025-12-10 11:32:22 - [GCN] Epoch 0950 | loss 0.1504 | val@20 0.6347 | test@20 0.2842 | best 0.6879 (ep 915)
2025-12-10 11:32:35 - [GCN] Epoch 0955 | loss 0.1490 | val@20 0.6435 | test@20 0.2901 | best 0.6879 (ep 915)
2025-12-10 11:32:48 - [GCN] Epoch 0960 | loss 0.1522 | val@20 0.6773 | test@20 0.4765 | best 0.6879 (ep 915)
2025-12-10 11:33:00 - [GCN] Epoch 0965 | loss 0.1508 | val@20 0.6685 | test@20 0.4589 | best 0.6879 (ep 915)
2025-12-10 11:33:14 - [GCN] Epoch 0970 | loss 0.1504 | val@20 0.6282 | test@20 0.3182 | best 0.6879 (ep 915)
2025-12-10 11:33:27 - [GCN] Epoch 0975 | loss 0.1512 | val@20 0.6245 | test@20 0.2781 | best 0.6879 (ep 915)
2025-12-10 11:33:39 - [GCN] Epoch 0980 | loss 0.1508 | val@20 0.6556 | test@20 0.2663 | best 0.6879 (ep 915)
2025-12-10 11:33:52 - [GCN] Epoch 0985 | loss 0.1507 | val@20 0.6734 | test@20 0.2931 | best 0.6879 (ep 915)
2025-12-10 11:34:05 - [GCN] Epoch 0990 | loss 0.1512 | val@20 0.6778 | test@20 0.4218 | best 0.6879 (ep 915)
2025-12-10 11:34:19 - [GCN] Epoch 0995 | loss 0.1494 | val@20 0.6435 | test@20 0.6358 | best 0.6879 (ep 915)
2025-12-10 11:34:32 - [GCN] Epoch 1000 | loss 0.1506 | val@20 0.6317 | test@20 0.3240 | best 0.6879 (ep 915)
2025-12-10 11:34:44 - [GCN] Epoch 1005 | loss 0.1498 | val@20 0.6589 | test@20 0.4826 | best 0.6879 (ep 915)
2025-12-10 11:34:57 - [GCN] Epoch 1010 | loss 0.1523 | val@20 0.6588 | test@20 0.6396 | best 0.6879 (ep 915)
2025-12-10 11:35:11 - [GCN] Epoch 1015 | loss 0.1497 | val@20 0.6850 | test@20 0.5521 | best 0.6879 (ep 915)
2025-12-10 11:35:24 - [GCN] Epoch 1020 | loss 0.1505 | val@20 0.6678 | test@20 0.5250 | best 0.6879 (ep 915)
2025-12-10 11:35:36 - [GCN] Epoch 1025 | loss 0.1501 | val@20 0.6355 | test@20 0.4951 | best 0.6879 (ep 915)
2025-12-10 11:35:49 - [GCN] Epoch 1030 | loss 0.1511 | val@20 0.6688 | test@20 0.4130 | best 0.6879 (ep 915)
2025-12-10 11:36:02 - [GCN] Epoch 1035 | loss 0.1496 | val@20 0.6721 | test@20 0.3727 | best 0.6879 (ep 915)
2025-12-10 11:36:16 - [GCN] Epoch 1040 | loss 0.1504 | val@20 0.5581 | test@20 0.5465 | best 0.6879 (ep 915)
2025-12-10 11:36:29 - [GCN] Epoch 1045 | loss 0.1515 | val@20 0.6793 | test@20 0.5886 | best 0.6879 (ep 915)
2025-12-10 11:36:41 - [GCN] Epoch 1050 | loss 0.1489 | val@20 0.6755 | test@20 0.3793 | best 0.6879 (ep 915)
2025-12-10 11:36:54 - [GCN] Epoch 1055 | loss 0.1500 | val@20 0.6558 | test@20 0.4678 | best 0.6879 (ep 915)
2025-12-10 11:37:08 - [GCN] Epoch 1060 | loss 0.3684 | val@20 0.0004 | test@20 0.0011 | best 0.6879 (ep 915)
2025-12-10 11:37:21 - [GCN] Epoch 1065 | loss 0.1674 | val@20 0.5411 | test@20 0.1388 | best 0.6879 (ep 915)
2025-12-10 11:37:34 - [GCN] Epoch 1070 | loss 0.1566 | val@20 0.5810 | test@20 0.3431 | best 0.6879 (ep 915)
2025-12-10 11:37:47 - [GCN] Epoch 1075 | loss 0.1541 | val@20 0.6356 | test@20 0.3174 | best 0.6879 (ep 915)
2025-12-10 11:37:59 - [GCN] Epoch 1080 | loss 0.1518 | val@20 0.6677 | test@20 0.5837 | best 0.6879 (ep 915)
2025-12-10 11:38:13 - [GCN] Epoch 1085 | loss 0.1522 | val@20 0.6724 | test@20 0.4107 | best 0.6879 (ep 915)
2025-12-10 11:38:25 - [GCN] Epoch 1090 | loss 0.1508 | val@20 0.6736 | test@20 0.3033 | best 0.6879 (ep 915)
2025-12-10 11:38:38 - [GCN] Epoch 1095 | loss 0.1510 | val@20 0.6479 | test@20 0.2759 | best 0.6879 (ep 915)
2025-12-10 11:38:51 - [GCN] Epoch 1100 | loss 0.1492 | val@20 0.6812 | test@20 0.6087 | best 0.6879 (ep 915)
2025-12-10 11:39:04 - [GCN] Epoch 1105 | loss 0.1505 | val@20 0.6532 | test@20 0.2830 | best 0.6879 (ep 915)
2025-12-10 11:39:17 - [GCN] Epoch 1110 | loss 0.1490 | val@20 0.6779 | test@20 0.3727 | best 0.6879 (ep 915)
2025-12-10 11:39:29 - [GCN] Epoch 1115 | loss 0.1488 | val@20 0.6805 | test@20 0.3188 | best 0.6879 (ep 915)
2025-12-10 11:39:42 - [GCN] Epoch 1120 | loss 0.1535 | val@20 0.6241 | test@20 0.6110 | best 0.6879 (ep 915)
2025-12-10 11:39:55 - [GCN] Epoch 1125 | loss 0.1494 | val@20 0.6845 | test@20 0.3926 | best 0.6879 (ep 915)
2025-12-10 11:40:09 - [GCN] Epoch 1130 | loss 0.1491 | val@20 0.6814 | test@20 0.5444 | best 0.6879 (ep 915)
2025-12-10 11:40:22 - [GCN] Epoch 1135 | loss 0.1496 | val@20 0.6429 | test@20 0.3403 | best 0.6879 (ep 915)
2025-12-10 11:40:34 - [GCN] Epoch 1140 | loss 0.1496 | val@20 0.6740 | test@20 0.4513 | best 0.6879 (ep 915)
2025-12-10 11:40:46 - [GCN] Epoch 1145 | loss 0.1490 | val@20 0.6744 | test@20 0.2512 | best 0.6879 (ep 915)
2025-12-10 11:40:59 - [GCN] Epoch 1150 | loss 0.1499 | val@20 0.6766 | test@20 0.5236 | best 0.6879 (ep 915)
2025-12-10 11:41:15 - [GCN] Epoch 1155 | loss 0.1490 | val@20 0.6472 | test@20 0.2578 | best 0.6879 (ep 915)
2025-12-10 11:41:28 - [GCN] Epoch 1160 | loss 0.1495 | val@20 0.6907 | test@20 0.4392 | best 0.6907 (ep 1160)
2025-12-10 11:41:41 - [GCN] Epoch 1165 | loss 0.1506 | val@20 0.6479 | test@20 0.4910 | best 0.6907 (ep 1160)
2025-12-10 11:41:54 - [GCN] Epoch 1170 | loss 0.1505 | val@20 0.6486 | test@20 0.2970 | best 0.6907 (ep 1160)
2025-12-10 11:42:08 - [GCN] Epoch 1175 | loss 0.1479 | val@20 0.6346 | test@20 0.5523 | best 0.6907 (ep 1160)
2025-12-10 11:42:20 - [GCN] Epoch 1180 | loss 0.1480 | val@20 0.6627 | test@20 0.3635 | best 0.6907 (ep 1160)
2025-12-10 11:42:33 - [GCN] Epoch 1185 | loss 0.1489 | val@20 0.6657 | test@20 0.7438 | best 0.6907 (ep 1160)
2025-12-10 11:42:46 - [GCN] Epoch 1190 | loss 0.1513 | val@20 0.6428 | test@20 0.5512 | best 0.6907 (ep 1160)
2025-12-10 11:42:59 - [GCN] Epoch 1195 | loss 0.1502 | val@20 0.6741 | test@20 0.5781 | best 0.6907 (ep 1160)
2025-12-10 11:43:13 - [GCN] Epoch 1200 | loss 0.1491 | val@20 0.6512 | test@20 0.2894 | best 0.6907 (ep 1160)
2025-12-10 11:43:26 - [GCN] Epoch 1205 | loss 0.1498 | val@20 0.5298 | test@20 0.6543 | best 0.6907 (ep 1160)
2025-12-10 11:43:39 - [GCN] Epoch 1210 | loss 0.1486 | val@20 0.6797 | test@20 0.4792 | best 0.6907 (ep 1160)
2025-12-10 11:43:52 - [GCN] Epoch 1215 | loss 0.1502 | val@20 0.6634 | test@20 0.4499 | best 0.6907 (ep 1160)
2025-12-10 11:44:06 - [GCN] Epoch 1220 | loss 0.1495 | val@20 0.6745 | test@20 0.8204 | best 0.6907 (ep 1160)
2025-12-10 11:44:19 - [GCN] Epoch 1225 | loss 0.1489 | val@20 0.6818 | test@20 0.5543 | best 0.6907 (ep 1160)
2025-12-10 11:44:32 - [GCN] Epoch 1230 | loss 0.1484 | val@20 0.6784 | test@20 0.3802 | best 0.6907 (ep 1160)
2025-12-10 11:44:44 - [GCN] Epoch 1235 | loss 0.1502 | val@20 0.6901 | test@20 0.4177 | best 0.6907 (ep 1160)
2025-12-10 11:44:57 - [GCN] Epoch 1240 | loss 0.1478 | val@20 0.6580 | test@20 0.4855 | best 0.6907 (ep 1160)
2025-12-10 11:45:11 - [GCN] Epoch 1245 | loss 0.1494 | val@20 0.6787 | test@20 0.4073 | best 0.6907 (ep 1160)
2025-12-10 11:45:24 - [GCN] Epoch 1250 | loss 0.1477 | val@20 0.6833 | test@20 0.4804 | best 0.6907 (ep 1160)
2025-12-10 11:45:36 - [GCN] Epoch 1255 | loss 0.1485 | val@20 0.6853 | test@20 0.4488 | best 0.6907 (ep 1160)
2025-12-10 11:45:49 - [GCN] Epoch 1260 | loss 0.1485 | val@20 0.6807 | test@20 0.3756 | best 0.6907 (ep 1160)
2025-12-10 11:46:02 - [GCN] Epoch 1265 | loss 0.1494 | val@20 0.5981 | test@20 0.4816 | best 0.6907 (ep 1160)
2025-12-10 11:46:16 - [GCN] Epoch 1270 | loss 0.1489 | val@20 0.6839 | test@20 0.4239 | best 0.6907 (ep 1160)
2025-12-10 11:46:28 - [GCN] Epoch 1275 | loss 0.1511 | val@20 0.5905 | test@20 0.2646 | best 0.6907 (ep 1160)
2025-12-10 11:46:41 - [GCN] Epoch 1280 | loss 0.1479 | val@20 0.6740 | test@20 0.4495 | best 0.6907 (ep 1160)
2025-12-10 11:46:54 - [GCN] Epoch 1285 | loss 0.1475 | val@20 0.6711 | test@20 0.4413 | best 0.6907 (ep 1160)
2025-12-10 11:47:07 - [GCN] Epoch 1290 | loss 0.1503 | val@20 0.6102 | test@20 0.2581 | best 0.6907 (ep 1160)
2025-12-10 11:47:20 - [GCN] Epoch 1295 | loss 0.1490 | val@20 0.6650 | test@20 0.5091 | best 0.6907 (ep 1160)
2025-12-10 11:47:33 - [GCN] Epoch 1300 | loss 0.1488 | val@20 0.6855 | test@20 0.2946 | best 0.6907 (ep 1160)
2025-12-10 11:47:46 - [GCN] Epoch 1305 | loss 0.1497 | val@20 0.6682 | test@20 0.2816 | best 0.6907 (ep 1160)
2025-12-10 11:47:59 - [GCN] Epoch 1310 | loss 0.1489 | val@20 0.6878 | test@20 0.5059 | best 0.6907 (ep 1160)
2025-12-10 11:48:12 - [GCN] Epoch 1315 | loss 0.1494 | val@20 0.6623 | test@20 0.4569 | best 0.6907 (ep 1160)
2025-12-10 11:48:25 - [GCN] Epoch 1320 | loss 0.1518 | val@20 0.5290 | test@20 0.4178 | best 0.6907 (ep 1160)
2025-12-10 11:48:38 - [GCN] Epoch 1325 | loss 0.1502 | val@20 0.6719 | test@20 0.2442 | best 0.6907 (ep 1160)
2025-12-10 11:48:51 - [GCN] Epoch 1330 | loss 0.1483 | val@20 0.6372 | test@20 0.3934 | best 0.6907 (ep 1160)
2025-12-10 11:49:05 - [GCN] Epoch 1335 | loss 0.1481 | val@20 0.6679 | test@20 0.5170 | best 0.6907 (ep 1160)
2025-12-10 11:49:18 - [GCN] Epoch 1340 | loss 0.1477 | val@20 0.6662 | test@20 0.3975 | best 0.6907 (ep 1160)
2025-12-10 11:49:31 - [GCN] Epoch 1345 | loss 0.1471 | val@20 0.6682 | test@20 0.1674 | best 0.6907 (ep 1160)
2025-12-10 11:49:44 - [GCN] Epoch 1350 | loss 0.1502 | val@20 0.6251 | test@20 0.1702 | best 0.6907 (ep 1160)
2025-12-10 11:49:57 - [GCN] Epoch 1355 | loss 0.1486 | val@20 0.6818 | test@20 0.4665 | best 0.6907 (ep 1160)
2025-12-10 11:50:11 - [GCN] Epoch 1360 | loss 0.1470 | val@20 0.6912 | test@20 0.4551 | best 0.6912 (ep 1360)
2025-12-10 11:50:24 - [GCN] Epoch 1365 | loss 0.1479 | val@20 0.6876 | test@20 0.3804 | best 0.6912 (ep 1360)
2025-12-10 11:50:37 - [GCN] Epoch 1370 | loss 0.1471 | val@20 0.6813 | test@20 0.3030 | best 0.6912 (ep 1360)
2025-12-10 11:50:49 - [GCN] Epoch 1375 | loss 0.1476 | val@20 0.6947 | test@20 0.7573 | best 0.6947 (ep 1375)
2025-12-10 11:51:03 - [GCN] Epoch 1380 | loss 0.1474 | val@20 0.6600 | test@20 0.2650 | best 0.6947 (ep 1375)
2025-12-10 11:51:18 - [GCN] Epoch 1385 | loss 0.1470 | val@20 0.6867 | test@20 0.2249 | best 0.6947 (ep 1375)
2025-12-10 11:51:31 - [GCN] Epoch 1390 | loss 0.1485 | val@20 0.6904 | test@20 0.2898 | best 0.6947 (ep 1375)
2025-12-10 11:51:44 - [GCN] Epoch 1395 | loss 0.1484 | val@20 0.6779 | test@20 0.3087 | best 0.6947 (ep 1375)
2025-12-10 11:51:57 - [GCN] Epoch 1400 | loss 0.1480 | val@20 0.6602 | test@20 0.5858 | best 0.6947 (ep 1375)
2025-12-10 11:52:10 - [GCN] Epoch 1405 | loss 0.1502 | val@20 0.6918 | test@20 0.5017 | best 0.6947 (ep 1375)
2025-12-10 11:52:23 - [GCN] Epoch 1410 | loss 0.1471 | val@20 0.6078 | test@20 0.4004 | best 0.6947 (ep 1375)
2025-12-10 11:52:36 - [GCN] Epoch 1415 | loss 0.1488 | val@20 0.6732 | test@20 0.2133 | best 0.6947 (ep 1375)
2025-12-10 11:52:49 - [GCN] Epoch 1420 | loss 0.1484 | val@20 0.6766 | test@20 0.3244 | best 0.6947 (ep 1375)
2025-12-10 11:53:01 - [GCN] Epoch 1425 | loss 0.1497 | val@20 0.6798 | test@20 0.2812 | best 0.6947 (ep 1375)
2025-12-10 11:53:15 - [GCN] Epoch 1430 | loss 0.1470 | val@20 0.6796 | test@20 0.3929 | best 0.6947 (ep 1375)
2025-12-10 11:53:27 - [GCN] Epoch 1435 | loss 0.1477 | val@20 0.6730 | test@20 0.4176 | best 0.6947 (ep 1375)
2025-12-10 11:53:40 - [GCN] Epoch 1440 | loss 0.1480 | val@20 0.6378 | test@20 0.1740 | best 0.6947 (ep 1375)
2025-12-10 11:53:53 - [GCN] Epoch 1445 | loss 0.1475 | val@20 0.6993 | test@20 0.4031 | best 0.6993 (ep 1445)
2025-12-10 11:54:06 - [GCN] Epoch 1450 | loss 0.1479 | val@20 0.6680 | test@20 0.2547 | best 0.6993 (ep 1445)
2025-12-10 11:54:19 - [GCN] Epoch 1455 | loss 0.1486 | val@20 0.6917 | test@20 0.4098 | best 0.6993 (ep 1445)
2025-12-10 11:54:32 - [GCN] Epoch 1460 | loss 0.1479 | val@20 0.6722 | test@20 0.2046 | best 0.6993 (ep 1445)
2025-12-10 11:54:44 - [GCN] Epoch 1465 | loss 0.1474 | val@20 0.6704 | test@20 0.3596 | best 0.6993 (ep 1445)
2025-12-10 11:54:57 - [GCN] Epoch 1470 | loss 0.1462 | val@20 0.6865 | test@20 0.4336 | best 0.6993 (ep 1445)
2025-12-10 11:55:11 - [GCN] Epoch 1475 | loss 0.1485 | val@20 0.6836 | test@20 0.2819 | best 0.6993 (ep 1445)
2025-12-10 11:55:23 - [GCN] Epoch 1480 | loss 0.1495 | val@20 0.6249 | test@20 0.1725 | best 0.6993 (ep 1445)
2025-12-10 11:55:36 - [GCN] Epoch 1485 | loss 0.1478 | val@20 0.6553 | test@20 0.4005 | best 0.6993 (ep 1445)
2025-12-10 11:55:49 - [GCN] Epoch 1490 | loss 0.1482 | val@20 0.6517 | test@20 0.4778 | best 0.6993 (ep 1445)
2025-12-10 11:56:02 - [GCN] Epoch 1495 | loss 0.1479 | val@20 0.5822 | test@20 0.4597 | best 0.6993 (ep 1445)
2025-12-10 11:56:16 - [GCN] Epoch 1500 | loss 0.1484 | val@20 0.6518 | test@20 0.2665 | best 0.6993 (ep 1445)
2025-12-10 11:56:29 - [GCN] Epoch 1505 | loss 0.1473 | val@20 0.6387 | test@20 0.1970 | best 0.6993 (ep 1445)
2025-12-10 11:56:42 - [GCN] Epoch 1510 | loss 0.1477 | val@20 0.6829 | test@20 0.5616 | best 0.6993 (ep 1445)
2025-12-10 11:56:55 - [GCN] Epoch 1515 | loss 0.1480 | val@20 0.6805 | test@20 0.4012 | best 0.6993 (ep 1445)
2025-12-10 11:57:09 - [GCN] Epoch 1520 | loss 0.1490 | val@20 0.6671 | test@20 0.7626 | best 0.6993 (ep 1445)
2025-12-10 11:57:22 - [GCN] Epoch 1525 | loss 0.1478 | val@20 0.6905 | test@20 0.6242 | best 0.6993 (ep 1445)
2025-12-10 11:57:35 - [GCN] Epoch 1530 | loss 0.1479 | val@20 0.6966 | test@20 0.4784 | best 0.6993 (ep 1445)
2025-12-10 11:57:48 - [GCN] Epoch 1535 | loss 0.1473 | val@20 0.6533 | test@20 0.2669 | best 0.6993 (ep 1445)
2025-12-10 11:58:01 - [GCN] Epoch 1540 | loss 0.1479 | val@20 0.6634 | test@20 0.4582 | best 0.6993 (ep 1445)
2025-12-10 11:58:15 - [GCN] Epoch 1545 | loss 0.1487 | val@20 0.6521 | test@20 0.4191 | best 0.6993 (ep 1445)
2025-12-10 11:58:27 - [GCN] Epoch 1550 | loss 0.1512 | val@20 0.6635 | test@20 0.2479 | best 0.6993 (ep 1445)
2025-12-10 11:58:41 - [GCN] Epoch 1555 | loss 0.1478 | val@20 0.6827 | test@20 0.4414 | best 0.6993 (ep 1445)
2025-12-10 11:58:54 - [GCN] Epoch 1560 | loss 0.1476 | val@20 0.6725 | test@20 0.2994 | best 0.6993 (ep 1445)
2025-12-10 11:59:07 - [GCN] Epoch 1565 | loss 0.1500 | val@20 0.6789 | test@20 0.2903 | best 0.6993 (ep 1445)
2025-12-10 11:59:20 - [GCN] Epoch 1570 | loss 0.1459 | val@20 0.6686 | test@20 0.4253 | best 0.6993 (ep 1445)
2025-12-10 11:59:33 - [GCN] Epoch 1575 | loss 0.1476 | val@20 0.6542 | test@20 0.2995 | best 0.6993 (ep 1445)
2025-12-10 11:59:47 - [GCN] Epoch 1580 | loss 0.1477 | val@20 0.6704 | test@20 0.4332 | best 0.6993 (ep 1445)
2025-12-10 11:59:59 - [GCN] Epoch 1585 | loss 0.1452 | val@20 0.6605 | test@20 0.4076 | best 0.6993 (ep 1445)
2025-12-10 12:00:13 - [GCN] Epoch 1590 | loss 0.1487 | val@20 0.6306 | test@20 0.2143 | best 0.6993 (ep 1445)
2025-12-10 12:00:26 - [GCN] Epoch 1595 | loss 0.1473 | val@20 0.6773 | test@20 0.5351 | best 0.6993 (ep 1445)
2025-12-10 12:00:38 - [GCN] Epoch 1600 | loss 0.1465 | val@20 0.6569 | test@20 0.3323 | best 0.6993 (ep 1445)
2025-12-10 12:00:51 - [GCN] Epoch 1605 | loss 0.1472 | val@20 0.6696 | test@20 0.3250 | best 0.6993 (ep 1445)
2025-12-10 12:01:06 - [GCN] Epoch 1610 | loss 0.1468 | val@20 0.6713 | test@20 0.5454 | best 0.6993 (ep 1445)
2025-12-10 12:01:21 - [GCN] Epoch 1615 | loss 0.1476 | val@20 0.6698 | test@20 0.1619 | best 0.6993 (ep 1445)
2025-12-10 12:01:34 - [GCN] Epoch 1620 | loss 0.1480 | val@20 0.6705 | test@20 0.4425 | best 0.6993 (ep 1445)
2025-12-10 12:01:47 - [GCN] Epoch 1625 | loss 0.1467 | val@20 0.6823 | test@20 0.3927 | best 0.6993 (ep 1445)
2025-12-10 12:02:00 - [GCN] Epoch 1630 | loss 0.1473 | val@20 0.6689 | test@20 0.5446 | best 0.6993 (ep 1445)
2025-12-10 12:02:13 - [GCN] Epoch 1635 | loss 0.1476 | val@20 0.6862 | test@20 0.4857 | best 0.6993 (ep 1445)
2025-12-10 12:02:26 - [GCN] Epoch 1640 | loss 0.1465 | val@20 0.6368 | test@20 0.1667 | best 0.6993 (ep 1445)
2025-12-10 12:02:38 - [GCN] Epoch 1645 | loss 0.1453 | val@20 0.6947 | test@20 0.5227 | best 0.6993 (ep 1445)
2025-12-10 12:02:51 - [GCN] Epoch 1650 | loss 0.1486 | val@20 0.6543 | test@20 0.4263 | best 0.6993 (ep 1445)
2025-12-10 12:03:05 - [GCN] Epoch 1655 | loss 0.1479 | val@20 0.6767 | test@20 0.3985 | best 0.6993 (ep 1445)
2025-12-10 12:03:18 - [GCN] Epoch 1660 | loss 0.1484 | val@20 0.6801 | test@20 0.2875 | best 0.6993 (ep 1445)
2025-12-10 12:03:31 - [GCN] Epoch 1665 | loss 0.1462 | val@20 0.6821 | test@20 0.2841 | best 0.6993 (ep 1445)
2025-12-10 12:03:43 - [GCN] Epoch 1670 | loss 0.1472 | val@20 0.6860 | test@20 0.3928 | best 0.6993 (ep 1445)
2025-12-10 12:03:56 - [GCN] Epoch 1675 | loss 0.1476 | val@20 0.6859 | test@20 0.2595 | best 0.6993 (ep 1445)
2025-12-10 12:04:09 - [GCN] Epoch 1680 | loss 0.1468 | val@20 0.6855 | test@20 0.6308 | best 0.6993 (ep 1445)
2025-12-10 12:04:22 - [GCN] Epoch 1685 | loss 0.1486 | val@20 0.6918 | test@20 0.1696 | best 0.6993 (ep 1445)
2025-12-10 12:04:35 - [GCN] Epoch 1690 | loss 0.1492 | val@20 0.6242 | test@20 0.3399 | best 0.6993 (ep 1445)
2025-12-10 12:04:48 - [GCN] Epoch 1695 | loss 0.1480 | val@20 0.6072 | test@20 0.2765 | best 0.6993 (ep 1445)
2025-12-10 12:05:01 - [GCN] Epoch 1700 | loss 0.1465 | val@20 0.6962 | test@20 0.2421 | best 0.6993 (ep 1445)
2025-12-10 12:05:15 - [GCN] Epoch 1705 | loss 0.1472 | val@20 0.6775 | test@20 0.2603 | best 0.6993 (ep 1445)
2025-12-10 12:05:28 - [GCN] Epoch 1710 | loss 0.1491 | val@20 0.6883 | test@20 0.6637 | best 0.6993 (ep 1445)
2025-12-10 12:05:41 - [GCN] Epoch 1715 | loss 0.1460 | val@20 0.6874 | test@20 0.5548 | best 0.6993 (ep 1445)
2025-12-10 12:05:54 - [GCN] Epoch 1720 | loss 0.1459 | val@20 0.6373 | test@20 0.4400 | best 0.6993 (ep 1445)
2025-12-10 12:06:07 - [GCN] Epoch 1725 | loss 0.1452 | val@20 0.6877 | test@20 0.2661 | best 0.6993 (ep 1445)
2025-12-10 12:06:20 - [GCN] Epoch 1730 | loss 0.1459 | val@20 0.7019 | test@20 0.2186 | best 0.7019 (ep 1730)
2025-12-10 12:06:32 - [GCN] Epoch 1735 | loss 0.1485 | val@20 0.6848 | test@20 0.2909 | best 0.7019 (ep 1730)
2025-12-10 12:06:45 - [GCN] Epoch 1740 | loss 0.1463 | val@20 0.6968 | test@20 0.6535 | best 0.7019 (ep 1730)
2025-12-10 12:06:58 - [GCN] Epoch 1745 | loss 0.1465 | val@20 0.6966 | test@20 0.3081 | best 0.7019 (ep 1730)
2025-12-10 12:07:12 - [GCN] Epoch 1750 | loss 0.1485 | val@20 0.6340 | test@20 0.5040 | best 0.7019 (ep 1730)
2025-12-10 12:07:24 - [GCN] Epoch 1755 | loss 0.1469 | val@20 0.6921 | test@20 0.5665 | best 0.7019 (ep 1730)
2025-12-10 12:07:37 - [GCN] Epoch 1760 | loss 0.1469 | val@20 0.6761 | test@20 0.5193 | best 0.7019 (ep 1730)
2025-12-10 12:07:50 - [GCN] Epoch 1765 | loss 0.1480 | val@20 0.6846 | test@20 0.4083 | best 0.7019 (ep 1730)
2025-12-10 12:08:04 - [GCN] Epoch 1770 | loss 0.1481 | val@20 0.6612 | test@20 0.3867 | best 0.7019 (ep 1730)
2025-12-10 12:08:16 - [GCN] Epoch 1775 | loss 0.1475 | val@20 0.6691 | test@20 0.3149 | best 0.7019 (ep 1730)
2025-12-10 12:08:30 - [GCN] Epoch 1780 | loss 0.1461 | val@20 0.6967 | test@20 0.3874 | best 0.7019 (ep 1730)
2025-12-10 12:08:42 - [GCN] Epoch 1785 | loss 0.1468 | val@20 0.6230 | test@20 0.3343 | best 0.7019 (ep 1730)
2025-12-10 12:08:55 - [GCN] Epoch 1790 | loss 0.1458 | val@20 0.6802 | test@20 0.4345 | best 0.7019 (ep 1730)
2025-12-10 12:09:09 - [GCN] Epoch 1795 | loss 0.1465 | val@20 0.6825 | test@20 0.2652 | best 0.7019 (ep 1730)
2025-12-10 12:09:21 - [GCN] Epoch 1800 | loss 0.1479 | val@20 0.6777 | test@20 0.6051 | best 0.7019 (ep 1730)
2025-12-10 12:09:34 - [GCN] Epoch 1805 | loss 0.1489 | val@20 0.6776 | test@20 0.5149 | best 0.7019 (ep 1730)
2025-12-10 12:09:47 - [GCN] Epoch 1810 | loss 0.1462 | val@20 0.6209 | test@20 0.5112 | best 0.7019 (ep 1730)
2025-12-10 12:10:00 - [GCN] Epoch 1815 | loss 0.1464 | val@20 0.6646 | test@20 0.5030 | best 0.7019 (ep 1730)
2025-12-10 12:10:14 - [GCN] Epoch 1820 | loss 0.1475 | val@20 0.6880 | test@20 0.5753 | best 0.7019 (ep 1730)
2025-12-10 12:10:27 - [GCN] Epoch 1825 | loss 0.1472 | val@20 0.6381 | test@20 0.4845 | best 0.7019 (ep 1730)
2025-12-10 12:10:40 - [GCN] Epoch 1830 | loss 0.1460 | val@20 0.6745 | test@20 0.2416 | best 0.7019 (ep 1730)
2025-12-10 12:10:53 - [GCN] Epoch 1835 | loss 0.1461 | val@20 0.6878 | test@20 0.5705 | best 0.7019 (ep 1730)
2025-12-10 12:11:08 - [GCN] Epoch 1840 | loss 0.1455 | val@20 0.6821 | test@20 0.4954 | best 0.7019 (ep 1730)
2025-12-10 12:11:23 - [GCN] Epoch 1845 | loss 0.1461 | val@20 0.6949 | test@20 0.7172 | best 0.7019 (ep 1730)
2025-12-10 12:11:36 - [GCN] Epoch 1850 | loss 0.1459 | val@20 0.7049 | test@20 0.5418 | best 0.7049 (ep 1850)
2025-12-10 12:11:49 - [GCN] Epoch 1855 | loss 0.1461 | val@20 0.6809 | test@20 0.5458 | best 0.7049 (ep 1850)
2025-12-10 12:12:02 - [GCN] Epoch 1860 | loss 0.1463 | val@20 0.7029 | test@20 0.4840 | best 0.7049 (ep 1850)
2025-12-10 12:12:15 - [GCN] Epoch 1865 | loss 0.1465 | val@20 0.6936 | test@20 0.3261 | best 0.7049 (ep 1850)
2025-12-10 12:12:28 - [GCN] Epoch 1870 | loss 0.1462 | val@20 0.6838 | test@20 0.3064 | best 0.7049 (ep 1850)
2025-12-10 12:12:41 - [GCN] Epoch 1875 | loss 0.1457 | val@20 0.6921 | test@20 0.7198 | best 0.7049 (ep 1850)
2025-12-10 12:12:54 - [GCN] Epoch 1880 | loss 0.1467 | val@20 0.6835 | test@20 0.3498 | best 0.7049 (ep 1850)
2025-12-10 12:13:07 - [GCN] Epoch 1885 | loss 0.1468 | val@20 0.6606 | test@20 0.3248 | best 0.7049 (ep 1850)
2025-12-10 12:13:20 - [GCN] Epoch 1890 | loss 0.1462 | val@20 0.6645 | test@20 0.3607 | best 0.7049 (ep 1850)
2025-12-10 12:13:33 - [GCN] Epoch 1895 | loss 0.1460 | val@20 0.6751 | test@20 0.5732 | best 0.7049 (ep 1850)
2025-12-10 12:13:46 - [GCN] Epoch 1900 | loss 0.1461 | val@20 0.6641 | test@20 0.2753 | best 0.7049 (ep 1850)
2025-12-10 12:13:59 - [GCN] Epoch 1905 | loss 0.1450 | val@20 0.6778 | test@20 0.6503 | best 0.7049 (ep 1850)
2025-12-10 12:14:12 - [GCN] Epoch 1910 | loss 0.1482 | val@20 0.6850 | test@20 0.6443 | best 0.7049 (ep 1850)
2025-12-10 12:14:25 - [GCN] Epoch 1915 | loss 0.1452 | val@20 0.6946 | test@20 0.3903 | best 0.7049 (ep 1850)
2025-12-10 12:14:37 - [GCN] Epoch 1920 | loss 0.1464 | val@20 0.6741 | test@20 0.4934 | best 0.7049 (ep 1850)
2025-12-10 12:14:50 - [GCN] Epoch 1925 | loss 0.1458 | val@20 0.6630 | test@20 0.4962 | best 0.7049 (ep 1850)
2025-12-10 12:15:04 - [GCN] Epoch 1930 | loss 0.1455 | val@20 0.6981 | test@20 0.7031 | best 0.7049 (ep 1850)
2025-12-10 12:15:16 - [GCN] Epoch 1935 | loss 0.1449 | val@20 0.6726 | test@20 0.4581 | best 0.7049 (ep 1850)
2025-12-10 12:15:29 - [GCN] Epoch 1940 | loss 0.1457 | val@20 0.6875 | test@20 0.7050 | best 0.7049 (ep 1850)
2025-12-10 12:15:42 - [GCN] Epoch 1945 | loss 0.1469 | val@20 0.6705 | test@20 0.3476 | best 0.7049 (ep 1850)
2025-12-10 12:15:55 - [GCN] Epoch 1950 | loss 0.1450 | val@20 0.6744 | test@20 0.2686 | best 0.7049 (ep 1850)
2025-12-10 12:16:09 - [GCN] Epoch 1955 | loss 0.1464 | val@20 0.6867 | test@20 0.4459 | best 0.7049 (ep 1850)
2025-12-10 12:16:23 - [GCN] Epoch 1960 | loss 0.1459 | val@20 0.6789 | test@20 0.4756 | best 0.7049 (ep 1850)
2025-12-10 12:16:36 - [GCN] Epoch 1965 | loss 0.1460 | val@20 0.6862 | test@20 0.4449 | best 0.7049 (ep 1850)
2025-12-10 12:16:49 - [GCN] Epoch 1970 | loss 0.1467 | val@20 0.6954 | test@20 0.5006 | best 0.7049 (ep 1850)
2025-12-10 12:17:02 - [GCN] Epoch 1975 | loss 0.1462 | val@20 0.6948 | test@20 0.3106 | best 0.7049 (ep 1850)
2025-12-10 12:17:15 - [GCN] Epoch 1980 | loss 0.1461 | val@20 0.5814 | test@20 0.5063 | best 0.7049 (ep 1850)
2025-12-10 12:17:28 - [GCN] Epoch 1985 | loss 0.1468 | val@20 0.6905 | test@20 0.6761 | best 0.7049 (ep 1850)
2025-12-10 12:17:41 - [GCN] Epoch 1990 | loss 0.1456 | val@20 0.6839 | test@20 0.4455 | best 0.7049 (ep 1850)
2025-12-10 12:17:54 - [GCN] Epoch 1995 | loss 0.1467 | val@20 0.6921 | test@20 0.5859 | best 0.7049 (ep 1850)
2025-12-10 12:18:08 - [GCN] Epoch 2000 | loss 0.1455 | val@20 0.6503 | test@20 0.2801 | best 0.7049 (ep 1850)
2025-12-10 12:18:08 - ================================================================================
2025-12-10 12:18:08 - Final Results
2025-12-10 12:18:08 - ================================================================================
2025-12-10 12:18:08 - Hits@10: Valid 67.13% | Test 13.29%
2025-12-10 12:18:08 - Hits@20: Valid 70.49% | Test 54.18%
2025-12-10 12:18:08 - Hits@30: Valid 71.70% | Test 83.77%
2025-12-10 12:18:08 - ================================================================================
