2025-12-10 12:18:14 - OGBL-DDI Link Prediction - GCN with External Features
2025-12-10 12:18:14 - Device: cuda:0
2025-12-10 12:18:14 - Log directory: logs/ddi_gcn_all_20251210_121814
2025-12-10 12:18:14 - ================================================================================
2025-12-10 12:18:15 - Dataset: 4267 nodes, 2135822 edges
2025-12-10 12:18:15 - Train edges: 1067911
2025-12-10 12:18:15 - Valid edges: 133489 pos, 101882 neg
2025-12-10 12:18:15 - Test edges: 133489 pos, 95599 neg
2025-12-10 12:18:15 - Loading external features...
2025-12-10 12:18:15 - Loading cached Morgan features from data/morgan_features.pt
2025-12-10 12:18:15 -   Morgan fingerprints: 2048 dims
2025-12-10 12:18:15 - Loaded PubChem features: shape=(4267, 9)
2025-12-10 12:18:15 -   PubChem properties: 9 dims
2025-12-10 12:18:15 - Loaded ChemBERTa features: shape=torch.Size([4267, 768])
2025-12-10 12:18:15 -   ChemBERTa embeddings: 768 dims
2025-12-10 12:18:15 - Loaded drug-target features: shape=torch.Size([4267, 229])
2025-12-10 12:18:15 -   Drug-target features: 229 dims
2025-12-10 12:18:15 - Combined features: 3054 dims total
2025-12-10 12:18:15 - Loaded features: {'morgan': 2048, 'pubchem': 9, 'chemberta': 768, 'drug_targets': 229}
2025-12-10 12:18:15 - Total feature dimension: 3054
2025-12-10 12:18:15 - ================================================================================
2025-12-10 12:18:15 - Model Configuration:
2025-12-10 12:18:15 -   architecture: GCN + MLP
2025-12-10 12:18:15 -   num_layers: 2
2025-12-10 12:18:15 -   hidden_channels: 256
2025-12-10 12:18:15 -   dropout: 0.5
2025-12-10 12:18:15 -   fusion: concat
2025-12-10 12:18:15 -   external_features: ['morgan', 'pubchem', 'chemberta', 'drug_targets']
2025-12-10 12:18:15 - Training Configuration:
2025-12-10 12:18:15 -   epochs: 2000
2025-12-10 12:18:15 -   lr: 0.005
2025-12-10 12:18:15 -   batch_size: 65536
2025-12-10 12:18:15 -   eval_steps: 5
2025-12-10 12:18:15 -   runs: 1
2025-12-10 12:18:15 - ================================================================================
2025-12-10 12:18:27 - [GCN] Epoch 0005 | loss 0.7968 | val@20 0.0631 | test@20 0.0627 | best 0.0631 (ep 5)
2025-12-10 12:18:38 - [GCN] Epoch 0010 | loss 0.6262 | val@20 0.2435 | test@20 0.2132 | best 0.2435 (ep 10)
2025-12-10 12:18:49 - [GCN] Epoch 0015 | loss 0.5712 | val@20 0.2292 | test@20 0.2017 | best 0.2435 (ep 10)
2025-12-10 12:19:00 - [GCN] Epoch 0020 | loss 0.5394 | val@20 0.2102 | test@20 0.2243 | best 0.2435 (ep 10)
2025-12-10 12:19:11 - [GCN] Epoch 0025 | loss 0.4975 | val@20 0.1864 | test@20 0.1918 | best 0.2435 (ep 10)
2025-12-10 12:19:21 - [GCN] Epoch 0030 | loss 0.4405 | val@20 0.1333 | test@20 0.1141 | best 0.2435 (ep 10)
2025-12-10 12:19:32 - [GCN] Epoch 0035 | loss 0.4065 | val@20 0.1794 | test@20 0.1868 | best 0.2435 (ep 10)
2025-12-10 12:19:43 - [GCN] Epoch 0040 | loss 0.3796 | val@20 0.2350 | test@20 0.1062 | best 0.2435 (ep 10)
2025-12-10 12:19:53 - [GCN] Epoch 0045 | loss 0.3666 | val@20 0.3012 | test@20 0.2158 | best 0.3012 (ep 45)
2025-12-10 12:20:04 - [GCN] Epoch 0050 | loss 0.3472 | val@20 0.2345 | test@20 0.1147 | best 0.3012 (ep 45)
2025-12-10 12:20:15 - [GCN] Epoch 0055 | loss 0.3254 | val@20 0.2205 | test@20 0.1246 | best 0.3012 (ep 45)
2025-12-10 12:20:26 - [GCN] Epoch 0060 | loss 0.3119 | val@20 0.2370 | test@20 0.1034 | best 0.3012 (ep 45)
2025-12-10 12:20:36 - [GCN] Epoch 0065 | loss 0.2981 | val@20 0.3214 | test@20 0.1222 | best 0.3214 (ep 65)
2025-12-10 12:20:47 - [GCN] Epoch 0070 | loss 0.2843 | val@20 0.3964 | test@20 0.2076 | best 0.3964 (ep 70)
2025-12-10 12:20:58 - [GCN] Epoch 0075 | loss 0.2703 | val@20 0.3020 | test@20 0.1352 | best 0.3964 (ep 70)
2025-12-10 12:21:10 - [GCN] Epoch 0080 | loss 0.2632 | val@20 0.3808 | test@20 0.2658 | best 0.3964 (ep 70)
2025-12-10 12:21:21 - [GCN] Epoch 0085 | loss 0.2541 | val@20 0.3061 | test@20 0.1854 | best 0.3964 (ep 70)
2025-12-10 12:21:31 - [GCN] Epoch 0090 | loss 0.2492 | val@20 0.3019 | test@20 0.3550 | best 0.3964 (ep 70)
2025-12-10 12:21:42 - [GCN] Epoch 0095 | loss 0.2374 | val@20 0.4619 | test@20 0.3237 | best 0.4619 (ep 95)
2025-12-10 12:21:53 - [GCN] Epoch 0100 | loss 0.2321 | val@20 0.4806 | test@20 0.3905 | best 0.4806 (ep 100)
2025-12-10 12:22:04 - [GCN] Epoch 0105 | loss 0.2272 | val@20 0.4650 | test@20 0.4375 | best 0.4806 (ep 100)
2025-12-10 12:22:14 - [GCN] Epoch 0110 | loss 0.2264 | val@20 0.3720 | test@20 0.2909 | best 0.4806 (ep 100)
2025-12-10 12:22:25 - [GCN] Epoch 0115 | loss 0.2229 | val@20 0.3571 | test@20 0.4082 | best 0.4806 (ep 100)
2025-12-10 12:22:36 - [GCN] Epoch 0120 | loss 0.2187 | val@20 0.4127 | test@20 0.3056 | best 0.4806 (ep 100)
2025-12-10 12:22:46 - [GCN] Epoch 0125 | loss 0.2157 | val@20 0.3832 | test@20 0.4396 | best 0.4806 (ep 100)
2025-12-10 12:22:57 - [GCN] Epoch 0130 | loss 0.2116 | val@20 0.3841 | test@20 0.4045 | best 0.4806 (ep 100)
2025-12-10 12:23:08 - [GCN] Epoch 0135 | loss 0.2107 | val@20 0.4228 | test@20 0.5301 | best 0.4806 (ep 100)
2025-12-10 12:23:18 - [GCN] Epoch 0140 | loss 0.2088 | val@20 0.5407 | test@20 0.5310 | best 0.5407 (ep 140)
2025-12-10 12:23:29 - [GCN] Epoch 0145 | loss 0.2053 | val@20 0.4796 | test@20 0.4571 | best 0.5407 (ep 140)
2025-12-10 12:23:40 - [GCN] Epoch 0150 | loss 0.2012 | val@20 0.3814 | test@20 0.3589 | best 0.5407 (ep 140)
2025-12-10 12:23:50 - [GCN] Epoch 0155 | loss 0.2026 | val@20 0.3466 | test@20 0.5041 | best 0.5407 (ep 140)
2025-12-10 12:24:01 - [GCN] Epoch 0160 | loss 0.1988 | val@20 0.4170 | test@20 0.4998 | best 0.5407 (ep 140)
2025-12-10 12:24:12 - [GCN] Epoch 0165 | loss 0.1987 | val@20 0.4477 | test@20 0.3282 | best 0.5407 (ep 140)
2025-12-10 12:24:22 - [GCN] Epoch 0170 | loss 0.1977 | val@20 0.4309 | test@20 0.4128 | best 0.5407 (ep 140)
2025-12-10 12:24:33 - [GCN] Epoch 0175 | loss 0.1965 | val@20 0.4526 | test@20 0.4300 | best 0.5407 (ep 140)
2025-12-10 12:24:43 - [GCN] Epoch 0180 | loss 0.1925 | val@20 0.4861 | test@20 0.5912 | best 0.5407 (ep 140)
2025-12-10 12:24:54 - [GCN] Epoch 0185 | loss 0.1928 | val@20 0.4792 | test@20 0.4490 | best 0.5407 (ep 140)
2025-12-10 12:25:05 - [GCN] Epoch 0190 | loss 0.1919 | val@20 0.5009 | test@20 0.5544 | best 0.5407 (ep 140)
2025-12-10 12:25:15 - [GCN] Epoch 0195 | loss 0.1890 | val@20 0.5687 | test@20 0.6254 | best 0.5687 (ep 195)
2025-12-10 12:25:26 - [GCN] Epoch 0200 | loss 0.1879 | val@20 0.5223 | test@20 0.5256 | best 0.5687 (ep 195)
2025-12-10 12:25:37 - [GCN] Epoch 0205 | loss 0.1887 | val@20 0.5157 | test@20 0.5622 | best 0.5687 (ep 195)
2025-12-10 12:25:47 - [GCN] Epoch 0210 | loss 0.1883 | val@20 0.5248 | test@20 0.5297 | best 0.5687 (ep 195)
2025-12-10 12:25:58 - [GCN] Epoch 0215 | loss 0.1867 | val@20 0.4335 | test@20 0.4562 | best 0.5687 (ep 195)
2025-12-10 12:26:09 - [GCN] Epoch 0220 | loss 0.1850 | val@20 0.4755 | test@20 0.3283 | best 0.5687 (ep 195)
2025-12-10 12:26:19 - [GCN] Epoch 0225 | loss 0.1825 | val@20 0.5729 | test@20 0.6551 | best 0.5729 (ep 225)
2025-12-10 12:26:30 - [GCN] Epoch 0230 | loss 0.1855 | val@20 0.5179 | test@20 0.4792 | best 0.5729 (ep 225)
2025-12-10 12:26:41 - [GCN] Epoch 0235 | loss 0.1841 | val@20 0.5233 | test@20 0.5406 | best 0.5729 (ep 225)
2025-12-10 12:26:51 - [GCN] Epoch 0240 | loss 0.1822 | val@20 0.5399 | test@20 0.5252 | best 0.5729 (ep 225)
2025-12-10 12:27:02 - [GCN] Epoch 0245 | loss 0.1870 | val@20 0.5319 | test@20 0.5307 | best 0.5729 (ep 225)
2025-12-10 12:27:13 - [GCN] Epoch 0250 | loss 0.1810 | val@20 0.5222 | test@20 0.5681 | best 0.5729 (ep 225)
2025-12-10 12:27:23 - [GCN] Epoch 0255 | loss 0.1809 | val@20 0.5146 | test@20 0.6590 | best 0.5729 (ep 225)
2025-12-10 12:27:34 - [GCN] Epoch 0260 | loss 0.1817 | val@20 0.4847 | test@20 0.4309 | best 0.5729 (ep 225)
2025-12-10 12:27:44 - [GCN] Epoch 0265 | loss 0.1790 | val@20 0.5572 | test@20 0.6735 | best 0.5729 (ep 225)
2025-12-10 12:27:55 - [GCN] Epoch 0270 | loss 0.1795 | val@20 0.5037 | test@20 0.6576 | best 0.5729 (ep 225)
2025-12-10 12:28:05 - [GCN] Epoch 0275 | loss 0.1785 | val@20 0.4370 | test@20 0.6147 | best 0.5729 (ep 225)
2025-12-10 12:28:16 - [GCN] Epoch 0280 | loss 0.1794 | val@20 0.5856 | test@20 0.6357 | best 0.5856 (ep 280)
2025-12-10 12:28:27 - [GCN] Epoch 0285 | loss 0.1760 | val@20 0.4663 | test@20 0.5065 | best 0.5856 (ep 280)
2025-12-10 12:28:37 - [GCN] Epoch 0290 | loss 0.1782 | val@20 0.5657 | test@20 0.5168 | best 0.5856 (ep 280)
2025-12-10 12:28:48 - [GCN] Epoch 0295 | loss 0.1776 | val@20 0.5330 | test@20 0.5398 | best 0.5856 (ep 280)
2025-12-10 12:28:58 - [GCN] Epoch 0300 | loss 0.1741 | val@20 0.5637 | test@20 0.4953 | best 0.5856 (ep 280)
2025-12-10 12:29:09 - [GCN] Epoch 0305 | loss 0.1758 | val@20 0.4964 | test@20 0.5337 | best 0.5856 (ep 280)
2025-12-10 12:29:19 - [GCN] Epoch 0310 | loss 0.1711 | val@20 0.5786 | test@20 0.5923 | best 0.5856 (ep 280)
2025-12-10 12:29:30 - [GCN] Epoch 0315 | loss 0.1728 | val@20 0.5354 | test@20 0.4521 | best 0.5856 (ep 280)
2025-12-10 12:29:40 - [GCN] Epoch 0320 | loss 0.1724 | val@20 0.4352 | test@20 0.4806 | best 0.5856 (ep 280)
2025-12-10 12:29:51 - [GCN] Epoch 0325 | loss 0.1705 | val@20 0.4736 | test@20 0.3666 | best 0.5856 (ep 280)
2025-12-10 12:30:02 - [GCN] Epoch 0330 | loss 0.1698 | val@20 0.5666 | test@20 0.4029 | best 0.5856 (ep 280)
2025-12-10 12:30:12 - [GCN] Epoch 0335 | loss 0.1716 | val@20 0.5583 | test@20 0.5151 | best 0.5856 (ep 280)
2025-12-10 12:30:23 - [GCN] Epoch 0340 | loss 0.1686 | val@20 0.5379 | test@20 0.5079 | best 0.5856 (ep 280)
2025-12-10 12:30:34 - [GCN] Epoch 0345 | loss 0.1701 | val@20 0.5272 | test@20 0.4701 | best 0.5856 (ep 280)
2025-12-10 12:30:44 - [GCN] Epoch 0350 | loss 0.1690 | val@20 0.6123 | test@20 0.4459 | best 0.6123 (ep 350)
2025-12-10 12:30:55 - [GCN] Epoch 0355 | loss 0.1664 | val@20 0.5314 | test@20 0.3212 | best 0.6123 (ep 350)
2025-12-10 12:31:07 - [GCN] Epoch 0360 | loss 0.1674 | val@20 0.5425 | test@20 0.3901 | best 0.6123 (ep 350)
2025-12-10 12:31:18 - [GCN] Epoch 0365 | loss 0.1666 | val@20 0.6211 | test@20 0.4574 | best 0.6211 (ep 365)
2025-12-10 12:31:28 - [GCN] Epoch 0370 | loss 0.1674 | val@20 0.5565 | test@20 0.4545 | best 0.6211 (ep 365)
2025-12-10 12:31:39 - [GCN] Epoch 0375 | loss 0.1677 | val@20 0.5478 | test@20 0.4957 | best 0.6211 (ep 365)
2025-12-10 12:31:49 - [GCN] Epoch 0380 | loss 0.1639 | val@20 0.6010 | test@20 0.4402 | best 0.6211 (ep 365)
2025-12-10 12:32:00 - [GCN] Epoch 0385 | loss 0.1655 | val@20 0.5969 | test@20 0.5236 | best 0.6211 (ep 365)
2025-12-10 12:32:11 - [GCN] Epoch 0390 | loss 0.1644 | val@20 0.5534 | test@20 0.4940 | best 0.6211 (ep 365)
2025-12-10 12:32:21 - [GCN] Epoch 0395 | loss 0.1651 | val@20 0.4844 | test@20 0.3085 | best 0.6211 (ep 365)
2025-12-10 12:32:32 - [GCN] Epoch 0400 | loss 0.1675 | val@20 0.5791 | test@20 0.4306 | best 0.6211 (ep 365)
2025-12-10 12:32:42 - [GCN] Epoch 0405 | loss 0.1642 | val@20 0.6510 | test@20 0.5878 | best 0.6510 (ep 405)
2025-12-10 12:32:53 - [GCN] Epoch 0410 | loss 0.1645 | val@20 0.6372 | test@20 0.5433 | best 0.6510 (ep 405)
2025-12-10 12:33:04 - [GCN] Epoch 0415 | loss 0.1626 | val@20 0.6634 | test@20 0.5377 | best 0.6634 (ep 415)
2025-12-10 12:33:14 - [GCN] Epoch 0420 | loss 0.1643 | val@20 0.6170 | test@20 0.3831 | best 0.6634 (ep 415)
2025-12-10 12:33:25 - [GCN] Epoch 0425 | loss 0.1632 | val@20 0.5436 | test@20 0.4064 | best 0.6634 (ep 415)
2025-12-10 12:33:35 - [GCN] Epoch 0430 | loss 0.1606 | val@20 0.6154 | test@20 0.5186 | best 0.6634 (ep 415)
2025-12-10 12:33:46 - [GCN] Epoch 0435 | loss 0.1634 | val@20 0.6172 | test@20 0.3225 | best 0.6634 (ep 415)
2025-12-10 12:33:56 - [GCN] Epoch 0440 | loss 0.1622 | val@20 0.6576 | test@20 0.5456 | best 0.6634 (ep 415)
2025-12-10 12:34:07 - [GCN] Epoch 0445 | loss 0.1612 | val@20 0.5282 | test@20 0.3766 | best 0.6634 (ep 415)
2025-12-10 12:34:18 - [GCN] Epoch 0450 | loss 0.1610 | val@20 0.5815 | test@20 0.4115 | best 0.6634 (ep 415)
2025-12-10 12:34:28 - [GCN] Epoch 0455 | loss 0.1606 | val@20 0.6416 | test@20 0.5027 | best 0.6634 (ep 415)
2025-12-10 12:34:39 - [GCN] Epoch 0460 | loss 0.1664 | val@20 0.5937 | test@20 0.5118 | best 0.6634 (ep 415)
2025-12-10 12:34:49 - [GCN] Epoch 0465 | loss 0.1601 | val@20 0.6728 | test@20 0.4692 | best 0.6728 (ep 465)
2025-12-10 12:34:59 - [GCN] Epoch 0470 | loss 0.1596 | val@20 0.6016 | test@20 0.4545 | best 0.6728 (ep 465)
2025-12-10 12:35:10 - [GCN] Epoch 0475 | loss 0.1579 | val@20 0.6461 | test@20 0.5068 | best 0.6728 (ep 465)
2025-12-10 12:35:21 - [GCN] Epoch 0480 | loss 0.1618 | val@20 0.6307 | test@20 0.4888 | best 0.6728 (ep 465)
2025-12-10 12:35:31 - [GCN] Epoch 0485 | loss 0.1597 | val@20 0.6052 | test@20 0.4482 | best 0.6728 (ep 465)
2025-12-10 12:35:42 - [GCN] Epoch 0490 | loss 0.1622 | val@20 0.6380 | test@20 0.5507 | best 0.6728 (ep 465)
2025-12-10 12:35:52 - [GCN] Epoch 0495 | loss 0.1600 | val@20 0.6107 | test@20 0.6000 | best 0.6728 (ep 465)
2025-12-10 12:36:03 - [GCN] Epoch 0500 | loss 0.1595 | val@20 0.6129 | test@20 0.4973 | best 0.6728 (ep 465)
2025-12-10 12:36:13 - [GCN] Epoch 0505 | loss 0.1607 | val@20 0.6364 | test@20 0.5871 | best 0.6728 (ep 465)
2025-12-10 12:36:24 - [GCN] Epoch 0510 | loss 0.1591 | val@20 0.5780 | test@20 0.3871 | best 0.6728 (ep 465)
2025-12-10 12:36:34 - [GCN] Epoch 0515 | loss 0.1582 | val@20 0.6531 | test@20 0.4129 | best 0.6728 (ep 465)
2025-12-10 12:36:45 - [GCN] Epoch 0520 | loss 0.1604 | val@20 0.6669 | test@20 0.5080 | best 0.6728 (ep 465)
2025-12-10 12:36:55 - [GCN] Epoch 0525 | loss 0.1597 | val@20 0.5934 | test@20 0.4144 | best 0.6728 (ep 465)
2025-12-10 12:37:06 - [GCN] Epoch 0530 | loss 0.1604 | val@20 0.6443 | test@20 0.5344 | best 0.6728 (ep 465)
2025-12-10 12:37:17 - [GCN] Epoch 0535 | loss 0.1584 | val@20 0.6672 | test@20 0.4234 | best 0.6728 (ep 465)
2025-12-10 12:37:27 - [GCN] Epoch 0540 | loss 0.1583 | val@20 0.6655 | test@20 0.6791 | best 0.6728 (ep 465)
2025-12-10 12:37:38 - [GCN] Epoch 0545 | loss 0.1584 | val@20 0.6410 | test@20 0.6084 | best 0.6728 (ep 465)
2025-12-10 12:37:48 - [GCN] Epoch 0550 | loss 0.1583 | val@20 0.6506 | test@20 0.4387 | best 0.6728 (ep 465)
2025-12-10 12:37:59 - [GCN] Epoch 0555 | loss 0.1570 | val@20 0.6650 | test@20 0.4366 | best 0.6728 (ep 465)
2025-12-10 12:38:09 - [GCN] Epoch 0560 | loss 0.1573 | val@20 0.6588 | test@20 0.5401 | best 0.6728 (ep 465)
2025-12-10 12:38:20 - [GCN] Epoch 0565 | loss 0.1583 | val@20 0.6435 | test@20 0.5526 | best 0.6728 (ep 465)
2025-12-10 12:38:30 - [GCN] Epoch 0570 | loss 0.1578 | val@20 0.6642 | test@20 0.6095 | best 0.6728 (ep 465)
2025-12-10 12:38:41 - [GCN] Epoch 0575 | loss 0.1597 | val@20 0.6097 | test@20 0.5300 | best 0.6728 (ep 465)
2025-12-10 12:38:51 - [GCN] Epoch 0580 | loss 0.1556 | val@20 0.6195 | test@20 0.3623 | best 0.6728 (ep 465)
2025-12-10 12:39:02 - [GCN] Epoch 0585 | loss 0.1594 | val@20 0.6438 | test@20 0.4341 | best 0.6728 (ep 465)
2025-12-10 12:39:13 - [GCN] Epoch 0590 | loss 0.1567 | val@20 0.5994 | test@20 0.5241 | best 0.6728 (ep 465)
2025-12-10 12:39:23 - [GCN] Epoch 0595 | loss 0.1563 | val@20 0.6617 | test@20 0.5804 | best 0.6728 (ep 465)
2025-12-10 12:39:34 - [GCN] Epoch 0600 | loss 0.1573 | val@20 0.6522 | test@20 0.5416 | best 0.6728 (ep 465)
2025-12-10 12:39:44 - [GCN] Epoch 0605 | loss 0.1547 | val@20 0.6500 | test@20 0.4188 | best 0.6728 (ep 465)
2025-12-10 12:39:55 - [GCN] Epoch 0610 | loss 0.1568 | val@20 0.6654 | test@20 0.7080 | best 0.6728 (ep 465)
2025-12-10 12:40:05 - [GCN] Epoch 0615 | loss 0.1581 | val@20 0.6382 | test@20 0.5781 | best 0.6728 (ep 465)
2025-12-10 12:40:16 - [GCN] Epoch 0620 | loss 0.1585 | val@20 0.6403 | test@20 0.3916 | best 0.6728 (ep 465)
2025-12-10 12:40:26 - [GCN] Epoch 0625 | loss 0.1563 | val@20 0.6373 | test@20 0.5092 | best 0.6728 (ep 465)
2025-12-10 12:40:37 - [GCN] Epoch 0630 | loss 0.1598 | val@20 0.6106 | test@20 0.3430 | best 0.6728 (ep 465)
2025-12-10 12:40:47 - [GCN] Epoch 0635 | loss 0.1566 | val@20 0.6232 | test@20 0.5821 | best 0.6728 (ep 465)
2025-12-10 12:40:58 - [GCN] Epoch 0640 | loss 0.1547 | val@20 0.6649 | test@20 0.5427 | best 0.6728 (ep 465)
2025-12-10 12:41:10 - [GCN] Epoch 0645 | loss 0.1566 | val@20 0.6507 | test@20 0.5940 | best 0.6728 (ep 465)
2025-12-10 12:41:20 - [GCN] Epoch 0650 | loss 0.1567 | val@20 0.6487 | test@20 0.4784 | best 0.6728 (ep 465)
2025-12-10 12:41:31 - [GCN] Epoch 0655 | loss 0.1545 | val@20 0.5721 | test@20 0.4985 | best 0.6728 (ep 465)
2025-12-10 12:41:42 - [GCN] Epoch 0660 | loss 0.1560 | val@20 0.6191 | test@20 0.5175 | best 0.6728 (ep 465)
2025-12-10 12:41:52 - [GCN] Epoch 0665 | loss 0.1568 | val@20 0.6524 | test@20 0.5587 | best 0.6728 (ep 465)
2025-12-10 12:42:03 - [GCN] Epoch 0670 | loss 0.1553 | val@20 0.6162 | test@20 0.4619 | best 0.6728 (ep 465)
2025-12-10 12:42:13 - [GCN] Epoch 0675 | loss 0.1558 | val@20 0.6617 | test@20 0.5063 | best 0.6728 (ep 465)
2025-12-10 12:42:24 - [GCN] Epoch 0680 | loss 0.1535 | val@20 0.6562 | test@20 0.5114 | best 0.6728 (ep 465)
2025-12-10 12:42:34 - [GCN] Epoch 0685 | loss 0.1551 | val@20 0.6543 | test@20 0.5252 | best 0.6728 (ep 465)
2025-12-10 12:42:45 - [GCN] Epoch 0690 | loss 0.1571 | val@20 0.6071 | test@20 0.3843 | best 0.6728 (ep 465)
2025-12-10 12:42:55 - [GCN] Epoch 0695 | loss 0.1538 | val@20 0.6668 | test@20 0.6373 | best 0.6728 (ep 465)
2025-12-10 12:43:06 - [GCN] Epoch 0700 | loss 0.1533 | val@20 0.6542 | test@20 0.4870 | best 0.6728 (ep 465)
2025-12-10 12:43:17 - [GCN] Epoch 0705 | loss 0.1551 | val@20 0.6366 | test@20 0.6098 | best 0.6728 (ep 465)
2025-12-10 12:43:27 - [GCN] Epoch 0710 | loss 0.1572 | val@20 0.6465 | test@20 0.4524 | best 0.6728 (ep 465)
2025-12-10 12:43:38 - [GCN] Epoch 0715 | loss 0.1543 | val@20 0.6837 | test@20 0.5834 | best 0.6837 (ep 715)
2025-12-10 12:43:48 - [GCN] Epoch 0720 | loss 0.1554 | val@20 0.6787 | test@20 0.6506 | best 0.6837 (ep 715)
2025-12-10 12:43:58 - [GCN] Epoch 0725 | loss 0.1595 | val@20 0.6698 | test@20 0.5320 | best 0.6837 (ep 715)
2025-12-10 12:44:09 - [GCN] Epoch 0730 | loss 0.1534 | val@20 0.6123 | test@20 0.5965 | best 0.6837 (ep 715)
2025-12-10 12:44:20 - [GCN] Epoch 0735 | loss 0.1555 | val@20 0.6785 | test@20 0.4407 | best 0.6837 (ep 715)
2025-12-10 12:44:30 - [GCN] Epoch 0740 | loss 0.1549 | val@20 0.6646 | test@20 0.4535 | best 0.6837 (ep 715)
2025-12-10 12:44:41 - [GCN] Epoch 0745 | loss 0.1556 | val@20 0.6652 | test@20 0.5613 | best 0.6837 (ep 715)
2025-12-10 12:44:51 - [GCN] Epoch 0750 | loss 0.1582 | val@20 0.6404 | test@20 0.4358 | best 0.6837 (ep 715)
2025-12-10 12:45:02 - [GCN] Epoch 0755 | loss 0.1545 | val@20 0.6612 | test@20 0.5084 | best 0.6837 (ep 715)
2025-12-10 12:45:12 - [GCN] Epoch 0760 | loss 0.1527 | val@20 0.6872 | test@20 0.3893 | best 0.6872 (ep 760)
2025-12-10 12:45:23 - [GCN] Epoch 0765 | loss 0.1546 | val@20 0.6421 | test@20 0.4667 | best 0.6872 (ep 760)
2025-12-10 12:45:33 - [GCN] Epoch 0770 | loss 0.1528 | val@20 0.6852 | test@20 0.5020 | best 0.6872 (ep 760)
2025-12-10 12:45:44 - [GCN] Epoch 0775 | loss 0.1545 | val@20 0.6167 | test@20 0.5879 | best 0.6872 (ep 760)
2025-12-10 12:45:54 - [GCN] Epoch 0780 | loss 0.1528 | val@20 0.6353 | test@20 0.4010 | best 0.6872 (ep 760)
2025-12-10 12:46:05 - [GCN] Epoch 0785 | loss 0.1537 | val@20 0.6598 | test@20 0.4501 | best 0.6872 (ep 760)
2025-12-10 12:46:15 - [GCN] Epoch 0790 | loss 0.1537 | val@20 0.6717 | test@20 0.4977 | best 0.6872 (ep 760)
2025-12-10 12:46:26 - [GCN] Epoch 0795 | loss 0.1551 | val@20 0.6392 | test@20 0.4943 | best 0.6872 (ep 760)
2025-12-10 12:46:36 - [GCN] Epoch 0800 | loss 0.1551 | val@20 0.6839 | test@20 0.6091 | best 0.6872 (ep 760)
2025-12-10 12:46:46 - [GCN] Epoch 0805 | loss 0.1518 | val@20 0.6711 | test@20 0.5152 | best 0.6872 (ep 760)
2025-12-10 12:46:57 - [GCN] Epoch 0810 | loss 0.1524 | val@20 0.6452 | test@20 0.4804 | best 0.6872 (ep 760)
2025-12-10 12:47:08 - [GCN] Epoch 0815 | loss 0.1544 | val@20 0.6127 | test@20 0.4093 | best 0.6872 (ep 760)
2025-12-10 12:47:18 - [GCN] Epoch 0820 | loss 0.1546 | val@20 0.6410 | test@20 0.4729 | best 0.6872 (ep 760)
2025-12-10 12:47:29 - [GCN] Epoch 0825 | loss 0.1535 | val@20 0.6273 | test@20 0.6257 | best 0.6872 (ep 760)
2025-12-10 12:47:39 - [GCN] Epoch 0830 | loss 0.1529 | val@20 0.6560 | test@20 0.5943 | best 0.6872 (ep 760)
2025-12-10 12:47:50 - [GCN] Epoch 0835 | loss 0.1548 | val@20 0.5863 | test@20 0.3905 | best 0.6872 (ep 760)
2025-12-10 12:48:00 - [GCN] Epoch 0840 | loss 0.1541 | val@20 0.6604 | test@20 0.5141 | best 0.6872 (ep 760)
2025-12-10 12:48:11 - [GCN] Epoch 0845 | loss 0.1532 | val@20 0.6708 | test@20 0.4822 | best 0.6872 (ep 760)
2025-12-10 12:48:21 - [GCN] Epoch 0850 | loss 0.1546 | val@20 0.6733 | test@20 0.5682 | best 0.6872 (ep 760)
2025-12-10 12:48:32 - [GCN] Epoch 0855 | loss 0.1522 | val@20 0.6558 | test@20 0.4260 | best 0.6872 (ep 760)
2025-12-10 12:48:42 - [GCN] Epoch 0860 | loss 0.1528 | val@20 0.6601 | test@20 0.4733 | best 0.6872 (ep 760)
2025-12-10 12:48:53 - [GCN] Epoch 0865 | loss 0.1519 | val@20 0.6733 | test@20 0.3854 | best 0.6872 (ep 760)
2025-12-10 12:49:03 - [GCN] Epoch 0870 | loss 0.1538 | val@20 0.6233 | test@20 0.4312 | best 0.6872 (ep 760)
2025-12-10 12:49:14 - [GCN] Epoch 0875 | loss 0.1529 | val@20 0.6705 | test@20 0.5392 | best 0.6872 (ep 760)
2025-12-10 12:49:24 - [GCN] Epoch 0880 | loss 0.1539 | val@20 0.6558 | test@20 0.5085 | best 0.6872 (ep 760)
2025-12-10 12:49:35 - [GCN] Epoch 0885 | loss 0.1512 | val@20 0.6780 | test@20 0.4229 | best 0.6872 (ep 760)
2025-12-10 12:49:45 - [GCN] Epoch 0890 | loss 0.1549 | val@20 0.6433 | test@20 0.5192 | best 0.6872 (ep 760)
2025-12-10 12:49:56 - [GCN] Epoch 0895 | loss 0.1536 | val@20 0.5846 | test@20 0.3412 | best 0.6872 (ep 760)
2025-12-10 12:50:06 - [GCN] Epoch 0900 | loss 0.1527 | val@20 0.6763 | test@20 0.4630 | best 0.6872 (ep 760)
2025-12-10 12:50:17 - [GCN] Epoch 0905 | loss 0.1523 | val@20 0.6739 | test@20 0.4316 | best 0.6872 (ep 760)
2025-12-10 12:50:27 - [GCN] Epoch 0910 | loss 0.1517 | val@20 0.6500 | test@20 0.7492 | best 0.6872 (ep 760)
2025-12-10 12:50:38 - [GCN] Epoch 0915 | loss 0.1528 | val@20 0.6789 | test@20 0.5714 | best 0.6872 (ep 760)
2025-12-10 12:50:48 - [GCN] Epoch 0920 | loss 0.1516 | val@20 0.6291 | test@20 0.3890 | best 0.6872 (ep 760)
2025-12-10 12:50:59 - [GCN] Epoch 0925 | loss 0.1537 | val@20 0.6618 | test@20 0.4719 | best 0.6872 (ep 760)
2025-12-10 12:51:11 - [GCN] Epoch 0930 | loss 0.1528 | val@20 0.6592 | test@20 0.4045 | best 0.6872 (ep 760)
2025-12-10 12:51:21 - [GCN] Epoch 0935 | loss 0.1529 | val@20 0.6597 | test@20 0.4155 | best 0.6872 (ep 760)
2025-12-10 12:51:31 - [GCN] Epoch 0940 | loss 0.1532 | val@20 0.6503 | test@20 0.4754 | best 0.6872 (ep 760)
2025-12-10 12:51:42 - [GCN] Epoch 0945 | loss 0.1514 | val@20 0.6631 | test@20 0.4241 | best 0.6872 (ep 760)
2025-12-10 12:51:52 - [GCN] Epoch 0950 | loss 0.1530 | val@20 0.6363 | test@20 0.5116 | best 0.6872 (ep 760)
2025-12-10 12:52:03 - [GCN] Epoch 0955 | loss 0.1544 | val@20 0.6537 | test@20 0.4192 | best 0.6872 (ep 760)
2025-12-10 12:52:14 - [GCN] Epoch 0960 | loss 0.1527 | val@20 0.6488 | test@20 0.3360 | best 0.6872 (ep 760)
2025-12-10 12:52:24 - [GCN] Epoch 0965 | loss 0.1547 | val@20 0.6226 | test@20 0.3668 | best 0.6872 (ep 760)
2025-12-10 12:52:34 - [GCN] Epoch 0970 | loss 0.1528 | val@20 0.6613 | test@20 0.4495 | best 0.6872 (ep 760)
2025-12-10 12:52:45 - [GCN] Epoch 0975 | loss 0.1534 | val@20 0.6746 | test@20 0.5894 | best 0.6872 (ep 760)
2025-12-10 12:52:55 - [GCN] Epoch 0980 | loss 0.1619 | val@20 0.4108 | test@20 0.2581 | best 0.6872 (ep 760)
2025-12-10 12:53:06 - [GCN] Epoch 0985 | loss 0.1525 | val@20 0.6669 | test@20 0.5200 | best 0.6872 (ep 760)
2025-12-10 12:53:17 - [GCN] Epoch 0990 | loss 0.1527 | val@20 0.6734 | test@20 0.5120 | best 0.6872 (ep 760)
2025-12-10 12:53:27 - [GCN] Epoch 0995 | loss 0.1519 | val@20 0.6691 | test@20 0.3110 | best 0.6872 (ep 760)
2025-12-10 12:53:37 - [GCN] Epoch 1000 | loss 0.1534 | val@20 0.6822 | test@20 0.5572 | best 0.6872 (ep 760)
2025-12-10 12:53:48 - [GCN] Epoch 1005 | loss 0.1510 | val@20 0.6304 | test@20 0.3565 | best 0.6872 (ep 760)
2025-12-10 12:53:58 - [GCN] Epoch 1010 | loss 0.1522 | val@20 0.6662 | test@20 0.5163 | best 0.6872 (ep 760)
2025-12-10 12:54:09 - [GCN] Epoch 1015 | loss 0.1502 | val@20 0.6084 | test@20 0.5199 | best 0.6872 (ep 760)
2025-12-10 12:54:19 - [GCN] Epoch 1020 | loss 0.1523 | val@20 0.6561 | test@20 0.5003 | best 0.6872 (ep 760)
2025-12-10 12:54:30 - [GCN] Epoch 1025 | loss 0.1527 | val@20 0.6618 | test@20 0.5202 | best 0.6872 (ep 760)
2025-12-10 12:54:40 - [GCN] Epoch 1030 | loss 0.1515 | val@20 0.5621 | test@20 0.6803 | best 0.6872 (ep 760)
2025-12-10 12:54:51 - [GCN] Epoch 1035 | loss 0.1503 | val@20 0.6764 | test@20 0.5950 | best 0.6872 (ep 760)
2025-12-10 12:55:01 - [GCN] Epoch 1040 | loss 0.1513 | val@20 0.6788 | test@20 0.4733 | best 0.6872 (ep 760)
2025-12-10 12:55:12 - [GCN] Epoch 1045 | loss 0.1512 | val@20 0.6393 | test@20 0.3938 | best 0.6872 (ep 760)
2025-12-10 12:55:22 - [GCN] Epoch 1050 | loss 0.1511 | val@20 0.6633 | test@20 0.4326 | best 0.6872 (ep 760)
2025-12-10 12:55:32 - [GCN] Epoch 1055 | loss 0.1515 | val@20 0.6864 | test@20 0.5955 | best 0.6872 (ep 760)
2025-12-10 12:55:43 - [GCN] Epoch 1060 | loss 0.1508 | val@20 0.6685 | test@20 0.5873 | best 0.6872 (ep 760)
2025-12-10 12:55:53 - [GCN] Epoch 1065 | loss 0.1524 | val@20 0.5264 | test@20 0.5523 | best 0.6872 (ep 760)
2025-12-10 12:56:04 - [GCN] Epoch 1070 | loss 0.1520 | val@20 0.6503 | test@20 0.4624 | best 0.6872 (ep 760)
2025-12-10 12:56:14 - [GCN] Epoch 1075 | loss 0.1514 | val@20 0.6418 | test@20 0.5267 | best 0.6872 (ep 760)
2025-12-10 12:56:25 - [GCN] Epoch 1080 | loss 0.1539 | val@20 0.6170 | test@20 0.4550 | best 0.6872 (ep 760)
2025-12-10 12:56:35 - [GCN] Epoch 1085 | loss 0.1524 | val@20 0.6748 | test@20 0.5740 | best 0.6872 (ep 760)
2025-12-10 12:56:46 - [GCN] Epoch 1090 | loss 0.1501 | val@20 0.6577 | test@20 0.3570 | best 0.6872 (ep 760)
2025-12-10 12:56:56 - [GCN] Epoch 1095 | loss 0.1509 | val@20 0.6140 | test@20 0.3120 | best 0.6872 (ep 760)
2025-12-10 12:57:07 - [GCN] Epoch 1100 | loss 0.1514 | val@20 0.6563 | test@20 0.4477 | best 0.6872 (ep 760)
2025-12-10 12:57:17 - [GCN] Epoch 1105 | loss 0.1527 | val@20 0.6458 | test@20 0.2496 | best 0.6872 (ep 760)
2025-12-10 12:57:28 - [GCN] Epoch 1110 | loss 0.1530 | val@20 0.6532 | test@20 0.5916 | best 0.6872 (ep 760)
2025-12-10 12:57:38 - [GCN] Epoch 1115 | loss 0.1510 | val@20 0.6586 | test@20 0.4985 | best 0.6872 (ep 760)
2025-12-10 12:57:48 - [GCN] Epoch 1120 | loss 0.1517 | val@20 0.6511 | test@20 0.4954 | best 0.6872 (ep 760)
2025-12-10 12:57:59 - [GCN] Epoch 1125 | loss 0.1532 | val@20 0.6508 | test@20 0.5420 | best 0.6872 (ep 760)
2025-12-10 12:58:09 - [GCN] Epoch 1130 | loss 0.1507 | val@20 0.6771 | test@20 0.4365 | best 0.6872 (ep 760)
2025-12-10 12:58:20 - [GCN] Epoch 1135 | loss 0.1506 | val@20 0.6715 | test@20 0.4860 | best 0.6872 (ep 760)
2025-12-10 12:58:30 - [GCN] Epoch 1140 | loss 0.1511 | val@20 0.6859 | test@20 0.6171 | best 0.6872 (ep 760)
2025-12-10 12:58:41 - [GCN] Epoch 1145 | loss 0.1501 | val@20 0.6777 | test@20 0.5798 | best 0.6872 (ep 760)
2025-12-10 12:58:51 - [GCN] Epoch 1150 | loss 0.1505 | val@20 0.6460 | test@20 0.5645 | best 0.6872 (ep 760)
2025-12-10 12:59:02 - [GCN] Epoch 1155 | loss 0.1508 | val@20 0.6231 | test@20 0.4763 | best 0.6872 (ep 760)
2025-12-10 12:59:12 - [GCN] Epoch 1160 | loss 0.1512 | val@20 0.6658 | test@20 0.5321 | best 0.6872 (ep 760)
2025-12-10 12:59:23 - [GCN] Epoch 1165 | loss 0.1496 | val@20 0.6754 | test@20 0.4887 | best 0.6872 (ep 760)
2025-12-10 12:59:33 - [GCN] Epoch 1170 | loss 0.1494 | val@20 0.6109 | test@20 0.5396 | best 0.6872 (ep 760)
2025-12-10 12:59:44 - [GCN] Epoch 1175 | loss 0.1520 | val@20 0.6603 | test@20 0.6034 | best 0.6872 (ep 760)
2025-12-10 12:59:54 - [GCN] Epoch 1180 | loss 0.1517 | val@20 0.6336 | test@20 0.6128 | best 0.6872 (ep 760)
2025-12-10 13:00:05 - [GCN] Epoch 1185 | loss 0.1520 | val@20 0.6546 | test@20 0.5612 | best 0.6872 (ep 760)
2025-12-10 13:00:15 - [GCN] Epoch 1190 | loss 0.1504 | val@20 0.5882 | test@20 0.4346 | best 0.6872 (ep 760)
2025-12-10 13:00:25 - [GCN] Epoch 1195 | loss 0.1498 | val@20 0.6800 | test@20 0.5593 | best 0.6872 (ep 760)
2025-12-10 13:00:36 - [GCN] Epoch 1200 | loss 0.1501 | val@20 0.6818 | test@20 0.5501 | best 0.6872 (ep 760)
2025-12-10 13:00:46 - [GCN] Epoch 1205 | loss 0.1512 | val@20 0.6744 | test@20 0.5945 | best 0.6872 (ep 760)
2025-12-10 13:00:57 - [GCN] Epoch 1210 | loss 0.1519 | val@20 0.6690 | test@20 0.7908 | best 0.6872 (ep 760)
2025-12-10 13:01:09 - [GCN] Epoch 1215 | loss 0.1503 | val@20 0.6286 | test@20 0.3885 | best 0.6872 (ep 760)
2025-12-10 13:01:19 - [GCN] Epoch 1220 | loss 0.1506 | val@20 0.6312 | test@20 0.4045 | best 0.6872 (ep 760)
2025-12-10 13:01:30 - [GCN] Epoch 1225 | loss 0.1507 | val@20 0.6753 | test@20 0.7055 | best 0.6872 (ep 760)
2025-12-10 13:01:40 - [GCN] Epoch 1230 | loss 0.1522 | val@20 0.6723 | test@20 0.7385 | best 0.6872 (ep 760)
2025-12-10 13:01:51 - [GCN] Epoch 1235 | loss 0.1489 | val@20 0.6524 | test@20 0.4657 | best 0.6872 (ep 760)
2025-12-10 13:02:01 - [GCN] Epoch 1240 | loss 0.1501 | val@20 0.6789 | test@20 0.5782 | best 0.6872 (ep 760)
2025-12-10 13:02:12 - [GCN] Epoch 1245 | loss 0.1510 | val@20 0.6816 | test@20 0.4532 | best 0.6872 (ep 760)
2025-12-10 13:02:22 - [GCN] Epoch 1250 | loss 0.1496 | val@20 0.6576 | test@20 0.5256 | best 0.6872 (ep 760)
2025-12-10 13:02:33 - [GCN] Epoch 1255 | loss 0.1500 | val@20 0.6797 | test@20 0.6151 | best 0.6872 (ep 760)
2025-12-10 13:02:43 - [GCN] Epoch 1260 | loss 0.1513 | val@20 0.6721 | test@20 0.5300 | best 0.6872 (ep 760)
2025-12-10 13:02:54 - [GCN] Epoch 1265 | loss 0.1503 | val@20 0.6206 | test@20 0.5278 | best 0.6872 (ep 760)
2025-12-10 13:03:04 - [GCN] Epoch 1270 | loss 0.1497 | val@20 0.6722 | test@20 0.5621 | best 0.6872 (ep 760)
2025-12-10 13:03:15 - [GCN] Epoch 1275 | loss 0.1498 | val@20 0.6672 | test@20 0.6261 | best 0.6872 (ep 760)
2025-12-10 13:03:25 - [GCN] Epoch 1280 | loss 0.1532 | val@20 0.6598 | test@20 0.4858 | best 0.6872 (ep 760)
2025-12-10 13:03:36 - [GCN] Epoch 1285 | loss 0.1520 | val@20 0.6601 | test@20 0.5970 | best 0.6872 (ep 760)
2025-12-10 13:03:46 - [GCN] Epoch 1290 | loss 0.1496 | val@20 0.6568 | test@20 0.3863 | best 0.6872 (ep 760)
2025-12-10 13:03:56 - [GCN] Epoch 1295 | loss 0.1523 | val@20 0.6829 | test@20 0.4954 | best 0.6872 (ep 760)
2025-12-10 13:04:07 - [GCN] Epoch 1300 | loss 0.1512 | val@20 0.6618 | test@20 0.7482 | best 0.6872 (ep 760)
2025-12-10 13:04:18 - [GCN] Epoch 1305 | loss 0.1491 | val@20 0.6266 | test@20 0.3830 | best 0.6872 (ep 760)
2025-12-10 13:04:28 - [GCN] Epoch 1310 | loss 0.1497 | val@20 0.6683 | test@20 0.5518 | best 0.6872 (ep 760)
2025-12-10 13:04:38 - [GCN] Epoch 1315 | loss 0.1503 | val@20 0.6620 | test@20 0.5730 | best 0.6872 (ep 760)
2025-12-10 13:04:49 - [GCN] Epoch 1320 | loss 0.1509 | val@20 0.6125 | test@20 0.4210 | best 0.6872 (ep 760)
2025-12-10 13:04:59 - [GCN] Epoch 1325 | loss 0.1499 | val@20 0.6816 | test@20 0.7713 | best 0.6872 (ep 760)
2025-12-10 13:05:10 - [GCN] Epoch 1330 | loss 0.1492 | val@20 0.6701 | test@20 0.5720 | best 0.6872 (ep 760)
2025-12-10 13:05:20 - [GCN] Epoch 1335 | loss 0.1487 | val@20 0.6655 | test@20 0.5407 | best 0.6872 (ep 760)
2025-12-10 13:05:31 - [GCN] Epoch 1340 | loss 0.1509 | val@20 0.6760 | test@20 0.4501 | best 0.6872 (ep 760)
2025-12-10 13:05:41 - [GCN] Epoch 1345 | loss 0.1493 | val@20 0.6124 | test@20 0.6053 | best 0.6872 (ep 760)
2025-12-10 13:05:52 - [GCN] Epoch 1350 | loss 0.1476 | val@20 0.6656 | test@20 0.4613 | best 0.6872 (ep 760)
2025-12-10 13:06:02 - [GCN] Epoch 1355 | loss 0.1493 | val@20 0.6082 | test@20 0.4026 | best 0.6872 (ep 760)
2025-12-10 13:06:13 - [GCN] Epoch 1360 | loss 0.1483 | val@20 0.6875 | test@20 0.5740 | best 0.6875 (ep 1360)
2025-12-10 13:06:23 - [GCN] Epoch 1365 | loss 0.1493 | val@20 0.6260 | test@20 0.4423 | best 0.6875 (ep 1360)
2025-12-10 13:06:34 - [GCN] Epoch 1370 | loss 0.2087 | val@20 0.5766 | test@20 0.3409 | best 0.6875 (ep 1360)
2025-12-10 13:06:44 - [GCN] Epoch 1375 | loss 0.1574 | val@20 0.6447 | test@20 0.3220 | best 0.6875 (ep 1360)
2025-12-10 13:06:55 - [GCN] Epoch 1380 | loss 0.1545 | val@20 0.6402 | test@20 0.4769 | best 0.6875 (ep 1360)
2025-12-10 13:07:05 - [GCN] Epoch 1385 | loss 0.1532 | val@20 0.6405 | test@20 0.6013 | best 0.6875 (ep 1360)
2025-12-10 13:07:16 - [GCN] Epoch 1390 | loss 0.1506 | val@20 0.6941 | test@20 0.5927 | best 0.6941 (ep 1390)
2025-12-10 13:07:26 - [GCN] Epoch 1395 | loss 0.1540 | val@20 0.6627 | test@20 0.5335 | best 0.6941 (ep 1390)
2025-12-10 13:07:37 - [GCN] Epoch 1400 | loss 0.1506 | val@20 0.6794 | test@20 0.4284 | best 0.6941 (ep 1390)
2025-12-10 13:07:47 - [GCN] Epoch 1405 | loss 0.1487 | val@20 0.6713 | test@20 0.3791 | best 0.6941 (ep 1390)
2025-12-10 13:07:58 - [GCN] Epoch 1410 | loss 0.1496 | val@20 0.6838 | test@20 0.3690 | best 0.6941 (ep 1390)
2025-12-10 13:08:08 - [GCN] Epoch 1415 | loss 0.1499 | val@20 0.6700 | test@20 0.6620 | best 0.6941 (ep 1390)
2025-12-10 13:08:19 - [GCN] Epoch 1420 | loss 0.1498 | val@20 0.6699 | test@20 0.5507 | best 0.6941 (ep 1390)
2025-12-10 13:08:29 - [GCN] Epoch 1425 | loss 0.1499 | val@20 0.6715 | test@20 0.5226 | best 0.6941 (ep 1390)
2025-12-10 13:08:40 - [GCN] Epoch 1430 | loss 0.1483 | val@20 0.6833 | test@20 0.6518 | best 0.6941 (ep 1390)
2025-12-10 13:08:50 - [GCN] Epoch 1435 | loss 0.1479 | val@20 0.6624 | test@20 0.5780 | best 0.6941 (ep 1390)
2025-12-10 13:09:00 - [GCN] Epoch 1440 | loss 0.1479 | val@20 0.6631 | test@20 0.4334 | best 0.6941 (ep 1390)
2025-12-10 13:09:11 - [GCN] Epoch 1445 | loss 0.1517 | val@20 0.6891 | test@20 0.4940 | best 0.6941 (ep 1390)
2025-12-10 13:09:22 - [GCN] Epoch 1450 | loss 0.1491 | val@20 0.7056 | test@20 0.5133 | best 0.7056 (ep 1450)
2025-12-10 13:09:32 - [GCN] Epoch 1455 | loss 0.1494 | val@20 0.6668 | test@20 0.6602 | best 0.7056 (ep 1450)
2025-12-10 13:09:42 - [GCN] Epoch 1460 | loss 0.1477 | val@20 0.6926 | test@20 0.4983 | best 0.7056 (ep 1450)
2025-12-10 13:09:53 - [GCN] Epoch 1465 | loss 0.1488 | val@20 0.6789 | test@20 0.6353 | best 0.7056 (ep 1450)
2025-12-10 13:10:04 - [GCN] Epoch 1470 | loss 0.1484 | val@20 0.6938 | test@20 0.6321 | best 0.7056 (ep 1450)
2025-12-10 13:10:14 - [GCN] Epoch 1475 | loss 0.1494 | val@20 0.6883 | test@20 0.4084 | best 0.7056 (ep 1450)
2025-12-10 13:10:25 - [GCN] Epoch 1480 | loss 0.1479 | val@20 0.6691 | test@20 0.5688 | best 0.7056 (ep 1450)
2025-12-10 13:10:35 - [GCN] Epoch 1485 | loss 0.1473 | val@20 0.6829 | test@20 0.6314 | best 0.7056 (ep 1450)
2025-12-10 13:10:45 - [GCN] Epoch 1490 | loss 0.1495 | val@20 0.6876 | test@20 0.6287 | best 0.7056 (ep 1450)
2025-12-10 13:10:56 - [GCN] Epoch 1495 | loss 0.1499 | val@20 0.6964 | test@20 0.5536 | best 0.7056 (ep 1450)
2025-12-10 13:11:08 - [GCN] Epoch 1500 | loss 0.1488 | val@20 0.6834 | test@20 0.5376 | best 0.7056 (ep 1450)
2025-12-10 13:11:18 - [GCN] Epoch 1505 | loss 0.1501 | val@20 0.6726 | test@20 0.6240 | best 0.7056 (ep 1450)
2025-12-10 13:11:29 - [GCN] Epoch 1510 | loss 0.1506 | val@20 0.6933 | test@20 0.7402 | best 0.7056 (ep 1450)
2025-12-10 13:11:39 - [GCN] Epoch 1515 | loss 0.1497 | val@20 0.7037 | test@20 0.6268 | best 0.7056 (ep 1450)
2025-12-10 13:11:50 - [GCN] Epoch 1520 | loss 0.1480 | val@20 0.6777 | test@20 0.6462 | best 0.7056 (ep 1450)
2025-12-10 13:12:00 - [GCN] Epoch 1525 | loss 0.1475 | val@20 0.6532 | test@20 0.5320 | best 0.7056 (ep 1450)
2025-12-10 13:12:11 - [GCN] Epoch 1530 | loss 0.1468 | val@20 0.6981 | test@20 0.6367 | best 0.7056 (ep 1450)
2025-12-10 13:12:21 - [GCN] Epoch 1535 | loss 0.1490 | val@20 0.6881 | test@20 0.4940 | best 0.7056 (ep 1450)
2025-12-10 13:12:32 - [GCN] Epoch 1540 | loss 0.1503 | val@20 0.6670 | test@20 0.6194 | best 0.7056 (ep 1450)
2025-12-10 13:12:42 - [GCN] Epoch 1545 | loss 0.1485 | val@20 0.6891 | test@20 0.5664 | best 0.7056 (ep 1450)
2025-12-10 13:12:53 - [GCN] Epoch 1550 | loss 0.1496 | val@20 0.6849 | test@20 0.5873 | best 0.7056 (ep 1450)
2025-12-10 13:13:03 - [GCN] Epoch 1555 | loss 0.1473 | val@20 0.6861 | test@20 0.5559 | best 0.7056 (ep 1450)
2025-12-10 13:13:14 - [GCN] Epoch 1560 | loss 0.1493 | val@20 0.6651 | test@20 0.5195 | best 0.7056 (ep 1450)
2025-12-10 13:13:24 - [GCN] Epoch 1565 | loss 0.1490 | val@20 0.6756 | test@20 0.5337 | best 0.7056 (ep 1450)
2025-12-10 13:13:35 - [GCN] Epoch 1570 | loss 0.1478 | val@20 0.6635 | test@20 0.4713 | best 0.7056 (ep 1450)
2025-12-10 13:13:45 - [GCN] Epoch 1575 | loss 0.1482 | val@20 0.6329 | test@20 0.5805 | best 0.7056 (ep 1450)
2025-12-10 13:13:56 - [GCN] Epoch 1580 | loss 0.1495 | val@20 0.6568 | test@20 0.5663 | best 0.7056 (ep 1450)
2025-12-10 13:14:07 - [GCN] Epoch 1585 | loss 0.1482 | val@20 0.6326 | test@20 0.6360 | best 0.7056 (ep 1450)
2025-12-10 13:14:17 - [GCN] Epoch 1590 | loss 0.1468 | val@20 0.6800 | test@20 0.5187 | best 0.7056 (ep 1450)
2025-12-10 13:14:28 - [GCN] Epoch 1595 | loss 0.1495 | val@20 0.6754 | test@20 0.4479 | best 0.7056 (ep 1450)
2025-12-10 13:14:38 - [GCN] Epoch 1600 | loss 0.1488 | val@20 0.6706 | test@20 0.6954 | best 0.7056 (ep 1450)
2025-12-10 13:14:49 - [GCN] Epoch 1605 | loss 0.1465 | val@20 0.6528 | test@20 0.4777 | best 0.7056 (ep 1450)
2025-12-10 13:14:59 - [GCN] Epoch 1610 | loss 0.1483 | val@20 0.6586 | test@20 0.5514 | best 0.7056 (ep 1450)
2025-12-10 13:15:10 - [GCN] Epoch 1615 | loss 0.1488 | val@20 0.6477 | test@20 0.5077 | best 0.7056 (ep 1450)
2025-12-10 13:15:21 - [GCN] Epoch 1620 | loss 0.1510 | val@20 0.6741 | test@20 0.7093 | best 0.7056 (ep 1450)
2025-12-10 13:15:31 - [GCN] Epoch 1625 | loss 0.1482 | val@20 0.6653 | test@20 0.4755 | best 0.7056 (ep 1450)
2025-12-10 13:15:41 - [GCN] Epoch 1630 | loss 0.1481 | val@20 0.6652 | test@20 0.4797 | best 0.7056 (ep 1450)
2025-12-10 13:15:52 - [GCN] Epoch 1635 | loss 0.1489 | val@20 0.6746 | test@20 0.3947 | best 0.7056 (ep 1450)
2025-12-10 13:16:02 - [GCN] Epoch 1640 | loss 0.1500 | val@20 0.6359 | test@20 0.6893 | best 0.7056 (ep 1450)
2025-12-10 13:16:13 - [GCN] Epoch 1645 | loss 0.1491 | val@20 0.6846 | test@20 0.6950 | best 0.7056 (ep 1450)
2025-12-10 13:16:23 - [GCN] Epoch 1650 | loss 0.1483 | val@20 0.6358 | test@20 0.3318 | best 0.7056 (ep 1450)
2025-12-10 13:16:34 - [GCN] Epoch 1655 | loss 0.1474 | val@20 0.6703 | test@20 0.4787 | best 0.7056 (ep 1450)
2025-12-10 13:16:44 - [GCN] Epoch 1660 | loss 0.1476 | val@20 0.6861 | test@20 0.7095 | best 0.7056 (ep 1450)
2025-12-10 13:16:55 - [GCN] Epoch 1665 | loss 0.1479 | val@20 0.6871 | test@20 0.6137 | best 0.7056 (ep 1450)
2025-12-10 13:17:05 - [GCN] Epoch 1670 | loss 0.1495 | val@20 0.6651 | test@20 0.5828 | best 0.7056 (ep 1450)
2025-12-10 13:17:16 - [GCN] Epoch 1675 | loss 0.1489 | val@20 0.6474 | test@20 0.4325 | best 0.7056 (ep 1450)
2025-12-10 13:17:26 - [GCN] Epoch 1680 | loss 0.1481 | val@20 0.6016 | test@20 0.6224 | best 0.7056 (ep 1450)
2025-12-10 13:17:37 - [GCN] Epoch 1685 | loss 0.1483 | val@20 0.6624 | test@20 0.6475 | best 0.7056 (ep 1450)
2025-12-10 13:17:47 - [GCN] Epoch 1690 | loss 0.1480 | val@20 0.6867 | test@20 0.7070 | best 0.7056 (ep 1450)
2025-12-10 13:17:58 - [GCN] Epoch 1695 | loss 0.1476 | val@20 0.6882 | test@20 0.6799 | best 0.7056 (ep 1450)
2025-12-10 13:18:08 - [GCN] Epoch 1700 | loss 0.1488 | val@20 0.6627 | test@20 0.5472 | best 0.7056 (ep 1450)
2025-12-10 13:18:19 - [GCN] Epoch 1705 | loss 0.1497 | val@20 0.6846 | test@20 0.7140 | best 0.7056 (ep 1450)
2025-12-10 13:18:29 - [GCN] Epoch 1710 | loss 0.1827 | val@20 0.5956 | test@20 0.5548 | best 0.7056 (ep 1450)
2025-12-10 13:18:40 - [GCN] Epoch 1715 | loss 0.1616 | val@20 0.6072 | test@20 0.3387 | best 0.7056 (ep 1450)
2025-12-10 13:18:50 - [GCN] Epoch 1720 | loss 0.1568 | val@20 0.6631 | test@20 0.5142 | best 0.7056 (ep 1450)
2025-12-10 13:19:00 - [GCN] Epoch 1725 | loss 0.1539 | val@20 0.6686 | test@20 0.1982 | best 0.7056 (ep 1450)
2025-12-10 13:19:11 - [GCN] Epoch 1730 | loss 0.1527 | val@20 0.5933 | test@20 0.4368 | best 0.7056 (ep 1450)
2025-12-10 13:19:22 - [GCN] Epoch 1735 | loss 0.1564 | val@20 0.6630 | test@20 0.6629 | best 0.7056 (ep 1450)
2025-12-10 13:19:32 - [GCN] Epoch 1740 | loss 0.1529 | val@20 0.6773 | test@20 0.4336 | best 0.7056 (ep 1450)
2025-12-10 13:19:42 - [GCN] Epoch 1745 | loss 0.1504 | val@20 0.6769 | test@20 0.6942 | best 0.7056 (ep 1450)
2025-12-10 13:19:53 - [GCN] Epoch 1750 | loss 0.1504 | val@20 0.6488 | test@20 0.6859 | best 0.7056 (ep 1450)
2025-12-10 13:20:03 - [GCN] Epoch 1755 | loss 0.1508 | val@20 0.6396 | test@20 0.6541 | best 0.7056 (ep 1450)
2025-12-10 13:20:14 - [GCN] Epoch 1760 | loss 0.1502 | val@20 0.6619 | test@20 0.7242 | best 0.7056 (ep 1450)
2025-12-10 13:20:24 - [GCN] Epoch 1765 | loss 0.1507 | val@20 0.6850 | test@20 0.6109 | best 0.7056 (ep 1450)
2025-12-10 13:20:35 - [GCN] Epoch 1770 | loss 0.1510 | val@20 0.6870 | test@20 0.6626 | best 0.7056 (ep 1450)
2025-12-10 13:20:45 - [GCN] Epoch 1775 | loss 0.1490 | val@20 0.6399 | test@20 0.4445 | best 0.7056 (ep 1450)
2025-12-10 13:20:56 - [GCN] Epoch 1780 | loss 0.1496 | val@20 0.6880 | test@20 0.7868 | best 0.7056 (ep 1450)
2025-12-10 13:21:08 - [GCN] Epoch 1785 | loss 0.1505 | val@20 0.6272 | test@20 0.6553 | best 0.7056 (ep 1450)
2025-12-10 13:21:18 - [GCN] Epoch 1790 | loss 0.1489 | val@20 0.6721 | test@20 0.7719 | best 0.7056 (ep 1450)
2025-12-10 13:21:29 - [GCN] Epoch 1795 | loss 0.1484 | val@20 0.6771 | test@20 0.7968 | best 0.7056 (ep 1450)
2025-12-10 13:21:39 - [GCN] Epoch 1800 | loss 0.1508 | val@20 0.6781 | test@20 0.6311 | best 0.7056 (ep 1450)
2025-12-10 13:21:50 - [GCN] Epoch 1805 | loss 0.1464 | val@20 0.6600 | test@20 0.7333 | best 0.7056 (ep 1450)
2025-12-10 13:22:00 - [GCN] Epoch 1810 | loss 0.1494 | val@20 0.6741 | test@20 0.7415 | best 0.7056 (ep 1450)
2025-12-10 13:22:11 - [GCN] Epoch 1815 | loss 0.1484 | val@20 0.6837 | test@20 0.6885 | best 0.7056 (ep 1450)
2025-12-10 13:22:21 - [GCN] Epoch 1820 | loss 0.1485 | val@20 0.6855 | test@20 0.6835 | best 0.7056 (ep 1450)
2025-12-10 13:22:31 - [GCN] Epoch 1825 | loss 0.1501 | val@20 0.6908 | test@20 0.7270 | best 0.7056 (ep 1450)
2025-12-10 13:22:42 - [GCN] Epoch 1830 | loss 0.1486 | val@20 0.6917 | test@20 0.7428 | best 0.7056 (ep 1450)
2025-12-10 13:22:52 - [GCN] Epoch 1835 | loss 0.1485 | val@20 0.6736 | test@20 0.5342 | best 0.7056 (ep 1450)
2025-12-10 13:23:03 - [GCN] Epoch 1840 | loss 0.1474 | val@20 0.6878 | test@20 0.6608 | best 0.7056 (ep 1450)
2025-12-10 13:23:13 - [GCN] Epoch 1845 | loss 0.1482 | val@20 0.6999 | test@20 0.6233 | best 0.7056 (ep 1450)
2025-12-10 13:23:24 - [GCN] Epoch 1850 | loss 0.1485 | val@20 0.6784 | test@20 0.7778 | best 0.7056 (ep 1450)
2025-12-10 13:23:34 - [GCN] Epoch 1855 | loss 0.1483 | val@20 0.6573 | test@20 0.6766 | best 0.7056 (ep 1450)
2025-12-10 13:23:45 - [GCN] Epoch 1860 | loss 0.1495 | val@20 0.6840 | test@20 0.5289 | best 0.7056 (ep 1450)
2025-12-10 13:23:55 - [GCN] Epoch 1865 | loss 0.1486 | val@20 0.6660 | test@20 0.5849 | best 0.7056 (ep 1450)
2025-12-10 13:24:06 - [GCN] Epoch 1870 | loss 0.1508 | val@20 0.6660 | test@20 0.5856 | best 0.7056 (ep 1450)
2025-12-10 13:24:16 - [GCN] Epoch 1875 | loss 0.1484 | val@20 0.6582 | test@20 0.6581 | best 0.7056 (ep 1450)
2025-12-10 13:24:26 - [GCN] Epoch 1880 | loss 0.1483 | val@20 0.6635 | test@20 0.5774 | best 0.7056 (ep 1450)
2025-12-10 13:24:37 - [GCN] Epoch 1885 | loss 0.1494 | val@20 0.6651 | test@20 0.7040 | best 0.7056 (ep 1450)
2025-12-10 13:24:47 - [GCN] Epoch 1890 | loss 0.1503 | val@20 0.6855 | test@20 0.6991 | best 0.7056 (ep 1450)
2025-12-10 13:24:58 - [GCN] Epoch 1895 | loss 0.1491 | val@20 0.6918 | test@20 0.6747 | best 0.7056 (ep 1450)
2025-12-10 13:25:08 - [GCN] Epoch 1900 | loss 0.1475 | val@20 0.6481 | test@20 0.6896 | best 0.7056 (ep 1450)
2025-12-10 13:25:19 - [GCN] Epoch 1905 | loss 0.1485 | val@20 0.6838 | test@20 0.6768 | best 0.7056 (ep 1450)
2025-12-10 13:25:29 - [GCN] Epoch 1910 | loss 0.1484 | val@20 0.6946 | test@20 0.7746 | best 0.7056 (ep 1450)
2025-12-10 13:25:40 - [GCN] Epoch 1915 | loss 0.1479 | val@20 0.6921 | test@20 0.7602 | best 0.7056 (ep 1450)
2025-12-10 13:25:50 - [GCN] Epoch 1920 | loss 0.1493 | val@20 0.6930 | test@20 0.8182 | best 0.7056 (ep 1450)
2025-12-10 13:26:01 - [GCN] Epoch 1925 | loss 0.1481 | val@20 0.6965 | test@20 0.8002 | best 0.7056 (ep 1450)
2025-12-10 13:26:11 - [GCN] Epoch 1930 | loss 0.1481 | val@20 0.6985 | test@20 0.6858 | best 0.7056 (ep 1450)
2025-12-10 13:26:22 - [GCN] Epoch 1935 | loss 0.1494 | val@20 0.6843 | test@20 0.6691 | best 0.7056 (ep 1450)
2025-12-10 13:26:32 - [GCN] Epoch 1940 | loss 0.1483 | val@20 0.6634 | test@20 0.5750 | best 0.7056 (ep 1450)
2025-12-10 13:26:43 - [GCN] Epoch 1945 | loss 0.1487 | val@20 0.6741 | test@20 0.5653 | best 0.7056 (ep 1450)
2025-12-10 13:26:53 - [GCN] Epoch 1950 | loss 0.1502 | val@20 0.6561 | test@20 0.8170 | best 0.7056 (ep 1450)
2025-12-10 13:27:04 - [GCN] Epoch 1955 | loss 0.1485 | val@20 0.7005 | test@20 0.7563 | best 0.7056 (ep 1450)
2025-12-10 13:27:14 - [GCN] Epoch 1960 | loss 0.1497 | val@20 0.6516 | test@20 0.6109 | best 0.7056 (ep 1450)
2025-12-10 13:27:25 - [GCN] Epoch 1965 | loss 0.1512 | val@20 0.6713 | test@20 0.7251 | best 0.7056 (ep 1450)
2025-12-10 13:27:35 - [GCN] Epoch 1970 | loss 0.1483 | val@20 0.7024 | test@20 0.6946 | best 0.7056 (ep 1450)
2025-12-10 13:27:46 - [GCN] Epoch 1975 | loss 0.1485 | val@20 0.6783 | test@20 0.4928 | best 0.7056 (ep 1450)
2025-12-10 13:27:56 - [GCN] Epoch 1980 | loss 0.1483 | val@20 0.6773 | test@20 0.6226 | best 0.7056 (ep 1450)
2025-12-10 13:28:07 - [GCN] Epoch 1985 | loss 0.1482 | val@20 0.6942 | test@20 0.7933 | best 0.7056 (ep 1450)
2025-12-10 13:28:17 - [GCN] Epoch 1990 | loss 0.1487 | val@20 0.6862 | test@20 0.7522 | best 0.7056 (ep 1450)
2025-12-10 13:28:28 - [GCN] Epoch 1995 | loss 0.1484 | val@20 0.6781 | test@20 0.7204 | best 0.7056 (ep 1450)
2025-12-10 13:28:38 - [GCN] Epoch 2000 | loss 0.1489 | val@20 0.6288 | test@20 0.5303 | best 0.7056 (ep 1450)
2025-12-10 13:28:38 - ================================================================================
2025-12-10 13:28:38 - Final Results
2025-12-10 13:28:38 - ================================================================================
2025-12-10 13:28:38 - Hits@10: Valid 65.52% | Test 31.26%
2025-12-10 13:28:38 - Hits@20: Valid 70.56% | Test 51.33%
2025-12-10 13:28:38 - Hits@30: Valid 71.80% | Test 87.88%
2025-12-10 13:28:38 - ================================================================================
