2025-12-10 02:59:37 - OGBL-DDI Link Prediction - GCN
2025-12-10 02:59:37 - Device: cuda:0
2025-12-10 02:59:37 - Log directory: logs/ddi_gcn_20251210_025937
2025-12-10 02:59:37 - ================================================================================
2025-12-10 02:59:38 - Dataset: 4267 nodes, 2135822 edges
2025-12-10 02:59:38 - Train edges: 1067911
2025-12-10 02:59:38 - Valid edges: 133489 pos, 101882 neg
2025-12-10 02:59:38 - Test edges: 133489 pos, 95599 neg
2025-12-10 02:59:38 - ================================================================================
2025-12-10 02:59:38 - Model Configuration:
2025-12-10 02:59:38 -   architecture: GCN + MLP
2025-12-10 02:59:38 -   num_layers: 2
2025-12-10 02:59:38 -   hidden_channels: 256
2025-12-10 02:59:38 -   dropout: 0.5
2025-12-10 02:59:38 - Training Configuration:
2025-12-10 02:59:38 -   epochs: 20
2025-12-10 02:59:38 -   lr: 0.005
2025-12-10 02:59:38 -   batch_size: 65536
2025-12-10 02:59:38 -   eval_steps: 5
2025-12-10 02:59:38 -   runs: 1
2025-12-10 02:59:38 - ================================================================================
2025-12-10 02:59:49 - [GCN] Epoch 0005 | loss 0.6811 | val@20 0.0581 | test@20 0.0721 | best 0.0581 (ep 5)
2025-12-10 03:00:00 - [GCN] Epoch 0010 | loss 0.5358 | val@20 0.2023 | test@20 0.0748 | best 0.2023 (ep 10)
2025-12-10 03:00:10 - [GCN] Epoch 0015 | loss 0.4540 | val@20 0.1859 | test@20 0.1713 | best 0.2023 (ep 10)
2025-12-10 03:00:18 - [GCN] Epoch 0020 | loss 0.3881 | val@20 0.2111 | test@20 0.1898 | best 0.2111 (ep 20)
2025-12-10 03:00:18 - ================================================================================
2025-12-10 03:00:18 - Final Results
2025-12-10 03:00:18 - ================================================================================
2025-12-10 03:00:18 - Hits@10: Valid 14.55% | Test 10.43%
2025-12-10 03:00:18 - Hits@20: Valid 21.11% | Test 18.98%
2025-12-10 03:00:18 - Hits@30: Valid 25.60% | Test 24.78%
2025-12-10 03:00:18 - ================================================================================
