2025-12-10 01:59:11,722 - Using device: cuda
2025-12-10 01:59:11,722 - Loading dataset...
2025-12-10 01:59:11,722 - Loading dataset ogbl-ddi...
2025-12-10 01:59:11,809 - Dataset loaded: 4267 nodes
2025-12-10 01:59:11,972 - Train pos edges: 1067911, Valid pos: 133489, Test pos: 133489
2025-12-10 01:59:11,972 - Valid neg edges: 101882, Test neg: 95599
2025-12-10 01:59:11,986 - Computing structural features (this may take a moment)...
2025-12-10 02:03:09,811 - Computed structural features (6 dims):
2025-12-10 02:03:09,814 -   - Degree: mean=4.473, std=1.892
2025-12-10 02:03:09,814 -   - Clustering: mean=0.514, std=0.219
2025-12-10 02:03:09,814 -   - Core number: mean=5.122, std=1.539
2025-12-10 02:03:09,814 -   - PageRank: mean=0.105, std=0.075
2025-12-10 02:03:09,816 - Added self-loops: Total edges now = 1072178
2025-12-10 02:03:09,816 - Loading cached ChemBERTa features from data/chemberta_features_768.pt
2025-12-10 02:03:09,826 - Loading cached SMILES mask from data/chemberta_features_768_mask.pt
2025-12-10 02:03:09,826 - Attached ChemBERTa features: data.x shape = torch.Size([4267, 768])
2025-12-10 02:03:09,829 - Attached SMILES mask: 2287 valid / 4267 total (53.6%)
2025-12-10 02:03:09,829 - Attached structural features: data.struct_features shape = torch.Size([4267, 6])
2025-12-10 02:03:09,834 - Dataset loaded: torch.Size([4267, 768])
2025-12-10 02:03:09,834 - ================================================================================
2025-12-10 02:03:09,835 - QUICK HYPERPARAMETER EXPLORATION
2025-12-10 02:03:09,835 - ================================================================================
2025-12-10 02:03:09,835 - Baseline: val@20=0.2349
2025-12-10 02:03:09,835 - Config: {
  "hidden_dim": 128,
  "num_layers": 2,
  "decoder_dropout": 0.3,
  "lr": 0.01,
  "weight_decay": 0.0001
}
2025-12-10 02:03:09,835 - 
Running 20 quick experiments...
2025-12-10 02:03:09,835 - Using 50 epochs (vs 200 for full runs)
2025-12-10 02:03:09,835 - 
2025-12-10 02:03:09,835 - 
[Exp 1] Testing: hidden_dim=160, num_layers=3, decoder_dropout=0.2, lr=0.005, weight_decay=0.0005
2025-12-10 02:03:09,877 - [Quick-1] Simple decoder detected with α parameter
2025-12-10 02:03:09,877 - [Quick-1] Initial α value: 0.100000
2025-12-10 02:03:09,877 - [Quick-1] Starting hybrid model training (epochs=50, lr=0.005, wd=0.0005, batch_size=5000, eval_every=5)
2025-12-10 02:03:37,344 - [Quick-1] Epoch 0001 | loss 1.3915 | val@20 0.0084 | test@20 0.0061 | best 0.0084 (ep 1) | α=0.1050
2025-12-10 02:04:23,048 - [Quick-1] Epoch 0005 | loss 1.3662 | val@20 0.0271 | test@20 0.0069 | best 0.0271 (ep 5)
2025-12-10 02:05:15,159 - [Quick-1] Epoch 0010 | loss 1.2542 | val@20 0.0195 | test@20 0.0338 | best 0.0271 (ep 5)
2025-12-10 02:06:07,029 - [Quick-1] Epoch 0015 | loss 1.1578 | val@20 0.0629 | test@20 0.0446 | best 0.0629 (ep 15)
2025-12-10 02:06:59,070 - [Quick-1] Epoch 0020 | loss 1.1100 | val@20 0.0255 | test@20 0.0282 | best 0.0629 (ep 15)
2025-12-10 02:07:51,008 - [Quick-1] Epoch 0025 | loss 1.0573 | val@20 0.0640 | test@20 0.0347 | best 0.0640 (ep 25)
2025-12-10 02:08:44,649 - [Quick-1] Epoch 0030 | loss 1.0027 | val@20 0.0435 | test@20 0.0392 | best 0.0640 (ep 25)
2025-12-10 02:09:37,146 - [Quick-1] Epoch 0035 | loss 0.9391 | val@20 0.0574 | test@20 0.0662 | best 0.0640 (ep 25)
2025-12-10 02:10:29,530 - [Quick-1] Epoch 0040 | loss 0.9939 | val@20 0.0841 | test@20 0.0922 | best 0.0841 (ep 40)
2025-12-10 02:11:21,769 - [Quick-1] Epoch 0045 | loss 0.8938 | val@20 0.0872 | test@20 0.0875 | best 0.0872 (ep 45)
2025-12-10 02:12:13,924 - [Quick-1] Epoch 0050 | loss 0.8522 | val@20 0.0790 | test@20 0.0690 | best 0.0872 (ep 45) | α=0.0589
2025-12-10 02:12:13,924 - [Quick-1] Done. Best val@20=0.0872 | test@20=0.0875 (epoch 45)
[Quick-1] Final α=0.058937 (started at 0.100000, change: -0.041063 or -41.1%)
2025-12-10 02:12:13,924 - [Exp 1] Result: val@20=0.0872 (-62.9%)
2025-12-10 02:12:13,932 - 
[Exp 2] Testing: hidden_dim=160, num_layers=3, decoder_dropout=0.4
2025-12-10 02:12:13,955 - [Quick-2] Simple decoder detected with α parameter
2025-12-10 02:12:13,955 - [Quick-2] Initial α value: 0.100000
2025-12-10 02:12:13,956 - [Quick-2] Starting hybrid model training (epochs=50, lr=0.01, wd=0.0001, batch_size=5000, eval_every=5)
2025-12-10 02:12:44,515 - [Quick-2] Epoch 0001 | loss 1.3803 | val@20 0.0141 | test@20 0.0139 | best 0.0141 (ep 1) | α=0.0900
2025-12-10 02:13:31,702 - [Quick-2] Epoch 0005 | loss 1.3796 | val@20 0.0010 | test@20 0.0014 | best 0.0141 (ep 1)
2025-12-10 02:14:23,946 - [Quick-2] Epoch 0010 | loss 1.3393 | val@20 0.0072 | test@20 0.0047 | best 0.0141 (ep 1)
2025-12-10 02:15:16,297 - [Quick-2] Epoch 0015 | loss 1.3807 | val@20 0.0166 | test@20 0.0277 | best 0.0166 (ep 15)
2025-12-10 02:16:08,584 - [Quick-2] Epoch 0020 | loss 1.2248 | val@20 0.0198 | test@20 0.0320 | best 0.0198 (ep 20)
2025-12-10 02:17:00,816 - [Quick-2] Epoch 0025 | loss 1.1539 | val@20 0.0276 | test@20 0.0373 | best 0.0276 (ep 25)
2025-12-10 02:17:53,112 - [Quick-2] Epoch 0030 | loss 1.0861 | val@20 0.0338 | test@20 0.0428 | best 0.0338 (ep 30)
2025-12-10 02:18:45,538 - [Quick-2] Epoch 0035 | loss 1.0190 | val@20 0.0290 | test@20 0.0479 | best 0.0338 (ep 30)
2025-12-10 02:19:37,784 - [Quick-2] Epoch 0040 | loss 0.9428 | val@20 0.0417 | test@20 0.0243 | best 0.0417 (ep 40)
2025-12-10 02:20:30,091 - [Quick-2] Epoch 0045 | loss 0.9367 | val@20 0.0530 | test@20 0.0525 | best 0.0530 (ep 45)
2025-12-10 02:21:22,527 - [Quick-2] Epoch 0050 | loss 0.9470 | val@20 0.0577 | test@20 0.0652 | best 0.0577 (ep 50) | α=0.0189
2025-12-10 02:21:22,527 - [Quick-2] Done. Best val@20=0.0577 | test@20=0.0652 (epoch 50)
[Quick-2] Final α=0.018879 (started at 0.100000, change: -0.081121 or -81.1%)
2025-12-10 02:21:22,527 - [Exp 2] Result: val@20=0.0577 (-75.4%)
2025-12-10 02:21:22,534 - 
[Exp 3] Testing: hidden_dim=96, decoder_dropout=0.4, weight_decay=0.0005
2025-12-10 02:21:22,551 - [Quick-3] Simple decoder detected with α parameter
2025-12-10 02:21:22,551 - [Quick-3] Initial α value: 0.100000
2025-12-10 02:21:22,551 - [Quick-3] Starting hybrid model training (epochs=50, lr=0.01, wd=0.0005, batch_size=5000, eval_every=5)
2025-12-10 02:21:47,332 - [Quick-3] Epoch 0001 | loss 1.3916 | val@20 0.0023 | test@20 0.0033 | best 0.0023 (ep 1) | α=0.1100
2025-12-10 02:22:22,795 - [Quick-3] Epoch 0005 | loss 1.4466 | val@20 0.0023 | test@20 0.0060 | best 0.0023 (ep 5)
2025-12-10 02:23:01,688 - [Quick-3] Epoch 0010 | loss 1.2866 | val@20 0.0249 | test@20 0.0291 | best 0.0249 (ep 10)
2025-12-10 02:23:41,564 - [Quick-3] Epoch 0015 | loss 1.1261 | val@20 0.0175 | test@20 0.0165 | best 0.0249 (ep 10)
2025-12-10 02:24:20,471 - [Quick-3] Epoch 0020 | loss 1.0313 | val@20 0.0669 | test@20 0.0503 | best 0.0669 (ep 20)
2025-12-10 02:24:59,218 - [Quick-3] Epoch 0025 | loss 0.9446 | val@20 0.1704 | test@20 0.1135 | best 0.1704 (ep 25)
2025-12-10 02:25:37,894 - [Quick-3] Epoch 0030 | loss 0.9509 | val@20 0.1310 | test@20 0.0689 | best 0.1704 (ep 25)
2025-12-10 02:26:16,579 - [Quick-3] Epoch 0035 | loss 0.9241 | val@20 0.1029 | test@20 0.0446 | best 0.1704 (ep 25)
2025-12-10 02:26:55,236 - [Quick-3] Epoch 0040 | loss 0.8711 | val@20 0.2282 | test@20 0.1572 | best 0.2282 (ep 40)
2025-12-10 02:27:33,890 - [Quick-3] Epoch 0045 | loss 0.8287 | val@20 0.1418 | test@20 0.0731 | best 0.2282 (ep 40)
2025-12-10 02:28:12,583 - [Quick-3] Epoch 0050 | loss 0.8188 | val@20 0.1779 | test@20 0.1708 | best 0.2282 (ep 40) | α=0.0038
2025-12-10 02:28:12,583 - [Quick-3] Done. Best val@20=0.2282 | test@20=0.1572 (epoch 40)
[Quick-3] Final α=0.003782 (started at 0.100000, change: -0.096218 or -96.2%)
2025-12-10 02:28:12,583 - [Exp 3] Result: val@20=0.2282 (-2.8%)
2025-12-10 02:28:12,589 - 
[Exp 4] Testing: hidden_dim=160, decoder_dropout=0.4, lr=0.015
2025-12-10 02:28:12,608 - [Quick-4] Simple decoder detected with α parameter
2025-12-10 02:28:12,608 - [Quick-4] Initial α value: 0.100000
2025-12-10 02:28:12,608 - [Quick-4] Starting hybrid model training (epochs=50, lr=0.015, wd=0.0001, batch_size=5000, eval_every=5)
2025-12-10 02:28:38,724 - [Quick-4] Epoch 0001 | loss 1.3976 | val@20 0.0012 | test@20 0.0017 | best 0.0012 (ep 1) | α=0.0850
2025-12-10 02:29:19,125 - [Quick-4] Epoch 0005 | loss 1.3851 | val@20 0.0003 | test@20 0.0005 | best 0.0012 (ep 1)
2025-12-10 02:30:04,617 - [Quick-4] Epoch 0010 | loss 1.3603 | val@20 0.0007 | test@20 0.0007 | best 0.0012 (ep 1)
2025-12-10 02:30:53,064 - [Quick-4] Epoch 0015 | loss 1.3426 | val@20 0.0027 | test@20 0.0044 | best 0.0027 (ep 15)
2025-12-10 02:31:37,794 - [Quick-4] Epoch 0020 | loss 1.2537 | val@20 0.0418 | test@20 0.0109 | best 0.0418 (ep 20)
2025-12-10 02:32:23,022 - [Quick-4] Epoch 0025 | loss 1.2628 | val@20 0.0015 | test@20 0.0003 | best 0.0418 (ep 20)
2025-12-10 02:33:07,896 - [Quick-4] Epoch 0030 | loss 1.1565 | val@20 0.0904 | test@20 0.0963 | best 0.0904 (ep 30)
2025-12-10 02:33:52,852 - [Quick-4] Epoch 0035 | loss 1.0541 | val@20 0.0514 | test@20 0.0112 | best 0.0904 (ep 30)
2025-12-10 02:34:37,799 - [Quick-4] Epoch 0040 | loss 1.0076 | val@20 0.0372 | test@20 0.0274 | best 0.0904 (ep 30)
2025-12-10 02:35:23,104 - [Quick-4] Epoch 0045 | loss 0.9654 | val@20 0.0443 | test@20 0.0317 | best 0.0904 (ep 30)
2025-12-10 02:36:08,028 - [Quick-4] Epoch 0050 | loss 0.9364 | val@20 0.0642 | test@20 0.0743 | best 0.0904 (ep 30) | α=-0.0051
2025-12-10 02:36:08,028 - [Quick-4] Done. Best val@20=0.0904 | test@20=0.0963 (epoch 30)
[Quick-4] Final α=-0.005058 (started at 0.100000, change: -0.105058 or -105.1%)
2025-12-10 02:36:08,028 - [Exp 4] Result: val@20=0.0904 (-61.5%)
2025-12-10 02:36:08,036 - 
[Exp 5] Testing: hidden_dim=160, num_layers=3, lr=0.005, weight_decay=5e-05
2025-12-10 02:36:08,061 - [Quick-5] Simple decoder detected with α parameter
2025-12-10 02:36:08,061 - [Quick-5] Initial α value: 0.100000
2025-12-10 02:36:08,061 - [Quick-5] Starting hybrid model training (epochs=50, lr=0.005, wd=5e-05, batch_size=5000, eval_every=5)
2025-12-10 02:36:35,571 - [Quick-5] Epoch 0001 | loss 1.4112 | val@20 0.0075 | test@20 0.0055 | best 0.0075 (ep 1) | α=0.1050
2025-12-10 02:37:21,869 - [Quick-5] Epoch 0005 | loss 1.2946 | val@20 0.0122 | test@20 0.0092 | best 0.0122 (ep 5)
2025-12-10 02:38:14,678 - [Quick-5] Epoch 0010 | loss 1.1960 | val@20 0.0298 | test@20 0.0279 | best 0.0298 (ep 10)
2025-12-10 02:39:07,576 - [Quick-5] Epoch 0015 | loss 1.1711 | val@20 0.0330 | test@20 0.0300 | best 0.0330 (ep 15)
2025-12-10 02:40:01,989 - [Quick-5] Epoch 0020 | loss 1.1085 | val@20 0.0524 | test@20 0.0449 | best 0.0524 (ep 20)
2025-12-10 02:40:55,604 - [Quick-5] Epoch 0025 | loss 1.0481 | val@20 0.0620 | test@20 0.0557 | best 0.0620 (ep 25)
2025-12-10 02:41:48,818 - [Quick-5] Epoch 0030 | loss 1.0120 | val@20 0.0622 | test@20 0.0547 | best 0.0622 (ep 30)
2025-12-10 02:42:41,022 - [Quick-5] Epoch 0035 | loss 0.9446 | val@20 0.0643 | test@20 0.0715 | best 0.0643 (ep 35)
2025-12-10 02:43:33,317 - [Quick-5] Epoch 0040 | loss 0.9334 | val@20 0.0845 | test@20 0.1082 | best 0.0845 (ep 40)
2025-12-10 02:44:25,532 - [Quick-5] Epoch 0045 | loss 0.8716 | val@20 0.0458 | test@20 0.0286 | best 0.0845 (ep 40)
2025-12-10 02:45:17,796 - [Quick-5] Epoch 0050 | loss 0.8425 | val@20 0.0817 | test@20 0.0749 | best 0.0845 (ep 40) | α=0.0692
2025-12-10 02:45:17,796 - [Quick-5] Done. Best val@20=0.0845 | test@20=0.1082 (epoch 40)
[Quick-5] Final α=0.069217 (started at 0.100000, change: -0.030783 or -30.8%)
2025-12-10 02:45:17,796 - [Exp 5] Result: val@20=0.0845 (-64.0%)
2025-12-10 02:45:17,803 - 
[Exp 6] Testing: hidden_dim=160, decoder_dropout=0.2, lr=0.005, weight_decay=0.0005
2025-12-10 02:45:17,825 - [Quick-6] Simple decoder detected with α parameter
2025-12-10 02:45:17,825 - [Quick-6] Initial α value: 0.100000
2025-12-10 02:45:17,825 - [Quick-6] Starting hybrid model training (epochs=50, lr=0.005, wd=0.0005, batch_size=5000, eval_every=5)
2025-12-10 02:45:43,447 - [Quick-6] Epoch 0001 | loss 1.3934 | val@20 0.0028 | test@20 0.0028 | best 0.0028 (ep 1) | α=0.0950
2025-12-10 02:46:24,004 - [Quick-6] Epoch 0005 | loss 1.2137 | val@20 0.0070 | test@20 0.0074 | best 0.0070 (ep 5)
2025-12-10 02:47:09,129 - [Quick-6] Epoch 0010 | loss 1.1983 | val@20 0.0102 | test@20 0.0097 | best 0.0102 (ep 10)
2025-12-10 02:47:54,077 - [Quick-6] Epoch 0015 | loss 1.1382 | val@20 0.0431 | test@20 0.0177 | best 0.0431 (ep 15)
2025-12-10 02:48:38,883 - [Quick-6] Epoch 0020 | loss 1.0621 | val@20 0.0273 | test@20 0.0219 | best 0.0431 (ep 15)
2025-12-10 02:49:23,770 - [Quick-6] Epoch 0025 | loss 0.9774 | val@20 0.0124 | test@20 0.0137 | best 0.0431 (ep 15)
2025-12-10 02:50:08,771 - [Quick-6] Epoch 0030 | loss 0.9326 | val@20 0.0222 | test@20 0.0163 | best 0.0431 (ep 15)
2025-12-10 02:50:53,712 - [Quick-6] Epoch 0035 | loss 0.8902 | val@20 0.0305 | test@20 0.0285 | best 0.0431 (ep 15)
2025-12-10 02:51:39,341 - [Quick-6] Epoch 0040 | loss 0.8253 | val@20 0.0701 | test@20 0.0484 | best 0.0701 (ep 40)
2025-12-10 02:52:24,172 - [Quick-6] Epoch 0045 | loss 0.8307 | val@20 0.0015 | test@20 0.0006 | best 0.0701 (ep 40)
2025-12-10 02:53:10,801 - [Quick-6] Epoch 0050 | loss 0.8037 | val@20 0.0321 | test@20 0.0037 | best 0.0701 (ep 40) | α=0.0439
2025-12-10 02:53:10,801 - [Quick-6] Done. Best val@20=0.0701 | test@20=0.0484 (epoch 40)
[Quick-6] Final α=0.043851 (started at 0.100000, change: -0.056149 or -56.1%)
2025-12-10 02:53:10,801 - [Exp 6] Result: val@20=0.0701 (-70.1%)
2025-12-10 02:53:10,809 - 
[Exp 7] Testing: num_layers=3, decoder_dropout=0.2, lr=0.005, weight_decay=0.0002
2025-12-10 02:53:10,829 - [Quick-7] Simple decoder detected with α parameter
2025-12-10 02:53:10,829 - [Quick-7] Initial α value: 0.100000
2025-12-10 02:53:10,829 - [Quick-7] Starting hybrid model training (epochs=50, lr=0.005, wd=0.0002, batch_size=5000, eval_every=5)
2025-12-10 02:53:37,346 - [Quick-7] Epoch 0001 | loss 1.4169 | val@20 0.0077 | test@20 0.0044 | best 0.0077 (ep 1) | α=0.0950
2025-12-10 02:54:21,558 - [Quick-7] Epoch 0005 | loss 1.2867 | val@20 0.0096 | test@20 0.0049 | best 0.0096 (ep 5)
2025-12-10 02:55:21,695 - [Quick-7] Epoch 0010 | loss 1.2179 | val@20 0.0666 | test@20 0.0470 | best 0.0666 (ep 10)
2025-12-10 02:56:10,144 - [Quick-7] Epoch 0015 | loss 1.1563 | val@20 0.0661 | test@20 0.0387 | best 0.0666 (ep 10)
2025-12-10 02:57:02,177 - [Quick-7] Epoch 0020 | loss 1.0742 | val@20 0.1288 | test@20 0.0647 | best 0.1288 (ep 20)
2025-12-10 02:57:59,864 - [Quick-7] Epoch 0025 | loss 1.0132 | val@20 0.0792 | test@20 0.0416 | best 0.1288 (ep 20)
2025-12-10 02:58:47,849 - [Quick-7] Epoch 0030 | loss 0.9482 | val@20 0.1388 | test@20 0.0712 | best 0.1388 (ep 30)
2025-12-10 02:59:36,299 - [Quick-7] Epoch 0035 | loss 0.8917 | val@20 0.1689 | test@20 0.1295 | best 0.1689 (ep 35)
2025-12-10 03:00:34,765 - [Quick-7] Epoch 0040 | loss 0.8437 | val@20 0.0977 | test@20 0.0991 | best 0.1689 (ep 35)
2025-12-10 03:01:32,973 - [Quick-7] Epoch 0045 | loss 0.8058 | val@20 0.0760 | test@20 0.1019 | best 0.1689 (ep 35)
2025-12-10 03:02:39,713 - [Quick-7] Epoch 0050 | loss 0.8578 | val@20 0.0992 | test@20 0.0364 | best 0.1689 (ep 35) | α=0.0587
2025-12-10 03:02:39,713 - [Quick-7] Done. Best val@20=0.1689 | test@20=0.1295 (epoch 35)
[Quick-7] Final α=0.058704 (started at 0.100000, change: -0.041296 or -41.3%)
2025-12-10 03:02:39,713 - [Exp 7] Result: val@20=0.1689 (-28.1%)
2025-12-10 03:02:39,720 - 
[Exp 8] Testing: hidden_dim=96, decoder_dropout=0.2, lr=0.02, weight_decay=0.0002
2025-12-10 03:02:39,744 - [Quick-8] Simple decoder detected with α parameter
2025-12-10 03:02:39,744 - [Quick-8] Initial α value: 0.100000
2025-12-10 03:02:39,745 - [Quick-8] Starting hybrid model training (epochs=50, lr=0.02, wd=0.0002, batch_size=5000, eval_every=5)
2025-12-10 03:03:19,892 - [Quick-8] Epoch 0001 | loss 1.3954 | val@20 0.0026 | test@20 0.0032 | best 0.0026 (ep 1) | α=0.0800
2025-12-10 03:04:04,951 - [Quick-8] Epoch 0005 | loss 1.3678 | val@20 0.0010 | test@20 0.0019 | best 0.0026 (ep 1)
2025-12-10 03:04:51,682 - [Quick-8] Epoch 0010 | loss 1.3461 | val@20 0.0014 | test@20 0.0018 | best 0.0026 (ep 1)
2025-12-10 03:05:34,917 - [Quick-8] Epoch 0015 | loss 1.3122 | val@20 0.0000 | test@20 0.0001 | best 0.0026 (ep 1)
2025-12-10 03:06:32,023 - [Quick-8] Epoch 0020 | loss 1.3055 | val@20 0.0136 | test@20 0.0191 | best 0.0136 (ep 20)
2025-12-10 03:07:18,846 - [Quick-8] Epoch 0025 | loss 1.1574 | val@20 0.0389 | test@20 0.0138 | best 0.0389 (ep 25)
2025-12-10 03:08:16,050 - [Quick-8] Epoch 0030 | loss 1.0398 | val@20 0.0494 | test@20 0.0157 | best 0.0494 (ep 30)
2025-12-10 03:09:02,413 - [Quick-8] Epoch 0035 | loss 0.9704 | val@20 0.0165 | test@20 0.0098 | best 0.0494 (ep 30)
2025-12-10 03:09:49,117 - [Quick-8] Epoch 0040 | loss 0.9524 | val@20 0.0477 | test@20 0.0164 | best 0.0494 (ep 30)
2025-12-10 03:10:40,597 - [Quick-8] Epoch 0045 | loss 0.9178 | val@20 0.0414 | test@20 0.0173 | best 0.0494 (ep 30)
2025-12-10 03:11:28,950 - [Quick-8] Epoch 0050 | loss 0.9059 | val@20 0.0275 | test@20 0.0264 | best 0.0494 (ep 30) | α=-0.0127
2025-12-10 03:11:28,950 - [Quick-8] Done. Best val@20=0.0494 | test@20=0.0157 (epoch 30)
[Quick-8] Final α=-0.012708 (started at 0.100000, change: -0.112708 or -112.7%)
2025-12-10 03:11:28,950 - [Exp 8] Result: val@20=0.0494 (-79.0%)
2025-12-10 03:11:28,956 - 
[Exp 9] Testing: hidden_dim=160, decoder_dropout=0.4, lr=0.02, weight_decay=5e-05
2025-12-10 03:11:28,976 - [Quick-9] Simple decoder detected with α parameter
2025-12-10 03:11:28,976 - [Quick-9] Initial α value: 0.100000
2025-12-10 03:11:28,976 - [Quick-9] Starting hybrid model training (epochs=50, lr=0.02, wd=5e-05, batch_size=5000, eval_every=5)
2025-12-10 03:11:58,662 - [Quick-9] Epoch 0001 | loss 1.3842 | val@20 0.0022 | test@20 0.0030 | best 0.0022 (ep 1) | α=0.1200
