2025-12-10 03:05:19 - OGBL-DDI Link Prediction - GCN
2025-12-10 03:05:19 - Device: cuda:0
2025-12-10 03:05:19 - Log directory: logs/ddi_gcn_20251210_030519
2025-12-10 03:05:19 - ================================================================================
2025-12-10 03:05:20 - Dataset: 4267 nodes, 2135822 edges
2025-12-10 03:05:20 - Train edges: 1067911
2025-12-10 03:05:20 - Valid edges: 133489 pos, 101882 neg
2025-12-10 03:05:20 - Test edges: 133489 pos, 95599 neg
2025-12-10 03:05:20 - ================================================================================
2025-12-10 03:05:20 - Model Configuration:
2025-12-10 03:05:20 -   architecture: GCN + MLP
2025-12-10 03:05:20 -   num_layers: 2
2025-12-10 03:05:20 -   hidden_channels: 256
2025-12-10 03:05:20 -   dropout: 0.5
2025-12-10 03:05:20 - Training Configuration:
2025-12-10 03:05:20 -   epochs: 200
2025-12-10 03:05:20 -   lr: 0.005
2025-12-10 03:05:20 -   batch_size: 65536
2025-12-10 03:05:20 -   eval_steps: 5
2025-12-10 03:05:20 -   runs: 1
2025-12-10 03:05:20 - ================================================================================
2025-12-10 03:05:31 - [GCN] Epoch 0005 | loss 0.6664 | val@20 0.1455 | test@20 0.1212 | best 0.1455 (ep 5)
2025-12-10 03:05:41 - [GCN] Epoch 0010 | loss 0.5217 | val@20 0.2265 | test@20 0.1758 | best 0.2265 (ep 10)
2025-12-10 03:05:51 - [GCN] Epoch 0015 | loss 0.4379 | val@20 0.2256 | test@20 0.1144 | best 0.2265 (ep 10)
2025-12-10 03:06:00 - [GCN] Epoch 0020 | loss 0.3772 | val@20 0.1823 | test@20 0.1553 | best 0.2265 (ep 10)
2025-12-10 03:06:08 - [GCN] Epoch 0025 | loss 0.3456 | val@20 0.2563 | test@20 0.1526 | best 0.2563 (ep 25)
2025-12-10 03:06:16 - [GCN] Epoch 0030 | loss 0.3288 | val@20 0.2083 | test@20 0.1770 | best 0.2563 (ep 25)
2025-12-10 03:06:25 - [GCN] Epoch 0035 | loss 0.3116 | val@20 0.2087 | test@20 0.1246 | best 0.2563 (ep 25)
2025-12-10 03:06:33 - [GCN] Epoch 0040 | loss 0.2976 | val@20 0.2337 | test@20 0.1149 | best 0.2563 (ep 25)
2025-12-10 03:06:43 - [GCN] Epoch 0045 | loss 0.2837 | val@20 0.2075 | test@20 0.1560 | best 0.2563 (ep 25)
2025-12-10 03:06:53 - [GCN] Epoch 0050 | loss 0.2750 | val@20 0.2636 | test@20 0.1012 | best 0.2636 (ep 50)
2025-12-10 03:07:03 - [GCN] Epoch 0055 | loss 0.2682 | val@20 0.2387 | test@20 0.1309 | best 0.2636 (ep 50)
2025-12-10 03:07:14 - [GCN] Epoch 0060 | loss 0.2631 | val@20 0.3475 | test@20 0.2051 | best 0.3475 (ep 60)
2025-12-10 03:07:24 - [GCN] Epoch 0065 | loss 0.2571 | val@20 0.2734 | test@20 0.1838 | best 0.3475 (ep 60)
2025-12-10 03:07:34 - [GCN] Epoch 0070 | loss 0.2519 | val@20 0.2979 | test@20 0.2425 | best 0.3475 (ep 60)
2025-12-10 03:07:43 - [GCN] Epoch 0075 | loss 0.2446 | val@20 0.3447 | test@20 0.3673 | best 0.3475 (ep 60)
2025-12-10 03:07:51 - [GCN] Epoch 0080 | loss 0.2430 | val@20 0.2750 | test@20 0.2668 | best 0.3475 (ep 60)
2025-12-10 03:07:59 - [GCN] Epoch 0085 | loss 0.2368 | val@20 0.3554 | test@20 0.3142 | best 0.3554 (ep 85)
2025-12-10 03:08:07 - [GCN] Epoch 0090 | loss 0.2381 | val@20 0.3151 | test@20 0.3532 | best 0.3554 (ep 85)
2025-12-10 03:08:15 - [GCN] Epoch 0095 | loss 0.2295 | val@20 0.3490 | test@20 0.4340 | best 0.3554 (ep 85)
2025-12-10 03:08:25 - [GCN] Epoch 0100 | loss 0.2262 | val@20 0.2724 | test@20 0.2602 | best 0.3554 (ep 85)
2025-12-10 03:08:35 - [GCN] Epoch 0105 | loss 0.2241 | val@20 0.3531 | test@20 0.4048 | best 0.3554 (ep 85)
2025-12-10 03:08:46 - [GCN] Epoch 0110 | loss 0.2200 | val@20 0.3400 | test@20 0.3497 | best 0.3554 (ep 85)
2025-12-10 03:08:56 - [GCN] Epoch 0115 | loss 0.2181 | val@20 0.3211 | test@20 0.3335 | best 0.3554 (ep 85)
2025-12-10 03:09:07 - [GCN] Epoch 0120 | loss 0.2167 | val@20 0.3955 | test@20 0.4391 | best 0.3955 (ep 120)
2025-12-10 03:09:16 - [GCN] Epoch 0125 | loss 0.2147 | val@20 0.4198 | test@20 0.3846 | best 0.4198 (ep 125)
2025-12-10 03:09:27 - [GCN] Epoch 0130 | loss 0.2133 | val@20 0.4708 | test@20 0.3653 | best 0.4708 (ep 130)
2025-12-10 03:09:37 - [GCN] Epoch 0135 | loss 0.2087 | val@20 0.3277 | test@20 0.2390 | best 0.4708 (ep 130)
2025-12-10 03:09:48 - [GCN] Epoch 0140 | loss 0.2083 | val@20 0.4109 | test@20 0.3630 | best 0.4708 (ep 130)
2025-12-10 03:09:58 - [GCN] Epoch 0145 | loss 0.2050 | val@20 0.4600 | test@20 0.3088 | best 0.4708 (ep 130)
2025-12-10 03:10:08 - [GCN] Epoch 0150 | loss 0.2052 | val@20 0.4551 | test@20 0.3630 | best 0.4708 (ep 130)
2025-12-10 03:10:19 - [GCN] Epoch 0155 | loss 0.2034 | val@20 0.3387 | test@20 0.3123 | best 0.4708 (ep 130)
2025-12-10 03:10:28 - [GCN] Epoch 0160 | loss 0.2003 | val@20 0.4216 | test@20 0.3011 | best 0.4708 (ep 130)
2025-12-10 03:10:36 - [GCN] Epoch 0165 | loss 0.1997 | val@20 0.4979 | test@20 0.4176 | best 0.4979 (ep 165)
2025-12-10 03:10:45 - [GCN] Epoch 0170 | loss 0.1971 | val@20 0.4849 | test@20 0.3405 | best 0.4979 (ep 165)
2025-12-10 03:10:55 - [GCN] Epoch 0175 | loss 0.1961 | val@20 0.4354 | test@20 0.2950 | best 0.4979 (ep 165)
2025-12-10 03:11:06 - [GCN] Epoch 0180 | loss 0.1960 | val@20 0.4584 | test@20 0.4295 | best 0.4979 (ep 165)
2025-12-10 03:11:16 - [GCN] Epoch 0185 | loss 0.1940 | val@20 0.4690 | test@20 0.3355 | best 0.4979 (ep 165)
2025-12-10 03:11:26 - [GCN] Epoch 0190 | loss 0.1937 | val@20 0.5140 | test@20 0.3327 | best 0.5140 (ep 190)
2025-12-10 03:11:35 - [GCN] Epoch 0195 | loss 0.1908 | val@20 0.5270 | test@20 0.3384 | best 0.5270 (ep 195)
2025-12-10 03:11:46 - [GCN] Epoch 0200 | loss 0.1894 | val@20 0.5609 | test@20 0.3984 | best 0.5609 (ep 200)
2025-12-10 03:11:46 - ================================================================================
2025-12-10 03:11:46 - Final Results
2025-12-10 03:11:46 - ================================================================================
2025-12-10 03:11:46 - Hits@10: Valid 45.17% | Test 26.83%
2025-12-10 03:11:46 - Hits@20: Valid 56.09% | Test 39.84%
2025-12-10 03:11:46 - Hits@30: Valid 60.33% | Test 49.00%
2025-12-10 03:11:46 - ================================================================================
