2025-12-10 03:00:52 - OGBL-DDI Link Prediction - GCN
2025-12-10 03:00:52 - Device: cuda:0
2025-12-10 03:00:52 - Log directory: logs/ddi_gcn_20251210_030052
2025-12-10 03:00:52 - ================================================================================
2025-12-10 03:00:52 - Dataset: 4267 nodes, 2135822 edges
2025-12-10 03:00:52 - Train edges: 1067911
2025-12-10 03:00:52 - Valid edges: 133489 pos, 101882 neg
2025-12-10 03:00:52 - Test edges: 133489 pos, 95599 neg
2025-12-10 03:00:53 - ================================================================================
2025-12-10 03:00:53 - Model Configuration:
2025-12-10 03:00:53 -   architecture: GCN + MLP
2025-12-10 03:00:53 -   num_layers: 2
2025-12-10 03:00:53 -   hidden_channels: 256
2025-12-10 03:00:53 -   dropout: 0.5
2025-12-10 03:00:53 - Training Configuration:
2025-12-10 03:00:53 -   epochs: 20
2025-12-10 03:00:53 -   lr: 0.005
2025-12-10 03:00:53 -   batch_size: 65536
2025-12-10 03:00:53 -   eval_steps: 5
2025-12-10 03:00:53 -   runs: 1
2025-12-10 03:00:53 - ================================================================================
2025-12-10 03:01:04 - [GCN] Epoch 0005 | loss 0.6668 | val@20 0.1286 | test@20 0.0967 | best 0.1286 (ep 5)
2025-12-10 03:01:12 - [GCN] Epoch 0010 | loss 0.5207 | val@20 0.1765 | test@20 0.1224 | best 0.1765 (ep 10)
2025-12-10 03:01:21 - [GCN] Epoch 0015 | loss 0.4271 | val@20 0.2475 | test@20 0.0925 | best 0.2475 (ep 15)
2025-12-10 03:01:32 - [GCN] Epoch 0020 | loss 0.3775 | val@20 0.2214 | test@20 0.1550 | best 0.2475 (ep 15)
2025-12-10 03:01:32 - ================================================================================
2025-12-10 03:01:32 - Final Results
2025-12-10 03:01:32 - ================================================================================
2025-12-10 03:01:32 - Hits@10: Valid 20.96% | Test  6.84%
2025-12-10 03:01:32 - Hits@20: Valid 24.75% | Test  9.25%
2025-12-10 03:01:32 - Hits@30: Valid 27.67% | Test 21.05%
2025-12-10 03:01:32 - ================================================================================
