2025-12-08 03:19:40,353 - Using device: cuda
2025-12-08 03:19:40,353 - Logging results to: logs/advanced_20251208_031940/advanced.log
2025-12-08 03:19:40,353 - Loading dataset ogbl-ddi...
2025-12-08 03:19:40,626 - Dataset loaded: 4267 nodes
2025-12-08 03:19:40,849 - Train pos edges: 1067911, Valid pos: 133489, Test pos: 133489
2025-12-08 03:19:40,849 - Valid neg edges: 101882, Test neg: 95599
2025-12-08 03:19:40,926 - Added self-loops: Total edges now = 1072178
2025-12-08 03:19:40,933 - Computing structural features (this may take a moment)...
2025-12-08 03:23:37,715 - Computed structural features (6 dims):
2025-12-08 03:23:37,719 -   - Degree: mean=4.473, std=1.892
2025-12-08 03:23:37,719 -   - Clustering: mean=0.514, std=0.219
2025-12-08 03:23:37,719 -   - Core number: mean=5.122, std=1.539
2025-12-08 03:23:37,720 -   - PageRank: mean=0.105, std=0.075
2025-12-08 03:23:37,720 - ================================================================================
2025-12-08 03:23:37,720 - MODEL CONFIGURATION - GCN-Enhanced-v4-RichFeatures
2025-12-08 03:23:37,720 - ================================================================================
2025-12-08 03:23:37,720 - Architecture:
2025-12-08 03:23:37,720 -   Model: GCN-Enhanced-v4-RichFeatures
2025-12-08 03:23:37,720 -   Hidden Dim: 192, Layers: 3
2025-12-08 03:23:37,720 -   Dropout: 0.5, Decoder Dropout: 0.4
2025-12-08 03:23:37,720 -   Structural Features: 6 dims
2025-12-08 03:23:37,720 -   Multi-strategy decoder: False
2025-12-08 03:23:37,721 - 
2025-12-08 03:23:37,721 - Training:
2025-12-08 03:23:37,721 -   Epochs: 400, Patience: 40
2025-12-08 03:23:37,721 -   Learning Rate: 0.003, Weight Decay: 5e-05
2025-12-08 03:23:37,721 -   Hard Negatives: True (ratio=0.05)
2025-12-08 03:23:37,721 -   Batch Size: 20000, Eval Batch: 50000
2025-12-08 03:23:37,721 -   Gradient Accumulation Steps: 3
2025-12-08 03:23:37,721 - 
2025-12-08 03:23:37,721 - Dataset:
2025-12-08 03:23:37,721 -   Nodes: 4267
2025-12-08 03:23:37,721 -   Train Edges: 1067911
2025-12-08 03:23:37,721 -   Val Edges: 133489, Test Edges: 133489
2025-12-08 03:23:37,721 - ================================================================================
2025-12-08 03:23:37,721 - 
================================================================================
2025-12-08 03:23:37,721 - Training Advanced GCN with Structural Features
2025-12-08 03:23:37,721 - ================================================================================
2025-12-08 03:23:37,773 - Starting training for GCN-Enhanced-v4-RichFeatures (epochs=400, lr=0.003, patience=40, hard_neg=True)
2025-12-08 03:23:37,773 - Negative sampling: strategy=hard, ratio=0.05, k_hop=N/A
2025-12-08 03:23:37,773 - Model description: GCN with 6 structural features, batch norm, residual connections, and edge dropout | hidden_dim=192, num_layers=3, dropout=0.5, decoder_dropout=0.4, decoder=simple
2025-12-08 03:23:37,773 - Memory optimization: batch_size=20000, gradient_accumulation=3
2025-12-08 03:23:37,778 - Initialized EMA with decay=0.999 for stable checkpointing
2025-12-08 03:23:40,736 - GCN-Enhanced-v4-RichFeatures Epoch 0001/400 [Random Neg] | Loss: 1.5233 | Val Hits@20: 0.0000 | Test Hits@20: 0.0000 | Best Val: 0.0000 (epoch 1) | LR: 0.003000 🔥
2025-12-08 03:23:41,127 - [DIAGNOSTICS Epoch 1] Emb: sim_mean=0.831 sim_std=0.222 norm=7.942 | Scores: pos=0.809 neg=0.651 gap=0.158 | Grad: norm=0.00
2025-12-08 03:23:50,054 - GCN-Enhanced-v4-RichFeatures Epoch 0005/400 [Random Neg] | Loss: 1.1515 | Val Hits@20: 0.0000 | Test Hits@20: 0.0000 | Best Val: 0.0000 (epoch 1) | LR: 0.003000 
2025-12-08 03:23:50,445 - [DIAGNOSTICS Epoch 5] Emb: sim_mean=0.718 sim_std=0.232 norm=10.805 | Scores: pos=0.601 neg=0.332 gap=0.270 | Grad: norm=0.00
2025-12-08 03:23:50,446 -   ⚠️  GRADIENT VANISHING
2025-12-08 03:24:01,576 - GCN-Enhanced-v4-RichFeatures Epoch 0010/400 [Random Neg] | Loss: 1.0400 | Val Hits@20: 0.0000 | Test Hits@20: 0.0000 | Best Val: 0.0000 (epoch 1) | LR: 0.003000 
2025-12-08 03:24:01,967 - [DIAGNOSTICS Epoch 10] Emb: sim_mean=0.702 sim_std=0.210 norm=11.704 | Scores: pos=0.364 neg=0.146 gap=0.218 | Grad: norm=0.00
2025-12-08 03:24:01,967 -   ⚠️  GRADIENT VANISHING
2025-12-08 03:24:13,206 - GCN-Enhanced-v4-RichFeatures Epoch 0015/400 [Random Neg] | Loss: 1.0097 | Val Hits@20: 0.0000 | Test Hits@20: 0.0000 | Best Val: 0.0000 (epoch 1) | LR: 0.003000 
2025-12-08 03:24:24,417 - GCN-Enhanced-v4-RichFeatures Epoch 0020/400 [Random Neg] | Loss: 0.9441 | Val Hits@20: 0.0000 | Test Hits@20: 0.0000 | Best Val: 0.0000 (epoch 1) | LR: 0.003000 
2025-12-08 03:24:24,813 - [DIAGNOSTICS Epoch 20] Emb: sim_mean=0.619 sim_std=0.246 norm=13.122 | Scores: pos=0.690 neg=0.280 gap=0.410 | Grad: norm=0.00
2025-12-08 03:24:24,813 -   ⚠️  GRADIENT VANISHING
2025-12-08 03:24:36,005 - GCN-Enhanced-v4-RichFeatures Epoch 0025/400 [Random Neg] | Loss: 0.9358 | Val Hits@20: 0.0000 | Test Hits@20: 0.0000 | Best Val: 0.0000 (epoch 1) | LR: 0.003000 
2025-12-08 03:24:47,301 - GCN-Enhanced-v4-RichFeatures Epoch 0030/400 [Random Neg] | Loss: 0.9267 | Val Hits@20: 0.0000 | Test Hits@20: 0.0000 | Best Val: 0.0000 (epoch 1) | LR: 0.003000 
2025-12-08 03:24:58,555 - GCN-Enhanced-v4-RichFeatures Epoch 0035/400 [Random Neg] | Loss: 0.8996 | Val Hits@20: 0.0000 | Test Hits@20: 0.0000 | Best Val: 0.0000 (epoch 1) | LR: 0.003000 
2025-12-08 03:25:09,806 - GCN-Enhanced-v4-RichFeatures Epoch 0040/400 [Random Neg] | Loss: 0.8878 | Val Hits@20: 0.0000 | Test Hits@20: 0.0000 | Best Val: 0.0000 (epoch 1) | LR: 0.003000 
2025-12-08 03:25:21,181 - GCN-Enhanced-v4-RichFeatures Epoch 0045/400 [Random Neg] | Loss: 0.8705 | Val Hits@20: 0.0000 | Test Hits@20: 0.0000 | Best Val: 0.0000 (epoch 1) | LR: 0.003000 
2025-12-08 03:25:32,536 - GCN-Enhanced-v4-RichFeatures Epoch 0050/400 [Random Neg] | Loss: 0.8615 | Val Hits@20: 0.0000 | Test Hits@20: 0.0000 | Best Val: 0.0000 (epoch 1) | LR: 0.003000 
2025-12-08 03:25:32,933 - [DIAGNOSTICS Epoch 50] Emb: sim_mean=0.562 sim_std=0.246 norm=11.761 | Scores: pos=0.642 neg=0.227 gap=0.415 | Grad: norm=0.00
2025-12-08 03:25:32,933 -   ⚠️  GRADIENT VANISHING
2025-12-08 03:25:49,364 - GCN-Enhanced-v4-RichFeatures Epoch 0055/400 [Hard Neg] | Loss: 0.8809 | Val Hits@20: 0.0000 | Test Hits@20: 0.0000 | Best Val: 0.0000 (epoch 1) | LR: 0.003000 
2025-12-08 03:25:49,740 - [DIAGNOSTICS Epoch 55] Emb: sim_mean=0.560 sim_std=0.248 norm=12.155 | Scores: pos=0.654 neg=0.228 gap=0.426 | Grad: norm=0.00
2025-12-08 03:25:49,740 -   ⚠️  GRADIENT VANISHING
2025-12-08 03:26:06,268 - GCN-Enhanced-v4-RichFeatures Epoch 0060/400 [Hard Neg] | Loss: 0.8601 | Val Hits@20: 0.0000 | Test Hits@20: 0.0000 | Best Val: 0.0000 (epoch 1) | LR: 0.003000 
2025-12-08 03:26:06,650 - [DIAGNOSTICS Epoch 60] Emb: sim_mean=0.565 sim_std=0.242 norm=12.036 | Scores: pos=0.640 neg=0.197 gap=0.443 | Grad: norm=0.00
2025-12-08 03:26:06,650 -   ⚠️  GRADIENT VANISHING
2025-12-08 03:26:23,169 - GCN-Enhanced-v4-RichFeatures Epoch 0065/400 [Hard Neg] | Loss: 0.8659 | Val Hits@20: 0.0001 | Test Hits@20: 0.0000 | Best Val: 0.0001 (epoch 65) | LR: 0.003000 🔥
2025-12-08 03:26:23,548 - [DIAGNOSTICS Epoch 65] Emb: sim_mean=0.556 sim_std=0.244 norm=11.910 | Scores: pos=0.640 neg=0.211 gap=0.429 | Grad: norm=0.00
2025-12-08 03:26:23,549 -   ⚠️  GRADIENT VANISHING
2025-12-08 03:26:39,948 - GCN-Enhanced-v4-RichFeatures Epoch 0070/400 [Hard Neg] | Loss: 0.8531 | Val Hits@20: 0.0007 | Test Hits@20: 0.0000 | Best Val: 0.0007 (epoch 70) | LR: 0.003000 🔥
2025-12-08 03:26:40,321 - [DIAGNOSTICS Epoch 70] Emb: sim_mean=0.558 sim_std=0.245 norm=11.634 | Scores: pos=0.614 neg=0.192 gap=0.422 | Grad: norm=0.00
2025-12-08 03:26:40,321 -   ⚠️  GRADIENT VANISHING
2025-12-08 03:26:56,480 - GCN-Enhanced-v4-RichFeatures Epoch 0075/400 [Hard Neg] | Loss: 0.8460 | Val Hits@20: 0.0069 | Test Hits@20: 0.0008 | Best Val: 0.0069 (epoch 75) | LR: 0.003000 🔥
2025-12-08 03:26:56,846 - [DIAGNOSTICS Epoch 75] Emb: sim_mean=0.556 sim_std=0.240 norm=11.698 | Scores: pos=0.605 neg=0.190 gap=0.415 | Grad: norm=0.00
2025-12-08 03:26:56,846 -   ⚠️  GRADIENT VANISHING
2025-12-08 03:27:12,915 - GCN-Enhanced-v4-RichFeatures Epoch 0080/400 [Hard Neg] | Loss: 0.8367 | Val Hits@20: 0.0142 | Test Hits@20: 0.0104 | Best Val: 0.0142 (epoch 80) | LR: 0.003000 🔥
2025-12-08 03:27:13,280 - [DIAGNOSTICS Epoch 80] Emb: sim_mean=0.550 sim_std=0.243 norm=11.577 | Scores: pos=0.592 neg=0.193 gap=0.399 | Grad: norm=0.00
2025-12-08 03:27:13,280 -   ⚠️  GRADIENT VANISHING
2025-12-08 03:27:29,448 - GCN-Enhanced-v4-RichFeatures Epoch 0085/400 [Hard Neg] | Loss: 0.8259 | Val Hits@20: 0.0150 | Test Hits@20: 0.0088 | Best Val: 0.0150 (epoch 85) | LR: 0.003000 🔥
2025-12-08 03:27:29,815 - [DIAGNOSTICS Epoch 85] Emb: sim_mean=0.528 sim_std=0.242 norm=12.329 | Scores: pos=0.667 neg=0.193 gap=0.474 | Grad: norm=0.00
2025-12-08 03:27:29,815 -   ⚠️  GRADIENT VANISHING
2025-12-08 03:27:46,031 - GCN-Enhanced-v4-RichFeatures Epoch 0090/400 [Hard Neg] | Loss: 0.8141 | Val Hits@20: 0.0147 | Test Hits@20: 0.0061 | Best Val: 0.0150 (epoch 85) | LR: 0.003000 
2025-12-08 03:27:46,399 - [DIAGNOSTICS Epoch 90] Emb: sim_mean=0.529 sim_std=0.235 norm=11.707 | Scores: pos=0.633 neg=0.191 gap=0.442 | Grad: norm=0.00
2025-12-08 03:27:46,399 -   ⚠️  GRADIENT VANISHING
2025-12-08 03:28:02,758 - GCN-Enhanced-v4-RichFeatures Epoch 0095/400 [Hard Neg] | Loss: 0.8088 | Val Hits@20: 0.0165 | Test Hits@20: 0.0119 | Best Val: 0.0165 (epoch 95) | LR: 0.003000 🔥
2025-12-08 03:28:03,144 - [DIAGNOSTICS Epoch 95] Emb: sim_mean=0.531 sim_std=0.238 norm=11.463 | Scores: pos=0.603 neg=0.162 gap=0.441 | Grad: norm=0.00
2025-12-08 03:28:03,144 -   ⚠️  GRADIENT VANISHING
2025-12-08 03:28:19,691 - GCN-Enhanced-v4-RichFeatures Epoch 0100/400 [Hard Neg] | Loss: 0.7914 | Val Hits@20: 0.0149 | Test Hits@20: 0.0084 | Best Val: 0.0165 (epoch 95) | LR: 0.003000 
2025-12-08 03:28:20,061 - [DIAGNOSTICS Epoch 100] Emb: sim_mean=0.518 sim_std=0.240 norm=11.896 | Scores: pos=0.657 neg=0.197 gap=0.460 | Grad: norm=0.00
2025-12-08 03:28:20,061 -   ⚠️  GRADIENT VANISHING
2025-12-08 03:28:36,479 - GCN-Enhanced-v4-RichFeatures Epoch 0105/400 [Hard Neg] | Loss: 0.7794 | Val Hits@20: 0.0170 | Test Hits@20: 0.0221 | Best Val: 0.0170 (epoch 105) | LR: 0.003000 🔥
2025-12-08 03:28:36,849 - [DIAGNOSTICS Epoch 105] Emb: sim_mean=0.518 sim_std=0.246 norm=11.854 | Scores: pos=0.619 neg=0.185 gap=0.434 | Grad: norm=0.00
2025-12-08 03:28:36,849 -   ⚠️  GRADIENT VANISHING
2025-12-08 03:28:53,151 - GCN-Enhanced-v4-RichFeatures Epoch 0110/400 [Hard Neg] | Loss: 0.7760 | Val Hits@20: 0.0169 | Test Hits@20: 0.0238 | Best Val: 0.0170 (epoch 105) | LR: 0.003000 
2025-12-08 03:28:53,524 - [DIAGNOSTICS Epoch 110] Emb: sim_mean=0.510 sim_std=0.247 norm=11.696 | Scores: pos=0.638 neg=0.181 gap=0.457 | Grad: norm=0.00
2025-12-08 03:28:53,524 -   ⚠️  GRADIENT VANISHING
2025-12-08 03:29:09,849 - GCN-Enhanced-v4-RichFeatures Epoch 0115/400 [Hard Neg] | Loss: 0.7746 | Val Hits@20: 0.0170 | Test Hits@20: 0.0249 | Best Val: 0.0170 (epoch 115) | LR: 0.003000 🔥
2025-12-08 03:29:10,220 - [DIAGNOSTICS Epoch 115] Emb: sim_mean=0.517 sim_std=0.235 norm=11.255 | Scores: pos=0.601 neg=0.177 gap=0.424 | Grad: norm=0.00
2025-12-08 03:29:10,220 -   ⚠️  GRADIENT VANISHING
2025-12-08 03:29:26,591 - GCN-Enhanced-v4-RichFeatures Epoch 0120/400 [Hard Neg] | Loss: 0.7629 | Val Hits@20: 0.0169 | Test Hits@20: 0.0226 | Best Val: 0.0170 (epoch 115) | LR: 0.003000 
2025-12-08 03:29:26,963 - [DIAGNOSTICS Epoch 120] Emb: sim_mean=0.501 sim_std=0.236 norm=11.503 | Scores: pos=0.649 neg=0.197 gap=0.452 | Grad: norm=0.00
2025-12-08 03:29:26,964 -   ⚠️  GRADIENT VANISHING
2025-12-08 03:29:43,344 - GCN-Enhanced-v4-RichFeatures Epoch 0125/400 [Hard Neg] | Loss: 0.7431 | Val Hits@20: 0.0166 | Test Hits@20: 0.0232 | Best Val: 0.0170 (epoch 115) | LR: 0.003000 
2025-12-08 03:29:43,719 - [DIAGNOSTICS Epoch 125] Emb: sim_mean=0.482 sim_std=0.230 norm=12.547 | Scores: pos=0.706 neg=0.194 gap=0.512 | Grad: norm=0.00
2025-12-08 03:29:43,719 -   ⚠️  GRADIENT VANISHING
2025-12-08 03:30:00,122 - GCN-Enhanced-v4-RichFeatures Epoch 0130/400 [Hard Neg] | Loss: 0.7441 | Val Hits@20: 0.0165 | Test Hits@20: 0.0233 | Best Val: 0.0170 (epoch 115) | LR: 0.003000 
2025-12-08 03:30:00,496 - [DIAGNOSTICS Epoch 130] Emb: sim_mean=0.472 sim_std=0.235 norm=13.384 | Scores: pos=0.737 neg=0.219 gap=0.518 | Grad: norm=0.00
2025-12-08 03:30:00,496 -   ⚠️  GRADIENT VANISHING
2025-12-08 03:30:16,876 - GCN-Enhanced-v4-RichFeatures Epoch 0135/400 [Hard Neg] | Loss: 0.7411 | Val Hits@20: 0.0158 | Test Hits@20: 0.0229 | Best Val: 0.0170 (epoch 115) | LR: 0.003000 
2025-12-08 03:30:17,251 - [DIAGNOSTICS Epoch 135] Emb: sim_mean=0.473 sim_std=0.228 norm=13.697 | Scores: pos=0.804 neg=0.213 gap=0.591 | Grad: norm=0.00
2025-12-08 03:30:17,251 -   ⚠️  GRADIENT VANISHING
2025-12-08 03:30:33,686 - GCN-Enhanced-v4-RichFeatures Epoch 0140/400 [Hard Neg] | Loss: 0.7374 | Val Hits@20: 0.0159 | Test Hits@20: 0.0229 | Best Val: 0.0170 (epoch 115) | LR: 0.003000 
2025-12-08 03:30:34,059 - [DIAGNOSTICS Epoch 140] Emb: sim_mean=0.464 sim_std=0.237 norm=13.875 | Scores: pos=0.805 neg=0.209 gap=0.596 | Grad: norm=0.00
2025-12-08 03:30:34,060 -   ⚠️  GRADIENT VANISHING
2025-12-08 03:30:50,599 - GCN-Enhanced-v4-RichFeatures Epoch 0145/400 [Hard Neg] | Loss: 0.7294 | Val Hits@20: 0.0164 | Test Hits@20: 0.0231 | Best Val: 0.0170 (epoch 115) | LR: 0.003000 
2025-12-08 03:30:50,974 - [DIAGNOSTICS Epoch 145] Emb: sim_mean=0.454 sim_std=0.228 norm=13.856 | Scores: pos=0.802 neg=0.199 gap=0.604 | Grad: norm=0.00
2025-12-08 03:30:50,974 -   ⚠️  GRADIENT VANISHING
2025-12-08 03:31:07,559 - GCN-Enhanced-v4-RichFeatures Epoch 0150/400 [Hard Neg] | Loss: 0.7274 | Val Hits@20: 0.0167 | Test Hits@20: 0.0233 | Best Val: 0.0170 (epoch 115) | LR: 0.003000 
2025-12-08 03:31:07,932 - [DIAGNOSTICS Epoch 150] Emb: sim_mean=0.455 sim_std=0.229 norm=13.709 | Scores: pos=0.789 neg=0.202 gap=0.587 | Grad: norm=0.00
2025-12-08 03:31:07,932 -   ⚠️  GRADIENT VANISHING
2025-12-08 03:31:24,280 - GCN-Enhanced-v4-RichFeatures Epoch 0155/400 [Hard Neg] | Loss: 0.7169 | Val Hits@20: 0.0158 | Test Hits@20: 0.0228 | Best Val: 0.0170 (epoch 115) | LR: 0.003000 
2025-12-08 03:31:24,650 - [DIAGNOSTICS Epoch 155] Emb: sim_mean=0.448 sim_std=0.229 norm=13.729 | Scores: pos=0.796 neg=0.203 gap=0.593 | Grad: norm=0.00
2025-12-08 03:31:24,650 -   ⚠️  GRADIENT VANISHING
2025-12-08 03:31:40,920 - GCN-Enhanced-v4-RichFeatures Epoch 0160/400 [Hard Neg] | Loss: 0.7034 | Val Hits@20: 0.0159 | Test Hits@20: 0.0229 | Best Val: 0.0170 (epoch 115) | LR: 0.003000 
2025-12-08 03:31:41,289 - [DIAGNOSTICS Epoch 160] Emb: sim_mean=0.444 sim_std=0.234 norm=14.047 | Scores: pos=0.825 neg=0.211 gap=0.614 | Grad: norm=0.00
2025-12-08 03:31:41,289 -   ⚠️  GRADIENT VANISHING
2025-12-08 03:31:57,649 - GCN-Enhanced-v4-RichFeatures Epoch 0165/400 [Hard Neg] | Loss: 0.6976 | Val Hits@20: 0.0162 | Test Hits@20: 0.0230 | Best Val: 0.0170 (epoch 115) | LR: 0.003000 
2025-12-08 03:31:58,022 - [DIAGNOSTICS Epoch 165] Emb: sim_mean=0.445 sim_std=0.236 norm=12.701 | Scores: pos=0.738 neg=0.179 gap=0.558 | Grad: norm=0.00
2025-12-08 03:31:58,022 -   ⚠️  GRADIENT VANISHING
2025-12-08 03:32:14,406 - GCN-Enhanced-v4-RichFeatures Epoch 0170/400 [Hard Neg] | Loss: 0.7015 | Val Hits@20: 0.0162 | Test Hits@20: 0.0229 | Best Val: 0.0170 (epoch 115) | LR: 0.003000 
2025-12-08 03:32:14,781 - [DIAGNOSTICS Epoch 170] Emb: sim_mean=0.441 sim_std=0.229 norm=12.516 | Scores: pos=0.723 neg=0.167 gap=0.556 | Grad: norm=0.00
2025-12-08 03:32:14,781 -   ⚠️  GRADIENT VANISHING
2025-12-08 03:32:31,337 - GCN-Enhanced-v4-RichFeatures Epoch 0175/400 [Hard Neg] | Loss: 0.7115 | Val Hits@20: 0.0161 | Test Hits@20: 0.0229 | Best Val: 0.0170 (epoch 115) | LR: 0.003000 
2025-12-08 03:32:31,705 - [DIAGNOSTICS Epoch 175] Emb: sim_mean=0.430 sim_std=0.233 norm=13.210 | Scores: pos=0.771 neg=0.176 gap=0.596 | Grad: norm=0.00
2025-12-08 03:32:31,706 -   ⚠️  GRADIENT VANISHING
2025-12-08 03:32:48,129 - GCN-Enhanced-v4-RichFeatures Epoch 0180/400 [Hard Neg] | Loss: 0.7013 | Val Hits@20: 0.0158 | Test Hits@20: 0.0229 | Best Val: 0.0170 (epoch 115) | LR: 0.003000 
2025-12-08 03:32:48,500 - [DIAGNOSTICS Epoch 180] Emb: sim_mean=0.430 sim_std=0.227 norm=13.000 | Scores: pos=0.751 neg=0.201 gap=0.550 | Grad: norm=0.00
2025-12-08 03:32:48,500 -   ⚠️  GRADIENT VANISHING
2025-12-08 03:33:04,949 - GCN-Enhanced-v4-RichFeatures Epoch 0185/400 [Hard Neg] | Loss: 0.6981 | Val Hits@20: 0.0157 | Test Hits@20: 0.0225 | Best Val: 0.0170 (epoch 115) | LR: 0.003000 
2025-12-08 03:33:05,326 - [DIAGNOSTICS Epoch 185] Emb: sim_mean=0.440 sim_std=0.230 norm=14.320 | Scores: pos=0.835 neg=0.213 gap=0.622 | Grad: norm=0.00
2025-12-08 03:33:05,326 -   ⚠️  GRADIENT VANISHING
2025-12-08 03:33:21,918 - GCN-Enhanced-v4-RichFeatures Epoch 0190/400 [Hard Neg] | Loss: 0.6886 | Val Hits@20: 0.0158 | Test Hits@20: 0.0226 | Best Val: 0.0170 (epoch 115) | LR: 0.003000 
2025-12-08 03:33:22,296 - [DIAGNOSTICS Epoch 190] Emb: sim_mean=0.438 sim_std=0.226 norm=13.724 | Scores: pos=0.815 neg=0.196 gap=0.620 | Grad: norm=0.00
2025-12-08 03:33:22,297 -   ⚠️  GRADIENT VANISHING
2025-12-08 03:33:38,848 - GCN-Enhanced-v4-RichFeatures Epoch 0195/400 [Hard Neg] | Loss: 0.6864 | Val Hits@20: 0.0158 | Test Hits@20: 0.0228 | Best Val: 0.0170 (epoch 115) | LR: 0.001500 
2025-12-08 03:33:39,221 - [DIAGNOSTICS Epoch 195] Emb: sim_mean=0.439 sim_std=0.230 norm=14.718 | Scores: pos=0.851 neg=0.223 gap=0.629 | Grad: norm=0.00
2025-12-08 03:33:39,222 -   ⚠️  GRADIENT VANISHING
2025-12-08 03:33:55,756 - GCN-Enhanced-v4-RichFeatures Epoch 0200/400 [Hard Neg] | Loss: 0.6877 | Val Hits@20: 0.0156 | Test Hits@20: 0.0225 | Best Val: 0.0170 (epoch 115) | LR: 0.001500 
2025-12-08 03:33:56,137 - [DIAGNOSTICS Epoch 200] Emb: sim_mean=0.431 sim_std=0.230 norm=13.825 | Scores: pos=0.815 neg=0.178 gap=0.636 | Grad: norm=0.00
2025-12-08 03:33:56,137 -   ⚠️  GRADIENT VANISHING
2025-12-08 03:34:12,579 - GCN-Enhanced-v4-RichFeatures Epoch 0205/400 [Hard Neg] | Loss: 0.6769 | Val Hits@20: 0.0156 | Test Hits@20: 0.0226 | Best Val: 0.0170 (epoch 115) | LR: 0.001500 
2025-12-08 03:34:12,946 - [DIAGNOSTICS Epoch 205] Emb: sim_mean=0.430 sim_std=0.231 norm=13.013 | Scores: pos=0.777 neg=0.186 gap=0.591 | Grad: norm=0.00
2025-12-08 03:34:12,946 -   ⚠️  GRADIENT VANISHING
2025-12-08 03:34:29,207 - GCN-Enhanced-v4-RichFeatures Epoch 0210/400 [Hard Neg] | Loss: 0.6857 | Val Hits@20: 0.0159 | Test Hits@20: 0.0224 | Best Val: 0.0170 (epoch 115) | LR: 0.001500 
2025-12-08 03:34:29,574 - [DIAGNOSTICS Epoch 210] Emb: sim_mean=0.431 sim_std=0.228 norm=13.018 | Scores: pos=0.772 neg=0.163 gap=0.610 | Grad: norm=0.00
2025-12-08 03:34:29,574 -   ⚠️  GRADIENT VANISHING
2025-12-08 03:34:45,860 - GCN-Enhanced-v4-RichFeatures Epoch 0215/400 [Hard Neg] | Loss: 0.6709 | Val Hits@20: 0.0157 | Test Hits@20: 0.0225 | Best Val: 0.0170 (epoch 115) | LR: 0.001500 
2025-12-08 03:34:46,229 - [DIAGNOSTICS Epoch 215] Emb: sim_mean=0.429 sim_std=0.226 norm=12.798 | Scores: pos=0.749 neg=0.163 gap=0.587 | Grad: norm=0.00
2025-12-08 03:34:46,229 -   ⚠️  GRADIENT VANISHING
2025-12-08 03:35:02,554 - GCN-Enhanced-v4-RichFeatures Epoch 0220/400 [Hard Neg] | Loss: 0.6680 | Val Hits@20: 0.0158 | Test Hits@20: 0.0225 | Best Val: 0.0170 (epoch 115) | LR: 0.001500 
2025-12-08 03:35:02,928 - [DIAGNOSTICS Epoch 220] Emb: sim_mean=0.433 sim_std=0.227 norm=12.758 | Scores: pos=0.772 neg=0.169 gap=0.603 | Grad: norm=0.00
2025-12-08 03:35:02,928 -   ⚠️  GRADIENT VANISHING
2025-12-08 03:35:19,396 - GCN-Enhanced-v4-RichFeatures Epoch 0225/400 [Hard Neg] | Loss: 0.6709 | Val Hits@20: 0.0159 | Test Hits@20: 0.0226 | Best Val: 0.0170 (epoch 115) | LR: 0.001500 
2025-12-08 03:35:19,768 - [DIAGNOSTICS Epoch 225] Emb: sim_mean=0.434 sim_std=0.227 norm=12.761 | Scores: pos=0.771 neg=0.158 gap=0.614 | Grad: norm=0.00
2025-12-08 03:35:19,768 -   ⚠️  GRADIENT VANISHING
2025-12-08 03:35:36,147 - GCN-Enhanced-v4-RichFeatures Epoch 0230/400 [Hard Neg] | Loss: 0.6648 | Val Hits@20: 0.0160 | Test Hits@20: 0.0225 | Best Val: 0.0170 (epoch 115) | LR: 0.001500 
2025-12-08 03:35:36,517 - [DIAGNOSTICS Epoch 230] Emb: sim_mean=0.428 sim_std=0.229 norm=12.715 | Scores: pos=0.766 neg=0.152 gap=0.614 | Grad: norm=0.00
2025-12-08 03:35:36,517 -   ⚠️  GRADIENT VANISHING
2025-12-08 03:35:52,927 - GCN-Enhanced-v4-RichFeatures Epoch 0235/400 [Hard Neg] | Loss: 0.6803 | Val Hits@20: 0.0160 | Test Hits@20: 0.0225 | Best Val: 0.0170 (epoch 115) | LR: 0.001500 
2025-12-08 03:35:53,308 - [DIAGNOSTICS Epoch 235] Emb: sim_mean=0.433 sim_std=0.223 norm=13.235 | Scores: pos=0.798 neg=0.187 gap=0.611 | Grad: norm=0.00
2025-12-08 03:35:53,308 -   ⚠️  GRADIENT VANISHING
2025-12-08 03:36:09,920 - GCN-Enhanced-v4-RichFeatures Epoch 0240/400 [Hard Neg] | Loss: 0.6607 | Val Hits@20: 0.0159 | Test Hits@20: 0.0224 | Best Val: 0.0170 (epoch 115) | LR: 0.001500 
2025-12-08 03:36:10,296 - [DIAGNOSTICS Epoch 240] Emb: sim_mean=0.431 sim_std=0.225 norm=12.988 | Scores: pos=0.796 neg=0.181 gap=0.615 | Grad: norm=0.00
2025-12-08 03:36:10,296 -   ⚠️  GRADIENT VANISHING
2025-12-08 03:36:26,872 - GCN-Enhanced-v4-RichFeatures Epoch 0245/400 [Hard Neg] | Loss: 0.6595 | Val Hits@20: 0.0159 | Test Hits@20: 0.0224 | Best Val: 0.0170 (epoch 115) | LR: 0.001500 
2025-12-08 03:36:27,247 - [DIAGNOSTICS Epoch 245] Emb: sim_mean=0.421 sim_std=0.226 norm=13.255 | Scores: pos=0.805 neg=0.202 gap=0.602 | Grad: norm=0.00
2025-12-08 03:36:27,248 -   ⚠️  GRADIENT VANISHING
2025-12-08 03:36:43,879 - GCN-Enhanced-v4-RichFeatures Epoch 0250/400 [Hard Neg] | Loss: 0.6566 | Val Hits@20: 0.0159 | Test Hits@20: 0.0223 | Best Val: 0.0170 (epoch 115) | LR: 0.001500 
2025-12-08 03:36:44,262 - [DIAGNOSTICS Epoch 250] Emb: sim_mean=0.430 sim_std=0.224 norm=13.980 | Scores: pos=0.831 neg=0.187 gap=0.644 | Grad: norm=0.00
2025-12-08 03:36:44,262 -   ⚠️  GRADIENT VANISHING
2025-12-08 03:37:00,810 - GCN-Enhanced-v4-RichFeatures Epoch 0255/400 [Hard Neg] | Loss: 0.6718 | Val Hits@20: 0.0160 | Test Hits@20: 0.0222 | Best Val: 0.0170 (epoch 115) | LR: 0.001500 
2025-12-08 03:37:01,184 - [DIAGNOSTICS Epoch 255] Emb: sim_mean=0.423 sim_std=0.224 norm=13.613 | Scores: pos=0.816 neg=0.174 gap=0.642 | Grad: norm=0.00
2025-12-08 03:37:01,185 -   ⚠️  GRADIENT VANISHING
2025-12-08 03:37:17,511 - GCN-Enhanced-v4-RichFeatures Epoch 0260/400 [Hard Neg] | Loss: 0.6674 | Val Hits@20: 0.0159 | Test Hits@20: 0.0223 | Best Val: 0.0170 (epoch 115) | LR: 0.001500 
2025-12-08 03:37:17,880 - [DIAGNOSTICS Epoch 260] Emb: sim_mean=0.434 sim_std=0.219 norm=13.346 | Scores: pos=0.793 neg=0.161 gap=0.632 | Grad: norm=0.00
2025-12-08 03:37:17,880 -   ⚠️  GRADIENT VANISHING
2025-12-08 03:37:34,109 - GCN-Enhanced-v4-RichFeatures Epoch 0265/400 [Hard Neg] | Loss: 0.6568 | Val Hits@20: 0.0157 | Test Hits@20: 0.0221 | Best Val: 0.0170 (epoch 115) | LR: 0.001500 
2025-12-08 03:37:34,476 - [DIAGNOSTICS Epoch 265] Emb: sim_mean=0.432 sim_std=0.220 norm=14.008 | Scores: pos=0.851 neg=0.175 gap=0.676 | Grad: norm=0.00
2025-12-08 03:37:34,476 -   ⚠️  GRADIENT VANISHING
2025-12-08 03:37:50,810 - GCN-Enhanced-v4-RichFeatures Epoch 0270/400 [Hard Neg] | Loss: 0.6561 | Val Hits@20: 0.0157 | Test Hits@20: 0.0222 | Best Val: 0.0170 (epoch 115) | LR: 0.001500 
2025-12-08 03:37:51,181 - [DIAGNOSTICS Epoch 270] Emb: sim_mean=0.414 sim_std=0.223 norm=13.425 | Scores: pos=0.820 neg=0.190 gap=0.631 | Grad: norm=0.00
2025-12-08 03:37:51,182 -   ⚠️  GRADIENT VANISHING
2025-12-08 03:38:07,528 - GCN-Enhanced-v4-RichFeatures Epoch 0275/400 [Hard Neg] | Loss: 0.6493 | Val Hits@20: 0.0158 | Test Hits@20: 0.0221 | Best Val: 0.0170 (epoch 115) | LR: 0.000750 
2025-12-08 03:38:07,899 - [DIAGNOSTICS Epoch 275] Emb: sim_mean=0.423 sim_std=0.221 norm=13.541 | Scores: pos=0.826 neg=0.166 gap=0.660 | Grad: norm=0.00
2025-12-08 03:38:07,899 -   ⚠️  GRADIENT VANISHING
2025-12-08 03:38:24,184 - GCN-Enhanced-v4-RichFeatures Epoch 0280/400 [Hard Neg] | Loss: 0.6404 | Val Hits@20: 0.0159 | Test Hits@20: 0.0222 | Best Val: 0.0170 (epoch 115) | LR: 0.000750 
2025-12-08 03:38:24,549 - [DIAGNOSTICS Epoch 280] Emb: sim_mean=0.419 sim_std=0.223 norm=13.349 | Scores: pos=0.812 neg=0.159 gap=0.652 | Grad: norm=0.00
2025-12-08 03:38:24,549 -   ⚠️  GRADIENT VANISHING
