2025-12-10 03:01:43 - OGBL-DDI Link Prediction - GCN
2025-12-10 03:01:43 - Device: cuda:0
2025-12-10 03:01:43 - Log directory: logs/ddi_gcn_20251210_030143
2025-12-10 03:01:43 - ================================================================================
2025-12-10 03:01:44 - Dataset: 4267 nodes, 2135822 edges
2025-12-10 03:01:44 - Train edges: 1067911
2025-12-10 03:01:44 - Valid edges: 133489 pos, 101882 neg
2025-12-10 03:01:44 - Test edges: 133489 pos, 95599 neg
2025-12-10 03:01:44 - ================================================================================
2025-12-10 03:01:44 - Model Configuration:
2025-12-10 03:01:44 -   architecture: GCN + MLP
2025-12-10 03:01:44 -   num_layers: 2
2025-12-10 03:01:44 -   hidden_channels: 256
2025-12-10 03:01:44 -   dropout: 0.5
2025-12-10 03:01:44 - Training Configuration:
2025-12-10 03:01:44 -   epochs: 100
2025-12-10 03:01:44 -   lr: 0.005
2025-12-10 03:01:44 -   batch_size: 65536
2025-12-10 03:01:44 -   eval_steps: 5
2025-12-10 03:01:44 -   runs: 1
2025-12-10 03:01:44 - ================================================================================
