2025-12-10 23:34:35 - OGBL-DDI Link Prediction - GCN
2025-12-10 23:34:35 - Device: cuda:0
2025-12-10 23:34:35 - Log directory: logs/ddi_gcn_20251210_233435
2025-12-10 23:34:35 - ================================================================================
2025-12-10 23:34:36 - Dataset: 4267 nodes, 2135822 edges
2025-12-10 23:34:36 - Train edges: 1067911
2025-12-10 23:34:36 - Valid edges: 133489 pos, 101882 neg
2025-12-10 23:34:36 - Test edges: 133489 pos, 95599 neg
2025-12-10 23:34:36 - ================================================================================
2025-12-10 23:34:36 - Model Configuration:
2025-12-10 23:34:36 -   architecture: GCN + MLP
2025-12-10 23:34:36 -   num_layers: 2
2025-12-10 23:34:36 -   hidden_channels: 256
2025-12-10 23:34:36 -   dropout: 0.0
2025-12-10 23:34:36 - Training Configuration:
2025-12-10 23:34:36 -   epochs: 200
2025-12-10 23:34:36 -   lr: 0.005
2025-12-10 23:34:36 -   batch_size: 65536
2025-12-10 23:34:36 -   eval_steps: 10
2025-12-10 23:34:36 -   runs: 1
2025-12-10 23:34:36 - ================================================================================
2025-12-10 23:34:51 - [GCN] Epoch 0010 | loss 0.5488 | val@20 0.1444 | test@20 0.1228 | best 0.1444 (ep 10)
2025-12-10 23:35:06 - [GCN] Epoch 0020 | loss 0.3739 | val@20 0.2080 | test@20 0.2205 | best 0.2080 (ep 20)
2025-12-10 23:35:21 - [GCN] Epoch 0030 | loss 0.4534 | val@20 0.0700 | test@20 0.0270 | best 0.2080 (ep 20)
2025-12-10 23:35:36 - [GCN] Epoch 0040 | loss 0.3030 | val@20 0.1783 | test@20 0.1019 | best 0.2080 (ep 20)
2025-12-10 23:35:51 - [GCN] Epoch 0050 | loss 0.2788 | val@20 0.1409 | test@20 0.1125 | best 0.2080 (ep 20)
2025-12-10 23:36:06 - [GCN] Epoch 0060 | loss 0.2569 | val@20 0.2306 | test@20 0.1517 | best 0.2306 (ep 60)
2025-12-10 23:36:21 - [GCN] Epoch 0070 | loss 0.2409 | val@20 0.2555 | test@20 0.1436 | best 0.2555 (ep 70)
2025-12-10 23:36:36 - [GCN] Epoch 0080 | loss 0.2276 | val@20 0.2714 | test@20 0.1624 | best 0.2714 (ep 80)
2025-12-10 23:36:51 - [GCN] Epoch 0090 | loss 0.2173 | val@20 0.1889 | test@20 0.1675 | best 0.2714 (ep 80)
2025-12-10 23:37:06 - [GCN] Epoch 0100 | loss 0.2091 | val@20 0.2305 | test@20 0.1733 | best 0.2714 (ep 80)
2025-12-10 23:37:20 - [GCN] Epoch 0110 | loss 0.2023 | val@20 0.2688 | test@20 0.2043 | best 0.2714 (ep 80)
2025-12-10 23:37:35 - [GCN] Epoch 0120 | loss 0.1970 | val@20 0.2822 | test@20 0.1845 | best 0.2822 (ep 120)
2025-12-10 23:37:50 - [GCN] Epoch 0130 | loss 0.1932 | val@20 0.2540 | test@20 0.1500 | best 0.2822 (ep 120)
2025-12-10 23:38:05 - [GCN] Epoch 0140 | loss 0.1885 | val@20 0.2831 | test@20 0.1550 | best 0.2831 (ep 140)
2025-12-10 23:38:20 - [GCN] Epoch 0150 | loss 0.1839 | val@20 0.3083 | test@20 0.2035 | best 0.3083 (ep 150)
2025-12-10 23:38:35 - [GCN] Epoch 0160 | loss 0.1811 | val@20 0.3581 | test@20 0.1341 | best 0.3581 (ep 160)
2025-12-10 23:38:50 - [GCN] Epoch 0170 | loss 0.1787 | val@20 0.2985 | test@20 0.2129 | best 0.3581 (ep 160)
2025-12-10 23:39:05 - [GCN] Epoch 0180 | loss 0.1757 | val@20 0.3401 | test@20 0.2440 | best 0.3581 (ep 160)
2025-12-10 23:39:19 - [GCN] Epoch 0190 | loss 0.1726 | val@20 0.3645 | test@20 0.1736 | best 0.3645 (ep 190)
2025-12-10 23:39:34 - [GCN] Epoch 0200 | loss 0.1705 | val@20 0.3236 | test@20 0.1930 | best 0.3645 (ep 190)
2025-12-10 23:39:34 - ================================================================================
2025-12-10 23:39:34 - Final Results
2025-12-10 23:39:34 - ================================================================================
2025-12-10 23:39:34 - Hits@10: Valid 25.97% | Test  7.97%
2025-12-10 23:39:34 - Hits@20: Valid 36.45% | Test 17.36%
2025-12-10 23:39:34 - Hits@30: Valid 49.51% | Test 27.76%
2025-12-10 23:39:34 - ================================================================================
