2025-12-07 23:28:53,409 - Using device: cuda
2025-12-07 23:28:53,409 - Logging results to: logs/baselines_20251207_232853.log
2025-12-07 23:28:53,409 - Loading dataset ogbl-ddi...
2025-12-07 23:28:53,684 - Dataset loaded: 4267 nodes
2025-12-07 23:28:53,897 - Train pos edges: 1067911, Valid pos: 133489, Test pos: 133489
2025-12-07 23:28:53,897 - Valid neg edges: 101882, Test neg: 95599
2025-12-07 23:28:53,973 - Added self-loops: Total edges now = 1072178
2025-12-07 23:28:53,980 - 
================================================================================
2025-12-07 23:28:53,980 - Training Simple GCN Baseline
2025-12-07 23:28:53,980 - ================================================================================
2025-12-07 23:28:54,029 - Starting training for GCN-Baseline (epochs=200, lr=0.01, patience=20, hard_neg=False)
2025-12-07 23:28:54,029 - Model description: Graph Convolutional Network with spectral convolutions | hidden_dim=128, num_layers=2, dropout=0.5, decoder_dropout=0.3, decoder=simple
2025-12-07 23:28:54,029 - Memory optimization: batch_size=50000, gradient_accumulation=1
2025-12-07 23:28:54,035 - Initialized EMA with decay=0.999 for stable checkpointing
2025-12-07 23:28:56,443 - GCN-Baseline Epoch 0001/200 [Random Neg] | Loss: 1.4674 | Val Hits@20: 0.0000 | Test Hits@20: 0.0000 | Best Val: 0.0000 (epoch 0) | LR: 0.010000 
2025-12-07 23:29:02,403 - GCN-Baseline Epoch 0005/200 [Random Neg] | Loss: 1.3236 | Val Hits@20: 0.0000 | Test Hits@20: 0.0000 | Best Val: 0.0000 (epoch 0) | LR: 0.010000 
2025-12-07 23:29:09,728 - GCN-Baseline Epoch 0010/200 [Random Neg] | Loss: 1.3582 | Val Hits@20: 0.0000 | Test Hits@20: 0.0000 | Best Val: 0.0000 (epoch 10) | LR: 0.010000 🔥
2025-12-07 23:29:17,066 - GCN-Baseline Epoch 0015/200 [Random Neg] | Loss: 1.2357 | Val Hits@20: 0.0001 | Test Hits@20: 0.0000 | Best Val: 0.0001 (epoch 15) | LR: 0.010000 🔥
2025-12-07 23:29:24,446 - GCN-Baseline Epoch 0020/200 [Random Neg] | Loss: 1.0940 | Val Hits@20: 0.0014 | Test Hits@20: 0.0007 | Best Val: 0.0014 (epoch 20) | LR: 0.010000 🔥
2025-12-07 23:29:31,772 - GCN-Baseline Epoch 0025/200 [Random Neg] | Loss: 1.0342 | Val Hits@20: 0.0019 | Test Hits@20: 0.0016 | Best Val: 0.0019 (epoch 25) | LR: 0.010000 🔥
2025-12-07 23:29:39,159 - GCN-Baseline Epoch 0030/200 [Random Neg] | Loss: 0.9836 | Val Hits@20: 0.0026 | Test Hits@20: 0.0018 | Best Val: 0.0026 (epoch 30) | LR: 0.010000 🔥
2025-12-07 23:29:46,523 - GCN-Baseline Epoch 0035/200 [Random Neg] | Loss: 0.9608 | Val Hits@20: 0.0028 | Test Hits@20: 0.0022 | Best Val: 0.0028 (epoch 35) | LR: 0.010000 🔥
2025-12-07 23:29:53,910 - GCN-Baseline Epoch 0040/200 [Random Neg] | Loss: 0.9432 | Val Hits@20: 0.0030 | Test Hits@20: 0.0024 | Best Val: 0.0030 (epoch 40) | LR: 0.010000 🔥
2025-12-07 23:30:01,323 - GCN-Baseline Epoch 0045/200 [Random Neg] | Loss: 0.9356 | Val Hits@20: 0.0032 | Test Hits@20: 0.0028 | Best Val: 0.0032 (epoch 45) | LR: 0.010000 🔥
2025-12-07 23:30:08,690 - GCN-Baseline Epoch 0050/200 [Random Neg] | Loss: 0.9261 | Val Hits@20: 0.0033 | Test Hits@20: 0.0032 | Best Val: 0.0033 (epoch 50) | LR: 0.010000 🔥
2025-12-07 23:30:16,019 - GCN-Baseline Epoch 0055/200 [Random Neg] | Loss: 0.9249 | Val Hits@20: 0.0034 | Test Hits@20: 0.0032 | Best Val: 0.0034 (epoch 55) | LR: 0.010000 🔥
2025-12-07 23:30:23,352 - GCN-Baseline Epoch 0060/200 [Random Neg] | Loss: 0.9190 | Val Hits@20: 0.0033 | Test Hits@20: 0.0032 | Best Val: 0.0034 (epoch 55) | LR: 0.010000 
2025-12-07 23:30:30,732 - GCN-Baseline Epoch 0065/200 [Random Neg] | Loss: 0.9170 | Val Hits@20: 0.0034 | Test Hits@20: 0.0031 | Best Val: 0.0034 (epoch 65) | LR: 0.010000 🔥
2025-12-07 23:30:38,103 - GCN-Baseline Epoch 0070/200 [Random Neg] | Loss: 0.9094 | Val Hits@20: 0.0036 | Test Hits@20: 0.0033 | Best Val: 0.0036 (epoch 70) | LR: 0.010000 🔥
2025-12-07 23:30:45,492 - GCN-Baseline Epoch 0075/200 [Random Neg] | Loss: 0.8980 | Val Hits@20: 0.0037 | Test Hits@20: 0.0031 | Best Val: 0.0037 (epoch 75) | LR: 0.010000 🔥
2025-12-07 23:30:52,858 - GCN-Baseline Epoch 0080/200 [Random Neg] | Loss: 0.8992 | Val Hits@20: 0.0039 | Test Hits@20: 0.0029 | Best Val: 0.0039 (epoch 80) | LR: 0.010000 🔥
2025-12-07 23:31:00,230 - GCN-Baseline Epoch 0085/200 [Random Neg] | Loss: 0.8784 | Val Hits@20: 0.0038 | Test Hits@20: 0.0028 | Best Val: 0.0039 (epoch 80) | LR: 0.010000 
2025-12-07 23:31:07,611 - GCN-Baseline Epoch 0090/200 [Random Neg] | Loss: 0.8729 | Val Hits@20: 0.0038 | Test Hits@20: 0.0028 | Best Val: 0.0039 (epoch 80) | LR: 0.010000 
2025-12-07 23:31:14,946 - GCN-Baseline Epoch 0095/200 [Random Neg] | Loss: 0.8610 | Val Hits@20: 0.0038 | Test Hits@20: 0.0028 | Best Val: 0.0039 (epoch 80) | LR: 0.010000 
2025-12-07 23:31:22,221 - GCN-Baseline Epoch 0100/200 [Random Neg] | Loss: 0.8627 | Val Hits@20: 0.0037 | Test Hits@20: 0.0028 | Best Val: 0.0039 (epoch 80) | LR: 0.010000 
2025-12-07 23:31:29,446 - GCN-Baseline Epoch 0105/200 [Random Neg] | Loss: 0.8661 | Val Hits@20: 0.0037 | Test Hits@20: 0.0028 | Best Val: 0.0039 (epoch 80) | LR: 0.010000 
2025-12-07 23:31:36,620 - GCN-Baseline Epoch 0110/200 [Random Neg] | Loss: 0.8447 | Val Hits@20: 0.0034 | Test Hits@20: 0.0024 | Best Val: 0.0039 (epoch 80) | LR: 0.010000 
2025-12-07 23:31:43,800 - GCN-Baseline Epoch 0115/200 [Random Neg] | Loss: 0.8437 | Val Hits@20: 0.0034 | Test Hits@20: 0.0026 | Best Val: 0.0039 (epoch 80) | LR: 0.010000 
2025-12-07 23:31:50,985 - GCN-Baseline Epoch 0120/200 [Random Neg] | Loss: 0.8389 | Val Hits@20: 0.0035 | Test Hits@20: 0.0025 | Best Val: 0.0039 (epoch 80) | LR: 0.010000 
2025-12-07 23:31:58,169 - GCN-Baseline Epoch 0125/200 [Random Neg] | Loss: 0.8406 | Val Hits@20: 0.0038 | Test Hits@20: 0.0025 | Best Val: 0.0039 (epoch 80) | LR: 0.010000 
2025-12-07 23:32:05,346 - GCN-Baseline Epoch 0130/200 [Random Neg] | Loss: 0.8355 | Val Hits@20: 0.0038 | Test Hits@20: 0.0025 | Best Val: 0.0039 (epoch 80) | LR: 0.010000 
2025-12-07 23:32:12,526 - GCN-Baseline Epoch 0135/200 [Random Neg] | Loss: 0.8428 | Val Hits@20: 0.0040 | Test Hits@20: 0.0024 | Best Val: 0.0040 (epoch 135) | LR: 0.010000 🔥
2025-12-07 23:32:19,741 - GCN-Baseline Epoch 0140/200 [Random Neg] | Loss: 0.8181 | Val Hits@20: 0.0043 | Test Hits@20: 0.0024 | Best Val: 0.0043 (epoch 140) | LR: 0.010000 🔥
2025-12-07 23:32:26,930 - GCN-Baseline Epoch 0145/200 [Random Neg] | Loss: 0.8118 | Val Hits@20: 0.0044 | Test Hits@20: 0.0025 | Best Val: 0.0044 (epoch 145) | LR: 0.010000 🔥
2025-12-07 23:32:34,112 - GCN-Baseline Epoch 0150/200 [Random Neg] | Loss: 0.8166 | Val Hits@20: 0.0045 | Test Hits@20: 0.0026 | Best Val: 0.0045 (epoch 150) | LR: 0.010000 🔥
2025-12-07 23:32:41,371 - GCN-Baseline Epoch 0155/200 [Random Neg] | Loss: 0.8087 | Val Hits@20: 0.0046 | Test Hits@20: 0.0025 | Best Val: 0.0046 (epoch 155) | LR: 0.010000 🔥
2025-12-07 23:32:48,610 - GCN-Baseline Epoch 0160/200 [Random Neg] | Loss: 0.8102 | Val Hits@20: 0.0048 | Test Hits@20: 0.0025 | Best Val: 0.0048 (epoch 160) | LR: 0.010000 🔥
2025-12-07 23:32:55,826 - GCN-Baseline Epoch 0165/200 [Random Neg] | Loss: 0.8115 | Val Hits@20: 0.0049 | Test Hits@20: 0.0025 | Best Val: 0.0049 (epoch 165) | LR: 0.010000 🔥
2025-12-07 23:33:03,033 - GCN-Baseline Epoch 0170/200 [Random Neg] | Loss: 0.8193 | Val Hits@20: 0.0049 | Test Hits@20: 0.0025 | Best Val: 0.0049 (epoch 165) | LR: 0.010000 
2025-12-07 23:33:10,210 - GCN-Baseline Epoch 0175/200 [Random Neg] | Loss: 0.8084 | Val Hits@20: 0.0049 | Test Hits@20: 0.0026 | Best Val: 0.0049 (epoch 175) | LR: 0.010000 🔥
2025-12-07 23:33:17,417 - GCN-Baseline Epoch 0180/200 [Random Neg] | Loss: 0.7998 | Val Hits@20: 0.0050 | Test Hits@20: 0.0026 | Best Val: 0.0050 (epoch 180) | LR: 0.010000 🔥
2025-12-07 23:33:24,621 - GCN-Baseline Epoch 0185/200 [Random Neg] | Loss: 0.8011 | Val Hits@20: 0.0050 | Test Hits@20: 0.0026 | Best Val: 0.0050 (epoch 180) | LR: 0.010000 
2025-12-07 23:33:31,838 - GCN-Baseline Epoch 0190/200 [Random Neg] | Loss: 0.7979 | Val Hits@20: 0.0052 | Test Hits@20: 0.0025 | Best Val: 0.0052 (epoch 190) | LR: 0.010000 🔥
2025-12-07 23:33:39,077 - GCN-Baseline Epoch 0195/200 [Random Neg] | Loss: 0.7999 | Val Hits@20: 0.0055 | Test Hits@20: 0.0024 | Best Val: 0.0055 (epoch 195) | LR: 0.010000 🔥
2025-12-07 23:33:46,333 - GCN-Baseline Epoch 0200/200 [Random Neg] | Loss: 0.7879 | Val Hits@20: 0.0057 | Test Hits@20: 0.0024 | Best Val: 0.0057 (epoch 200) | LR: 0.010000 🔥
2025-12-07 23:33:46,333 - GCN-Baseline FINAL: Best Val Hits@20 = 0.0057 | Test Hits@20 = 0.0024 (at epoch 200)
2025-12-07 23:33:46,334 - 
================================================================================
2025-12-07 23:33:46,334 - Training GraphSAGE Baseline
2025-12-07 23:33:46,334 - ================================================================================
2025-12-07 23:33:46,374 - Starting training for GraphSAGE-Baseline (epochs=200, lr=0.01, patience=20, hard_neg=False)
2025-12-07 23:33:46,374 - Model description: GraphSAGE with mean aggregation and ReLU activation | hidden_dim=128, num_layers=2, dropout=0.5, decoder_dropout=0.3, decoder=simple
2025-12-07 23:33:46,374 - Memory optimization: batch_size=50000, gradient_accumulation=1
2025-12-07 23:33:46,375 - Initialized EMA with decay=0.999 for stable checkpointing
2025-12-07 23:33:47,880 - GraphSAGE-Baseline Epoch 0001/200 [Random Neg] | Loss: 1.4665 | Val Hits@20: 0.0000 | Test Hits@20: 0.0000 | Best Val: 0.0000 (epoch 1) | LR: 0.010000 🔥
2025-12-07 23:33:53,631 - GraphSAGE-Baseline Epoch 0005/200 [Random Neg] | Loss: 1.4065 | Val Hits@20: 0.0000 | Test Hits@20: 0.0000 | Best Val: 0.0000 (epoch 1) | LR: 0.010000 
2025-12-07 23:34:00,781 - GraphSAGE-Baseline Epoch 0010/200 [Random Neg] | Loss: 1.2945 | Val Hits@20: 0.0001 | Test Hits@20: 0.0000 | Best Val: 0.0001 (epoch 10) | LR: 0.010000 🔥
2025-12-07 23:34:08,036 - GraphSAGE-Baseline Epoch 0015/200 [Random Neg] | Loss: 1.2087 | Val Hits@20: 0.0001 | Test Hits@20: 0.0000 | Best Val: 0.0001 (epoch 15) | LR: 0.010000 🔥
2025-12-07 23:34:15,343 - GraphSAGE-Baseline Epoch 0020/200 [Random Neg] | Loss: 1.1391 | Val Hits@20: 0.0001 | Test Hits@20: 0.0001 | Best Val: 0.0001 (epoch 15) | LR: 0.010000 
2025-12-07 23:34:22,635 - GraphSAGE-Baseline Epoch 0025/200 [Random Neg] | Loss: 1.0961 | Val Hits@20: 0.0001 | Test Hits@20: 0.0002 | Best Val: 0.0001 (epoch 15) | LR: 0.010000 
2025-12-07 23:34:29,957 - GraphSAGE-Baseline Epoch 0030/200 [Random Neg] | Loss: 1.0695 | Val Hits@20: 0.0001 | Test Hits@20: 0.0002 | Best Val: 0.0001 (epoch 30) | LR: 0.010000 🔥
2025-12-07 23:34:37,289 - GraphSAGE-Baseline Epoch 0035/200 [Random Neg] | Loss: 1.0511 | Val Hits@20: 0.0001 | Test Hits@20: 0.0002 | Best Val: 0.0001 (epoch 30) | LR: 0.010000 
2025-12-07 23:34:44,601 - GraphSAGE-Baseline Epoch 0040/200 [Random Neg] | Loss: 1.0318 | Val Hits@20: 0.0002 | Test Hits@20: 0.0002 | Best Val: 0.0002 (epoch 40) | LR: 0.010000 🔥
2025-12-07 23:34:51,921 - GraphSAGE-Baseline Epoch 0045/200 [Random Neg] | Loss: 1.0168 | Val Hits@20: 0.0002 | Test Hits@20: 0.0002 | Best Val: 0.0002 (epoch 40) | LR: 0.010000 
2025-12-07 23:34:59,250 - GraphSAGE-Baseline Epoch 0050/200 [Random Neg] | Loss: 1.0057 | Val Hits@20: 0.0002 | Test Hits@20: 0.0002 | Best Val: 0.0002 (epoch 50) | LR: 0.010000 🔥
2025-12-07 23:35:06,596 - GraphSAGE-Baseline Epoch 0055/200 [Random Neg] | Loss: 0.9892 | Val Hits@20: 0.0002 | Test Hits@20: 0.0002 | Best Val: 0.0002 (epoch 55) | LR: 0.010000 🔥
2025-12-07 23:35:13,912 - GraphSAGE-Baseline Epoch 0060/200 [Random Neg] | Loss: 0.9783 | Val Hits@20: 0.0002 | Test Hits@20: 0.0002 | Best Val: 0.0002 (epoch 55) | LR: 0.010000 
2025-12-07 23:35:21,200 - GraphSAGE-Baseline Epoch 0065/200 [Random Neg] | Loss: 0.9645 | Val Hits@20: 0.0004 | Test Hits@20: 0.0002 | Best Val: 0.0004 (epoch 65) | LR: 0.010000 🔥
2025-12-07 23:35:28,501 - GraphSAGE-Baseline Epoch 0070/200 [Random Neg] | Loss: 0.9557 | Val Hits@20: 0.0003 | Test Hits@20: 0.0002 | Best Val: 0.0004 (epoch 65) | LR: 0.010000 
2025-12-07 23:35:35,824 - GraphSAGE-Baseline Epoch 0075/200 [Random Neg] | Loss: 0.9474 | Val Hits@20: 0.0005 | Test Hits@20: 0.0002 | Best Val: 0.0005 (epoch 75) | LR: 0.010000 🔥
2025-12-07 23:35:43,127 - GraphSAGE-Baseline Epoch 0080/200 [Random Neg] | Loss: 0.9425 | Val Hits@20: 0.0004 | Test Hits@20: 0.0002 | Best Val: 0.0005 (epoch 75) | LR: 0.010000 
2025-12-07 23:35:50,451 - GraphSAGE-Baseline Epoch 0085/200 [Random Neg] | Loss: 0.9373 | Val Hits@20: 0.0004 | Test Hits@20: 0.0002 | Best Val: 0.0005 (epoch 75) | LR: 0.010000 
2025-12-07 23:35:57,826 - GraphSAGE-Baseline Epoch 0090/200 [Random Neg] | Loss: 0.9258 | Val Hits@20: 0.0004 | Test Hits@20: 0.0002 | Best Val: 0.0005 (epoch 75) | LR: 0.010000 
2025-12-07 23:36:05,167 - GraphSAGE-Baseline Epoch 0095/200 [Random Neg] | Loss: 0.9311 | Val Hits@20: 0.0005 | Test Hits@20: 0.0002 | Best Val: 0.0005 (epoch 95) | LR: 0.010000 🔥
2025-12-07 23:36:12,478 - GraphSAGE-Baseline Epoch 0100/200 [Random Neg] | Loss: 0.9232 | Val Hits@20: 0.0005 | Test Hits@20: 0.0003 | Best Val: 0.0005 (epoch 100) | LR: 0.010000 🔥
2025-12-07 23:36:19,746 - GraphSAGE-Baseline Epoch 0105/200 [Random Neg] | Loss: 0.9217 | Val Hits@20: 0.0006 | Test Hits@20: 0.0003 | Best Val: 0.0006 (epoch 105) | LR: 0.010000 🔥
2025-12-07 23:36:26,991 - GraphSAGE-Baseline Epoch 0110/200 [Random Neg] | Loss: 0.9144 | Val Hits@20: 0.0006 | Test Hits@20: 0.0003 | Best Val: 0.0006 (epoch 110) | LR: 0.010000 🔥
2025-12-07 23:36:34,291 - GraphSAGE-Baseline Epoch 0115/200 [Random Neg] | Loss: 0.9097 | Val Hits@20: 0.0007 | Test Hits@20: 0.0003 | Best Val: 0.0007 (epoch 115) | LR: 0.010000 🔥
2025-12-07 23:36:41,584 - GraphSAGE-Baseline Epoch 0120/200 [Random Neg] | Loss: 0.9248 | Val Hits@20: 0.0008 | Test Hits@20: 0.0003 | Best Val: 0.0008 (epoch 120) | LR: 0.010000 🔥
2025-12-07 23:36:48,881 - GraphSAGE-Baseline Epoch 0125/200 [Random Neg] | Loss: 0.9232 | Val Hits@20: 0.0010 | Test Hits@20: 0.0003 | Best Val: 0.0010 (epoch 125) | LR: 0.010000 🔥
2025-12-07 23:36:56,181 - GraphSAGE-Baseline Epoch 0130/200 [Random Neg] | Loss: 0.9238 | Val Hits@20: 0.0011 | Test Hits@20: 0.0003 | Best Val: 0.0011 (epoch 130) | LR: 0.010000 🔥
2025-12-07 23:37:03,514 - GraphSAGE-Baseline Epoch 0135/200 [Random Neg] | Loss: 0.9103 | Val Hits@20: 0.0012 | Test Hits@20: 0.0003 | Best Val: 0.0012 (epoch 135) | LR: 0.010000 🔥
2025-12-07 23:37:10,833 - GraphSAGE-Baseline Epoch 0140/200 [Random Neg] | Loss: 0.9084 | Val Hits@20: 0.0011 | Test Hits@20: 0.0003 | Best Val: 0.0012 (epoch 135) | LR: 0.010000 
2025-12-07 23:37:18,136 - GraphSAGE-Baseline Epoch 0145/200 [Random Neg] | Loss: 0.9006 | Val Hits@20: 0.0012 | Test Hits@20: 0.0004 | Best Val: 0.0012 (epoch 145) | LR: 0.010000 🔥
2025-12-07 23:37:25,453 - GraphSAGE-Baseline Epoch 0150/200 [Random Neg] | Loss: 0.8972 | Val Hits@20: 0.0013 | Test Hits@20: 0.0005 | Best Val: 0.0013 (epoch 150) | LR: 0.010000 🔥
2025-12-07 23:37:32,769 - GraphSAGE-Baseline Epoch 0155/200 [Random Neg] | Loss: 0.8946 | Val Hits@20: 0.0013 | Test Hits@20: 0.0006 | Best Val: 0.0013 (epoch 155) | LR: 0.010000 🔥
2025-12-07 23:37:40,064 - GraphSAGE-Baseline Epoch 0160/200 [Random Neg] | Loss: 0.8951 | Val Hits@20: 0.0013 | Test Hits@20: 0.0005 | Best Val: 0.0013 (epoch 155) | LR: 0.010000 
2025-12-07 23:37:47,369 - GraphSAGE-Baseline Epoch 0165/200 [Random Neg] | Loss: 0.8880 | Val Hits@20: 0.0013 | Test Hits@20: 0.0006 | Best Val: 0.0013 (epoch 155) | LR: 0.010000 
2025-12-07 23:37:54,685 - GraphSAGE-Baseline Epoch 0170/200 [Random Neg] | Loss: 0.8887 | Val Hits@20: 0.0013 | Test Hits@20: 0.0005 | Best Val: 0.0013 (epoch 155) | LR: 0.010000 
2025-12-07 23:38:01,965 - GraphSAGE-Baseline Epoch 0175/200 [Random Neg] | Loss: 0.8867 | Val Hits@20: 0.0014 | Test Hits@20: 0.0006 | Best Val: 0.0014 (epoch 175) | LR: 0.010000 🔥
2025-12-07 23:38:09,292 - GraphSAGE-Baseline Epoch 0180/200 [Random Neg] | Loss: 0.8839 | Val Hits@20: 0.0015 | Test Hits@20: 0.0006 | Best Val: 0.0015 (epoch 180) | LR: 0.010000 🔥
2025-12-07 23:38:16,610 - GraphSAGE-Baseline Epoch 0185/200 [Random Neg] | Loss: 0.8889 | Val Hits@20: 0.0015 | Test Hits@20: 0.0005 | Best Val: 0.0015 (epoch 180) | LR: 0.010000 
2025-12-07 23:38:23,886 - GraphSAGE-Baseline Epoch 0190/200 [Random Neg] | Loss: 0.8803 | Val Hits@20: 0.0014 | Test Hits@20: 0.0005 | Best Val: 0.0015 (epoch 180) | LR: 0.010000 
2025-12-07 23:38:31,189 - GraphSAGE-Baseline Epoch 0195/200 [Random Neg] | Loss: 0.8844 | Val Hits@20: 0.0013 | Test Hits@20: 0.0005 | Best Val: 0.0015 (epoch 180) | LR: 0.010000 
2025-12-07 23:38:38,531 - GraphSAGE-Baseline Epoch 0200/200 [Random Neg] | Loss: 0.8757 | Val Hits@20: 0.0015 | Test Hits@20: 0.0005 | Best Val: 0.0015 (epoch 180) | LR: 0.010000 
2025-12-07 23:38:38,531 - GraphSAGE-Baseline FINAL: Best Val Hits@20 = 0.0015 | Test Hits@20 = 0.0006 (at epoch 180)
2025-12-07 23:38:38,531 - 
================================================================================
2025-12-07 23:38:38,531 - Training GraphTransformer Baseline
2025-12-07 23:38:38,531 - ================================================================================
2025-12-07 23:38:38,570 - Starting training for GraphTransformer-Baseline (epochs=200, lr=0.005, patience=20, hard_neg=False)
2025-12-07 23:38:38,570 - Model description: Graph Transformer with multi-head self-attention and position-aware edge encoding | hidden_dim=128, num_layers=2, heads=4, dropout=0.5, decoder_dropout=0.3, decoder=simple
2025-12-07 23:38:38,570 - Memory optimization: batch_size=50000, gradient_accumulation=1
2025-12-07 23:38:38,572 - Initialized EMA with decay=0.999 for stable checkpointing
2025-12-07 23:38:40,196 - GraphTransformer-Baseline Epoch 0001/200 [Random Neg] | Loss: 1.4672 | Val Hits@20: 0.0001 | Test Hits@20: 0.0000 | Best Val: 0.0001 (epoch 1) | LR: 0.005000 🔥
2025-12-07 23:38:46,380 - GraphTransformer-Baseline Epoch 0005/200 [Random Neg] | Loss: 1.4124 | Val Hits@20: 0.0001 | Test Hits@20: 0.0000 | Best Val: 0.0001 (epoch 5) | LR: 0.005000 🔥
2025-12-07 23:38:54,116 - GraphTransformer-Baseline Epoch 0010/200 [Random Neg] | Loss: 1.3825 | Val Hits@20: 0.0001 | Test Hits@20: 0.0000 | Best Val: 0.0001 (epoch 10) | LR: 0.005000 🔥
2025-12-07 23:39:01,894 - GraphTransformer-Baseline Epoch 0015/200 [Random Neg] | Loss: 1.2770 | Val Hits@20: 0.0001 | Test Hits@20: 0.0000 | Best Val: 0.0001 (epoch 10) | LR: 0.005000 
2025-12-07 23:39:09,630 - GraphTransformer-Baseline Epoch 0020/200 [Random Neg] | Loss: 1.2215 | Val Hits@20: 0.0002 | Test Hits@20: 0.0000 | Best Val: 0.0002 (epoch 20) | LR: 0.005000 🔥
2025-12-07 23:39:17,379 - GraphTransformer-Baseline Epoch 0025/200 [Random Neg] | Loss: 1.1646 | Val Hits@20: 0.0002 | Test Hits@20: 0.0001 | Best Val: 0.0002 (epoch 25) | LR: 0.005000 🔥
2025-12-07 23:39:25,153 - GraphTransformer-Baseline Epoch 0030/200 [Random Neg] | Loss: 1.1179 | Val Hits@20: 0.0003 | Test Hits@20: 0.0001 | Best Val: 0.0003 (epoch 30) | LR: 0.005000 🔥
2025-12-07 23:39:32,906 - GraphTransformer-Baseline Epoch 0035/200 [Random Neg] | Loss: 1.0913 | Val Hits@20: 0.0003 | Test Hits@20: 0.0002 | Best Val: 0.0003 (epoch 35) | LR: 0.005000 🔥
2025-12-07 23:39:40,666 - GraphTransformer-Baseline Epoch 0040/200 [Random Neg] | Loss: 1.0698 | Val Hits@20: 0.0003 | Test Hits@20: 0.0002 | Best Val: 0.0003 (epoch 40) | LR: 0.005000 🔥
2025-12-07 23:39:48,403 - GraphTransformer-Baseline Epoch 0045/200 [Random Neg] | Loss: 1.0517 | Val Hits@20: 0.0003 | Test Hits@20: 0.0002 | Best Val: 0.0003 (epoch 40) | LR: 0.005000 
2025-12-07 23:39:56,105 - GraphTransformer-Baseline Epoch 0050/200 [Random Neg] | Loss: 1.0348 | Val Hits@20: 0.0003 | Test Hits@20: 0.0002 | Best Val: 0.0003 (epoch 40) | LR: 0.005000 
2025-12-07 23:40:03,849 - GraphTransformer-Baseline Epoch 0055/200 [Random Neg] | Loss: 1.0175 | Val Hits@20: 0.0003 | Test Hits@20: 0.0002 | Best Val: 0.0003 (epoch 40) | LR: 0.005000 
2025-12-07 23:40:11,580 - GraphTransformer-Baseline Epoch 0060/200 [Random Neg] | Loss: 1.0008 | Val Hits@20: 0.0003 | Test Hits@20: 0.0003 | Best Val: 0.0003 (epoch 40) | LR: 0.005000 
2025-12-07 23:40:19,334 - GraphTransformer-Baseline Epoch 0065/200 [Random Neg] | Loss: 0.9855 | Val Hits@20: 0.0004 | Test Hits@20: 0.0004 | Best Val: 0.0004 (epoch 65) | LR: 0.005000 🔥
2025-12-07 23:40:27,151 - GraphTransformer-Baseline Epoch 0070/200 [Random Neg] | Loss: 0.9724 | Val Hits@20: 0.0004 | Test Hits@20: 0.0005 | Best Val: 0.0004 (epoch 70) | LR: 0.005000 🔥
2025-12-07 23:40:34,884 - GraphTransformer-Baseline Epoch 0075/200 [Random Neg] | Loss: 0.9580 | Val Hits@20: 0.0004 | Test Hits@20: 0.0005 | Best Val: 0.0004 (epoch 75) | LR: 0.005000 🔥
2025-12-07 23:40:42,627 - GraphTransformer-Baseline Epoch 0080/200 [Random Neg] | Loss: 0.9519 | Val Hits@20: 0.0005 | Test Hits@20: 0.0005 | Best Val: 0.0005 (epoch 80) | LR: 0.005000 🔥
2025-12-07 23:40:50,308 - GraphTransformer-Baseline Epoch 0085/200 [Random Neg] | Loss: 0.9460 | Val Hits@20: 0.0005 | Test Hits@20: 0.0005 | Best Val: 0.0005 (epoch 85) | LR: 0.005000 🔥
2025-12-07 23:40:57,976 - GraphTransformer-Baseline Epoch 0090/200 [Random Neg] | Loss: 0.9310 | Val Hits@20: 0.0005 | Test Hits@20: 0.0006 | Best Val: 0.0005 (epoch 85) | LR: 0.005000 
2025-12-07 23:41:05,636 - GraphTransformer-Baseline Epoch 0095/200 [Random Neg] | Loss: 0.9232 | Val Hits@20: 0.0005 | Test Hits@20: 0.0008 | Best Val: 0.0005 (epoch 85) | LR: 0.005000 
2025-12-07 23:41:13,313 - GraphTransformer-Baseline Epoch 0100/200 [Random Neg] | Loss: 0.9190 | Val Hits@20: 0.0005 | Test Hits@20: 0.0008 | Best Val: 0.0005 (epoch 85) | LR: 0.005000 
2025-12-07 23:41:20,939 - GraphTransformer-Baseline Epoch 0105/200 [Random Neg] | Loss: 0.9162 | Val Hits@20: 0.0006 | Test Hits@20: 0.0009 | Best Val: 0.0006 (epoch 105) | LR: 0.005000 🔥
2025-12-07 23:41:28,710 - GraphTransformer-Baseline Epoch 0110/200 [Random Neg] | Loss: 0.9128 | Val Hits@20: 0.0007 | Test Hits@20: 0.0010 | Best Val: 0.0007 (epoch 110) | LR: 0.005000 🔥
2025-12-07 23:41:36,478 - GraphTransformer-Baseline Epoch 0115/200 [Random Neg] | Loss: 0.9070 | Val Hits@20: 0.0008 | Test Hits@20: 0.0010 | Best Val: 0.0008 (epoch 115) | LR: 0.005000 🔥
2025-12-07 23:41:44,244 - GraphTransformer-Baseline Epoch 0120/200 [Random Neg] | Loss: 0.9071 | Val Hits@20: 0.0010 | Test Hits@20: 0.0011 | Best Val: 0.0010 (epoch 120) | LR: 0.005000 🔥
2025-12-07 23:41:52,060 - GraphTransformer-Baseline Epoch 0125/200 [Random Neg] | Loss: 0.9072 | Val Hits@20: 0.0010 | Test Hits@20: 0.0011 | Best Val: 0.0010 (epoch 125) | LR: 0.005000 🔥
2025-12-07 23:41:59,866 - GraphTransformer-Baseline Epoch 0130/200 [Random Neg] | Loss: 0.9012 | Val Hits@20: 0.0011 | Test Hits@20: 0.0012 | Best Val: 0.0011 (epoch 130) | LR: 0.005000 🔥
2025-12-07 23:42:07,600 - GraphTransformer-Baseline Epoch 0135/200 [Random Neg] | Loss: 0.8972 | Val Hits@20: 0.0011 | Test Hits@20: 0.0013 | Best Val: 0.0011 (epoch 135) | LR: 0.005000 🔥
2025-12-07 23:42:15,307 - GraphTransformer-Baseline Epoch 0140/200 [Random Neg] | Loss: 0.8977 | Val Hits@20: 0.0012 | Test Hits@20: 0.0014 | Best Val: 0.0012 (epoch 140) | LR: 0.005000 🔥
2025-12-07 23:42:23,054 - GraphTransformer-Baseline Epoch 0145/200 [Random Neg] | Loss: 0.8942 | Val Hits@20: 0.0014 | Test Hits@20: 0.0015 | Best Val: 0.0014 (epoch 145) | LR: 0.005000 🔥
2025-12-07 23:42:30,767 - GraphTransformer-Baseline Epoch 0150/200 [Random Neg] | Loss: 0.8986 | Val Hits@20: 0.0013 | Test Hits@20: 0.0015 | Best Val: 0.0014 (epoch 145) | LR: 0.005000 
2025-12-07 23:42:38,476 - GraphTransformer-Baseline Epoch 0155/200 [Random Neg] | Loss: 0.8950 | Val Hits@20: 0.0015 | Test Hits@20: 0.0014 | Best Val: 0.0015 (epoch 155) | LR: 0.005000 🔥
2025-12-07 23:42:46,158 - GraphTransformer-Baseline Epoch 0160/200 [Random Neg] | Loss: 0.8893 | Val Hits@20: 0.0016 | Test Hits@20: 0.0015 | Best Val: 0.0016 (epoch 160) | LR: 0.005000 🔥
2025-12-07 23:42:53,921 - GraphTransformer-Baseline Epoch 0165/200 [Random Neg] | Loss: 0.8900 | Val Hits@20: 0.0017 | Test Hits@20: 0.0016 | Best Val: 0.0017 (epoch 165) | LR: 0.005000 🔥
2025-12-07 23:43:01,685 - GraphTransformer-Baseline Epoch 0170/200 [Random Neg] | Loss: 0.8931 | Val Hits@20: 0.0019 | Test Hits@20: 0.0018 | Best Val: 0.0019 (epoch 170) | LR: 0.005000 🔥
2025-12-07 23:43:09,477 - GraphTransformer-Baseline Epoch 0175/200 [Random Neg] | Loss: 0.8898 | Val Hits@20: 0.0022 | Test Hits@20: 0.0020 | Best Val: 0.0022 (epoch 175) | LR: 0.005000 🔥
2025-12-07 23:43:17,311 - GraphTransformer-Baseline Epoch 0180/200 [Random Neg] | Loss: 0.8839 | Val Hits@20: 0.0023 | Test Hits@20: 0.0022 | Best Val: 0.0023 (epoch 180) | LR: 0.005000 🔥
