2025-11-10 21:04:07,572 - Using device: cpu
2025-11-10 21:04:07,572 - Logging results to: logs/results_20251110_210407.log
2025-11-10 21:04:07,572 - Loading dataset ogbl-ddi...
2025-11-10 21:04:09,499 - Dataset loaded: 4267 nodes
2025-11-10 21:04:09,546 - Starting training for GCN (epochs=1000, lr=0.001)
2025-11-10 21:04:43,722 - GCN Epoch 5/1000 - Loss = 3.5795
2025-11-10 21:05:17,740 - GCN Epoch 10/1000 - Loss = 2.3896
2025-11-10 21:05:51,799 - GCN Epoch 15/1000 - Loss = 1.9974
2025-11-10 21:06:25,799 - GCN Epoch 20/1000 - Loss = 2.0372
2025-11-10 21:06:59,791 - GCN Epoch 25/1000 - Loss = 1.7239
2025-11-10 21:07:34,995 - GCN Epoch 30/1000 - Loss = 1.7662
2025-11-10 21:08:08,994 - GCN Epoch 35/1000 - Loss = 1.6995
2025-11-10 21:08:43,189 - GCN Epoch 40/1000 - Loss = 1.4869
2025-11-10 21:09:17,888 - GCN Epoch 45/1000 - Loss = 1.9398
2025-11-10 21:09:53,598 - GCN Epoch 50/1000 - Loss = 1.4336
2025-11-10 21:10:28,497 - GCN Epoch 55/1000 - Loss = 1.6082
2025-11-10 21:11:02,790 - GCN Epoch 60/1000 - Loss = 1.4819
2025-11-10 21:11:37,156 - GCN Epoch 65/1000 - Loss = 1.4816
2025-11-10 21:12:11,316 - GCN Epoch 70/1000 - Loss = 1.5008
2025-11-10 21:12:45,461 - GCN Epoch 75/1000 - Loss = 1.7086
2025-11-10 21:13:19,725 - GCN Epoch 80/1000 - Loss = 1.4411
2025-11-10 21:13:53,882 - GCN Epoch 85/1000 - Loss = 1.7192
2025-11-10 21:14:28,059 - GCN Epoch 90/1000 - Loss = 1.3573
2025-11-10 21:15:02,291 - GCN Epoch 95/1000 - Loss = 1.7076
2025-11-10 21:15:36,464 - GCN Epoch 100/1000 - Loss = 1.6518
2025-11-10 21:16:10,715 - GCN Epoch 105/1000 - Loss = 1.4677
2025-11-10 21:16:44,866 - GCN Epoch 110/1000 - Loss = 1.3390
2025-11-10 21:17:19,019 - GCN Epoch 115/1000 - Loss = 1.4812
2025-11-10 21:17:53,572 - GCN Epoch 120/1000 - Loss = 1.4316
2025-11-10 21:18:28,968 - GCN Epoch 125/1000 - Loss = 1.3759
2025-11-10 21:19:05,683 - GCN Epoch 130/1000 - Loss = 1.3078
2025-11-10 21:19:42,247 - GCN Epoch 135/1000 - Loss = 1.5701
2025-11-10 21:20:16,884 - GCN Epoch 140/1000 - Loss = 1.6310
2025-11-10 21:20:51,443 - GCN Epoch 145/1000 - Loss = 1.4045
