2025-12-10 10:51:04 - OGBL-DDI Link Prediction - GCN with External Features
2025-12-10 10:51:04 - Device: cuda:0
2025-12-10 10:51:04 - Log directory: logs/ddi_gcn_all_20251210_105104
2025-12-10 10:51:04 - ================================================================================
2025-12-10 10:51:05 - Dataset: 4267 nodes, 2135822 edges
2025-12-10 10:51:05 - Train edges: 1067911
2025-12-10 10:51:05 - Valid edges: 133489 pos, 101882 neg
2025-12-10 10:51:05 - Test edges: 133489 pos, 95599 neg
2025-12-10 10:51:05 - Loading external features...
2025-12-10 10:51:05 - Loading cached Morgan features from data/morgan_features.pt
2025-12-10 10:51:05 -   Morgan fingerprints: 2048 dims
2025-12-10 10:51:05 - Loaded PubChem features: shape=(4267, 9)
2025-12-10 10:51:05 -   PubChem properties: 9 dims
2025-12-10 10:51:05 - Loaded ChemBERTa features: shape=torch.Size([4267, 768])
2025-12-10 10:51:05 -   ChemBERTa embeddings: 768 dims
2025-12-10 10:51:05 - Loaded drug-target features: shape=torch.Size([4267, 229])
2025-12-10 10:51:05 -   Drug-target features: 229 dims
2025-12-10 10:51:05 - Combined features: 3054 dims total
2025-12-10 10:51:05 - Loaded features: {'morgan': 2048, 'pubchem': 9, 'chemberta': 768, 'drug_targets': 229}
2025-12-10 10:51:05 - Total feature dimension: 3054
2025-12-10 10:51:06 - ================================================================================
2025-12-10 10:51:06 - Model Configuration:
2025-12-10 10:51:06 -   architecture: GCN + MLP
2025-12-10 10:51:06 -   num_layers: 2
2025-12-10 10:51:06 -   hidden_channels: 256
2025-12-10 10:51:06 -   dropout: 0.5
2025-12-10 10:51:06 -   fusion: concat
2025-12-10 10:51:06 -   external_features: ['morgan', 'pubchem', 'chemberta', 'drug_targets']
2025-12-10 10:51:06 - Training Configuration:
2025-12-10 10:51:06 -   epochs: 2000
2025-12-10 10:51:06 -   lr: 0.005
2025-12-10 10:51:06 -   batch_size: 65536
2025-12-10 10:51:06 -   eval_steps: 5
2025-12-10 10:51:06 -   runs: 1
2025-12-10 10:51:06 - ================================================================================
2025-12-10 10:51:20 - [GCN] Epoch 0005 | loss 0.8543 | val@20 0.0524 | test@20 0.0615 | best 0.0524 (ep 5)
2025-12-10 10:51:33 - [GCN] Epoch 0010 | loss 0.6950 | val@20 0.0729 | test@20 0.0830 | best 0.0729 (ep 10)
2025-12-10 10:51:46 - [GCN] Epoch 0015 | loss 0.6469 | val@20 0.1232 | test@20 0.0286 | best 0.1232 (ep 15)
2025-12-10 10:51:59 - [GCN] Epoch 0020 | loss 0.5651 | val@20 0.1831 | test@20 0.1698 | best 0.1831 (ep 20)
2025-12-10 10:52:12 - [GCN] Epoch 0025 | loss 0.5164 | val@20 0.2465 | test@20 0.1133 | best 0.2465 (ep 25)
2025-12-10 10:52:25 - [GCN] Epoch 0030 | loss 0.4890 | val@20 0.1472 | test@20 0.0631 | best 0.2465 (ep 25)
2025-12-10 10:52:38 - [GCN] Epoch 0035 | loss 0.4544 | val@20 0.2130 | test@20 0.1207 | best 0.2465 (ep 25)
2025-12-10 10:52:51 - [GCN] Epoch 0040 | loss 0.4121 | val@20 0.2987 | test@20 0.1822 | best 0.2987 (ep 40)
2025-12-10 10:53:05 - [GCN] Epoch 0045 | loss 0.3678 | val@20 0.2754 | test@20 0.1879 | best 0.2987 (ep 40)
2025-12-10 10:53:18 - [GCN] Epoch 0050 | loss 0.3305 | val@20 0.2705 | test@20 0.2107 | best 0.2987 (ep 40)
2025-12-10 10:53:31 - [GCN] Epoch 0055 | loss 0.3233 | val@20 0.2317 | test@20 0.1886 | best 0.2987 (ep 40)
2025-12-10 10:53:44 - [GCN] Epoch 0060 | loss 0.2943 | val@20 0.4348 | test@20 0.2561 | best 0.4348 (ep 60)
2025-12-10 10:53:56 - [GCN] Epoch 0065 | loss 0.2845 | val@20 0.3343 | test@20 0.2244 | best 0.4348 (ep 60)
2025-12-10 10:54:10 - [GCN] Epoch 0070 | loss 0.2722 | val@20 0.4043 | test@20 0.3784 | best 0.4348 (ep 60)
2025-12-10 10:54:23 - [GCN] Epoch 0075 | loss 0.2599 | val@20 0.3232 | test@20 0.2884 | best 0.4348 (ep 60)
2025-12-10 10:54:36 - [GCN] Epoch 0080 | loss 0.2587 | val@20 0.3126 | test@20 0.3765 | best 0.4348 (ep 60)
2025-12-10 10:54:49 - [GCN] Epoch 0085 | loss 0.2463 | val@20 0.4369 | test@20 0.3608 | best 0.4369 (ep 85)
2025-12-10 10:55:01 - [GCN] Epoch 0090 | loss 0.2448 | val@20 0.3210 | test@20 0.3070 | best 0.4369 (ep 85)
2025-12-10 10:55:15 - [GCN] Epoch 0095 | loss 0.2361 | val@20 0.3285 | test@20 0.2648 | best 0.4369 (ep 85)
2025-12-10 10:55:28 - [GCN] Epoch 0100 | loss 0.2436 | val@20 0.2162 | test@20 0.2757 | best 0.4369 (ep 85)
2025-12-10 10:55:41 - [GCN] Epoch 0105 | loss 0.2307 | val@20 0.5405 | test@20 0.4291 | best 0.5405 (ep 105)
2025-12-10 10:55:54 - [GCN] Epoch 0110 | loss 0.2264 | val@20 0.4754 | test@20 0.5188 | best 0.5405 (ep 105)
2025-12-10 10:56:08 - [GCN] Epoch 0115 | loss 0.2274 | val@20 0.3708 | test@20 0.4095 | best 0.5405 (ep 105)
2025-12-10 10:56:21 - [GCN] Epoch 0120 | loss 0.2173 | val@20 0.4299 | test@20 0.4710 | best 0.5405 (ep 105)
2025-12-10 10:56:34 - [GCN] Epoch 0125 | loss 0.2173 | val@20 0.5038 | test@20 0.4208 | best 0.5405 (ep 105)
2025-12-10 10:56:47 - [GCN] Epoch 0130 | loss 0.2161 | val@20 0.4192 | test@20 0.3721 | best 0.5405 (ep 105)
2025-12-10 10:57:00 - [GCN] Epoch 0135 | loss 0.2149 | val@20 0.3048 | test@20 0.2599 | best 0.5405 (ep 105)
2025-12-10 10:57:13 - [GCN] Epoch 0140 | loss 0.2151 | val@20 0.3706 | test@20 0.3906 | best 0.5405 (ep 105)
2025-12-10 10:57:26 - [GCN] Epoch 0145 | loss 0.2056 | val@20 0.3085 | test@20 0.3372 | best 0.5405 (ep 105)
2025-12-10 10:57:39 - [GCN] Epoch 0150 | loss 0.2093 | val@20 0.3862 | test@20 0.3278 | best 0.5405 (ep 105)
2025-12-10 10:57:52 - [GCN] Epoch 0155 | loss 0.2044 | val@20 0.6055 | test@20 0.4702 | best 0.6055 (ep 155)
2025-12-10 10:58:06 - [GCN] Epoch 0160 | loss 0.2041 | val@20 0.4923 | test@20 0.5400 | best 0.6055 (ep 155)
2025-12-10 10:58:19 - [GCN] Epoch 0165 | loss 0.2014 | val@20 0.5028 | test@20 0.5312 | best 0.6055 (ep 155)
2025-12-10 10:58:32 - [GCN] Epoch 0170 | loss 0.2008 | val@20 0.5635 | test@20 0.5450 | best 0.6055 (ep 155)
2025-12-10 10:58:45 - [GCN] Epoch 0175 | loss 0.1989 | val@20 0.5182 | test@20 0.4822 | best 0.6055 (ep 155)
2025-12-10 10:58:58 - [GCN] Epoch 0180 | loss 0.1983 | val@20 0.3963 | test@20 0.4604 | best 0.6055 (ep 155)
2025-12-10 10:59:11 - [GCN] Epoch 0185 | loss 0.1952 | val@20 0.4580 | test@20 0.4941 | best 0.6055 (ep 155)
2025-12-10 10:59:24 - [GCN] Epoch 0190 | loss 0.1945 | val@20 0.5712 | test@20 0.5528 | best 0.6055 (ep 155)
2025-12-10 10:59:36 - [GCN] Epoch 0195 | loss 0.1933 | val@20 0.5650 | test@20 0.7104 | best 0.6055 (ep 155)
2025-12-10 10:59:50 - [GCN] Epoch 0200 | loss 0.1910 | val@20 0.4427 | test@20 0.5356 | best 0.6055 (ep 155)
2025-12-10 11:00:03 - [GCN] Epoch 0205 | loss 0.1881 | val@20 0.5664 | test@20 0.6107 | best 0.6055 (ep 155)
2025-12-10 11:00:17 - [GCN] Epoch 0210 | loss 0.1903 | val@20 0.5009 | test@20 0.6067 | best 0.6055 (ep 155)
2025-12-10 11:00:29 - [GCN] Epoch 0215 | loss 0.1867 | val@20 0.5434 | test@20 0.6292 | best 0.6055 (ep 155)
2025-12-10 11:00:42 - [GCN] Epoch 0220 | loss 0.1883 | val@20 0.4435 | test@20 0.5525 | best 0.6055 (ep 155)
2025-12-10 11:00:55 - [GCN] Epoch 0225 | loss 0.1843 | val@20 0.5992 | test@20 0.6765 | best 0.6055 (ep 155)
2025-12-10 11:01:12 - [GCN] Epoch 0230 | loss 0.1875 | val@20 0.5552 | test@20 0.4884 | best 0.6055 (ep 155)
2025-12-10 11:01:25 - [GCN] Epoch 0235 | loss 0.1844 | val@20 0.5841 | test@20 0.7471 | best 0.6055 (ep 155)
2025-12-10 11:01:38 - [GCN] Epoch 0240 | loss 0.1850 | val@20 0.5944 | test@20 0.7234 | best 0.6055 (ep 155)
2025-12-10 11:01:51 - [GCN] Epoch 0245 | loss 0.1807 | val@20 0.5573 | test@20 0.6333 | best 0.6055 (ep 155)
2025-12-10 11:02:06 - [GCN] Epoch 0250 | loss 0.1799 | val@20 0.5007 | test@20 0.6275 | best 0.6055 (ep 155)
2025-12-10 11:02:18 - [GCN] Epoch 0255 | loss 0.1802 | val@20 0.5577 | test@20 0.7100 | best 0.6055 (ep 155)
2025-12-10 11:02:31 - [GCN] Epoch 0260 | loss 0.1817 | val@20 0.5126 | test@20 0.4747 | best 0.6055 (ep 155)
2025-12-10 11:02:44 - [GCN] Epoch 0265 | loss 0.1812 | val@20 0.4665 | test@20 0.6268 | best 0.6055 (ep 155)
2025-12-10 11:02:57 - [GCN] Epoch 0270 | loss 0.1800 | val@20 0.5450 | test@20 0.5254 | best 0.6055 (ep 155)
2025-12-10 11:03:11 - [GCN] Epoch 0275 | loss 0.1770 | val@20 0.5734 | test@20 0.6758 | best 0.6055 (ep 155)
2025-12-10 11:03:23 - [GCN] Epoch 0280 | loss 0.1751 | val@20 0.4904 | test@20 0.5223 | best 0.6055 (ep 155)
2025-12-10 11:03:36 - [GCN] Epoch 0285 | loss 0.1751 | val@20 0.5678 | test@20 0.6330 | best 0.6055 (ep 155)
2025-12-10 11:03:49 - [GCN] Epoch 0290 | loss 0.1748 | val@20 0.5883 | test@20 0.5212 | best 0.6055 (ep 155)
2025-12-10 11:04:02 - [GCN] Epoch 0295 | loss 0.1780 | val@20 0.5222 | test@20 0.4251 | best 0.6055 (ep 155)
2025-12-10 11:04:15 - [GCN] Epoch 0300 | loss 0.1744 | val@20 0.5268 | test@20 0.4224 | best 0.6055 (ep 155)
2025-12-10 11:04:28 - [GCN] Epoch 0305 | loss 0.1747 | val@20 0.5842 | test@20 0.3697 | best 0.6055 (ep 155)
2025-12-10 11:04:41 - [GCN] Epoch 0310 | loss 0.1752 | val@20 0.5749 | test@20 0.4724 | best 0.6055 (ep 155)
2025-12-10 11:04:54 - [GCN] Epoch 0315 | loss 0.1697 | val@20 0.5537 | test@20 0.5014 | best 0.6055 (ep 155)
2025-12-10 11:05:08 - [GCN] Epoch 0320 | loss 0.1711 | val@20 0.6018 | test@20 0.5833 | best 0.6055 (ep 155)
2025-12-10 11:05:20 - [GCN] Epoch 0325 | loss 0.1678 | val@20 0.5459 | test@20 0.6379 | best 0.6055 (ep 155)
2025-12-10 11:05:33 - [GCN] Epoch 0330 | loss 0.1717 | val@20 0.5684 | test@20 0.3599 | best 0.6055 (ep 155)
2025-12-10 11:05:46 - [GCN] Epoch 0335 | loss 0.1717 | val@20 0.6114 | test@20 0.6199 | best 0.6114 (ep 335)
2025-12-10 11:05:59 - [GCN] Epoch 0340 | loss 0.1681 | val@20 0.6255 | test@20 0.4879 | best 0.6255 (ep 340)
2025-12-10 11:06:12 - [GCN] Epoch 0345 | loss 0.1665 | val@20 0.5467 | test@20 0.5319 | best 0.6255 (ep 340)
2025-12-10 11:06:25 - [GCN] Epoch 0350 | loss 0.1694 | val@20 0.6363 | test@20 0.6154 | best 0.6363 (ep 350)
2025-12-10 11:06:38 - [GCN] Epoch 0355 | loss 0.1694 | val@20 0.5706 | test@20 0.5133 | best 0.6363 (ep 350)
2025-12-10 11:06:51 - [GCN] Epoch 0360 | loss 0.1658 | val@20 0.6170 | test@20 0.4833 | best 0.6363 (ep 350)
2025-12-10 11:07:05 - [GCN] Epoch 0365 | loss 0.1662 | val@20 0.6092 | test@20 0.4992 | best 0.6363 (ep 350)
2025-12-10 11:07:17 - [GCN] Epoch 0370 | loss 0.1650 | val@20 0.5831 | test@20 0.4575 | best 0.6363 (ep 350)
2025-12-10 11:07:30 - [GCN] Epoch 0375 | loss 0.1668 | val@20 0.6281 | test@20 0.4534 | best 0.6363 (ep 350)
2025-12-10 11:07:44 - [GCN] Epoch 0380 | loss 0.1668 | val@20 0.5799 | test@20 0.3912 | best 0.6363 (ep 350)
2025-12-10 11:07:56 - [GCN] Epoch 0385 | loss 0.1655 | val@20 0.5865 | test@20 0.3101 | best 0.6363 (ep 350)
2025-12-10 11:08:10 - [GCN] Epoch 0390 | loss 0.1619 | val@20 0.6015 | test@20 0.5228 | best 0.6363 (ep 350)
2025-12-10 11:08:23 - [GCN] Epoch 0395 | loss 0.1625 | val@20 0.6568 | test@20 0.4935 | best 0.6568 (ep 395)
2025-12-10 11:08:35 - [GCN] Epoch 0400 | loss 0.1614 | val@20 0.6117 | test@20 0.3664 | best 0.6568 (ep 395)
2025-12-10 11:08:48 - [GCN] Epoch 0405 | loss 0.1630 | val@20 0.5996 | test@20 0.4136 | best 0.6568 (ep 395)
2025-12-10 11:09:01 - [GCN] Epoch 0410 | loss 0.1636 | val@20 0.6276 | test@20 0.5394 | best 0.6568 (ep 395)
2025-12-10 11:09:14 - [GCN] Epoch 0415 | loss 0.1609 | val@20 0.6328 | test@20 0.4726 | best 0.6568 (ep 395)
2025-12-10 11:09:27 - [GCN] Epoch 0420 | loss 0.1618 | val@20 0.5871 | test@20 0.4293 | best 0.6568 (ep 395)
2025-12-10 11:09:39 - [GCN] Epoch 0425 | loss 0.1629 | val@20 0.6557 | test@20 0.5157 | best 0.6568 (ep 395)
2025-12-10 11:09:52 - [GCN] Epoch 0430 | loss 0.1649 | val@20 0.5845 | test@20 0.4711 | best 0.6568 (ep 395)
2025-12-10 11:10:05 - [GCN] Epoch 0435 | loss 0.1647 | val@20 0.5490 | test@20 0.5678 | best 0.6568 (ep 395)
2025-12-10 11:10:18 - [GCN] Epoch 0440 | loss 0.1635 | val@20 0.6232 | test@20 0.3828 | best 0.6568 (ep 395)
2025-12-10 11:10:31 - [GCN] Epoch 0445 | loss 0.1614 | val@20 0.6538 | test@20 0.6056 | best 0.6568 (ep 395)
2025-12-10 11:10:44 - [GCN] Epoch 0450 | loss 0.1615 | val@20 0.6612 | test@20 0.5268 | best 0.6612 (ep 450)
2025-12-10 11:10:56 - [GCN] Epoch 0455 | loss 0.1613 | val@20 0.6010 | test@20 0.3313 | best 0.6612 (ep 450)
2025-12-10 11:11:12 - [GCN] Epoch 0460 | loss 0.1610 | val@20 0.6421 | test@20 0.5166 | best 0.6612 (ep 450)
2025-12-10 11:11:25 - [GCN] Epoch 0465 | loss 0.1822 | val@20 0.5295 | test@20 0.4163 | best 0.6612 (ep 450)
2025-12-10 11:11:37 - [GCN] Epoch 0470 | loss 0.1678 | val@20 0.5837 | test@20 0.3190 | best 0.6612 (ep 450)
2025-12-10 11:11:50 - [GCN] Epoch 0475 | loss 0.1644 | val@20 0.6264 | test@20 0.4997 | best 0.6612 (ep 450)
2025-12-10 11:12:04 - [GCN] Epoch 0480 | loss 0.1647 | val@20 0.6396 | test@20 0.4610 | best 0.6612 (ep 450)
2025-12-10 11:12:17 - [GCN] Epoch 0485 | loss 0.1634 | val@20 0.5851 | test@20 0.3477 | best 0.6612 (ep 450)
2025-12-10 11:12:29 - [GCN] Epoch 0490 | loss 0.1604 | val@20 0.5914 | test@20 0.3363 | best 0.6612 (ep 450)
2025-12-10 11:12:42 - [GCN] Epoch 0495 | loss 0.1625 | val@20 0.5889 | test@20 0.4429 | best 0.6612 (ep 450)
2025-12-10 11:12:55 - [GCN] Epoch 0500 | loss 0.1593 | val@20 0.6561 | test@20 0.6361 | best 0.6612 (ep 450)
2025-12-10 11:13:09 - [GCN] Epoch 0505 | loss 0.1580 | val@20 0.6509 | test@20 0.4592 | best 0.6612 (ep 450)
2025-12-10 11:13:22 - [GCN] Epoch 0510 | loss 0.1618 | val@20 0.6447 | test@20 0.5543 | best 0.6612 (ep 450)
2025-12-10 11:13:34 - [GCN] Epoch 0515 | loss 0.1584 | val@20 0.6253 | test@20 0.4224 | best 0.6612 (ep 450)
2025-12-10 11:13:47 - [GCN] Epoch 0520 | loss 0.1590 | val@20 0.6444 | test@20 0.3443 | best 0.6612 (ep 450)
2025-12-10 11:14:00 - [GCN] Epoch 0525 | loss 0.1599 | val@20 0.6239 | test@20 0.4199 | best 0.6612 (ep 450)
2025-12-10 11:14:13 - [GCN] Epoch 0530 | loss 0.1651 | val@20 0.5528 | test@20 0.7764 | best 0.6612 (ep 450)
2025-12-10 11:14:26 - [GCN] Epoch 0535 | loss 0.1590 | val@20 0.6283 | test@20 0.5424 | best 0.6612 (ep 450)
2025-12-10 11:14:38 - [GCN] Epoch 0540 | loss 0.1597 | val@20 0.6669 | test@20 0.5667 | best 0.6669 (ep 540)
2025-12-10 11:14:51 - [GCN] Epoch 0545 | loss 0.1620 | val@20 0.6524 | test@20 0.4058 | best 0.6669 (ep 540)
2025-12-10 11:15:04 - [GCN] Epoch 0550 | loss 0.1599 | val@20 0.5755 | test@20 0.3151 | best 0.6669 (ep 540)
2025-12-10 11:15:17 - [GCN] Epoch 0555 | loss 0.1599 | val@20 0.6111 | test@20 0.4424 | best 0.6669 (ep 540)
2025-12-10 11:15:30 - [GCN] Epoch 0560 | loss 0.1575 | val@20 0.6489 | test@20 0.4816 | best 0.6669 (ep 540)
2025-12-10 11:15:43 - [GCN] Epoch 0565 | loss 0.1577 | val@20 0.6627 | test@20 0.3762 | best 0.6669 (ep 540)
2025-12-10 11:15:55 - [GCN] Epoch 0570 | loss 0.1584 | val@20 0.6772 | test@20 0.3707 | best 0.6772 (ep 570)
2025-12-10 11:16:09 - [GCN] Epoch 0575 | loss 0.1592 | val@20 0.6751 | test@20 0.4717 | best 0.6772 (ep 570)
2025-12-10 11:16:22 - [GCN] Epoch 0580 | loss 0.1580 | val@20 0.6538 | test@20 0.3786 | best 0.6772 (ep 570)
2025-12-10 11:16:34 - [GCN] Epoch 0585 | loss 0.1578 | val@20 0.6356 | test@20 0.4240 | best 0.6772 (ep 570)
2025-12-10 11:16:47 - [GCN] Epoch 0590 | loss 0.1583 | val@20 0.6614 | test@20 0.4218 | best 0.6772 (ep 570)
2025-12-10 11:17:00 - [GCN] Epoch 0595 | loss 0.1575 | val@20 0.6192 | test@20 0.4090 | best 0.6772 (ep 570)
2025-12-10 11:17:13 - [GCN] Epoch 0600 | loss 0.1557 | val@20 0.6135 | test@20 0.5196 | best 0.6772 (ep 570)
2025-12-10 11:17:26 - [GCN] Epoch 0605 | loss 0.1568 | val@20 0.6330 | test@20 0.4882 | best 0.6772 (ep 570)
2025-12-10 11:17:38 - [GCN] Epoch 0610 | loss 0.1590 | val@20 0.6141 | test@20 0.3925 | best 0.6772 (ep 570)
2025-12-10 11:17:51 - [GCN] Epoch 0615 | loss 0.1571 | val@20 0.6338 | test@20 0.3395 | best 0.6772 (ep 570)
2025-12-10 11:18:04 - [GCN] Epoch 0620 | loss 0.1589 | val@20 0.5715 | test@20 0.4364 | best 0.6772 (ep 570)
2025-12-10 11:18:17 - [GCN] Epoch 0625 | loss 0.1571 | val@20 0.6528 | test@20 0.6233 | best 0.6772 (ep 570)
2025-12-10 11:18:29 - [GCN] Epoch 0630 | loss 0.1578 | val@20 0.6684 | test@20 0.4592 | best 0.6772 (ep 570)
2025-12-10 11:18:42 - [GCN] Epoch 0635 | loss 0.1557 | val@20 0.6510 | test@20 0.4320 | best 0.6772 (ep 570)
2025-12-10 11:18:55 - [GCN] Epoch 0640 | loss 0.1576 | val@20 0.5324 | test@20 0.6272 | best 0.6772 (ep 570)
2025-12-10 11:19:08 - [GCN] Epoch 0645 | loss 0.1565 | val@20 0.6241 | test@20 0.5433 | best 0.6772 (ep 570)
2025-12-10 11:19:21 - [GCN] Epoch 0650 | loss 0.1559 | val@20 0.6453 | test@20 0.4646 | best 0.6772 (ep 570)
2025-12-10 11:19:34 - [GCN] Epoch 0655 | loss 0.1574 | val@20 0.6615 | test@20 0.5216 | best 0.6772 (ep 570)
2025-12-10 11:19:47 - [GCN] Epoch 0660 | loss 0.1564 | val@20 0.6290 | test@20 0.4051 | best 0.6772 (ep 570)
2025-12-10 11:19:59 - [GCN] Epoch 0665 | loss 0.1551 | val@20 0.6574 | test@20 0.6099 | best 0.6772 (ep 570)
2025-12-10 11:20:13 - [GCN] Epoch 0670 | loss 0.1556 | val@20 0.6327 | test@20 0.6173 | best 0.6772 (ep 570)
2025-12-10 11:20:26 - [GCN] Epoch 0675 | loss 0.1555 | val@20 0.6379 | test@20 0.4274 | best 0.6772 (ep 570)
2025-12-10 11:20:39 - [GCN] Epoch 0680 | loss 0.1573 | val@20 0.6681 | test@20 0.4928 | best 0.6772 (ep 570)
2025-12-10 11:20:52 - [GCN] Epoch 0685 | loss 0.1554 | val@20 0.6472 | test@20 0.4474 | best 0.6772 (ep 570)
2025-12-10 11:21:07 - [GCN] Epoch 0690 | loss 0.1560 | val@20 0.6559 | test@20 0.7198 | best 0.6772 (ep 570)
2025-12-10 11:21:21 - [GCN] Epoch 0695 | loss 0.1553 | val@20 0.6873 | test@20 0.5127 | best 0.6873 (ep 695)
2025-12-10 11:21:34 - [GCN] Epoch 0700 | loss 0.1560 | val@20 0.6641 | test@20 0.5634 | best 0.6873 (ep 695)
2025-12-10 11:21:47 - [GCN] Epoch 0705 | loss 0.1549 | val@20 0.6568 | test@20 0.5731 | best 0.6873 (ep 695)
2025-12-10 11:22:00 - [GCN] Epoch 0710 | loss 0.1553 | val@20 0.6427 | test@20 0.5726 | best 0.6873 (ep 695)
2025-12-10 11:22:14 - [GCN] Epoch 0715 | loss 0.1538 | val@20 0.6437 | test@20 0.5092 | best 0.6873 (ep 695)
2025-12-10 11:22:26 - [GCN] Epoch 0720 | loss 0.1556 | val@20 0.6357 | test@20 0.4930 | best 0.6873 (ep 695)
2025-12-10 11:22:39 - [GCN] Epoch 0725 | loss 0.1557 | val@20 0.6422 | test@20 0.4464 | best 0.6873 (ep 695)
2025-12-10 11:22:52 - [GCN] Epoch 0730 | loss 0.1539 | val@20 0.6121 | test@20 0.4798 | best 0.6873 (ep 695)
2025-12-10 11:23:05 - [GCN] Epoch 0735 | loss 0.1552 | val@20 0.6598 | test@20 0.6699 | best 0.6873 (ep 695)
2025-12-10 11:23:18 - [GCN] Epoch 0740 | loss 0.1534 | val@20 0.6795 | test@20 0.7273 | best 0.6873 (ep 695)
2025-12-10 11:23:31 - [GCN] Epoch 0745 | loss 0.1551 | val@20 0.5781 | test@20 0.3379 | best 0.6873 (ep 695)
2025-12-10 11:23:44 - [GCN] Epoch 0750 | loss 0.1563 | val@20 0.6188 | test@20 0.5436 | best 0.6873 (ep 695)
2025-12-10 11:23:57 - [GCN] Epoch 0755 | loss 0.1547 | val@20 0.6601 | test@20 0.5468 | best 0.6873 (ep 695)
2025-12-10 11:24:10 - [GCN] Epoch 0760 | loss 0.1564 | val@20 0.5855 | test@20 0.4061 | best 0.6873 (ep 695)
2025-12-10 11:24:23 - [GCN] Epoch 0765 | loss 0.1543 | val@20 0.6420 | test@20 0.5790 | best 0.6873 (ep 695)
2025-12-10 11:24:36 - [GCN] Epoch 0770 | loss 0.1532 | val@20 0.6580 | test@20 0.6606 | best 0.6873 (ep 695)
2025-12-10 11:24:48 - [GCN] Epoch 0775 | loss 0.1557 | val@20 0.6471 | test@20 0.6114 | best 0.6873 (ep 695)
2025-12-10 11:25:02 - [GCN] Epoch 0780 | loss 0.1540 | val@20 0.6576 | test@20 0.5957 | best 0.6873 (ep 695)
2025-12-10 11:25:15 - [GCN] Epoch 0785 | loss 0.1556 | val@20 0.6198 | test@20 0.6404 | best 0.6873 (ep 695)
2025-12-10 11:25:28 - [GCN] Epoch 0790 | loss 0.1541 | val@20 0.6628 | test@20 0.4208 | best 0.6873 (ep 695)
2025-12-10 11:25:41 - [GCN] Epoch 0795 | loss 0.1536 | val@20 0.6597 | test@20 0.6313 | best 0.6873 (ep 695)
2025-12-10 11:25:54 - [GCN] Epoch 0800 | loss 0.1563 | val@20 0.6710 | test@20 0.5020 | best 0.6873 (ep 695)
2025-12-10 11:26:07 - [GCN] Epoch 0805 | loss 0.1545 | val@20 0.6362 | test@20 0.4965 | best 0.6873 (ep 695)
2025-12-10 11:26:20 - [GCN] Epoch 0810 | loss 0.1533 | val@20 0.5973 | test@20 0.5056 | best 0.6873 (ep 695)
2025-12-10 11:26:33 - [GCN] Epoch 0815 | loss 0.1536 | val@20 0.6236 | test@20 0.4065 | best 0.6873 (ep 695)
2025-12-10 11:26:46 - [GCN] Epoch 0820 | loss 0.1537 | val@20 0.6817 | test@20 0.3962 | best 0.6873 (ep 695)
2025-12-10 11:26:59 - [GCN] Epoch 0825 | loss 0.1547 | val@20 0.6164 | test@20 0.2813 | best 0.6873 (ep 695)
2025-12-10 11:27:12 - [GCN] Epoch 0830 | loss 0.1538 | val@20 0.6081 | test@20 0.3175 | best 0.6873 (ep 695)
2025-12-10 11:27:25 - [GCN] Epoch 0835 | loss 0.1524 | val@20 0.6742 | test@20 0.5907 | best 0.6873 (ep 695)
2025-12-10 11:27:38 - [GCN] Epoch 0840 | loss 0.1549 | val@20 0.6032 | test@20 0.4184 | best 0.6873 (ep 695)
2025-12-10 11:27:50 - [GCN] Epoch 0845 | loss 0.1530 | val@20 0.6713 | test@20 0.3452 | best 0.6873 (ep 695)
2025-12-10 11:28:04 - [GCN] Epoch 0850 | loss 0.1526 | val@20 0.6746 | test@20 0.6241 | best 0.6873 (ep 695)
2025-12-10 11:28:18 - [GCN] Epoch 0855 | loss 0.1520 | val@20 0.5998 | test@20 0.4990 | best 0.6873 (ep 695)
2025-12-10 11:28:30 - [GCN] Epoch 0860 | loss 0.1537 | val@20 0.6209 | test@20 0.4429 | best 0.6873 (ep 695)
2025-12-10 11:28:43 - [GCN] Epoch 0865 | loss 0.1527 | val@20 0.6509 | test@20 0.3451 | best 0.6873 (ep 695)
2025-12-10 11:28:57 - [GCN] Epoch 0870 | loss 0.1547 | val@20 0.5991 | test@20 0.6138 | best 0.6873 (ep 695)
2025-12-10 11:29:11 - [GCN] Epoch 0875 | loss 0.1542 | val@20 0.6346 | test@20 0.4459 | best 0.6873 (ep 695)
2025-12-10 11:29:24 - [GCN] Epoch 0880 | loss 0.1548 | val@20 0.6627 | test@20 0.6941 | best 0.6873 (ep 695)
2025-12-10 11:29:37 - [GCN] Epoch 0885 | loss 0.1534 | val@20 0.6194 | test@20 0.4338 | best 0.6873 (ep 695)
2025-12-10 11:29:49 - [GCN] Epoch 0890 | loss 0.1541 | val@20 0.6420 | test@20 0.6307 | best 0.6873 (ep 695)
2025-12-10 11:30:02 - [GCN] Epoch 0895 | loss 0.1542 | val@20 0.6713 | test@20 0.6388 | best 0.6873 (ep 695)
2025-12-10 11:30:15 - [GCN] Epoch 0900 | loss 0.1550 | val@20 0.6513 | test@20 0.7171 | best 0.6873 (ep 695)
2025-12-10 11:30:28 - [GCN] Epoch 0905 | loss 0.1538 | val@20 0.6610 | test@20 0.5755 | best 0.6873 (ep 695)
2025-12-10 11:30:41 - [GCN] Epoch 0910 | loss 0.1522 | val@20 0.6727 | test@20 0.7335 | best 0.6873 (ep 695)
2025-12-10 11:30:54 - [GCN] Epoch 0915 | loss 0.1505 | val@20 0.6667 | test@20 0.5641 | best 0.6873 (ep 695)
2025-12-10 11:31:10 - [GCN] Epoch 0920 | loss 0.1522 | val@20 0.6363 | test@20 0.5880 | best 0.6873 (ep 695)
2025-12-10 11:31:24 - [GCN] Epoch 0925 | loss 0.1538 | val@20 0.5485 | test@20 0.4353 | best 0.6873 (ep 695)
2025-12-10 11:31:37 - [GCN] Epoch 0930 | loss 0.1507 | val@20 0.6609 | test@20 0.6367 | best 0.6873 (ep 695)
2025-12-10 11:31:50 - [GCN] Epoch 0935 | loss 0.1517 | val@20 0.6633 | test@20 0.5962 | best 0.6873 (ep 695)
2025-12-10 11:32:03 - [GCN] Epoch 0940 | loss 0.1519 | val@20 0.6574 | test@20 0.4334 | best 0.6873 (ep 695)
2025-12-10 11:32:16 - [GCN] Epoch 0945 | loss 0.1563 | val@20 0.5260 | test@20 0.4001 | best 0.6873 (ep 695)
2025-12-10 11:32:29 - [GCN] Epoch 0950 | loss 0.1525 | val@20 0.5910 | test@20 0.5132 | best 0.6873 (ep 695)
2025-12-10 11:32:42 - [GCN] Epoch 0955 | loss 0.1505 | val@20 0.6586 | test@20 0.7072 | best 0.6873 (ep 695)
2025-12-10 11:32:55 - [GCN] Epoch 0960 | loss 0.1521 | val@20 0.6260 | test@20 0.5371 | best 0.6873 (ep 695)
2025-12-10 11:33:08 - [GCN] Epoch 0965 | loss 0.1538 | val@20 0.6483 | test@20 0.5143 | best 0.6873 (ep 695)
2025-12-10 11:33:20 - [GCN] Epoch 0970 | loss 0.1505 | val@20 0.6648 | test@20 0.6472 | best 0.6873 (ep 695)
2025-12-10 11:33:34 - [GCN] Epoch 0975 | loss 0.1523 | val@20 0.6769 | test@20 0.4014 | best 0.6873 (ep 695)
2025-12-10 11:33:47 - [GCN] Epoch 0980 | loss 0.1521 | val@20 0.6410 | test@20 0.5568 | best 0.6873 (ep 695)
2025-12-10 11:34:00 - [GCN] Epoch 0985 | loss 0.1500 | val@20 0.6464 | test@20 0.3981 | best 0.6873 (ep 695)
2025-12-10 11:34:13 - [GCN] Epoch 0990 | loss 0.1521 | val@20 0.6778 | test@20 0.4923 | best 0.6873 (ep 695)
2025-12-10 11:34:26 - [GCN] Epoch 0995 | loss 0.1514 | val@20 0.6748 | test@20 0.4922 | best 0.6873 (ep 695)
2025-12-10 11:34:38 - [GCN] Epoch 1000 | loss 0.1524 | val@20 0.5701 | test@20 0.3654 | best 0.6873 (ep 695)
2025-12-10 11:34:51 - [GCN] Epoch 1005 | loss 0.1514 | val@20 0.6401 | test@20 0.5461 | best 0.6873 (ep 695)
2025-12-10 11:35:05 - [GCN] Epoch 1010 | loss 0.1510 | val@20 0.6639 | test@20 0.4416 | best 0.6873 (ep 695)
2025-12-10 11:35:18 - [GCN] Epoch 1015 | loss 0.1510 | val@20 0.6550 | test@20 0.6997 | best 0.6873 (ep 695)
2025-12-10 11:35:31 - [GCN] Epoch 1020 | loss 0.1542 | val@20 0.6483 | test@20 0.5045 | best 0.6873 (ep 695)
2025-12-10 11:35:44 - [GCN] Epoch 1025 | loss 0.1534 | val@20 0.6742 | test@20 0.4465 | best 0.6873 (ep 695)
2025-12-10 11:35:57 - [GCN] Epoch 1030 | loss 0.1517 | val@20 0.6578 | test@20 0.5444 | best 0.6873 (ep 695)
2025-12-10 11:36:11 - [GCN] Epoch 1035 | loss 0.1515 | val@20 0.6492 | test@20 0.5182 | best 0.6873 (ep 695)
2025-12-10 11:36:23 - [GCN] Epoch 1040 | loss 0.1524 | val@20 0.6708 | test@20 0.3978 | best 0.6873 (ep 695)
2025-12-10 11:36:36 - [GCN] Epoch 1045 | loss 0.1515 | val@20 0.6892 | test@20 0.6416 | best 0.6892 (ep 1045)
2025-12-10 11:36:49 - [GCN] Epoch 1050 | loss 0.1510 | val@20 0.6710 | test@20 0.6141 | best 0.6892 (ep 1045)
2025-12-10 11:37:02 - [GCN] Epoch 1055 | loss 0.1519 | val@20 0.6634 | test@20 0.4097 | best 0.6892 (ep 1045)
2025-12-10 11:37:16 - [GCN] Epoch 1060 | loss 0.1518 | val@20 0.6784 | test@20 0.6810 | best 0.6892 (ep 1045)
2025-12-10 11:37:28 - [GCN] Epoch 1065 | loss 0.1508 | val@20 0.6496 | test@20 0.4272 | best 0.6892 (ep 1045)
2025-12-10 11:37:41 - [GCN] Epoch 1070 | loss 0.1507 | val@20 0.6540 | test@20 0.5930 | best 0.6892 (ep 1045)
2025-12-10 11:37:54 - [GCN] Epoch 1075 | loss 0.1509 | val@20 0.6789 | test@20 0.5986 | best 0.6892 (ep 1045)
2025-12-10 11:38:07 - [GCN] Epoch 1080 | loss 0.1513 | val@20 0.6660 | test@20 0.5255 | best 0.6892 (ep 1045)
2025-12-10 11:38:20 - [GCN] Epoch 1085 | loss 0.1498 | val@20 0.6350 | test@20 0.4312 | best 0.6892 (ep 1045)
2025-12-10 11:38:33 - [GCN] Epoch 1090 | loss 0.1505 | val@20 0.6697 | test@20 0.5007 | best 0.6892 (ep 1045)
2025-12-10 11:38:46 - [GCN] Epoch 1095 | loss 0.1525 | val@20 0.6557 | test@20 0.5667 | best 0.6892 (ep 1045)
2025-12-10 11:38:59 - [GCN] Epoch 1100 | loss 0.1497 | val@20 0.6737 | test@20 0.5676 | best 0.6892 (ep 1045)
2025-12-10 11:39:13 - [GCN] Epoch 1105 | loss 0.1502 | val@20 0.6714 | test@20 0.6628 | best 0.6892 (ep 1045)
2025-12-10 11:39:26 - [GCN] Epoch 1110 | loss 0.1507 | val@20 0.6857 | test@20 0.5561 | best 0.6892 (ep 1045)
2025-12-10 11:39:39 - [GCN] Epoch 1115 | loss 0.1508 | val@20 0.6682 | test@20 0.5506 | best 0.6892 (ep 1045)
2025-12-10 11:39:52 - [GCN] Epoch 1120 | loss 0.1512 | val@20 0.6026 | test@20 0.4782 | best 0.6892 (ep 1045)
2025-12-10 11:40:05 - [GCN] Epoch 1125 | loss 0.1494 | val@20 0.6537 | test@20 0.3732 | best 0.6892 (ep 1045)
2025-12-10 11:40:18 - [GCN] Epoch 1130 | loss 0.1499 | val@20 0.6531 | test@20 0.4871 | best 0.6892 (ep 1045)
2025-12-10 11:40:30 - [GCN] Epoch 1135 | loss 0.1529 | val@20 0.6361 | test@20 0.1165 | best 0.6892 (ep 1045)
2025-12-10 11:40:43 - [GCN] Epoch 1140 | loss 0.1535 | val@20 0.6751 | test@20 0.4399 | best 0.6892 (ep 1045)
2025-12-10 11:40:56 - [GCN] Epoch 1145 | loss 0.1509 | val@20 0.6750 | test@20 0.6085 | best 0.6892 (ep 1045)
2025-12-10 11:41:12 - [GCN] Epoch 1150 | loss 0.1500 | val@20 0.6690 | test@20 0.3730 | best 0.6892 (ep 1045)
2025-12-10 11:41:25 - [GCN] Epoch 1155 | loss 0.1509 | val@20 0.6756 | test@20 0.3846 | best 0.6892 (ep 1045)
2025-12-10 11:41:38 - [GCN] Epoch 1160 | loss 0.1512 | val@20 0.6438 | test@20 0.6307 | best 0.6892 (ep 1045)
2025-12-10 11:41:51 - [GCN] Epoch 1165 | loss 0.1526 | val@20 0.6148 | test@20 0.5570 | best 0.6892 (ep 1045)
2025-12-10 11:42:04 - [GCN] Epoch 1170 | loss 0.1515 | val@20 0.6629 | test@20 0.5524 | best 0.6892 (ep 1045)
2025-12-10 11:42:17 - [GCN] Epoch 1175 | loss 0.1508 | val@20 0.6664 | test@20 0.4133 | best 0.6892 (ep 1045)
2025-12-10 11:42:30 - [GCN] Epoch 1180 | loss 0.1516 | val@20 0.6611 | test@20 0.5745 | best 0.6892 (ep 1045)
2025-12-10 11:42:43 - [GCN] Epoch 1185 | loss 0.1511 | val@20 0.6716 | test@20 0.5218 | best 0.6892 (ep 1045)
2025-12-10 11:42:56 - [GCN] Epoch 1190 | loss 0.1480 | val@20 0.6747 | test@20 0.5615 | best 0.6892 (ep 1045)
2025-12-10 11:43:10 - [GCN] Epoch 1195 | loss 0.1519 | val@20 0.6584 | test@20 0.4205 | best 0.6892 (ep 1045)
2025-12-10 11:43:23 - [GCN] Epoch 1200 | loss 0.1491 | val@20 0.5543 | test@20 0.5731 | best 0.6892 (ep 1045)
2025-12-10 11:43:36 - [GCN] Epoch 1205 | loss 0.1515 | val@20 0.6671 | test@20 0.4707 | best 0.6892 (ep 1045)
2025-12-10 11:43:49 - [GCN] Epoch 1210 | loss 0.1497 | val@20 0.6768 | test@20 0.6140 | best 0.6892 (ep 1045)
2025-12-10 11:44:02 - [GCN] Epoch 1215 | loss 0.1500 | val@20 0.6252 | test@20 0.5656 | best 0.6892 (ep 1045)
2025-12-10 11:44:15 - [GCN] Epoch 1220 | loss 0.1508 | val@20 0.6715 | test@20 0.6287 | best 0.6892 (ep 1045)
2025-12-10 11:44:29 - [GCN] Epoch 1225 | loss 0.1493 | val@20 0.6841 | test@20 0.3962 | best 0.6892 (ep 1045)
2025-12-10 11:44:42 - [GCN] Epoch 1230 | loss 0.1484 | val@20 0.6859 | test@20 0.4813 | best 0.6892 (ep 1045)
2025-12-10 11:44:55 - [GCN] Epoch 1235 | loss 0.1500 | val@20 0.6475 | test@20 0.5881 | best 0.6892 (ep 1045)
2025-12-10 11:45:09 - [GCN] Epoch 1240 | loss 0.1500 | val@20 0.6727 | test@20 0.5543 | best 0.6892 (ep 1045)
2025-12-10 11:45:21 - [GCN] Epoch 1245 | loss 0.1479 | val@20 0.6704 | test@20 0.6106 | best 0.6892 (ep 1045)
2025-12-10 11:45:34 - [GCN] Epoch 1250 | loss 0.1508 | val@20 0.6819 | test@20 0.4327 | best 0.6892 (ep 1045)
2025-12-10 11:45:47 - [GCN] Epoch 1255 | loss 0.1495 | val@20 0.6586 | test@20 0.4707 | best 0.6892 (ep 1045)
2025-12-10 11:46:00 - [GCN] Epoch 1260 | loss 0.1524 | val@20 0.6536 | test@20 0.5801 | best 0.6892 (ep 1045)
2025-12-10 11:46:13 - [GCN] Epoch 1265 | loss 0.1506 | val@20 0.6897 | test@20 0.5326 | best 0.6897 (ep 1265)
2025-12-10 11:46:26 - [GCN] Epoch 1270 | loss 0.1495 | val@20 0.6715 | test@20 0.4901 | best 0.6897 (ep 1265)
2025-12-10 11:46:39 - [GCN] Epoch 1275 | loss 0.1522 | val@20 0.6829 | test@20 0.5791 | best 0.6897 (ep 1265)
2025-12-10 11:46:51 - [GCN] Epoch 1280 | loss 0.1489 | val@20 0.6855 | test@20 0.5485 | best 0.6897 (ep 1265)
2025-12-10 11:47:05 - [GCN] Epoch 1285 | loss 0.1476 | val@20 0.6844 | test@20 0.6325 | best 0.6897 (ep 1265)
2025-12-10 11:47:18 - [GCN] Epoch 1290 | loss 0.1490 | val@20 0.6791 | test@20 0.8055 | best 0.6897 (ep 1265)
2025-12-10 11:47:31 - [GCN] Epoch 1295 | loss 0.1489 | val@20 0.6234 | test@20 0.4609 | best 0.6897 (ep 1265)
2025-12-10 11:47:44 - [GCN] Epoch 1300 | loss 0.1522 | val@20 0.6404 | test@20 0.4997 | best 0.6897 (ep 1265)
2025-12-10 11:47:56 - [GCN] Epoch 1305 | loss 0.1489 | val@20 0.6822 | test@20 0.5618 | best 0.6897 (ep 1265)
2025-12-10 11:48:10 - [GCN] Epoch 1310 | loss 0.1508 | val@20 0.6570 | test@20 0.6833 | best 0.6897 (ep 1265)
2025-12-10 11:48:23 - [GCN] Epoch 1315 | loss 0.1484 | val@20 0.6921 | test@20 0.6257 | best 0.6921 (ep 1315)
2025-12-10 11:48:36 - [GCN] Epoch 1320 | loss 0.1482 | val@20 0.6881 | test@20 0.4428 | best 0.6921 (ep 1315)
2025-12-10 11:48:49 - [GCN] Epoch 1325 | loss 0.1491 | val@20 0.6495 | test@20 0.5445 | best 0.6921 (ep 1315)
2025-12-10 11:49:01 - [GCN] Epoch 1330 | loss 0.1488 | val@20 0.6714 | test@20 0.5144 | best 0.6921 (ep 1315)
2025-12-10 11:49:15 - [GCN] Epoch 1335 | loss 0.1500 | val@20 0.6119 | test@20 0.3488 | best 0.6921 (ep 1315)
2025-12-10 11:49:28 - [GCN] Epoch 1340 | loss 0.1497 | val@20 0.6638 | test@20 0.4660 | best 0.6921 (ep 1315)
2025-12-10 11:49:41 - [GCN] Epoch 1345 | loss 0.1493 | val@20 0.6861 | test@20 0.4199 | best 0.6921 (ep 1315)
2025-12-10 11:49:54 - [GCN] Epoch 1350 | loss 0.1513 | val@20 0.6628 | test@20 0.4388 | best 0.6921 (ep 1315)
2025-12-10 11:50:08 - [GCN] Epoch 1355 | loss 0.1486 | val@20 0.6732 | test@20 0.5383 | best 0.6921 (ep 1315)
2025-12-10 11:50:20 - [GCN] Epoch 1360 | loss 0.1486 | val@20 0.5879 | test@20 0.4903 | best 0.6921 (ep 1315)
2025-12-10 11:50:34 - [GCN] Epoch 1365 | loss 0.1503 | val@20 0.6619 | test@20 0.5256 | best 0.6921 (ep 1315)
2025-12-10 11:50:46 - [GCN] Epoch 1370 | loss 0.1497 | val@20 0.6595 | test@20 0.4737 | best 0.6921 (ep 1315)
2025-12-10 11:50:59 - [GCN] Epoch 1375 | loss 0.1499 | val@20 0.6434 | test@20 0.6973 | best 0.6921 (ep 1315)
2025-12-10 11:51:16 - [GCN] Epoch 1380 | loss 0.1498 | val@20 0.6684 | test@20 0.4784 | best 0.6921 (ep 1315)
2025-12-10 11:51:28 - [GCN] Epoch 1385 | loss 0.1484 | val@20 0.6932 | test@20 0.6296 | best 0.6932 (ep 1385)
2025-12-10 11:51:41 - [GCN] Epoch 1390 | loss 0.1497 | val@20 0.6853 | test@20 0.5987 | best 0.6932 (ep 1385)
2025-12-10 11:51:54 - [GCN] Epoch 1395 | loss 0.1496 | val@20 0.6585 | test@20 0.6376 | best 0.6932 (ep 1385)
2025-12-10 11:52:08 - [GCN] Epoch 1400 | loss 0.1496 | val@20 0.6648 | test@20 0.6077 | best 0.6932 (ep 1385)
2025-12-10 11:52:21 - [GCN] Epoch 1405 | loss 0.1486 | val@20 0.6708 | test@20 0.5679 | best 0.6932 (ep 1385)
2025-12-10 11:52:34 - [GCN] Epoch 1410 | loss 0.1509 | val@20 0.6639 | test@20 0.5417 | best 0.6932 (ep 1385)
2025-12-10 11:52:47 - [GCN] Epoch 1415 | loss 0.1498 | val@20 0.6638 | test@20 0.6038 | best 0.6932 (ep 1385)
2025-12-10 11:52:59 - [GCN] Epoch 1420 | loss 0.1496 | val@20 0.6671 | test@20 0.4706 | best 0.6932 (ep 1385)
2025-12-10 11:53:13 - [GCN] Epoch 1425 | loss 0.1469 | val@20 0.6716 | test@20 0.5113 | best 0.6932 (ep 1385)
2025-12-10 11:53:26 - [GCN] Epoch 1430 | loss 0.1498 | val@20 0.6215 | test@20 0.3633 | best 0.6932 (ep 1385)
2025-12-10 11:53:39 - [GCN] Epoch 1435 | loss 0.1494 | val@20 0.6746 | test@20 0.3212 | best 0.6932 (ep 1385)
2025-12-10 11:53:51 - [GCN] Epoch 1440 | loss 0.1494 | val@20 0.6775 | test@20 0.6139 | best 0.6932 (ep 1385)
2025-12-10 11:54:05 - [GCN] Epoch 1445 | loss 0.1496 | val@20 0.6736 | test@20 0.5344 | best 0.6932 (ep 1385)
2025-12-10 11:54:18 - [GCN] Epoch 1450 | loss 0.1500 | val@20 0.6904 | test@20 0.6298 | best 0.6932 (ep 1385)
2025-12-10 11:54:30 - [GCN] Epoch 1455 | loss 0.1479 | val@20 0.6911 | test@20 0.4781 | best 0.6932 (ep 1385)
2025-12-10 11:54:44 - [GCN] Epoch 1460 | loss 0.1493 | val@20 0.6732 | test@20 0.5658 | best 0.6932 (ep 1385)
2025-12-10 11:54:57 - [GCN] Epoch 1465 | loss 0.1485 | val@20 0.6589 | test@20 0.5082 | best 0.6932 (ep 1385)
2025-12-10 11:55:10 - [GCN] Epoch 1470 | loss 0.1493 | val@20 0.6183 | test@20 0.6361 | best 0.6932 (ep 1385)
2025-12-10 11:55:23 - [GCN] Epoch 1475 | loss 0.1483 | val@20 0.6681 | test@20 0.5130 | best 0.6932 (ep 1385)
2025-12-10 11:55:36 - [GCN] Epoch 1480 | loss 0.1489 | val@20 0.6525 | test@20 0.5084 | best 0.6932 (ep 1385)
2025-12-10 11:55:49 - [GCN] Epoch 1485 | loss 0.1486 | val@20 0.6705 | test@20 0.5550 | best 0.6932 (ep 1385)
2025-12-10 11:56:02 - [GCN] Epoch 1490 | loss 0.1500 | val@20 0.6514 | test@20 0.5987 | best 0.6932 (ep 1385)
2025-12-10 11:56:16 - [GCN] Epoch 1495 | loss 0.1467 | val@20 0.6997 | test@20 0.6840 | best 0.6997 (ep 1495)
2025-12-10 11:56:29 - [GCN] Epoch 1500 | loss 0.1494 | val@20 0.6218 | test@20 0.5467 | best 0.6997 (ep 1495)
2025-12-10 11:56:42 - [GCN] Epoch 1505 | loss 0.1490 | val@20 0.6300 | test@20 0.6461 | best 0.6997 (ep 1495)
2025-12-10 11:56:55 - [GCN] Epoch 1510 | loss 0.1481 | val@20 0.6556 | test@20 0.4977 | best 0.6997 (ep 1495)
2025-12-10 11:57:08 - [GCN] Epoch 1515 | loss 0.1481 | val@20 0.6795 | test@20 0.6184 | best 0.6997 (ep 1495)
2025-12-10 11:57:21 - [GCN] Epoch 1520 | loss 0.1477 | val@20 0.6749 | test@20 0.6050 | best 0.6997 (ep 1495)
2025-12-10 11:57:34 - [GCN] Epoch 1525 | loss 0.1480 | val@20 0.6572 | test@20 0.4818 | best 0.6997 (ep 1495)
2025-12-10 11:57:47 - [GCN] Epoch 1530 | loss 0.1502 | val@20 0.6232 | test@20 0.6046 | best 0.6997 (ep 1495)
2025-12-10 11:58:00 - [GCN] Epoch 1535 | loss 0.1500 | val@20 0.6785 | test@20 0.4873 | best 0.6997 (ep 1495)
2025-12-10 11:58:13 - [GCN] Epoch 1540 | loss 0.1488 | val@20 0.6123 | test@20 0.3942 | best 0.6997 (ep 1495)
2025-12-10 11:58:26 - [GCN] Epoch 1545 | loss 0.1491 | val@20 0.6217 | test@20 0.2397 | best 0.6997 (ep 1495)
2025-12-10 11:58:39 - [GCN] Epoch 1550 | loss 0.1479 | val@20 0.6813 | test@20 0.6098 | best 0.6997 (ep 1495)
2025-12-10 11:58:52 - [GCN] Epoch 1555 | loss 0.1470 | val@20 0.6629 | test@20 0.5105 | best 0.6997 (ep 1495)
2025-12-10 11:59:05 - [GCN] Epoch 1560 | loss 0.1493 | val@20 0.6706 | test@20 0.6184 | best 0.6997 (ep 1495)
2025-12-10 11:59:18 - [GCN] Epoch 1565 | loss 0.1490 | val@20 0.6545 | test@20 0.6212 | best 0.6997 (ep 1495)
2025-12-10 11:59:31 - [GCN] Epoch 1570 | loss 0.1483 | val@20 0.6197 | test@20 0.4754 | best 0.6997 (ep 1495)
2025-12-10 11:59:44 - [GCN] Epoch 1575 | loss 0.1499 | val@20 0.6530 | test@20 0.5851 | best 0.6997 (ep 1495)
2025-12-10 11:59:57 - [GCN] Epoch 1580 | loss 0.1477 | val@20 0.6901 | test@20 0.6675 | best 0.6997 (ep 1495)
2025-12-10 12:00:11 - [GCN] Epoch 1585 | loss 0.1488 | val@20 0.6768 | test@20 0.6049 | best 0.6997 (ep 1495)
2025-12-10 12:00:24 - [GCN] Epoch 1590 | loss 0.1466 | val@20 0.6705 | test@20 0.4941 | best 0.6997 (ep 1495)
2025-12-10 12:00:37 - [GCN] Epoch 1595 | loss 0.1493 | val@20 0.6832 | test@20 0.7032 | best 0.6997 (ep 1495)
2025-12-10 12:00:50 - [GCN] Epoch 1600 | loss 0.1476 | val@20 0.6825 | test@20 0.6844 | best 0.6997 (ep 1495)
2025-12-10 12:01:05 - [GCN] Epoch 1605 | loss 0.1487 | val@20 0.6523 | test@20 0.7175 | best 0.6997 (ep 1495)
2025-12-10 12:01:19 - [GCN] Epoch 1610 | loss 0.1483 | val@20 0.6575 | test@20 0.6414 | best 0.6997 (ep 1495)
2025-12-10 12:01:32 - [GCN] Epoch 1615 | loss 0.1471 | val@20 0.6895 | test@20 0.5275 | best 0.6997 (ep 1495)
2025-12-10 12:01:45 - [GCN] Epoch 1620 | loss 0.1500 | val@20 0.6737 | test@20 0.5368 | best 0.6997 (ep 1495)
2025-12-10 12:01:58 - [GCN] Epoch 1625 | loss 0.1498 | val@20 0.6415 | test@20 0.3618 | best 0.6997 (ep 1495)
2025-12-10 12:02:12 - [GCN] Epoch 1630 | loss 0.1492 | val@20 0.6805 | test@20 0.5247 | best 0.6997 (ep 1495)
2025-12-10 12:02:24 - [GCN] Epoch 1635 | loss 0.1485 | val@20 0.6918 | test@20 0.6311 | best 0.6997 (ep 1495)
2025-12-10 12:02:37 - [GCN] Epoch 1640 | loss 0.1482 | val@20 0.6760 | test@20 0.6409 | best 0.6997 (ep 1495)
2025-12-10 12:02:50 - [GCN] Epoch 1645 | loss 0.1476 | val@20 0.6880 | test@20 0.7586 | best 0.6997 (ep 1495)
2025-12-10 12:03:04 - [GCN] Epoch 1650 | loss 0.1492 | val@20 0.6744 | test@20 0.5046 | best 0.6997 (ep 1495)
2025-12-10 12:03:17 - [GCN] Epoch 1655 | loss 0.1484 | val@20 0.7004 | test@20 0.5301 | best 0.7004 (ep 1655)
2025-12-10 12:03:30 - [GCN] Epoch 1660 | loss 0.1475 | val@20 0.6804 | test@20 0.6352 | best 0.7004 (ep 1655)
2025-12-10 12:03:43 - [GCN] Epoch 1665 | loss 0.1495 | val@20 0.7019 | test@20 0.6852 | best 0.7019 (ep 1665)
2025-12-10 12:03:56 - [GCN] Epoch 1670 | loss 0.1470 | val@20 0.6961 | test@20 0.7950 | best 0.7019 (ep 1665)
2025-12-10 12:04:10 - [GCN] Epoch 1675 | loss 0.1485 | val@20 0.6981 | test@20 0.8354 | best 0.7019 (ep 1665)
2025-12-10 12:04:23 - [GCN] Epoch 1680 | loss 0.1479 | val@20 0.6982 | test@20 0.6095 | best 0.7019 (ep 1665)
2025-12-10 12:04:35 - [GCN] Epoch 1685 | loss 0.1475 | val@20 0.6688 | test@20 0.4061 | best 0.7019 (ep 1665)
2025-12-10 12:04:48 - [GCN] Epoch 1690 | loss 0.1475 | val@20 0.6562 | test@20 0.3092 | best 0.7019 (ep 1665)
2025-12-10 12:05:01 - [GCN] Epoch 1695 | loss 0.1464 | val@20 0.6736 | test@20 0.6952 | best 0.7019 (ep 1665)
2025-12-10 12:05:15 - [GCN] Epoch 1700 | loss 0.1464 | val@20 0.6829 | test@20 0.5439 | best 0.7019 (ep 1665)
2025-12-10 12:05:28 - [GCN] Epoch 1705 | loss 0.1471 | val@20 0.6648 | test@20 0.6660 | best 0.7019 (ep 1665)
2025-12-10 12:05:41 - [GCN] Epoch 1710 | loss 0.1464 | val@20 0.6947 | test@20 0.4751 | best 0.7019 (ep 1665)
2025-12-10 12:05:53 - [GCN] Epoch 1715 | loss 0.1474 | val@20 0.6795 | test@20 0.5739 | best 0.7019 (ep 1665)
2025-12-10 12:06:07 - [GCN] Epoch 1720 | loss 0.1470 | val@20 0.6840 | test@20 0.6513 | best 0.7019 (ep 1665)
2025-12-10 12:06:20 - [GCN] Epoch 1725 | loss 0.1494 | val@20 0.6769 | test@20 0.5381 | best 0.7019 (ep 1665)
2025-12-10 12:06:33 - [GCN] Epoch 1730 | loss 0.1485 | val@20 0.6763 | test@20 0.5148 | best 0.7019 (ep 1665)
2025-12-10 12:06:46 - [GCN] Epoch 1735 | loss 0.1470 | val@20 0.6563 | test@20 0.5818 | best 0.7019 (ep 1665)
2025-12-10 12:06:58 - [GCN] Epoch 1740 | loss 0.1455 | val@20 0.6686 | test@20 0.7134 | best 0.7019 (ep 1665)
2025-12-10 12:07:12 - [GCN] Epoch 1745 | loss 0.1479 | val@20 0.5854 | test@20 0.5900 | best 0.7019 (ep 1665)
2025-12-10 12:07:25 - [GCN] Epoch 1750 | loss 0.1483 | val@20 0.6916 | test@20 0.6445 | best 0.7019 (ep 1665)
2025-12-10 12:07:38 - [GCN] Epoch 1755 | loss 0.1481 | val@20 0.6869 | test@20 0.6973 | best 0.7019 (ep 1665)
2025-12-10 12:07:51 - [GCN] Epoch 1760 | loss 0.1488 | val@20 0.6819 | test@20 0.6230 | best 0.7019 (ep 1665)
2025-12-10 12:08:04 - [GCN] Epoch 1765 | loss 0.1478 | val@20 0.6604 | test@20 0.5308 | best 0.7019 (ep 1665)
2025-12-10 12:08:17 - [GCN] Epoch 1770 | loss 0.1470 | val@20 0.6716 | test@20 0.6583 | best 0.7019 (ep 1665)
2025-12-10 12:08:30 - [GCN] Epoch 1775 | loss 0.1473 | val@20 0.6804 | test@20 0.7078 | best 0.7019 (ep 1665)
2025-12-10 12:08:43 - [GCN] Epoch 1780 | loss 0.1482 | val@20 0.6703 | test@20 0.5224 | best 0.7019 (ep 1665)
2025-12-10 12:08:56 - [GCN] Epoch 1785 | loss 0.1477 | val@20 0.6743 | test@20 0.5823 | best 0.7019 (ep 1665)
2025-12-10 12:09:10 - [GCN] Epoch 1790 | loss 0.1494 | val@20 0.6789 | test@20 0.6598 | best 0.7019 (ep 1665)
2025-12-10 12:09:23 - [GCN] Epoch 1795 | loss 0.1465 | val@20 0.6964 | test@20 0.7641 | best 0.7019 (ep 1665)
2025-12-10 12:09:36 - [GCN] Epoch 1800 | loss 0.1472 | val@20 0.6771 | test@20 0.6211 | best 0.7019 (ep 1665)
2025-12-10 12:09:49 - [GCN] Epoch 1805 | loss 0.1484 | val@20 0.6573 | test@20 0.6511 | best 0.7019 (ep 1665)
2025-12-10 12:10:02 - [GCN] Epoch 1810 | loss 0.1477 | val@20 0.6564 | test@20 0.6647 | best 0.7019 (ep 1665)
2025-12-10 12:10:15 - [GCN] Epoch 1815 | loss 0.1471 | val@20 0.6831 | test@20 0.4599 | best 0.7019 (ep 1665)
2025-12-10 12:10:29 - [GCN] Epoch 1820 | loss 0.1463 | val@20 0.6928 | test@20 0.7386 | best 0.7019 (ep 1665)
2025-12-10 12:10:41 - [GCN] Epoch 1825 | loss 0.1470 | val@20 0.6847 | test@20 0.7226 | best 0.7019 (ep 1665)
2025-12-10 12:10:54 - [GCN] Epoch 1830 | loss 0.1460 | val@20 0.6503 | test@20 0.3925 | best 0.7019 (ep 1665)
2025-12-10 12:11:09 - [GCN] Epoch 1835 | loss 0.1470 | val@20 0.6458 | test@20 0.6545 | best 0.7019 (ep 1665)
2025-12-10 12:11:23 - [GCN] Epoch 1840 | loss 0.1476 | val@20 0.6556 | test@20 0.5435 | best 0.7019 (ep 1665)
2025-12-10 12:11:36 - [GCN] Epoch 1845 | loss 0.1485 | val@20 0.6955 | test@20 0.6545 | best 0.7019 (ep 1665)
2025-12-10 12:11:49 - [GCN] Epoch 1850 | loss 0.1466 | val@20 0.6818 | test@20 0.6583 | best 0.7019 (ep 1665)
2025-12-10 12:12:02 - [GCN] Epoch 1855 | loss 0.1479 | val@20 0.6812 | test@20 0.6528 | best 0.7019 (ep 1665)
2025-12-10 12:12:15 - [GCN] Epoch 1860 | loss 0.1470 | val@20 0.6645 | test@20 0.5492 | best 0.7019 (ep 1665)
2025-12-10 12:12:28 - [GCN] Epoch 1865 | loss 0.1477 | val@20 0.6864 | test@20 0.3571 | best 0.7019 (ep 1665)
2025-12-10 12:12:41 - [GCN] Epoch 1870 | loss 0.1462 | val@20 0.6988 | test@20 0.5928 | best 0.7019 (ep 1665)
2025-12-10 12:12:54 - [GCN] Epoch 1875 | loss 0.1463 | val@20 0.6718 | test@20 0.5200 | best 0.7019 (ep 1665)
2025-12-10 12:13:08 - [GCN] Epoch 1880 | loss 0.1472 | val@20 0.6946 | test@20 0.6173 | best 0.7019 (ep 1665)
2025-12-10 12:13:21 - [GCN] Epoch 1885 | loss 0.1473 | val@20 0.6416 | test@20 0.4991 | best 0.7019 (ep 1665)
2025-12-10 12:13:33 - [GCN] Epoch 1890 | loss 0.1493 | val@20 0.6860 | test@20 0.6808 | best 0.7019 (ep 1665)
2025-12-10 12:13:46 - [GCN] Epoch 1895 | loss 0.1478 | val@20 0.6982 | test@20 0.5378 | best 0.7019 (ep 1665)
2025-12-10 12:13:59 - [GCN] Epoch 1900 | loss 0.1458 | val@20 0.6647 | test@20 0.4746 | best 0.7019 (ep 1665)
2025-12-10 12:14:13 - [GCN] Epoch 1905 | loss 0.1457 | val@20 0.6364 | test@20 0.4524 | best 0.7019 (ep 1665)
2025-12-10 12:14:25 - [GCN] Epoch 1910 | loss 0.1481 | val@20 0.6989 | test@20 0.6926 | best 0.7019 (ep 1665)
2025-12-10 12:14:38 - [GCN] Epoch 1915 | loss 0.1477 | val@20 0.6814 | test@20 0.5311 | best 0.7019 (ep 1665)
2025-12-10 12:14:51 - [GCN] Epoch 1920 | loss 0.1468 | val@20 0.6639 | test@20 0.6983 | best 0.7019 (ep 1665)
2025-12-10 12:15:04 - [GCN] Epoch 1925 | loss 0.1470 | val@20 0.6855 | test@20 0.6519 | best 0.7019 (ep 1665)
2025-12-10 12:15:17 - [GCN] Epoch 1930 | loss 0.1464 | val@20 0.6768 | test@20 0.5553 | best 0.7019 (ep 1665)
2025-12-10 12:15:31 - [GCN] Epoch 1935 | loss 0.1460 | val@20 0.6306 | test@20 0.5893 | best 0.7019 (ep 1665)
2025-12-10 12:15:44 - [GCN] Epoch 1940 | loss 0.1479 | val@20 0.5250 | test@20 0.5725 | best 0.7019 (ep 1665)
2025-12-10 12:15:56 - [GCN] Epoch 1945 | loss 0.1465 | val@20 0.6931 | test@20 0.5960 | best 0.7019 (ep 1665)
2025-12-10 12:16:10 - [GCN] Epoch 1950 | loss 0.1459 | val@20 0.6395 | test@20 0.6069 | best 0.7019 (ep 1665)
2025-12-10 12:16:23 - [GCN] Epoch 1955 | loss 0.1465 | val@20 0.6915 | test@20 0.5600 | best 0.7019 (ep 1665)
2025-12-10 12:16:36 - [GCN] Epoch 1960 | loss 0.1464 | val@20 0.6590 | test@20 0.5189 | best 0.7019 (ep 1665)
2025-12-10 12:16:49 - [GCN] Epoch 1965 | loss 0.1482 | val@20 0.6731 | test@20 0.3639 | best 0.7019 (ep 1665)
2025-12-10 12:17:02 - [GCN] Epoch 1970 | loss 0.1484 | val@20 0.6796 | test@20 0.5493 | best 0.7019 (ep 1665)
2025-12-10 12:17:15 - [GCN] Epoch 1975 | loss 0.1460 | val@20 0.6930 | test@20 0.4304 | best 0.7019 (ep 1665)
2025-12-10 12:17:28 - [GCN] Epoch 1980 | loss 0.1466 | val@20 0.6813 | test@20 0.6232 | best 0.7019 (ep 1665)
2025-12-10 12:17:41 - [GCN] Epoch 1985 | loss 0.1470 | val@20 0.6925 | test@20 0.6231 | best 0.7019 (ep 1665)
2025-12-10 12:17:54 - [GCN] Epoch 1990 | loss 0.1461 | val@20 0.6591 | test@20 0.3474 | best 0.7019 (ep 1665)
2025-12-10 12:18:07 - [GCN] Epoch 1995 | loss 0.1479 | val@20 0.6752 | test@20 0.5127 | best 0.7019 (ep 1665)
2025-12-10 12:18:20 - [GCN] Epoch 2000 | loss 0.1472 | val@20 0.6872 | test@20 0.5226 | best 0.7019 (ep 1665)
2025-12-10 12:18:20 - ================================================================================
2025-12-10 12:18:20 - Final Results
2025-12-10 12:18:20 - ================================================================================
2025-12-10 12:18:20 - Hits@10: Valid 64.54% | Test 21.35%
2025-12-10 12:18:20 - Hits@20: Valid 70.19% | Test 68.52%
2025-12-10 12:18:20 - Hits@30: Valid 71.95% | Test 87.52%
2025-12-10 12:18:20 - ================================================================================
