2025-12-10 23:44:45 - OGBL-DDI Link Prediction - GCN
2025-12-10 23:44:45 - Device: cuda:0
2025-12-10 23:44:45 - Log directory: logs/ddi_gcn_20251210_234445
2025-12-10 23:44:45 - ================================================================================
2025-12-10 23:44:46 - Dataset: 4267 nodes, 2135822 edges
2025-12-10 23:44:46 - Train edges: 1067911
2025-12-10 23:44:46 - Valid edges: 133489 pos, 101882 neg
2025-12-10 23:44:46 - Test edges: 133489 pos, 95599 neg
2025-12-10 23:44:46 - ================================================================================
2025-12-10 23:44:46 - Model Configuration:
2025-12-10 23:44:46 -   architecture: GCN + MLP
2025-12-10 23:44:46 -   num_layers: 3
2025-12-10 23:44:46 -   hidden_channels: 192
2025-12-10 23:44:46 -   dropout: 0.0
2025-12-10 23:44:46 - Training Configuration:
2025-12-10 23:44:46 -   epochs: 200
2025-12-10 23:44:46 -   lr: 0.001
2025-12-10 23:44:46 -   batch_size: 32768
2025-12-10 23:44:46 -   eval_steps: 10
2025-12-10 23:44:46 -   runs: 1
2025-12-10 23:44:46 - ================================================================================
2025-12-10 23:45:03 - [GCN] Epoch 0010 | loss 0.6097 | val@20 0.0591 | test@20 0.0237 | best 0.0591 (ep 10)
2025-12-10 23:45:20 - [GCN] Epoch 0020 | loss 0.5299 | val@20 0.1890 | test@20 0.1944 | best 0.1890 (ep 20)
2025-12-10 23:45:37 - [GCN] Epoch 0030 | loss 0.4642 | val@20 0.1939 | test@20 0.0753 | best 0.1939 (ep 30)
2025-12-10 23:45:54 - [GCN] Epoch 0040 | loss 0.4238 | val@20 0.1731 | test@20 0.1045 | best 0.1939 (ep 30)
2025-12-10 23:46:11 - [GCN] Epoch 0050 | loss 0.3955 | val@20 0.1783 | test@20 0.1773 | best 0.1939 (ep 30)
2025-12-10 23:46:28 - [GCN] Epoch 0060 | loss 0.3735 | val@20 0.2498 | test@20 0.2009 | best 0.2498 (ep 60)
2025-12-10 23:46:45 - [GCN] Epoch 0070 | loss 0.3656 | val@20 0.2195 | test@20 0.1580 | best 0.2498 (ep 60)
2025-12-10 23:47:02 - [GCN] Epoch 0080 | loss 0.3422 | val@20 0.3032 | test@20 0.2885 | best 0.3032 (ep 80)
2025-12-10 23:47:19 - [GCN] Epoch 0090 | loss 0.3305 | val@20 0.2592 | test@20 0.1515 | best 0.3032 (ep 80)
2025-12-10 23:47:36 - [GCN] Epoch 0100 | loss 0.3204 | val@20 0.1585 | test@20 0.1315 | best 0.3032 (ep 80)
2025-12-10 23:47:53 - [GCN] Epoch 0110 | loss 0.3109 | val@20 0.2263 | test@20 0.0849 | best 0.3032 (ep 80)
2025-12-10 23:48:10 - [GCN] Epoch 0120 | loss 0.3033 | val@20 0.2424 | test@20 0.1957 | best 0.3032 (ep 80)
2025-12-10 23:48:27 - [GCN] Epoch 0130 | loss 0.2975 | val@20 0.2469 | test@20 0.1597 | best 0.3032 (ep 80)
2025-12-10 23:48:44 - [GCN] Epoch 0140 | loss 0.2898 | val@20 0.2704 | test@20 0.1833 | best 0.3032 (ep 80)
2025-12-10 23:49:01 - [GCN] Epoch 0150 | loss 0.2815 | val@20 0.2259 | test@20 0.1891 | best 0.3032 (ep 80)
2025-12-10 23:49:18 - [GCN] Epoch 0160 | loss 0.2775 | val@20 0.2253 | test@20 0.1940 | best 0.3032 (ep 80)
2025-12-10 23:49:35 - [GCN] Epoch 0170 | loss 0.2698 | val@20 0.2826 | test@20 0.2014 | best 0.3032 (ep 80)
2025-12-10 23:49:52 - [GCN] Epoch 0180 | loss 0.2652 | val@20 0.2838 | test@20 0.1177 | best 0.3032 (ep 80)
2025-12-10 23:50:09 - [GCN] Epoch 0190 | loss 0.2619 | val@20 0.2400 | test@20 0.1256 | best 0.3032 (ep 80)
2025-12-10 23:50:26 - [GCN] Epoch 0200 | loss 0.2554 | val@20 0.3182 | test@20 0.1813 | best 0.3182 (ep 200)
2025-12-10 23:50:26 - ================================================================================
2025-12-10 23:50:26 - Final Results
2025-12-10 23:50:26 - ================================================================================
2025-12-10 23:50:26 - Hits@10: Valid 23.72% | Test 21.95%
2025-12-10 23:50:26 - Hits@20: Valid 31.82% | Test 18.13%
2025-12-10 23:50:26 - Hits@30: Valid 36.09% | Test 29.38%
2025-12-10 23:50:26 - ================================================================================
