2025-12-10 07:58:09 - OGBL-DDI Link Prediction - GCN with External Features
2025-12-10 07:58:09 - Device: cuda:0
2025-12-10 07:58:09 - Log directory: logs/ddi_gcn_chemberta_20251210_075809
2025-12-10 07:58:09 - ================================================================================
2025-12-10 07:58:10 - Dataset: 4267 nodes, 2135822 edges
2025-12-10 07:58:10 - Train edges: 1067911
2025-12-10 07:58:10 - Valid edges: 133489 pos, 101882 neg
2025-12-10 07:58:10 - Test edges: 133489 pos, 95599 neg
2025-12-10 07:58:10 - Loading external features...
2025-12-10 07:58:10 - Loaded ChemBERTa features: shape=torch.Size([4267, 768])
2025-12-10 07:58:10 -   ChemBERTa embeddings: 768 dims
2025-12-10 07:58:10 - Combined features: 768 dims total
2025-12-10 07:58:10 - Loaded features: {'chemberta': 768}
2025-12-10 07:58:10 - Total feature dimension: 768
2025-12-10 07:58:10 - ================================================================================
2025-12-10 07:58:10 - Model Configuration:
2025-12-10 07:58:10 -   architecture: GCN + MLP
2025-12-10 07:58:10 -   num_layers: 2
2025-12-10 07:58:10 -   hidden_channels: 256
2025-12-10 07:58:10 -   dropout: 0.5
2025-12-10 07:58:10 -   fusion: concat
2025-12-10 07:58:10 -   external_features: ['chemberta']
2025-12-10 07:58:10 - Training Configuration:
2025-12-10 07:58:10 -   epochs: 2000
2025-12-10 07:58:10 -   lr: 0.005
2025-12-10 07:58:10 -   batch_size: 65536
2025-12-10 07:58:10 -   eval_steps: 5
2025-12-10 07:58:10 -   runs: 1
2025-12-10 07:58:10 - ================================================================================
2025-12-10 07:58:23 - [GCN] Epoch 0005 | loss 0.6795 | val@20 0.0481 | test@20 0.0131 | best 0.0481 (ep 5)
2025-12-10 07:58:36 - [GCN] Epoch 0010 | loss 0.5237 | val@20 0.1658 | test@20 0.1802 | best 0.1658 (ep 10)
2025-12-10 07:58:49 - [GCN] Epoch 0015 | loss 0.4483 | val@20 0.2288 | test@20 0.1771 | best 0.2288 (ep 15)
2025-12-10 07:59:01 - [GCN] Epoch 0020 | loss 0.4024 | val@20 0.3021 | test@20 0.1564 | best 0.3021 (ep 20)
2025-12-10 07:59:15 - [GCN] Epoch 0025 | loss 0.3700 | val@20 0.2534 | test@20 0.1774 | best 0.3021 (ep 20)
2025-12-10 07:59:27 - [GCN] Epoch 0030 | loss 0.3341 | val@20 0.3383 | test@20 0.2781 | best 0.3383 (ep 30)
2025-12-10 07:59:40 - [GCN] Epoch 0035 | loss 0.3144 | val@20 0.2498 | test@20 0.1758 | best 0.3383 (ep 30)
2025-12-10 07:59:53 - [GCN] Epoch 0040 | loss 0.2975 | val@20 0.2925 | test@20 0.2426 | best 0.3383 (ep 30)
2025-12-10 08:00:07 - [GCN] Epoch 0045 | loss 0.2838 | val@20 0.1832 | test@20 0.2795 | best 0.3383 (ep 30)
2025-12-10 08:00:19 - [GCN] Epoch 0050 | loss 0.2782 | val@20 0.3073 | test@20 0.2537 | best 0.3383 (ep 30)
2025-12-10 08:00:32 - [GCN] Epoch 0055 | loss 0.2604 | val@20 0.2803 | test@20 0.2380 | best 0.3383 (ep 30)
2025-12-10 08:00:45 - [GCN] Epoch 0060 | loss 0.2561 | val@20 0.3524 | test@20 0.2500 | best 0.3524 (ep 60)
2025-12-10 08:00:58 - [GCN] Epoch 0065 | loss 0.2510 | val@20 0.2911 | test@20 0.1955 | best 0.3524 (ep 60)
2025-12-10 08:01:14 - [GCN] Epoch 0070 | loss 0.2455 | val@20 0.2235 | test@20 0.2562 | best 0.3524 (ep 60)
2025-12-10 08:01:27 - [GCN] Epoch 0075 | loss 0.2439 | val@20 0.1426 | test@20 0.1229 | best 0.3524 (ep 60)
2025-12-10 08:01:39 - [GCN] Epoch 0080 | loss 0.2330 | val@20 0.3766 | test@20 0.3172 | best 0.3766 (ep 80)
2025-12-10 08:01:52 - [GCN] Epoch 0085 | loss 0.2302 | val@20 0.4538 | test@20 0.4255 | best 0.4538 (ep 85)
2025-12-10 08:02:05 - [GCN] Epoch 0090 | loss 0.2285 | val@20 0.2667 | test@20 0.2088 | best 0.4538 (ep 85)
2025-12-10 08:02:18 - [GCN] Epoch 0095 | loss 0.2237 | val@20 0.2341 | test@20 0.1644 | best 0.4538 (ep 85)
2025-12-10 08:02:31 - [GCN] Epoch 0100 | loss 0.2247 | val@20 0.3752 | test@20 0.3700 | best 0.4538 (ep 85)
2025-12-10 08:02:44 - [GCN] Epoch 0105 | loss 0.2214 | val@20 0.3208 | test@20 0.2457 | best 0.4538 (ep 85)
2025-12-10 08:02:56 - [GCN] Epoch 0110 | loss 0.2167 | val@20 0.4300 | test@20 0.4407 | best 0.4538 (ep 85)
2025-12-10 08:03:10 - [GCN] Epoch 0115 | loss 0.2155 | val@20 0.4028 | test@20 0.3816 | best 0.4538 (ep 85)
2025-12-10 08:03:23 - [GCN] Epoch 0120 | loss 0.2128 | val@20 0.4002 | test@20 0.4533 | best 0.4538 (ep 85)
2025-12-10 08:03:35 - [GCN] Epoch 0125 | loss 0.2093 | val@20 0.3323 | test@20 0.2885 | best 0.4538 (ep 85)
2025-12-10 08:03:49 - [GCN] Epoch 0130 | loss 0.2085 | val@20 0.3969 | test@20 0.3702 | best 0.4538 (ep 85)
2025-12-10 08:04:02 - [GCN] Epoch 0135 | loss 0.2076 | val@20 0.3448 | test@20 0.5043 | best 0.4538 (ep 85)
2025-12-10 08:04:15 - [GCN] Epoch 0140 | loss 0.2036 | val@20 0.4108 | test@20 0.5216 | best 0.4538 (ep 85)
2025-12-10 08:04:27 - [GCN] Epoch 0145 | loss 0.2021 | val@20 0.4655 | test@20 0.5813 | best 0.4655 (ep 145)
2025-12-10 08:04:40 - [GCN] Epoch 0150 | loss 0.2016 | val@20 0.4314 | test@20 0.4003 | best 0.4655 (ep 145)
2025-12-10 08:04:53 - [GCN] Epoch 0155 | loss 0.2018 | val@20 0.4001 | test@20 0.3627 | best 0.4655 (ep 145)
2025-12-10 08:05:07 - [GCN] Epoch 0160 | loss 0.1960 | val@20 0.3972 | test@20 0.4394 | best 0.4655 (ep 145)
2025-12-10 08:05:19 - [GCN] Epoch 0165 | loss 0.1978 | val@20 0.3899 | test@20 0.4800 | best 0.4655 (ep 145)
2025-12-10 08:05:32 - [GCN] Epoch 0170 | loss 0.2023 | val@20 0.4195 | test@20 0.3633 | best 0.4655 (ep 145)
2025-12-10 08:05:45 - [GCN] Epoch 0175 | loss 0.1984 | val@20 0.4063 | test@20 0.4403 | best 0.4655 (ep 145)
2025-12-10 08:05:58 - [GCN] Epoch 0180 | loss 0.1967 | val@20 0.4183 | test@20 0.4550 | best 0.4655 (ep 145)
2025-12-10 08:06:11 - [GCN] Epoch 0185 | loss 0.1925 | val@20 0.4369 | test@20 0.3095 | best 0.4655 (ep 145)
2025-12-10 08:06:24 - [GCN] Epoch 0190 | loss 0.1926 | val@20 0.4626 | test@20 0.4248 | best 0.4655 (ep 145)
2025-12-10 08:06:37 - [GCN] Epoch 0195 | loss 0.1933 | val@20 0.4664 | test@20 0.4395 | best 0.4664 (ep 195)
2025-12-10 08:06:50 - [GCN] Epoch 0200 | loss 0.1895 | val@20 0.4277 | test@20 0.5054 | best 0.4664 (ep 195)
2025-12-10 08:07:03 - [GCN] Epoch 0205 | loss 0.1869 | val@20 0.4373 | test@20 0.4427 | best 0.4664 (ep 195)
2025-12-10 08:07:16 - [GCN] Epoch 0210 | loss 0.1842 | val@20 0.4339 | test@20 0.3764 | best 0.4664 (ep 195)
2025-12-10 08:07:29 - [GCN] Epoch 0215 | loss 0.1880 | val@20 0.4442 | test@20 0.2266 | best 0.4664 (ep 195)
2025-12-10 08:07:42 - [GCN] Epoch 0220 | loss 0.1856 | val@20 0.3323 | test@20 0.1702 | best 0.4664 (ep 195)
2025-12-10 08:07:55 - [GCN] Epoch 0225 | loss 0.1877 | val@20 0.4536 | test@20 0.4348 | best 0.4664 (ep 195)
2025-12-10 08:08:08 - [GCN] Epoch 0230 | loss 0.1811 | val@20 0.4620 | test@20 0.3561 | best 0.4664 (ep 195)
2025-12-10 08:08:21 - [GCN] Epoch 0235 | loss 0.1814 | val@20 0.4802 | test@20 0.3783 | best 0.4802 (ep 235)
2025-12-10 08:08:34 - [GCN] Epoch 0240 | loss 0.1790 | val@20 0.5141 | test@20 0.3593 | best 0.5141 (ep 240)
2025-12-10 08:08:47 - [GCN] Epoch 0245 | loss 0.1800 | val@20 0.5403 | test@20 0.4301 | best 0.5403 (ep 245)
2025-12-10 08:08:59 - [GCN] Epoch 0250 | loss 0.1765 | val@20 0.5428 | test@20 0.3021 | best 0.5428 (ep 250)
2025-12-10 08:09:13 - [GCN] Epoch 0255 | loss 0.1767 | val@20 0.4807 | test@20 0.2728 | best 0.5428 (ep 250)
2025-12-10 08:09:25 - [GCN] Epoch 0260 | loss 0.1748 | val@20 0.6005 | test@20 0.2949 | best 0.6005 (ep 260)
2025-12-10 08:09:38 - [GCN] Epoch 0265 | loss 0.1751 | val@20 0.5960 | test@20 0.2563 | best 0.6005 (ep 260)
2025-12-10 08:09:51 - [GCN] Epoch 0270 | loss 0.1761 | val@20 0.5910 | test@20 0.4852 | best 0.6005 (ep 260)
2025-12-10 08:10:04 - [GCN] Epoch 0275 | loss 0.1757 | val@20 0.5745 | test@20 0.4075 | best 0.6005 (ep 260)
2025-12-10 08:10:17 - [GCN] Epoch 0280 | loss 0.1759 | val@20 0.5665 | test@20 0.2561 | best 0.6005 (ep 260)
2025-12-10 08:10:30 - [GCN] Epoch 0285 | loss 0.1712 | val@20 0.5860 | test@20 0.3811 | best 0.6005 (ep 260)
2025-12-10 08:10:43 - [GCN] Epoch 0290 | loss 0.1717 | val@20 0.5486 | test@20 0.1746 | best 0.6005 (ep 260)
2025-12-10 08:10:55 - [GCN] Epoch 0295 | loss 0.1747 | val@20 0.5641 | test@20 0.3825 | best 0.6005 (ep 260)
2025-12-10 08:11:11 - [GCN] Epoch 0300 | loss 0.1696 | val@20 0.6048 | test@20 0.4037 | best 0.6048 (ep 300)
2025-12-10 08:11:24 - [GCN] Epoch 0305 | loss 0.1704 | val@20 0.6106 | test@20 0.3684 | best 0.6106 (ep 305)
2025-12-10 08:11:36 - [GCN] Epoch 0310 | loss 0.1703 | val@20 0.6244 | test@20 0.3208 | best 0.6244 (ep 310)
2025-12-10 08:11:49 - [GCN] Epoch 0315 | loss 0.1715 | val@20 0.5204 | test@20 0.4281 | best 0.6244 (ep 310)
2025-12-10 08:12:02 - [GCN] Epoch 0320 | loss 0.1674 | val@20 0.5803 | test@20 0.3683 | best 0.6244 (ep 310)
2025-12-10 08:12:15 - [GCN] Epoch 0325 | loss 0.1706 | val@20 0.5844 | test@20 0.2858 | best 0.6244 (ep 310)
2025-12-10 08:12:28 - [GCN] Epoch 0330 | loss 0.1684 | val@20 0.5979 | test@20 0.3729 | best 0.6244 (ep 310)
2025-12-10 08:12:41 - [GCN] Epoch 0335 | loss 0.1688 | val@20 0.5091 | test@20 0.3128 | best 0.6244 (ep 310)
2025-12-10 08:12:54 - [GCN] Epoch 0340 | loss 0.1684 | val@20 0.6041 | test@20 0.3482 | best 0.6244 (ep 310)
2025-12-10 08:13:07 - [GCN] Epoch 0345 | loss 0.1671 | val@20 0.6063 | test@20 0.3231 | best 0.6244 (ep 310)
2025-12-10 08:13:19 - [GCN] Epoch 0350 | loss 0.1710 | val@20 0.5679 | test@20 0.3710 | best 0.6244 (ep 310)
2025-12-10 08:13:32 - [GCN] Epoch 0355 | loss 0.1682 | val@20 0.5500 | test@20 0.4361 | best 0.6244 (ep 310)
2025-12-10 08:13:46 - [GCN] Epoch 0360 | loss 0.1662 | val@20 0.5811 | test@20 0.2938 | best 0.6244 (ep 310)
2025-12-10 08:13:58 - [GCN] Epoch 0365 | loss 0.1664 | val@20 0.5990 | test@20 0.4081 | best 0.6244 (ep 310)
2025-12-10 08:14:12 - [GCN] Epoch 0370 | loss 0.1653 | val@20 0.5629 | test@20 0.3655 | best 0.6244 (ep 310)
2025-12-10 08:14:25 - [GCN] Epoch 0375 | loss 0.1659 | val@20 0.5687 | test@20 0.2815 | best 0.6244 (ep 310)
2025-12-10 08:14:38 - [GCN] Epoch 0380 | loss 0.1639 | val@20 0.6047 | test@20 0.3010 | best 0.6244 (ep 310)
2025-12-10 08:14:50 - [GCN] Epoch 0385 | loss 0.1660 | val@20 0.5160 | test@20 0.3403 | best 0.6244 (ep 310)
2025-12-10 08:15:04 - [GCN] Epoch 0390 | loss 0.1629 | val@20 0.6115 | test@20 0.4822 | best 0.6244 (ep 310)
2025-12-10 08:15:17 - [GCN] Epoch 0395 | loss 0.1628 | val@20 0.5970 | test@20 0.1985 | best 0.6244 (ep 310)
2025-12-10 08:15:29 - [GCN] Epoch 0400 | loss 0.1635 | val@20 0.5790 | test@20 0.3048 | best 0.6244 (ep 310)
2025-12-10 08:15:42 - [GCN] Epoch 0405 | loss 0.1643 | val@20 0.5939 | test@20 0.4099 | best 0.6244 (ep 310)
2025-12-10 08:15:54 - [GCN] Epoch 0410 | loss 0.1626 | val@20 0.6448 | test@20 0.3440 | best 0.6448 (ep 410)
2025-12-10 08:16:08 - [GCN] Epoch 0415 | loss 0.1625 | val@20 0.5600 | test@20 0.2543 | best 0.6448 (ep 410)
2025-12-10 08:16:21 - [GCN] Epoch 0420 | loss 0.1624 | val@20 0.6222 | test@20 0.3099 | best 0.6448 (ep 410)
2025-12-10 08:16:34 - [GCN] Epoch 0425 | loss 0.1627 | val@20 0.5766 | test@20 0.1941 | best 0.6448 (ep 410)
2025-12-10 08:16:47 - [GCN] Epoch 0430 | loss 0.1614 | val@20 0.5945 | test@20 0.2389 | best 0.6448 (ep 410)
2025-12-10 08:17:00 - [GCN] Epoch 0435 | loss 0.1643 | val@20 0.4921 | test@20 0.2964 | best 0.6448 (ep 410)
2025-12-10 08:17:14 - [GCN] Epoch 0440 | loss 0.1634 | val@20 0.5753 | test@20 0.2800 | best 0.6448 (ep 410)
2025-12-10 08:17:26 - [GCN] Epoch 0445 | loss 0.1633 | val@20 0.6355 | test@20 0.3949 | best 0.6448 (ep 410)
2025-12-10 08:17:39 - [GCN] Epoch 0450 | loss 0.1603 | val@20 0.6446 | test@20 0.4303 | best 0.6448 (ep 410)
2025-12-10 08:17:52 - [GCN] Epoch 0455 | loss 0.1602 | val@20 0.5847 | test@20 0.3764 | best 0.6448 (ep 410)
2025-12-10 08:18:05 - [GCN] Epoch 0460 | loss 0.1609 | val@20 0.6643 | test@20 0.3578 | best 0.6643 (ep 460)
2025-12-10 08:18:18 - [GCN] Epoch 0465 | loss 0.1605 | val@20 0.6281 | test@20 0.1912 | best 0.6643 (ep 460)
2025-12-10 08:18:31 - [GCN] Epoch 0470 | loss 0.1597 | val@20 0.5823 | test@20 0.3343 | best 0.6643 (ep 460)
2025-12-10 08:18:44 - [GCN] Epoch 0475 | loss 0.1593 | val@20 0.6564 | test@20 0.2733 | best 0.6643 (ep 460)
2025-12-10 08:18:57 - [GCN] Epoch 0480 | loss 0.1584 | val@20 0.6356 | test@20 0.2138 | best 0.6643 (ep 460)
2025-12-10 08:19:10 - [GCN] Epoch 0485 | loss 0.1587 | val@20 0.6448 | test@20 0.3142 | best 0.6643 (ep 460)
2025-12-10 08:19:23 - [GCN] Epoch 0490 | loss 0.1611 | val@20 0.6451 | test@20 0.3354 | best 0.6643 (ep 460)
2025-12-10 08:19:35 - [GCN] Epoch 0495 | loss 0.1593 | val@20 0.6517 | test@20 0.1948 | best 0.6643 (ep 460)
2025-12-10 08:19:48 - [GCN] Epoch 0500 | loss 0.1585 | val@20 0.6381 | test@20 0.2204 | best 0.6643 (ep 460)
2025-12-10 08:20:01 - [GCN] Epoch 0505 | loss 0.1575 | val@20 0.6152 | test@20 0.2861 | best 0.6643 (ep 460)
2025-12-10 08:20:15 - [GCN] Epoch 0510 | loss 0.1590 | val@20 0.6213 | test@20 0.3040 | best 0.6643 (ep 460)
2025-12-10 08:20:27 - [GCN] Epoch 0515 | loss 0.1603 | val@20 0.6280 | test@20 0.2931 | best 0.6643 (ep 460)
2025-12-10 08:20:40 - [GCN] Epoch 0520 | loss 0.1583 | val@20 0.6293 | test@20 0.3277 | best 0.6643 (ep 460)
2025-12-10 08:20:53 - [GCN] Epoch 0525 | loss 0.1603 | val@20 0.5946 | test@20 0.3078 | best 0.6643 (ep 460)
2025-12-10 08:21:08 - [GCN] Epoch 0530 | loss 0.1559 | val@20 0.5617 | test@20 0.3416 | best 0.6643 (ep 460)
2025-12-10 08:21:22 - [GCN] Epoch 0535 | loss 0.1580 | val@20 0.5650 | test@20 0.2445 | best 0.6643 (ep 460)
2025-12-10 08:21:35 - [GCN] Epoch 0540 | loss 0.1593 | val@20 0.6162 | test@20 0.3576 | best 0.6643 (ep 460)
2025-12-10 08:21:48 - [GCN] Epoch 0545 | loss 0.1591 | val@20 0.5502 | test@20 0.4549 | best 0.6643 (ep 460)
2025-12-10 08:22:01 - [GCN] Epoch 0550 | loss 0.1564 | val@20 0.6649 | test@20 0.3936 | best 0.6649 (ep 550)
2025-12-10 08:22:14 - [GCN] Epoch 0555 | loss 0.1563 | val@20 0.6065 | test@20 0.3253 | best 0.6649 (ep 550)
2025-12-10 08:22:27 - [GCN] Epoch 0560 | loss 0.1602 | val@20 0.5417 | test@20 0.5740 | best 0.6649 (ep 550)
2025-12-10 08:22:40 - [GCN] Epoch 0565 | loss 0.1553 | val@20 0.5983 | test@20 0.3269 | best 0.6649 (ep 550)
2025-12-10 08:22:53 - [GCN] Epoch 0570 | loss 0.1583 | val@20 0.6178 | test@20 0.2839 | best 0.6649 (ep 550)
2025-12-10 08:23:06 - [GCN] Epoch 0575 | loss 0.1563 | val@20 0.6425 | test@20 0.3709 | best 0.6649 (ep 550)
2025-12-10 08:23:19 - [GCN] Epoch 0580 | loss 0.1566 | val@20 0.6367 | test@20 0.2412 | best 0.6649 (ep 550)
2025-12-10 08:23:32 - [GCN] Epoch 0585 | loss 0.1561 | val@20 0.6317 | test@20 0.1817 | best 0.6649 (ep 550)
2025-12-10 08:23:45 - [GCN] Epoch 0590 | loss 0.1564 | val@20 0.6128 | test@20 0.2361 | best 0.6649 (ep 550)
2025-12-10 08:23:57 - [GCN] Epoch 0595 | loss 0.1550 | val@20 0.6551 | test@20 0.3307 | best 0.6649 (ep 550)
2025-12-10 08:24:11 - [GCN] Epoch 0600 | loss 0.1567 | val@20 0.6337 | test@20 0.3321 | best 0.6649 (ep 550)
2025-12-10 08:24:23 - [GCN] Epoch 0605 | loss 0.1573 | val@20 0.6298 | test@20 0.2956 | best 0.6649 (ep 550)
2025-12-10 08:24:36 - [GCN] Epoch 0610 | loss 0.1560 | val@20 0.6385 | test@20 0.3019 | best 0.6649 (ep 550)
2025-12-10 08:24:49 - [GCN] Epoch 0615 | loss 0.1570 | val@20 0.6517 | test@20 0.4395 | best 0.6649 (ep 550)
2025-12-10 08:25:02 - [GCN] Epoch 0620 | loss 0.1557 | val@20 0.6587 | test@20 0.2684 | best 0.6649 (ep 550)
2025-12-10 08:25:16 - [GCN] Epoch 0625 | loss 0.1539 | val@20 0.6325 | test@20 0.3214 | best 0.6649 (ep 550)
2025-12-10 08:25:29 - [GCN] Epoch 0630 | loss 0.1540 | val@20 0.6512 | test@20 0.3768 | best 0.6649 (ep 550)
2025-12-10 08:25:41 - [GCN] Epoch 0635 | loss 0.1545 | val@20 0.6713 | test@20 0.3721 | best 0.6713 (ep 635)
2025-12-10 08:25:54 - [GCN] Epoch 0640 | loss 0.1558 | val@20 0.6458 | test@20 0.3584 | best 0.6713 (ep 635)
2025-12-10 08:26:07 - [GCN] Epoch 0645 | loss 0.1557 | val@20 0.6544 | test@20 0.3244 | best 0.6713 (ep 635)
2025-12-10 08:26:20 - [GCN] Epoch 0650 | loss 0.1541 | val@20 0.6422 | test@20 0.3523 | best 0.6713 (ep 635)
2025-12-10 08:26:33 - [GCN] Epoch 0655 | loss 0.1559 | val@20 0.6482 | test@20 0.3260 | best 0.6713 (ep 635)
2025-12-10 08:26:45 - [GCN] Epoch 0660 | loss 0.1562 | val@20 0.6765 | test@20 0.4282 | best 0.6765 (ep 660)
2025-12-10 08:26:58 - [GCN] Epoch 0665 | loss 0.1551 | val@20 0.6479 | test@20 0.2897 | best 0.6765 (ep 660)
2025-12-10 08:27:12 - [GCN] Epoch 0670 | loss 0.1560 | val@20 0.6570 | test@20 0.3438 | best 0.6765 (ep 660)
2025-12-10 08:27:24 - [GCN] Epoch 0675 | loss 0.1535 | val@20 0.6813 | test@20 0.3582 | best 0.6813 (ep 675)
2025-12-10 08:27:37 - [GCN] Epoch 0680 | loss 0.1549 | val@20 0.6764 | test@20 0.3176 | best 0.6813 (ep 675)
2025-12-10 08:27:50 - [GCN] Epoch 0685 | loss 0.1531 | val@20 0.6343 | test@20 0.3116 | best 0.6813 (ep 675)
2025-12-10 08:28:03 - [GCN] Epoch 0690 | loss 0.1539 | val@20 0.6548 | test@20 0.2987 | best 0.6813 (ep 675)
2025-12-10 08:28:16 - [GCN] Epoch 0695 | loss 0.1540 | val@20 0.6201 | test@20 0.2774 | best 0.6813 (ep 675)
2025-12-10 08:28:29 - [GCN] Epoch 0700 | loss 0.1535 | val@20 0.6825 | test@20 0.3766 | best 0.6825 (ep 700)
2025-12-10 08:28:42 - [GCN] Epoch 0705 | loss 0.1531 | val@20 0.6515 | test@20 0.4756 | best 0.6825 (ep 700)
2025-12-10 08:28:55 - [GCN] Epoch 0710 | loss 0.1525 | val@20 0.6173 | test@20 0.3117 | best 0.6825 (ep 700)
2025-12-10 08:29:08 - [GCN] Epoch 0715 | loss 0.1540 | val@20 0.6578 | test@20 0.1849 | best 0.6825 (ep 700)
2025-12-10 08:29:21 - [GCN] Epoch 0720 | loss 0.1544 | val@20 0.6772 | test@20 0.3440 | best 0.6825 (ep 700)
2025-12-10 08:29:34 - [GCN] Epoch 0725 | loss 0.1559 | val@20 0.6400 | test@20 0.3699 | best 0.6825 (ep 700)
2025-12-10 08:29:47 - [GCN] Epoch 0730 | loss 0.1564 | val@20 0.6120 | test@20 0.2036 | best 0.6825 (ep 700)
2025-12-10 08:29:59 - [GCN] Epoch 0735 | loss 0.1530 | val@20 0.6387 | test@20 0.1957 | best 0.6825 (ep 700)
2025-12-10 08:30:13 - [GCN] Epoch 0740 | loss 0.1533 | val@20 0.6599 | test@20 0.3287 | best 0.6825 (ep 700)
2025-12-10 08:30:26 - [GCN] Epoch 0745 | loss 0.1524 | val@20 0.6414 | test@20 0.3881 | best 0.6825 (ep 700)
2025-12-10 08:30:39 - [GCN] Epoch 0750 | loss 0.1536 | val@20 0.6445 | test@20 0.3782 | best 0.6825 (ep 700)
2025-12-10 08:30:52 - [GCN] Epoch 0755 | loss 0.1534 | val@20 0.6518 | test@20 0.3888 | best 0.6825 (ep 700)
2025-12-10 08:31:07 - [GCN] Epoch 0760 | loss 0.1525 | val@20 0.6851 | test@20 0.3489 | best 0.6851 (ep 760)
2025-12-10 08:31:21 - [GCN] Epoch 0765 | loss 0.1526 | val@20 0.6776 | test@20 0.3156 | best 0.6851 (ep 760)
2025-12-10 08:31:34 - [GCN] Epoch 0770 | loss 0.1524 | val@20 0.6548 | test@20 0.3975 | best 0.6851 (ep 760)
2025-12-10 08:31:47 - [GCN] Epoch 0775 | loss 0.1533 | val@20 0.6386 | test@20 0.2351 | best 0.6851 (ep 760)
2025-12-10 08:31:59 - [GCN] Epoch 0780 | loss 0.1523 | val@20 0.6750 | test@20 0.3930 | best 0.6851 (ep 760)
2025-12-10 08:32:12 - [GCN] Epoch 0785 | loss 0.1539 | val@20 0.6426 | test@20 0.2730 | best 0.6851 (ep 760)
2025-12-10 08:32:25 - [GCN] Epoch 0790 | loss 0.1518 | val@20 0.6777 | test@20 0.4094 | best 0.6851 (ep 760)
2025-12-10 08:32:38 - [GCN] Epoch 0795 | loss 0.1517 | val@20 0.6469 | test@20 0.2474 | best 0.6851 (ep 760)
2025-12-10 08:32:51 - [GCN] Epoch 0800 | loss 0.1514 | val@20 0.6568 | test@20 0.2943 | best 0.6851 (ep 760)
2025-12-10 08:33:05 - [GCN] Epoch 0805 | loss 0.1526 | val@20 0.5738 | test@20 0.3286 | best 0.6851 (ep 760)
2025-12-10 08:33:17 - [GCN] Epoch 0810 | loss 0.1522 | val@20 0.6342 | test@20 0.4021 | best 0.6851 (ep 760)
2025-12-10 08:33:30 - [GCN] Epoch 0815 | loss 0.1523 | val@20 0.6516 | test@20 0.3412 | best 0.6851 (ep 760)
2025-12-10 08:33:43 - [GCN] Epoch 0820 | loss 0.1513 | val@20 0.6679 | test@20 0.3741 | best 0.6851 (ep 760)
2025-12-10 08:33:56 - [GCN] Epoch 0825 | loss 0.1518 | val@20 0.6695 | test@20 0.3832 | best 0.6851 (ep 760)
2025-12-10 08:34:09 - [GCN] Epoch 0830 | loss 0.1525 | val@20 0.6646 | test@20 0.3741 | best 0.6851 (ep 760)
2025-12-10 08:34:22 - [GCN] Epoch 0835 | loss 0.1513 | val@20 0.6605 | test@20 0.3739 | best 0.6851 (ep 760)
2025-12-10 08:34:35 - [GCN] Epoch 0840 | loss 0.1545 | val@20 0.6375 | test@20 0.4319 | best 0.6851 (ep 760)
2025-12-10 08:34:47 - [GCN] Epoch 0845 | loss 0.1531 | val@20 0.6685 | test@20 0.3615 | best 0.6851 (ep 760)
2025-12-10 08:35:00 - [GCN] Epoch 0850 | loss 0.1518 | val@20 0.6590 | test@20 0.4571 | best 0.6851 (ep 760)
2025-12-10 08:35:13 - [GCN] Epoch 0855 | loss 0.1524 | val@20 0.6500 | test@20 0.3752 | best 0.6851 (ep 760)
2025-12-10 08:35:26 - [GCN] Epoch 0860 | loss 0.1519 | val@20 0.6097 | test@20 0.2609 | best 0.6851 (ep 760)
2025-12-10 08:35:39 - [GCN] Epoch 0865 | loss 0.1515 | val@20 0.6512 | test@20 0.2939 | best 0.6851 (ep 760)
2025-12-10 08:35:52 - [GCN] Epoch 0870 | loss 0.1513 | val@20 0.6381 | test@20 0.4228 | best 0.6851 (ep 760)
2025-12-10 08:36:05 - [GCN] Epoch 0875 | loss 0.1505 | val@20 0.6501 | test@20 0.4476 | best 0.6851 (ep 760)
2025-12-10 08:36:18 - [GCN] Epoch 0880 | loss 0.1522 | val@20 0.6430 | test@20 0.3651 | best 0.6851 (ep 760)
2025-12-10 08:36:30 - [GCN] Epoch 0885 | loss 0.1513 | val@20 0.6736 | test@20 0.4006 | best 0.6851 (ep 760)
2025-12-10 08:36:43 - [GCN] Epoch 0890 | loss 0.1537 | val@20 0.6609 | test@20 0.2211 | best 0.6851 (ep 760)
2025-12-10 08:36:56 - [GCN] Epoch 0895 | loss 0.1515 | val@20 0.6467 | test@20 0.2580 | best 0.6851 (ep 760)
2025-12-10 08:37:10 - [GCN] Epoch 0900 | loss 0.1516 | val@20 0.6265 | test@20 0.4573 | best 0.6851 (ep 760)
2025-12-10 08:37:22 - [GCN] Epoch 0905 | loss 0.1526 | val@20 0.6198 | test@20 0.4482 | best 0.6851 (ep 760)
2025-12-10 08:37:35 - [GCN] Epoch 0910 | loss 0.1505 | val@20 0.6506 | test@20 0.4903 | best 0.6851 (ep 760)
2025-12-10 08:37:48 - [GCN] Epoch 0915 | loss 0.1514 | val@20 0.6545 | test@20 0.4423 | best 0.6851 (ep 760)
2025-12-10 08:38:00 - [GCN] Epoch 0920 | loss 0.1512 | val@20 0.6441 | test@20 0.3364 | best 0.6851 (ep 760)
2025-12-10 08:38:14 - [GCN] Epoch 0925 | loss 0.1503 | val@20 0.6941 | test@20 0.3968 | best 0.6941 (ep 925)
2025-12-10 08:38:26 - [GCN] Epoch 0930 | loss 0.1504 | val@20 0.6473 | test@20 0.4077 | best 0.6941 (ep 925)
2025-12-10 08:38:39 - [GCN] Epoch 0935 | loss 0.1515 | val@20 0.6799 | test@20 0.4585 | best 0.6941 (ep 925)
2025-12-10 08:38:52 - [GCN] Epoch 0940 | loss 0.1532 | val@20 0.6714 | test@20 0.5251 | best 0.6941 (ep 925)
2025-12-10 08:39:05 - [GCN] Epoch 0945 | loss 0.1499 | val@20 0.6645 | test@20 0.3592 | best 0.6941 (ep 925)
2025-12-10 08:39:18 - [GCN] Epoch 0950 | loss 0.1501 | val@20 0.6783 | test@20 0.4496 | best 0.6941 (ep 925)
2025-12-10 08:39:30 - [GCN] Epoch 0955 | loss 0.1496 | val@20 0.6602 | test@20 0.4207 | best 0.6941 (ep 925)
2025-12-10 08:39:43 - [GCN] Epoch 0960 | loss 0.1491 | val@20 0.5609 | test@20 0.3836 | best 0.6941 (ep 925)
2025-12-10 08:39:56 - [GCN] Epoch 0965 | loss 0.1501 | val@20 0.6719 | test@20 0.2459 | best 0.6941 (ep 925)
2025-12-10 08:40:09 - [GCN] Epoch 0970 | loss 0.1506 | val@20 0.6802 | test@20 0.3619 | best 0.6941 (ep 925)
2025-12-10 08:40:22 - [GCN] Epoch 0975 | loss 0.1501 | val@20 0.6713 | test@20 0.4833 | best 0.6941 (ep 925)
2025-12-10 08:40:34 - [GCN] Epoch 0980 | loss 0.1525 | val@20 0.6591 | test@20 0.3376 | best 0.6941 (ep 925)
2025-12-10 08:40:47 - [GCN] Epoch 0985 | loss 0.1501 | val@20 0.6824 | test@20 0.4385 | best 0.6941 (ep 925)
2025-12-10 08:41:00 - [GCN] Epoch 0990 | loss 0.1500 | val@20 0.6829 | test@20 0.4222 | best 0.6941 (ep 925)
2025-12-10 08:41:16 - [GCN] Epoch 0995 | loss 0.1503 | val@20 0.6776 | test@20 0.3755 | best 0.6941 (ep 925)
2025-12-10 08:41:28 - [GCN] Epoch 1000 | loss 0.1516 | val@20 0.6886 | test@20 0.5046 | best 0.6941 (ep 925)
2025-12-10 08:41:41 - [GCN] Epoch 1005 | loss 0.1507 | val@20 0.6703 | test@20 0.2347 | best 0.6941 (ep 925)
2025-12-10 08:41:54 - [GCN] Epoch 1010 | loss 0.1490 | val@20 0.6649 | test@20 0.4093 | best 0.6941 (ep 925)
2025-12-10 08:42:08 - [GCN] Epoch 1015 | loss 0.1501 | val@20 0.6701 | test@20 0.4674 | best 0.6941 (ep 925)
2025-12-10 08:42:21 - [GCN] Epoch 1020 | loss 0.1501 | val@20 0.6577 | test@20 0.4605 | best 0.6941 (ep 925)
2025-12-10 08:42:34 - [GCN] Epoch 1025 | loss 0.1502 | val@20 0.6561 | test@20 0.4412 | best 0.6941 (ep 925)
2025-12-10 08:42:46 - [GCN] Epoch 1030 | loss 0.1496 | val@20 0.6213 | test@20 0.3621 | best 0.6941 (ep 925)
2025-12-10 08:42:59 - [GCN] Epoch 1035 | loss 0.1498 | val@20 0.6439 | test@20 0.4424 | best 0.6941 (ep 925)
2025-12-10 08:43:13 - [GCN] Epoch 1040 | loss 0.1506 | val@20 0.6288 | test@20 0.3851 | best 0.6941 (ep 925)
2025-12-10 08:43:26 - [GCN] Epoch 1045 | loss 0.1510 | val@20 0.6732 | test@20 0.4004 | best 0.6941 (ep 925)
2025-12-10 08:43:39 - [GCN] Epoch 1050 | loss 0.1505 | val@20 0.6210 | test@20 0.4818 | best 0.6941 (ep 925)
2025-12-10 08:43:51 - [GCN] Epoch 1055 | loss 0.1491 | val@20 0.6595 | test@20 0.3821 | best 0.6941 (ep 925)
2025-12-10 08:44:05 - [GCN] Epoch 1060 | loss 0.1500 | val@20 0.6588 | test@20 0.4163 | best 0.6941 (ep 925)
2025-12-10 08:44:18 - [GCN] Epoch 1065 | loss 0.1492 | val@20 0.6988 | test@20 0.5613 | best 0.6988 (ep 1065)
2025-12-10 08:44:31 - [GCN] Epoch 1070 | loss 0.1496 | val@20 0.6716 | test@20 0.6716 | best 0.6988 (ep 1065)
2025-12-10 08:44:44 - [GCN] Epoch 1075 | loss 0.1496 | val@20 0.6672 | test@20 0.4012 | best 0.6988 (ep 1065)
2025-12-10 08:44:57 - [GCN] Epoch 1080 | loss 0.1490 | val@20 0.6160 | test@20 0.4112 | best 0.6988 (ep 1065)
2025-12-10 08:45:10 - [GCN] Epoch 1085 | loss 0.1485 | val@20 0.6699 | test@20 0.7257 | best 0.6988 (ep 1065)
2025-12-10 08:45:23 - [GCN] Epoch 1090 | loss 0.1495 | val@20 0.6646 | test@20 0.5324 | best 0.6988 (ep 1065)
2025-12-10 08:45:36 - [GCN] Epoch 1095 | loss 0.1483 | val@20 0.6008 | test@20 0.2723 | best 0.6988 (ep 1065)
2025-12-10 08:45:49 - [GCN] Epoch 1100 | loss 0.1500 | val@20 0.6769 | test@20 0.5797 | best 0.6988 (ep 1065)
2025-12-10 08:46:01 - [GCN] Epoch 1105 | loss 0.1494 | val@20 0.6671 | test@20 0.3794 | best 0.6988 (ep 1065)
2025-12-10 08:46:15 - [GCN] Epoch 1110 | loss 0.1478 | val@20 0.6816 | test@20 0.4546 | best 0.6988 (ep 1065)
2025-12-10 08:46:27 - [GCN] Epoch 1115 | loss 0.1485 | val@20 0.6531 | test@20 0.4817 | best 0.6988 (ep 1065)
2025-12-10 08:46:40 - [GCN] Epoch 1120 | loss 0.1496 | val@20 0.6293 | test@20 0.2842 | best 0.6988 (ep 1065)
2025-12-10 08:46:53 - [GCN] Epoch 1125 | loss 0.1489 | val@20 0.6595 | test@20 0.4755 | best 0.6988 (ep 1065)
2025-12-10 08:47:06 - [GCN] Epoch 1130 | loss 0.1501 | val@20 0.6694 | test@20 0.3502 | best 0.6988 (ep 1065)
2025-12-10 08:47:19 - [GCN] Epoch 1135 | loss 0.1476 | val@20 0.6627 | test@20 0.4157 | best 0.6988 (ep 1065)
2025-12-10 08:47:32 - [GCN] Epoch 1140 | loss 0.1486 | val@20 0.6816 | test@20 0.4217 | best 0.6988 (ep 1065)
2025-12-10 08:47:44 - [GCN] Epoch 1145 | loss 0.1493 | val@20 0.6733 | test@20 0.7679 | best 0.6988 (ep 1065)
2025-12-10 08:47:57 - [GCN] Epoch 1150 | loss 0.1476 | val@20 0.6850 | test@20 0.4740 | best 0.6988 (ep 1065)
2025-12-10 08:48:10 - [GCN] Epoch 1155 | loss 0.1497 | val@20 0.6689 | test@20 0.2865 | best 0.6988 (ep 1065)
2025-12-10 08:48:23 - [GCN] Epoch 1160 | loss 0.1484 | val@20 0.6841 | test@20 0.4802 | best 0.6988 (ep 1065)
2025-12-10 08:48:36 - [GCN] Epoch 1165 | loss 0.1491 | val@20 0.6453 | test@20 0.4010 | best 0.6988 (ep 1065)
2025-12-10 08:48:48 - [GCN] Epoch 1170 | loss 0.1476 | val@20 0.6748 | test@20 0.3980 | best 0.6988 (ep 1065)
2025-12-10 08:49:01 - [GCN] Epoch 1175 | loss 0.1489 | val@20 0.6161 | test@20 0.3640 | best 0.6988 (ep 1065)
2025-12-10 08:49:15 - [GCN] Epoch 1180 | loss 0.1484 | val@20 0.6105 | test@20 0.4282 | best 0.6988 (ep 1065)
2025-12-10 08:49:27 - [GCN] Epoch 1185 | loss 0.1472 | val@20 0.6819 | test@20 0.4450 | best 0.6988 (ep 1065)
2025-12-10 08:49:40 - [GCN] Epoch 1190 | loss 0.1480 | val@20 0.6817 | test@20 0.4776 | best 0.6988 (ep 1065)
2025-12-10 08:49:53 - [GCN] Epoch 1195 | loss 0.1495 | val@20 0.6908 | test@20 0.3468 | best 0.6988 (ep 1065)
2025-12-10 08:50:06 - [GCN] Epoch 1200 | loss 0.1473 | val@20 0.6532 | test@20 0.5608 | best 0.6988 (ep 1065)
2025-12-10 08:50:19 - [GCN] Epoch 1205 | loss 0.1479 | val@20 0.6473 | test@20 0.4545 | best 0.6988 (ep 1065)
2025-12-10 08:50:31 - [GCN] Epoch 1210 | loss 0.1481 | val@20 0.6465 | test@20 0.3990 | best 0.6988 (ep 1065)
2025-12-10 08:50:44 - [GCN] Epoch 1215 | loss 0.1486 | val@20 0.6645 | test@20 0.4673 | best 0.6988 (ep 1065)
2025-12-10 08:50:57 - [GCN] Epoch 1220 | loss 0.1497 | val@20 0.6273 | test@20 0.3855 | best 0.6988 (ep 1065)
2025-12-10 08:51:12 - [GCN] Epoch 1225 | loss 0.1472 | val@20 0.6784 | test@20 0.5115 | best 0.6988 (ep 1065)
2025-12-10 08:51:26 - [GCN] Epoch 1230 | loss 0.1501 | val@20 0.6749 | test@20 0.2905 | best 0.6988 (ep 1065)
2025-12-10 08:51:38 - [GCN] Epoch 1235 | loss 0.1486 | val@20 0.6131 | test@20 0.5812 | best 0.6988 (ep 1065)
2025-12-10 08:51:51 - [GCN] Epoch 1240 | loss 0.1487 | val@20 0.6786 | test@20 0.5590 | best 0.6988 (ep 1065)
2025-12-10 08:52:05 - [GCN] Epoch 1245 | loss 0.1473 | val@20 0.6696 | test@20 0.4796 | best 0.6988 (ep 1065)
2025-12-10 08:52:18 - [GCN] Epoch 1250 | loss 0.1484 | val@20 0.6802 | test@20 0.4892 | best 0.6988 (ep 1065)
2025-12-10 08:52:30 - [GCN] Epoch 1255 | loss 0.1491 | val@20 0.6537 | test@20 0.4240 | best 0.6988 (ep 1065)
2025-12-10 08:52:43 - [GCN] Epoch 1260 | loss 0.1486 | val@20 0.6687 | test@20 0.5104 | best 0.6988 (ep 1065)
2025-12-10 08:52:55 - [GCN] Epoch 1265 | loss 0.1482 | val@20 0.6298 | test@20 0.4250 | best 0.6988 (ep 1065)
2025-12-10 08:53:09 - [GCN] Epoch 1270 | loss 0.1484 | val@20 0.6688 | test@20 0.4322 | best 0.6988 (ep 1065)
2025-12-10 08:53:21 - [GCN] Epoch 1275 | loss 0.1480 | val@20 0.6845 | test@20 0.4465 | best 0.6988 (ep 1065)
2025-12-10 08:53:34 - [GCN] Epoch 1280 | loss 0.1476 | val@20 0.6460 | test@20 0.4813 | best 0.6988 (ep 1065)
2025-12-10 08:53:47 - [GCN] Epoch 1285 | loss 0.1480 | val@20 0.6401 | test@20 0.3897 | best 0.6988 (ep 1065)
2025-12-10 08:54:00 - [GCN] Epoch 1290 | loss 0.1477 | val@20 0.6564 | test@20 0.3176 | best 0.6988 (ep 1065)
2025-12-10 08:54:13 - [GCN] Epoch 1295 | loss 0.1476 | val@20 0.6706 | test@20 0.4116 | best 0.6988 (ep 1065)
2025-12-10 08:54:26 - [GCN] Epoch 1300 | loss 0.1480 | val@20 0.6525 | test@20 0.4524 | best 0.6988 (ep 1065)
2025-12-10 08:54:39 - [GCN] Epoch 1305 | loss 0.1481 | val@20 0.6452 | test@20 0.3401 | best 0.6988 (ep 1065)
2025-12-10 08:54:51 - [GCN] Epoch 1310 | loss 0.1479 | val@20 0.6410 | test@20 0.6638 | best 0.6988 (ep 1065)
2025-12-10 08:55:04 - [GCN] Epoch 1315 | loss 0.1463 | val@20 0.6765 | test@20 0.4318 | best 0.6988 (ep 1065)
2025-12-10 08:55:17 - [GCN] Epoch 1320 | loss 0.1463 | val@20 0.6725 | test@20 0.5593 | best 0.6988 (ep 1065)
2025-12-10 08:55:30 - [GCN] Epoch 1325 | loss 0.1470 | val@20 0.6804 | test@20 0.5121 | best 0.6988 (ep 1065)
2025-12-10 08:55:42 - [GCN] Epoch 1330 | loss 0.1486 | val@20 0.6857 | test@20 0.4286 | best 0.6988 (ep 1065)
2025-12-10 08:55:55 - [GCN] Epoch 1335 | loss 0.1473 | val@20 0.6500 | test@20 0.4888 | best 0.6988 (ep 1065)
2025-12-10 08:56:08 - [GCN] Epoch 1340 | loss 0.1476 | val@20 0.6452 | test@20 0.3588 | best 0.6988 (ep 1065)
2025-12-10 08:56:21 - [GCN] Epoch 1345 | loss 0.1476 | val@20 0.6568 | test@20 0.3813 | best 0.6988 (ep 1065)
2025-12-10 08:56:33 - [GCN] Epoch 1350 | loss 0.1487 | val@20 0.6487 | test@20 0.5015 | best 0.6988 (ep 1065)
2025-12-10 08:56:46 - [GCN] Epoch 1355 | loss 0.1488 | val@20 0.6434 | test@20 0.4626 | best 0.6988 (ep 1065)
2025-12-10 08:56:59 - [GCN] Epoch 1360 | loss 0.1475 | val@20 0.6674 | test@20 0.6035 | best 0.6988 (ep 1065)
2025-12-10 08:57:12 - [GCN] Epoch 1365 | loss 0.1476 | val@20 0.6694 | test@20 0.4868 | best 0.6988 (ep 1065)
2025-12-10 08:57:25 - [GCN] Epoch 1370 | loss 0.1480 | val@20 0.6854 | test@20 0.4191 | best 0.6988 (ep 1065)
2025-12-10 08:57:38 - [GCN] Epoch 1375 | loss 0.1469 | val@20 0.6651 | test@20 0.3661 | best 0.6988 (ep 1065)
2025-12-10 08:57:51 - [GCN] Epoch 1380 | loss 0.1465 | val@20 0.6634 | test@20 0.5140 | best 0.6988 (ep 1065)
2025-12-10 08:58:05 - [GCN] Epoch 1385 | loss 0.1479 | val@20 0.6656 | test@20 0.3970 | best 0.6988 (ep 1065)
2025-12-10 08:58:18 - [GCN] Epoch 1390 | loss 0.1460 | val@20 0.6407 | test@20 0.3716 | best 0.6988 (ep 1065)
2025-12-10 08:58:30 - [GCN] Epoch 1395 | loss 0.1472 | val@20 0.6694 | test@20 0.6898 | best 0.6988 (ep 1065)
2025-12-10 08:58:43 - [GCN] Epoch 1400 | loss 0.1479 | val@20 0.6749 | test@20 0.4434 | best 0.6988 (ep 1065)
2025-12-10 08:58:56 - [GCN] Epoch 1405 | loss 0.1489 | val@20 0.6521 | test@20 0.4041 | best 0.6988 (ep 1065)
2025-12-10 08:59:10 - [GCN] Epoch 1410 | loss 0.1472 | val@20 0.6819 | test@20 0.3186 | best 0.6988 (ep 1065)
2025-12-10 08:59:22 - [GCN] Epoch 1415 | loss 0.1481 | val@20 0.6174 | test@20 0.5276 | best 0.6988 (ep 1065)
2025-12-10 08:59:35 - [GCN] Epoch 1420 | loss 0.1497 | val@20 0.4701 | test@20 0.2605 | best 0.6988 (ep 1065)
2025-12-10 08:59:48 - [GCN] Epoch 1425 | loss 0.1466 | val@20 0.6658 | test@20 0.4934 | best 0.6988 (ep 1065)
2025-12-10 09:00:01 - [GCN] Epoch 1430 | loss 0.1477 | val@20 0.5301 | test@20 0.5898 | best 0.6988 (ep 1065)
2025-12-10 09:00:14 - [GCN] Epoch 1435 | loss 0.1467 | val@20 0.6844 | test@20 0.5299 | best 0.6988 (ep 1065)
2025-12-10 09:00:27 - [GCN] Epoch 1440 | loss 0.1474 | val@20 0.6574 | test@20 0.3769 | best 0.6988 (ep 1065)
2025-12-10 09:00:40 - [GCN] Epoch 1445 | loss 0.1480 | val@20 0.6804 | test@20 0.4836 | best 0.6988 (ep 1065)
2025-12-10 09:00:53 - [GCN] Epoch 1450 | loss 0.1459 | val@20 0.6548 | test@20 0.5561 | best 0.6988 (ep 1065)
2025-12-10 09:01:08 - [GCN] Epoch 1455 | loss 0.1468 | val@20 0.6812 | test@20 0.5669 | best 0.6988 (ep 1065)
2025-12-10 09:01:21 - [GCN] Epoch 1460 | loss 0.1477 | val@20 0.6835 | test@20 0.4428 | best 0.6988 (ep 1065)
2025-12-10 09:01:34 - [GCN] Epoch 1465 | loss 0.1465 | val@20 0.6876 | test@20 0.6562 | best 0.6988 (ep 1065)
2025-12-10 09:01:47 - [GCN] Epoch 1470 | loss 0.1484 | val@20 0.6398 | test@20 0.4124 | best 0.6988 (ep 1065)
2025-12-10 09:02:00 - [GCN] Epoch 1475 | loss 0.1499 | val@20 0.5922 | test@20 0.2190 | best 0.6988 (ep 1065)
2025-12-10 09:02:13 - [GCN] Epoch 1480 | loss 0.1477 | val@20 0.6918 | test@20 0.6250 | best 0.6988 (ep 1065)
2025-12-10 09:02:26 - [GCN] Epoch 1485 | loss 0.1465 | val@20 0.6572 | test@20 0.4221 | best 0.6988 (ep 1065)
2025-12-10 09:02:38 - [GCN] Epoch 1490 | loss 0.1464 | val@20 0.6424 | test@20 0.3447 | best 0.6988 (ep 1065)
2025-12-10 09:02:51 - [GCN] Epoch 1495 | loss 0.1474 | val@20 0.6932 | test@20 0.4879 | best 0.6988 (ep 1065)
2025-12-10 09:03:05 - [GCN] Epoch 1500 | loss 0.1469 | val@20 0.6502 | test@20 0.4493 | best 0.6988 (ep 1065)
2025-12-10 09:03:18 - [GCN] Epoch 1505 | loss 0.1453 | val@20 0.6896 | test@20 0.5806 | best 0.6988 (ep 1065)
2025-12-10 09:03:31 - [GCN] Epoch 1510 | loss 0.1466 | val@20 0.6670 | test@20 0.7461 | best 0.6988 (ep 1065)
2025-12-10 09:03:43 - [GCN] Epoch 1515 | loss 0.1465 | val@20 0.6613 | test@20 0.5600 | best 0.6988 (ep 1065)
2025-12-10 09:03:56 - [GCN] Epoch 1520 | loss 0.1452 | val@20 0.6662 | test@20 0.5095 | best 0.6988 (ep 1065)
2025-12-10 09:04:09 - [GCN] Epoch 1525 | loss 0.1475 | val@20 0.6674 | test@20 0.4092 | best 0.6988 (ep 1065)
2025-12-10 09:04:22 - [GCN] Epoch 1530 | loss 0.1461 | val@20 0.6293 | test@20 0.5094 | best 0.6988 (ep 1065)
2025-12-10 09:04:35 - [GCN] Epoch 1535 | loss 0.1470 | val@20 0.6752 | test@20 0.4850 | best 0.6988 (ep 1065)
2025-12-10 09:04:48 - [GCN] Epoch 1540 | loss 0.1463 | val@20 0.6811 | test@20 0.4125 | best 0.6988 (ep 1065)
2025-12-10 09:05:00 - [GCN] Epoch 1545 | loss 0.1465 | val@20 0.6312 | test@20 0.5700 | best 0.6988 (ep 1065)
2025-12-10 09:05:14 - [GCN] Epoch 1550 | loss 0.1466 | val@20 0.6364 | test@20 0.4851 | best 0.6988 (ep 1065)
2025-12-10 09:05:26 - [GCN] Epoch 1555 | loss 0.1460 | val@20 0.6930 | test@20 0.6035 | best 0.6988 (ep 1065)
2025-12-10 09:05:38 - [GCN] Epoch 1560 | loss 0.1467 | val@20 0.6736 | test@20 0.3091 | best 0.6988 (ep 1065)
2025-12-10 09:05:51 - [GCN] Epoch 1565 | loss 0.1472 | val@20 0.6847 | test@20 0.6520 | best 0.6988 (ep 1065)
2025-12-10 09:06:04 - [GCN] Epoch 1570 | loss 0.1468 | val@20 0.6967 | test@20 0.6748 | best 0.6988 (ep 1065)
2025-12-10 09:06:17 - [GCN] Epoch 1575 | loss 0.1462 | val@20 0.6663 | test@20 0.3148 | best 0.6988 (ep 1065)
2025-12-10 09:06:29 - [GCN] Epoch 1580 | loss 0.1466 | val@20 0.6632 | test@20 0.3994 | best 0.6988 (ep 1065)
2025-12-10 09:06:41 - [GCN] Epoch 1585 | loss 0.1459 | val@20 0.6956 | test@20 0.4972 | best 0.6988 (ep 1065)
2025-12-10 09:06:54 - [GCN] Epoch 1590 | loss 0.1460 | val@20 0.6721 | test@20 0.3349 | best 0.6988 (ep 1065)
2025-12-10 09:07:08 - [GCN] Epoch 1595 | loss 0.1451 | val@20 0.6783 | test@20 0.5140 | best 0.6988 (ep 1065)
2025-12-10 09:07:20 - [GCN] Epoch 1600 | loss 0.1450 | val@20 0.6697 | test@20 0.4542 | best 0.6988 (ep 1065)
2025-12-10 09:07:33 - [GCN] Epoch 1605 | loss 0.1475 | val@20 0.6612 | test@20 0.5054 | best 0.6988 (ep 1065)
2025-12-10 09:07:47 - [GCN] Epoch 1610 | loss 0.1453 | val@20 0.6667 | test@20 0.5105 | best 0.6988 (ep 1065)
2025-12-10 09:08:00 - [GCN] Epoch 1615 | loss 0.1478 | val@20 0.6729 | test@20 0.6066 | best 0.6988 (ep 1065)
2025-12-10 09:08:13 - [GCN] Epoch 1620 | loss 0.1460 | val@20 0.6809 | test@20 0.4808 | best 0.6988 (ep 1065)
2025-12-10 09:08:26 - [GCN] Epoch 1625 | loss 0.1481 | val@20 0.6804 | test@20 0.4886 | best 0.6988 (ep 1065)
2025-12-10 09:08:38 - [GCN] Epoch 1630 | loss 0.1461 | val@20 0.6525 | test@20 0.3857 | best 0.6988 (ep 1065)
2025-12-10 09:08:50 - [GCN] Epoch 1635 | loss 0.1465 | val@20 0.6578 | test@20 0.4428 | best 0.6988 (ep 1065)
2025-12-10 09:09:03 - [GCN] Epoch 1640 | loss 0.1478 | val@20 0.6800 | test@20 0.4931 | best 0.6988 (ep 1065)
2025-12-10 09:09:16 - [GCN] Epoch 1645 | loss 0.1458 | val@20 0.6485 | test@20 0.4982 | best 0.6988 (ep 1065)
2025-12-10 09:09:29 - [GCN] Epoch 1650 | loss 0.1452 | val@20 0.6865 | test@20 0.4772 | best 0.6988 (ep 1065)
2025-12-10 09:09:42 - [GCN] Epoch 1655 | loss 0.1481 | val@20 0.6741 | test@20 0.5269 | best 0.6988 (ep 1065)
2025-12-10 09:09:55 - [GCN] Epoch 1660 | loss 0.1458 | val@20 0.6510 | test@20 0.5309 | best 0.6988 (ep 1065)
2025-12-10 09:10:08 - [GCN] Epoch 1665 | loss 0.1461 | val@20 0.6785 | test@20 0.4104 | best 0.6988 (ep 1065)
2025-12-10 09:10:21 - [GCN] Epoch 1670 | loss 0.1463 | val@20 0.6803 | test@20 0.6702 | best 0.6988 (ep 1065)
2025-12-10 09:10:34 - [GCN] Epoch 1675 | loss 0.1459 | val@20 0.6888 | test@20 0.4544 | best 0.6988 (ep 1065)
2025-12-10 09:10:47 - [GCN] Epoch 1680 | loss 0.1478 | val@20 0.6932 | test@20 0.4854 | best 0.6988 (ep 1065)
2025-12-10 09:11:00 - [GCN] Epoch 1685 | loss 0.1464 | val@20 0.6824 | test@20 0.3813 | best 0.6988 (ep 1065)
2025-12-10 09:11:15 - [GCN] Epoch 1690 | loss 0.1473 | val@20 0.6500 | test@20 0.3344 | best 0.6988 (ep 1065)
2025-12-10 09:11:27 - [GCN] Epoch 1695 | loss 0.1465 | val@20 0.6921 | test@20 0.5930 | best 0.6988 (ep 1065)
2025-12-10 09:11:41 - [GCN] Epoch 1700 | loss 0.1456 | val@20 0.6732 | test@20 0.4014 | best 0.6988 (ep 1065)
2025-12-10 09:11:53 - [GCN] Epoch 1705 | loss 0.1457 | val@20 0.6753 | test@20 0.4521 | best 0.6988 (ep 1065)
2025-12-10 09:12:06 - [GCN] Epoch 1710 | loss 0.1464 | val@20 0.6512 | test@20 0.4668 | best 0.6988 (ep 1065)
2025-12-10 09:12:19 - [GCN] Epoch 1715 | loss 0.1464 | val@20 0.6819 | test@20 0.6997 | best 0.6988 (ep 1065)
2025-12-10 09:12:32 - [GCN] Epoch 1720 | loss 0.1455 | val@20 0.6483 | test@20 0.3841 | best 0.6988 (ep 1065)
2025-12-10 09:12:44 - [GCN] Epoch 1725 | loss 0.1451 | val@20 0.6790 | test@20 0.7451 | best 0.6988 (ep 1065)
2025-12-10 09:12:57 - [GCN] Epoch 1730 | loss 0.1468 | val@20 0.6864 | test@20 0.6091 | best 0.6988 (ep 1065)
2025-12-10 09:13:10 - [GCN] Epoch 1735 | loss 0.1468 | val@20 0.6471 | test@20 0.4530 | best 0.6988 (ep 1065)
2025-12-10 09:13:23 - [GCN] Epoch 1740 | loss 0.1459 | val@20 0.6817 | test@20 0.6403 | best 0.6988 (ep 1065)
2025-12-10 09:13:36 - [GCN] Epoch 1745 | loss 0.1455 | val@20 0.6841 | test@20 0.6562 | best 0.6988 (ep 1065)
2025-12-10 09:13:48 - [GCN] Epoch 1750 | loss 0.1458 | val@20 0.6767 | test@20 0.7592 | best 0.6988 (ep 1065)
2025-12-10 09:14:01 - [GCN] Epoch 1755 | loss 0.1455 | val@20 0.6854 | test@20 0.6125 | best 0.6988 (ep 1065)
2025-12-10 09:14:14 - [GCN] Epoch 1760 | loss 0.1464 | val@20 0.6927 | test@20 0.4288 | best 0.6988 (ep 1065)
2025-12-10 09:14:26 - [GCN] Epoch 1765 | loss 0.1457 | val@20 0.6896 | test@20 0.3660 | best 0.6988 (ep 1065)
2025-12-10 09:14:39 - [GCN] Epoch 1770 | loss 0.1459 | val@20 0.6961 | test@20 0.6586 | best 0.6988 (ep 1065)
2025-12-10 09:14:51 - [GCN] Epoch 1775 | loss 0.1461 | val@20 0.6550 | test@20 0.3573 | best 0.6988 (ep 1065)
2025-12-10 09:15:05 - [GCN] Epoch 1780 | loss 0.1456 | val@20 0.6648 | test@20 0.3975 | best 0.6988 (ep 1065)
2025-12-10 09:15:18 - [GCN] Epoch 1785 | loss 0.1455 | val@20 0.6651 | test@20 0.4778 | best 0.6988 (ep 1065)
2025-12-10 09:15:30 - [GCN] Epoch 1790 | loss 0.1465 | val@20 0.6616 | test@20 0.5023 | best 0.6988 (ep 1065)
2025-12-10 09:15:43 - [GCN] Epoch 1795 | loss 0.1470 | val@20 0.6710 | test@20 0.5247 | best 0.6988 (ep 1065)
2025-12-10 09:15:56 - [GCN] Epoch 1800 | loss 0.1454 | val@20 0.6860 | test@20 0.5160 | best 0.6988 (ep 1065)
2025-12-10 09:16:09 - [GCN] Epoch 1805 | loss 0.1457 | val@20 0.6893 | test@20 0.6088 | best 0.6988 (ep 1065)
2025-12-10 09:16:22 - [GCN] Epoch 1810 | loss 0.1442 | val@20 0.6867 | test@20 0.5686 | best 0.6988 (ep 1065)
2025-12-10 09:16:34 - [GCN] Epoch 1815 | loss 0.1466 | val@20 0.6541 | test@20 0.4836 | best 0.6988 (ep 1065)
2025-12-10 09:16:47 - [GCN] Epoch 1820 | loss 0.1456 | val@20 0.6517 | test@20 0.4652 | best 0.6988 (ep 1065)
2025-12-10 09:16:59 - [GCN] Epoch 1825 | loss 0.1466 | val@20 0.6435 | test@20 0.5845 | best 0.6988 (ep 1065)
2025-12-10 09:17:12 - [GCN] Epoch 1830 | loss 0.1459 | val@20 0.6798 | test@20 0.2623 | best 0.6988 (ep 1065)
2025-12-10 09:17:24 - [GCN] Epoch 1835 | loss 0.1459 | val@20 0.6304 | test@20 0.4428 | best 0.6988 (ep 1065)
2025-12-10 09:17:37 - [GCN] Epoch 1840 | loss 0.1457 | val@20 0.6392 | test@20 0.5487 | best 0.6988 (ep 1065)
2025-12-10 09:17:49 - [GCN] Epoch 1845 | loss 0.1448 | val@20 0.6771 | test@20 0.6432 | best 0.6988 (ep 1065)
2025-12-10 09:18:02 - [GCN] Epoch 1850 | loss 0.1449 | val@20 0.6833 | test@20 0.5171 | best 0.6988 (ep 1065)
2025-12-10 09:18:15 - [GCN] Epoch 1855 | loss 0.1449 | val@20 0.6901 | test@20 0.6627 | best 0.6988 (ep 1065)
2025-12-10 09:18:28 - [GCN] Epoch 1860 | loss 0.1452 | val@20 0.6532 | test@20 0.3822 | best 0.6988 (ep 1065)
2025-12-10 09:18:41 - [GCN] Epoch 1865 | loss 0.1443 | val@20 0.6774 | test@20 0.5490 | best 0.6988 (ep 1065)
2025-12-10 09:18:53 - [GCN] Epoch 1870 | loss 0.1449 | val@20 0.6783 | test@20 0.6834 | best 0.6988 (ep 1065)
2025-12-10 09:19:06 - [GCN] Epoch 1875 | loss 0.1451 | val@20 0.6424 | test@20 0.5255 | best 0.6988 (ep 1065)
2025-12-10 09:19:19 - [GCN] Epoch 1880 | loss 0.1458 | val@20 0.6553 | test@20 0.5645 | best 0.6988 (ep 1065)
2025-12-10 09:19:32 - [GCN] Epoch 1885 | loss 0.1456 | val@20 0.6531 | test@20 0.4968 | best 0.6988 (ep 1065)
2025-12-10 09:19:44 - [GCN] Epoch 1890 | loss 0.1442 | val@20 0.6752 | test@20 0.3401 | best 0.6988 (ep 1065)
2025-12-10 09:19:57 - [GCN] Epoch 1895 | loss 0.1462 | val@20 0.6526 | test@20 0.6765 | best 0.6988 (ep 1065)
2025-12-10 09:20:10 - [GCN] Epoch 1900 | loss 0.1447 | val@20 0.6550 | test@20 0.4967 | best 0.6988 (ep 1065)
2025-12-10 09:20:23 - [GCN] Epoch 1905 | loss 0.1450 | val@20 0.6483 | test@20 0.5845 | best 0.6988 (ep 1065)
2025-12-10 09:20:35 - [GCN] Epoch 1910 | loss 0.1448 | val@20 0.6560 | test@20 0.6807 | best 0.6988 (ep 1065)
2025-12-10 09:20:49 - [GCN] Epoch 1915 | loss 0.1450 | val@20 0.6476 | test@20 0.5993 | best 0.6988 (ep 1065)
2025-12-10 09:21:02 - [GCN] Epoch 1920 | loss 0.1454 | val@20 0.6583 | test@20 0.4127 | best 0.6988 (ep 1065)
2025-12-10 09:21:17 - [GCN] Epoch 1925 | loss 0.1459 | val@20 0.6275 | test@20 0.6741 | best 0.6988 (ep 1065)
2025-12-10 09:21:29 - [GCN] Epoch 1930 | loss 0.1457 | val@20 0.6676 | test@20 0.5917 | best 0.6988 (ep 1065)
2025-12-10 09:21:42 - [GCN] Epoch 1935 | loss 0.1458 | val@20 0.6556 | test@20 0.5717 | best 0.6988 (ep 1065)
2025-12-10 09:21:54 - [GCN] Epoch 1940 | loss 0.1453 | val@20 0.6785 | test@20 0.4579 | best 0.6988 (ep 1065)
2025-12-10 09:22:08 - [GCN] Epoch 1945 | loss 0.1457 | val@20 0.6781 | test@20 0.5063 | best 0.6988 (ep 1065)
2025-12-10 09:22:20 - [GCN] Epoch 1950 | loss 0.1454 | val@20 0.6527 | test@20 0.5341 | best 0.6988 (ep 1065)
2025-12-10 09:22:33 - [GCN] Epoch 1955 | loss 0.1448 | val@20 0.6723 | test@20 0.5849 | best 0.6988 (ep 1065)
2025-12-10 09:22:45 - [GCN] Epoch 1960 | loss 0.1440 | val@20 0.6695 | test@20 0.6482 | best 0.6988 (ep 1065)
2025-12-10 09:22:58 - [GCN] Epoch 1965 | loss 0.1435 | val@20 0.6563 | test@20 0.4498 | best 0.6988 (ep 1065)
2025-12-10 09:23:11 - [GCN] Epoch 1970 | loss 0.1449 | val@20 0.6391 | test@20 0.6531 | best 0.6988 (ep 1065)
2025-12-10 09:23:23 - [GCN] Epoch 1975 | loss 0.1481 | val@20 0.6667 | test@20 0.5627 | best 0.6988 (ep 1065)
2025-12-10 09:23:37 - [GCN] Epoch 1980 | loss 0.1464 | val@20 0.6620 | test@20 0.7737 | best 0.6988 (ep 1065)
2025-12-10 09:23:49 - [GCN] Epoch 1985 | loss 0.1447 | val@20 0.6809 | test@20 0.5431 | best 0.6988 (ep 1065)
2025-12-10 09:24:02 - [GCN] Epoch 1990 | loss 0.1456 | val@20 0.6341 | test@20 0.6941 | best 0.6988 (ep 1065)
2025-12-10 09:24:14 - [GCN] Epoch 1995 | loss 0.1444 | val@20 0.6648 | test@20 0.6543 | best 0.6988 (ep 1065)
2025-12-10 09:24:27 - [GCN] Epoch 2000 | loss 0.1446 | val@20 0.6522 | test@20 0.6844 | best 0.6988 (ep 1065)
2025-12-10 09:24:27 - ================================================================================
2025-12-10 09:24:27 - Final Results
2025-12-10 09:24:27 - ================================================================================
2025-12-10 09:24:27 - Hits@10: Valid 65.50% | Test 25.31%
2025-12-10 09:24:27 - Hits@20: Valid 69.88% | Test 56.13%
2025-12-10 09:24:27 - Hits@30: Valid 71.64% | Test 86.63%
2025-12-10 09:24:27 - ================================================================================
