2025-12-09 23:05:20,001 - Using device: cuda
2025-12-09 23:05:20,001 - Logging results to: logs/hybrid_20251209_230520/hybrid.log
2025-12-09 23:05:20,001 - Loading dataset with ChemBERTa embeddings + SMILES mask...
2025-12-09 23:05:20,001 - Loading dataset ogbl-ddi...
2025-12-09 23:05:20,088 - Dataset loaded: 4267 nodes
2025-12-09 23:05:20,251 - Train pos edges: 1067911, Valid pos: 133489, Test pos: 133489
2025-12-09 23:05:20,251 - Valid neg edges: 101882, Test neg: 95599
2025-12-09 23:05:20,265 - Computing structural features (this may take a moment)...
2025-12-09 23:09:19,092 - Computed structural features (6 dims):
2025-12-09 23:09:19,094 -   - Degree: mean=4.473, std=1.892
2025-12-09 23:09:19,094 -   - Clustering: mean=0.514, std=0.219
2025-12-09 23:09:19,095 -   - Core number: mean=5.122, std=1.539
2025-12-09 23:09:19,095 -   - PageRank: mean=0.105, std=0.075
2025-12-09 23:09:19,100 - Added self-loops: Total edges now = 1072178
2025-12-09 23:09:19,100 - Loading cached ChemBERTa features from data/chemberta_features_768.pt
2025-12-09 23:09:19,110 - Loading cached SMILES mask from data/chemberta_features_768_mask.pt
2025-12-09 23:09:19,111 - Attached ChemBERTa features: data.x shape = torch.Size([4267, 768])
2025-12-09 23:09:19,114 - Attached SMILES mask: 2287 valid / 4267 total (53.6%)
2025-12-09 23:09:19,114 - Attached structural features: data.struct_features shape = torch.Size([4267, 6])
2025-12-09 23:09:19,119 - Dataset loaded with ChemBERTa features: data.x.shape = torch.Size([4267, 768])
2025-12-09 23:09:19,119 - SMILES mask: 2287 valid / 4267 total (53.6%)
2025-12-09 23:09:19,119 - 
================================================================================
2025-12-09 23:09:19,119 - Training Hybrid-GCN-ChemAware
2025-12-09 23:09:19,119 - ================================================================================
2025-12-09 23:09:19,157 - Model: Hybrid-GCN (2 layers, dropout=0.0) | Structure-only encoder + chemistry_aware decoder | hidden=128, chem_dim=768
2025-12-09 23:09:19,160 - [Hybrid-GCN-ChemAware] Starting hybrid model training (epochs=200, lr=0.01, wd=0.0001, batch_size=10000, eval_every=5)
