2025-12-09 21:23:19,774 - Using device: cuda
2025-12-09 21:23:19,774 - Logging results to: logs/chemberta_fallback_20251209_212319/chemberta_fallback.log
2025-12-09 21:23:19,774 - Loading dataset with ChemBERTa embeddings + SMILES mask...
2025-12-09 21:23:19,774 - Loading dataset ogbl-ddi...
2025-12-09 21:23:19,862 - Dataset loaded: 4267 nodes
2025-12-09 21:23:20,025 - Train pos edges: 1067911, Valid pos: 133489, Test pos: 133489
2025-12-09 21:23:20,025 - Valid neg edges: 101882, Test neg: 95599
2025-12-09 21:23:20,039 - Computing structural features (this may take a moment)...
2025-12-09 21:27:17,734 - Computed structural features (6 dims):
2025-12-09 21:27:17,736 -   - Degree: mean=4.473, std=1.892
2025-12-09 21:27:17,737 -   - Clustering: mean=0.514, std=0.219
2025-12-09 21:27:17,737 -   - Core number: mean=5.122, std=1.539
2025-12-09 21:27:17,737 -   - PageRank: mean=0.105, std=0.075
2025-12-09 21:27:17,739 - Added self-loops: Total edges now = 1072178
2025-12-09 21:27:17,739 - Loading cached ChemBERTa features from data/chemberta_features_768.pt
2025-12-09 21:27:17,748 - Loading cached SMILES mask from data/chemberta_features_768_mask.pt
2025-12-09 21:27:17,749 - Attached ChemBERTa features: data.x shape = torch.Size([4267, 768])
2025-12-09 21:27:17,752 - Attached SMILES mask: 2287 valid / 4267 total (53.6%)
2025-12-09 21:27:17,752 - Attached structural features: data.struct_features shape = torch.Size([4267, 6])
2025-12-09 21:27:17,757 - Dataset loaded with ChemBERTa features: data.x.shape = torch.Size([4267, 768])
2025-12-09 21:27:17,757 - SMILES mask: 2287 valid / 4267 total (53.6%)
2025-12-09 21:27:17,760 - 
================================================================================
2025-12-09 21:27:17,760 - Training ChemBERTa-GCN-Fallback
2025-12-09 21:27:17,760 - ================================================================================
2025-12-09 21:27:17,796 - [ChemBERTa-GCN-Fallback] Starting minimal baseline training (epochs=200, lr=0.01, wd=0.0001, batch_size=50000, eval_every=5)
2025-12-09 21:27:19,297 - [ChemBERTa-GCN-Fallback] Epoch 0001 | loss 1.2843 | val@20 0.0182 | test@20 0.0304 | best 0.0182 (ep 1)
2025-12-09 21:27:24,068 - [ChemBERTa-GCN-Fallback] Epoch 0005 | loss 1.2624 | val@20 0.0125 | test@20 0.0134 | best 0.0182 (ep 1)
2025-12-09 21:27:30,206 - [ChemBERTa-GCN-Fallback] Epoch 0010 | loss 1.2572 | val@20 0.0149 | test@20 0.0248 | best 0.0182 (ep 1)
2025-12-09 21:27:36,328 - [ChemBERTa-GCN-Fallback] Epoch 0015 | loss 1.2438 | val@20 0.0158 | test@20 0.0254 | best 0.0182 (ep 1)
2025-12-09 21:27:42,440 - [ChemBERTa-GCN-Fallback] Epoch 0020 | loss 1.2153 | val@20 0.0249 | test@20 0.0567 | best 0.0249 (ep 20)
2025-12-09 21:27:48,579 - [ChemBERTa-GCN-Fallback] Epoch 0025 | loss 1.1546 | val@20 0.0238 | test@20 0.0598 | best 0.0249 (ep 20)
2025-12-09 21:27:54,700 - [ChemBERTa-GCN-Fallback] Epoch 0030 | loss 1.2000 | val@20 0.0185 | test@20 0.0401 | best 0.0249 (ep 20)
2025-12-09 21:28:00,794 - [ChemBERTa-GCN-Fallback] Epoch 0035 | loss 1.2202 | val@20 0.0195 | test@20 0.0413 | best 0.0249 (ep 20)
2025-12-09 21:28:06,880 - [ChemBERTa-GCN-Fallback] Epoch 0040 | loss 1.1931 | val@20 0.0211 | test@20 0.0475 | best 0.0249 (ep 20)
2025-12-09 21:28:14,093 - [ChemBERTa-GCN-Fallback] Epoch 0045 | loss 1.1514 | val@20 0.0222 | test@20 0.0528 | best 0.0249 (ep 20)
2025-12-09 21:28:21,654 - [ChemBERTa-GCN-Fallback] Epoch 0050 | loss 1.2357 | val@20 0.0219 | test@20 0.0537 | best 0.0249 (ep 20)
2025-12-09 21:28:29,018 - [ChemBERTa-GCN-Fallback] Epoch 0055 | loss 1.1847 | val@20 0.0227 | test@20 0.0527 | best 0.0249 (ep 20)
2025-12-09 21:28:35,129 - [ChemBERTa-GCN-Fallback] Epoch 0060 | loss 1.1393 | val@20 0.0219 | test@20 0.0541 | best 0.0249 (ep 20)
2025-12-09 21:28:41,221 - [ChemBERTa-GCN-Fallback] Epoch 0065 | loss 1.1033 | val@20 0.0236 | test@20 0.0527 | best 0.0249 (ep 20)
2025-12-09 21:28:48,641 - [ChemBERTa-GCN-Fallback] Epoch 0070 | loss 1.0992 | val@20 0.0257 | test@20 0.0573 | best 0.0257 (ep 70)
2025-12-09 21:28:56,433 - [ChemBERTa-GCN-Fallback] Epoch 0075 | loss 1.0478 | val@20 0.0274 | test@20 0.0547 | best 0.0274 (ep 75)
2025-12-09 21:29:02,986 - [ChemBERTa-GCN-Fallback] Epoch 0080 | loss 1.0226 | val@20 0.0267 | test@20 0.0565 | best 0.0274 (ep 75)
2025-12-09 21:29:10,546 - [ChemBERTa-GCN-Fallback] Epoch 0085 | loss 0.9902 | val@20 0.0153 | test@20 0.0126 | best 0.0274 (ep 75)
2025-12-09 21:29:18,167 - [ChemBERTa-GCN-Fallback] Epoch 0090 | loss 0.9453 | val@20 0.0164 | test@20 0.0211 | best 0.0274 (ep 75)
2025-12-09 21:29:25,679 - [ChemBERTa-GCN-Fallback] Epoch 0095 | loss 0.8927 | val@20 0.0292 | test@20 0.0008 | best 0.0292 (ep 95)
2025-12-09 21:29:33,746 - [ChemBERTa-GCN-Fallback] Epoch 0100 | loss 0.8656 | val@20 0.0223 | test@20 0.0254 | best 0.0292 (ep 95)
2025-12-09 21:29:41,215 - [ChemBERTa-GCN-Fallback] Epoch 0105 | loss 0.8309 | val@20 0.0177 | test@20 0.0030 | best 0.0292 (ep 95)
2025-12-09 21:29:48,665 - [ChemBERTa-GCN-Fallback] Epoch 0110 | loss 0.8458 | val@20 0.0382 | test@20 0.0180 | best 0.0382 (ep 110)
2025-12-09 21:29:56,670 - [ChemBERTa-GCN-Fallback] Epoch 0115 | loss 0.8212 | val@20 0.0256 | test@20 0.0210 | best 0.0382 (ep 110)
2025-12-09 21:30:03,962 - [ChemBERTa-GCN-Fallback] Epoch 0120 | loss 0.8102 | val@20 0.0468 | test@20 0.0146 | best 0.0468 (ep 120)
2025-12-09 21:30:11,976 - [ChemBERTa-GCN-Fallback] Epoch 0125 | loss 0.8107 | val@20 0.0247 | test@20 0.0421 | best 0.0468 (ep 120)
2025-12-09 21:30:19,588 - [ChemBERTa-GCN-Fallback] Epoch 0130 | loss 0.8034 | val@20 0.0531 | test@20 0.0227 | best 0.0531 (ep 130)
2025-12-09 21:30:26,857 - [ChemBERTa-GCN-Fallback] Epoch 0135 | loss 0.7866 | val@20 0.0254 | test@20 0.0371 | best 0.0531 (ep 130)
2025-12-09 21:30:32,968 - [ChemBERTa-GCN-Fallback] Epoch 0140 | loss 0.7723 | val@20 0.0337 | test@20 0.0682 | best 0.0531 (ep 130)
2025-12-09 21:30:39,089 - [ChemBERTa-GCN-Fallback] Epoch 0145 | loss 0.7531 | val@20 0.0497 | test@20 0.0893 | best 0.0531 (ep 130)
2025-12-09 21:30:45,225 - [ChemBERTa-GCN-Fallback] Epoch 0150 | loss 0.8229 | val@20 0.0580 | test@20 0.0706 | best 0.0580 (ep 150)
2025-12-09 21:30:51,333 - [ChemBERTa-GCN-Fallback] Epoch 0155 | loss 0.7784 | val@20 0.1085 | test@20 0.0668 | best 0.1085 (ep 155)
2025-12-09 21:30:57,449 - [ChemBERTa-GCN-Fallback] Epoch 0160 | loss 0.7531 | val@20 0.0210 | test@20 0.0299 | best 0.1085 (ep 155)
2025-12-09 21:31:03,565 - [ChemBERTa-GCN-Fallback] Epoch 0165 | loss 0.7401 | val@20 0.0649 | test@20 0.0514 | best 0.1085 (ep 155)
2025-12-09 21:31:09,682 - [ChemBERTa-GCN-Fallback] Epoch 0170 | loss 0.7302 | val@20 0.0437 | test@20 0.0556 | best 0.1085 (ep 155)
2025-12-09 21:31:15,817 - [ChemBERTa-GCN-Fallback] Epoch 0175 | loss 0.7221 | val@20 0.0721 | test@20 0.0538 | best 0.1085 (ep 155)
2025-12-09 21:31:21,943 - [ChemBERTa-GCN-Fallback] Epoch 0180 | loss 0.7143 | val@20 0.0565 | test@20 0.0414 | best 0.1085 (ep 155)
2025-12-09 21:31:28,043 - [ChemBERTa-GCN-Fallback] Epoch 0185 | loss 0.7070 | val@20 0.0378 | test@20 0.0611 | best 0.1085 (ep 155)
2025-12-09 21:31:34,135 - [ChemBERTa-GCN-Fallback] Epoch 0190 | loss 0.7037 | val@20 0.0461 | test@20 0.0790 | best 0.1085 (ep 155)
2025-12-09 21:31:40,378 - [ChemBERTa-GCN-Fallback] Epoch 0195 | loss 0.7771 | val@20 0.0472 | test@20 0.0597 | best 0.1085 (ep 155)
2025-12-09 21:31:48,464 - [ChemBERTa-GCN-Fallback] Epoch 0200 | loss 0.7297 | val@20 0.1137 | test@20 0.0694 | best 0.1137 (ep 200)
2025-12-09 21:31:48,464 - [ChemBERTa-GCN-Fallback] Done. Best val@20=0.1137 | test@20=0.0694 (epoch 200)
2025-12-09 21:31:48,465 - 
================================================================================
2025-12-09 21:31:48,465 - Training ChemBERTa-GraphSAGE-Fallback
2025-12-09 21:31:48,465 - ================================================================================
2025-12-09 21:31:48,518 - [ChemBERTa-GraphSAGE-Fallback] Starting minimal baseline training (epochs=200, lr=0.01, wd=0.0001, batch_size=50000, eval_every=5)
2025-12-09 21:31:50,018 - [ChemBERTa-GraphSAGE-Fallback] Epoch 0001 | loss 1.3864 | val@20 0.0010 | test@20 0.0012 | best 0.0010 (ep 1)
2025-12-09 21:31:56,100 - [ChemBERTa-GraphSAGE-Fallback] Epoch 0005 | loss 1.3914 | val@20 0.0000 | test@20 0.0000 | best 0.0010 (ep 1)
2025-12-09 21:32:02,446 - [ChemBERTa-GraphSAGE-Fallback] Epoch 0010 | loss 1.3765 | val@20 0.0009 | test@20 0.0005 | best 0.0010 (ep 1)
2025-12-09 21:32:08,567 - [ChemBERTa-GraphSAGE-Fallback] Epoch 0015 | loss 1.3009 | val@20 0.0011 | test@20 0.0008 | best 0.0011 (ep 15)
2025-12-09 21:32:14,685 - [ChemBERTa-GraphSAGE-Fallback] Epoch 0020 | loss 1.2726 | val@20 0.0019 | test@20 0.0014 | best 0.0019 (ep 20)
2025-12-09 21:32:20,819 - [ChemBERTa-GraphSAGE-Fallback] Epoch 0025 | loss 1.1465 | val@20 0.0036 | test@20 0.0024 | best 0.0036 (ep 25)
2025-12-09 21:32:26,913 - [ChemBERTa-GraphSAGE-Fallback] Epoch 0030 | loss 1.1227 | val@20 0.0023 | test@20 0.0020 | best 0.0036 (ep 25)
2025-12-09 21:32:33,093 - [ChemBERTa-GraphSAGE-Fallback] Epoch 0035 | loss 1.2062 | val@20 0.0027 | test@20 0.0018 | best 0.0036 (ep 25)
2025-12-09 21:32:39,345 - [ChemBERTa-GraphSAGE-Fallback] Epoch 0040 | loss 1.1161 | val@20 0.0029 | test@20 0.0038 | best 0.0036 (ep 25)
2025-12-09 21:32:47,066 - [ChemBERTa-GraphSAGE-Fallback] Epoch 0045 | loss 1.0362 | val@20 0.0000 | test@20 0.0000 | best 0.0036 (ep 25)
2025-12-09 21:32:55,103 - [ChemBERTa-GraphSAGE-Fallback] Epoch 0050 | loss 1.0165 | val@20 0.0022 | test@20 0.0019 | best 0.0036 (ep 25)
2025-12-09 21:33:02,076 - [ChemBERTa-GraphSAGE-Fallback] Epoch 0055 | loss 0.9699 | val@20 0.0026 | test@20 0.0035 | best 0.0036 (ep 25)
2025-12-09 21:33:08,311 - [ChemBERTa-GraphSAGE-Fallback] Epoch 0060 | loss 0.9365 | val@20 0.0000 | test@20 0.0000 | best 0.0036 (ep 25)
2025-12-09 21:33:14,540 - [ChemBERTa-GraphSAGE-Fallback] Epoch 0065 | loss 0.9170 | val@20 0.0039 | test@20 0.0066 | best 0.0039 (ep 65)
2025-12-09 21:33:20,981 - [ChemBERTa-GraphSAGE-Fallback] Epoch 0070 | loss 0.8854 | val@20 0.0042 | test@20 0.0091 | best 0.0042 (ep 70)
2025-12-09 21:33:27,097 - [ChemBERTa-GraphSAGE-Fallback] Epoch 0075 | loss 0.8579 | val@20 0.0096 | test@20 0.0158 | best 0.0096 (ep 75)
2025-12-09 21:33:33,243 - [ChemBERTa-GraphSAGE-Fallback] Epoch 0080 | loss 0.8399 | val@20 0.0116 | test@20 0.0174 | best 0.0116 (ep 80)
2025-12-09 21:33:39,391 - [ChemBERTa-GraphSAGE-Fallback] Epoch 0085 | loss 0.9372 | val@20 0.0106 | test@20 0.0153 | best 0.0116 (ep 80)
2025-12-09 21:33:46,284 - [ChemBERTa-GraphSAGE-Fallback] Epoch 0090 | loss 0.9488 | val@20 0.0195 | test@20 0.0211 | best 0.0195 (ep 90)
2025-12-09 21:33:52,808 - [ChemBERTa-GraphSAGE-Fallback] Epoch 0095 | loss 0.8822 | val@20 0.0166 | test@20 0.0073 | best 0.0195 (ep 90)
2025-12-09 21:34:00,607 - [ChemBERTa-GraphSAGE-Fallback] Epoch 0100 | loss 0.8533 | val@20 0.0329 | test@20 0.0203 | best 0.0329 (ep 100)
2025-12-09 21:34:07,986 - [ChemBERTa-GraphSAGE-Fallback] Epoch 0105 | loss 0.8329 | val@20 0.0247 | test@20 0.0191 | best 0.0329 (ep 100)
2025-12-09 21:34:14,432 - [ChemBERTa-GraphSAGE-Fallback] Epoch 0110 | loss 0.8134 | val@20 0.0273 | test@20 0.0047 | best 0.0329 (ep 100)
2025-12-09 21:34:20,740 - [ChemBERTa-GraphSAGE-Fallback] Epoch 0115 | loss 0.7971 | val@20 0.0291 | test@20 0.0051 | best 0.0329 (ep 100)
2025-12-09 21:34:26,981 - [ChemBERTa-GraphSAGE-Fallback] Epoch 0120 | loss 0.7858 | val@20 0.0297 | test@20 0.0191 | best 0.0329 (ep 100)
2025-12-09 21:34:33,114 - [ChemBERTa-GraphSAGE-Fallback] Epoch 0125 | loss 0.7748 | val@20 0.0406 | test@20 0.0275 | best 0.0406 (ep 125)
2025-12-09 21:34:39,229 - [ChemBERTa-GraphSAGE-Fallback] Epoch 0130 | loss 0.7931 | val@20 0.0301 | test@20 0.0401 | best 0.0406 (ep 125)
2025-12-09 21:34:45,349 - [ChemBERTa-GraphSAGE-Fallback] Epoch 0135 | loss 0.7829 | val@20 0.0563 | test@20 0.0492 | best 0.0563 (ep 135)
2025-12-09 21:34:51,468 - [ChemBERTa-GraphSAGE-Fallback] Epoch 0140 | loss 0.7588 | val@20 0.0242 | test@20 0.0312 | best 0.0563 (ep 135)
2025-12-09 21:34:57,670 - [ChemBERTa-GraphSAGE-Fallback] Epoch 0145 | loss 0.7560 | val@20 0.0598 | test@20 0.0724 | best 0.0598 (ep 145)
2025-12-09 21:35:03,915 - [ChemBERTa-GraphSAGE-Fallback] Epoch 0150 | loss 0.7445 | val@20 0.1059 | test@20 0.0894 | best 0.1059 (ep 150)
2025-12-09 21:35:10,048 - [ChemBERTa-GraphSAGE-Fallback] Epoch 0155 | loss 0.7346 | val@20 0.1129 | test@20 0.0907 | best 0.1129 (ep 155)
2025-12-09 21:35:16,190 - [ChemBERTa-GraphSAGE-Fallback] Epoch 0160 | loss 0.7289 | val@20 0.0894 | test@20 0.0707 | best 0.1129 (ep 155)
2025-12-09 21:35:22,349 - [ChemBERTa-GraphSAGE-Fallback] Epoch 0165 | loss 0.7233 | val@20 0.0775 | test@20 0.0518 | best 0.1129 (ep 155)
2025-12-09 21:35:28,479 - [ChemBERTa-GraphSAGE-Fallback] Epoch 0170 | loss 0.7195 | val@20 0.0518 | test@20 0.0392 | best 0.1129 (ep 155)
2025-12-09 21:35:34,639 - [ChemBERTa-GraphSAGE-Fallback] Epoch 0175 | loss 0.7130 | val@20 0.0530 | test@20 0.0400 | best 0.1129 (ep 155)
2025-12-09 21:35:40,789 - [ChemBERTa-GraphSAGE-Fallback] Epoch 0180 | loss 0.7086 | val@20 0.0490 | test@20 0.0457 | best 0.1129 (ep 155)
2025-12-09 21:35:46,971 - [ChemBERTa-GraphSAGE-Fallback] Epoch 0185 | loss 0.7052 | val@20 0.0512 | test@20 0.0388 | best 0.1129 (ep 155)
2025-12-09 21:35:53,136 - [ChemBERTa-GraphSAGE-Fallback] Epoch 0190 | loss 0.7162 | val@20 0.0580 | test@20 0.0246 | best 0.1129 (ep 155)
2025-12-09 21:35:59,309 - [ChemBERTa-GraphSAGE-Fallback] Epoch 0195 | loss 0.7080 | val@20 0.0708 | test@20 0.0367 | best 0.1129 (ep 155)
2025-12-09 21:36:05,495 - [ChemBERTa-GraphSAGE-Fallback] Epoch 0200 | loss 0.7008 | val@20 0.0979 | test@20 0.0677 | best 0.1129 (ep 155)
2025-12-09 21:36:05,495 - [ChemBERTa-GraphSAGE-Fallback] Done. Best val@20=0.1129 | test@20=0.0907 (epoch 155)
2025-12-09 21:36:05,496 - 
================================================================================
2025-12-09 21:36:05,496 - Training ChemBERTa-GraphTransformer-Fallback
2025-12-09 21:36:05,496 - ================================================================================
2025-12-09 21:36:05,533 - [ChemBERTa-GraphTransformer-Fallback] Starting minimal baseline training (epochs=200, lr=0.005, wd=0.0001, batch_size=50000, eval_every=5)
2025-12-09 21:36:06,994 - [ChemBERTa-GraphTransformer-Fallback] Epoch 0001 | loss 1.3885 | val@20 0.0000 | test@20 0.0001 | best 0.0000 (ep 1)
2025-12-09 21:36:12,257 - [ChemBERTa-GraphTransformer-Fallback] Epoch 0005 | loss 1.3852 | val@20 0.0006 | test@20 0.0008 | best 0.0006 (ep 5)
2025-12-09 21:36:18,859 - [ChemBERTa-GraphTransformer-Fallback] Epoch 0010 | loss 1.3127 | val@20 0.0004 | test@20 0.0008 | best 0.0006 (ep 5)
2025-12-09 21:36:25,352 - [ChemBERTa-GraphTransformer-Fallback] Epoch 0015 | loss 1.3758 | val@20 0.0000 | test@20 0.0000 | best 0.0006 (ep 5)
2025-12-09 21:36:31,877 - [ChemBERTa-GraphTransformer-Fallback] Epoch 0020 | loss 1.3879 | val@20 0.0007 | test@20 0.0009 | best 0.0007 (ep 20)
2025-12-09 21:36:38,370 - [ChemBERTa-GraphTransformer-Fallback] Epoch 0025 | loss 1.3794 | val@20 0.0009 | test@20 0.0015 | best 0.0009 (ep 25)
2025-12-09 21:36:44,893 - [ChemBERTa-GraphTransformer-Fallback] Epoch 0030 | loss 1.3632 | val@20 0.0014 | test@20 0.0021 | best 0.0014 (ep 30)
2025-12-09 21:36:51,387 - [ChemBERTa-GraphTransformer-Fallback] Epoch 0035 | loss 1.2576 | val@20 0.0021 | test@20 0.0022 | best 0.0021 (ep 35)
2025-12-09 21:36:57,893 - [ChemBERTa-GraphTransformer-Fallback] Epoch 0040 | loss 1.4166 | val@20 0.0027 | test@20 0.0030 | best 0.0027 (ep 40)
2025-12-09 21:37:04,420 - [ChemBERTa-GraphTransformer-Fallback] Epoch 0045 | loss 1.1439 | val@20 0.0030 | test@20 0.0031 | best 0.0030 (ep 45)
2025-12-09 21:37:10,946 - [ChemBERTa-GraphTransformer-Fallback] Epoch 0050 | loss 1.1126 | val@20 0.0038 | test@20 0.0034 | best 0.0038 (ep 50)
2025-12-09 21:37:17,403 - [ChemBERTa-GraphTransformer-Fallback] Epoch 0055 | loss 1.0607 | val@20 0.0049 | test@20 0.0047 | best 0.0049 (ep 55)
2025-12-09 21:37:23,845 - [ChemBERTa-GraphTransformer-Fallback] Epoch 0060 | loss 1.0022 | val@20 0.0055 | test@20 0.0069 | best 0.0055 (ep 60)
2025-12-09 21:37:30,351 - [ChemBERTa-GraphTransformer-Fallback] Epoch 0065 | loss 0.9767 | val@20 0.0071 | test@20 0.0080 | best 0.0071 (ep 65)
2025-12-09 21:37:36,828 - [ChemBERTa-GraphTransformer-Fallback] Epoch 0070 | loss 0.9521 | val@20 0.0088 | test@20 0.0077 | best 0.0088 (ep 70)
2025-12-09 21:37:43,299 - [ChemBERTa-GraphTransformer-Fallback] Epoch 0075 | loss 0.9431 | val@20 0.0087 | test@20 0.0082 | best 0.0088 (ep 70)
2025-12-09 21:37:49,768 - [ChemBERTa-GraphTransformer-Fallback] Epoch 0080 | loss 0.9272 | val@20 0.0086 | test@20 0.0105 | best 0.0088 (ep 70)
2025-12-09 21:37:56,194 - [ChemBERTa-GraphTransformer-Fallback] Epoch 0085 | loss 0.9184 | val@20 0.0087 | test@20 0.0114 | best 0.0088 (ep 70)
2025-12-09 21:38:02,674 - [ChemBERTa-GraphTransformer-Fallback] Epoch 0090 | loss 0.9120 | val@20 0.0078 | test@20 0.0125 | best 0.0088 (ep 70)
2025-12-09 21:38:09,118 - [ChemBERTa-GraphTransformer-Fallback] Epoch 0095 | loss 0.9034 | val@20 0.0087 | test@20 0.0152 | best 0.0088 (ep 70)
