2025-12-10 23:50:31 - OGBL-DDI Link Prediction - GCN
2025-12-10 23:50:31 - Device: cuda:0
2025-12-10 23:50:31 - Log directory: logs/ddi_gcn_20251210_235031
2025-12-10 23:50:31 - ================================================================================
2025-12-10 23:50:31 - Dataset: 4267 nodes, 2135822 edges
2025-12-10 23:50:31 - Train edges: 1067911
2025-12-10 23:50:31 - Valid edges: 133489 pos, 101882 neg
2025-12-10 23:50:31 - Test edges: 133489 pos, 95599 neg
2025-12-10 23:50:31 - ================================================================================
2025-12-10 23:50:31 - Model Configuration:
2025-12-10 23:50:31 -   architecture: GCN + MLP
2025-12-10 23:50:31 -   num_layers: 3
2025-12-10 23:50:31 -   hidden_channels: 192
2025-12-10 23:50:31 -   dropout: 0.1
2025-12-10 23:50:31 - Training Configuration:
2025-12-10 23:50:31 -   epochs: 200
2025-12-10 23:50:31 -   lr: 0.001
2025-12-10 23:50:31 -   batch_size: 32768
2025-12-10 23:50:31 -   eval_steps: 10
2025-12-10 23:50:31 -   runs: 1
2025-12-10 23:50:31 - ================================================================================
2025-12-10 23:50:49 - [GCN] Epoch 0010 | loss 0.6036 | val@20 0.1634 | test@20 0.1278 | best 0.1634 (ep 10)
2025-12-10 23:51:06 - [GCN] Epoch 0020 | loss 0.4741 | val@20 0.2420 | test@20 0.2085 | best 0.2420 (ep 20)
2025-12-10 23:51:23 - [GCN] Epoch 0030 | loss 0.4295 | val@20 0.2428 | test@20 0.2449 | best 0.2428 (ep 30)
2025-12-10 23:51:40 - [GCN] Epoch 0040 | loss 0.3974 | val@20 0.2737 | test@20 0.2466 | best 0.2737 (ep 40)
2025-12-10 23:51:58 - [GCN] Epoch 0050 | loss 0.3663 | val@20 0.2478 | test@20 0.2213 | best 0.2737 (ep 40)
2025-12-10 23:52:15 - [GCN] Epoch 0060 | loss 0.3450 | val@20 0.2890 | test@20 0.2557 | best 0.2890 (ep 60)
2025-12-10 23:52:32 - [GCN] Epoch 0070 | loss 0.3292 | val@20 0.2722 | test@20 0.2998 | best 0.2890 (ep 60)
2025-12-10 23:52:50 - [GCN] Epoch 0080 | loss 0.3174 | val@20 0.2291 | test@20 0.2507 | best 0.2890 (ep 60)
2025-12-10 23:53:07 - [GCN] Epoch 0090 | loss 0.3073 | val@20 0.1828 | test@20 0.2093 | best 0.2890 (ep 60)
2025-12-10 23:53:24 - [GCN] Epoch 0100 | loss 0.3019 | val@20 0.2641 | test@20 0.2969 | best 0.2890 (ep 60)
2025-12-10 23:53:41 - [GCN] Epoch 0110 | loss 0.2925 | val@20 0.2764 | test@20 0.1974 | best 0.2890 (ep 60)
2025-12-10 23:53:59 - [GCN] Epoch 0120 | loss 0.2862 | val@20 0.2643 | test@20 0.2652 | best 0.2890 (ep 60)
2025-12-10 23:54:16 - [GCN] Epoch 0130 | loss 0.2807 | val@20 0.3174 | test@20 0.3282 | best 0.3174 (ep 130)
2025-12-10 23:54:33 - [GCN] Epoch 0140 | loss 0.2764 | val@20 0.2710 | test@20 0.2452 | best 0.3174 (ep 130)
2025-12-10 23:54:50 - [GCN] Epoch 0150 | loss 0.2686 | val@20 0.2700 | test@20 0.2089 | best 0.3174 (ep 130)
2025-12-10 23:55:07 - [GCN] Epoch 0160 | loss 0.2658 | val@20 0.2966 | test@20 0.1644 | best 0.3174 (ep 130)
2025-12-10 23:55:25 - [GCN] Epoch 0170 | loss 0.2590 | val@20 0.3004 | test@20 0.1942 | best 0.3174 (ep 130)
2025-12-10 23:55:42 - [GCN] Epoch 0180 | loss 0.2564 | val@20 0.2555 | test@20 0.3046 | best 0.3174 (ep 130)
2025-12-10 23:55:59 - [GCN] Epoch 0190 | loss 0.2505 | val@20 0.3824 | test@20 0.1810 | best 0.3824 (ep 190)
2025-12-10 23:56:16 - [GCN] Epoch 0200 | loss 0.2454 | val@20 0.3192 | test@20 0.1965 | best 0.3824 (ep 190)
2025-12-10 23:56:16 - ================================================================================
2025-12-10 23:56:16 - Final Results
2025-12-10 23:56:16 - ================================================================================
2025-12-10 23:56:16 - Hits@10: Valid 32.71% | Test  8.47%
2025-12-10 23:56:16 - Hits@20: Valid 38.24% | Test 18.10%
2025-12-10 23:56:16 - Hits@30: Valid 44.92% | Test 26.22%
2025-12-10 23:56:16 - ================================================================================
