%Y-%m-%d %H:%M:%S - Device: cuda:0
%Y-%m-%d %H:%M:%S - Logging to: logs/ddi_long_sweeps_20251210_223703
%Y-%m-%d %H:%M:%S - Dataset: 4267 nodes, 2135822 edges
%Y-%m-%d %H:%M:%S - Configs: 4 total
%Y-%m-%d %H:%M:%S - [A_l2_h256_do0.25_lr0.005_bs64k] Starting (GCN) | layers=2, hidden=256, dropout=0.25, lr=0.005, batch=65536, epochs=800, runs=1
%Y-%m-%d %H:%M:%S - [A_l2_h256_do0.25_lr0.005_bs64k][run 1/1] Epoch 0005 | loss 0.6586 | val@20 0.1213 | test@20 0.1196 | best 0.1213 (ep 5) | lr 0.005000
%Y-%m-%d %H:%M:%S - [A_l2_h256_do0.25_lr0.005_bs64k][run 1/1] Epoch 0010 | loss 0.5029 | val@20 0.1435 | test@20 0.1093 | best 0.1435 (ep 10) | lr 0.005000
%Y-%m-%d %H:%M:%S - [A_l2_h256_do0.25_lr0.005_bs64k][run 1/1] Epoch 0015 | loss 0.4104 | val@20 0.2581 | test@20 0.2227 | best 0.2581 (ep 15) | lr 0.005000
%Y-%m-%d %H:%M:%S - [A_l2_h256_do0.25_lr0.005_bs64k][run 1/1] Epoch 0020 | loss 0.3717 | val@20 0.2478 | test@20 0.1558 | best 0.2581 (ep 15) | lr 0.005000
%Y-%m-%d %H:%M:%S - [A_l2_h256_do0.25_lr0.005_bs64k][run 1/1] Epoch 0025 | loss 0.3782 | val@20 0.1598 | test@20 0.0803 | best 0.2581 (ep 15) | lr 0.005000
%Y-%m-%d %H:%M:%S - [A_l2_h256_do0.25_lr0.005_bs64k][run 1/1] Epoch 0030 | loss 0.3471 | val@20 0.1811 | test@20 0.2040 | best 0.2581 (ep 15) | lr 0.005000
%Y-%m-%d %H:%M:%S - [A_l2_h256_do0.25_lr0.005_bs64k][run 1/1] Epoch 0035 | loss 0.3296 | val@20 0.2338 | test@20 0.1712 | best 0.2581 (ep 15) | lr 0.005000
%Y-%m-%d %H:%M:%S - [A_l2_h256_do0.25_lr0.005_bs64k][run 1/1] Epoch 0040 | loss 0.3183 | val@20 0.2688 | test@20 0.1535 | best 0.2688 (ep 40) | lr 0.005000
%Y-%m-%d %H:%M:%S - [A_l2_h256_do0.25_lr0.005_bs64k][run 1/1] Epoch 0045 | loss 0.3057 | val@20 0.3185 | test@20 0.2094 | best 0.3185 (ep 45) | lr 0.005000
%Y-%m-%d %H:%M:%S - [A_l2_h256_do0.25_lr0.005_bs64k][run 1/1] Epoch 0050 | loss 0.2945 | val@20 0.2721 | test@20 0.1758 | best 0.3185 (ep 45) | lr 0.005000
%Y-%m-%d %H:%M:%S - [A_l2_h256_do0.25_lr0.005_bs64k][run 1/1] Epoch 0055 | loss 0.2837 | val@20 0.2737 | test@20 0.2151 | best 0.3185 (ep 45) | lr 0.005000
%Y-%m-%d %H:%M:%S - [A_l2_h256_do0.25_lr0.005_bs64k][run 1/1] Epoch 0060 | loss 0.2756 | val@20 0.2261 | test@20 0.1789 | best 0.3185 (ep 45) | lr 0.005000
%Y-%m-%d %H:%M:%S - [A_l2_h256_do0.25_lr0.005_bs64k][run 1/1] Epoch 0065 | loss 0.2645 | val@20 0.3578 | test@20 0.2806 | best 0.3578 (ep 65) | lr 0.005000
%Y-%m-%d %H:%M:%S - [A_l2_h256_do0.25_lr0.005_bs64k][run 1/1] Epoch 0070 | loss 0.2565 | val@20 0.3373 | test@20 0.2167 | best 0.3578 (ep 65) | lr 0.005000
%Y-%m-%d %H:%M:%S - [A_l2_h256_do0.25_lr0.005_bs64k][run 1/1] Epoch 0075 | loss 0.2515 | val@20 0.3440 | test@20 0.2537 | best 0.3578 (ep 65) | lr 0.005000
%Y-%m-%d %H:%M:%S - [A_l2_h256_do0.25_lr0.005_bs64k][run 1/1] Epoch 0080 | loss 0.2429 | val@20 0.2548 | test@20 0.1844 | best 0.3578 (ep 65) | lr 0.005000
%Y-%m-%d %H:%M:%S - [A_l2_h256_do0.25_lr0.005_bs64k][run 1/1] Epoch 0085 | loss 0.2376 | val@20 0.3696 | test@20 0.2689 | best 0.3696 (ep 85) | lr 0.005000
%Y-%m-%d %H:%M:%S - [A_l2_h256_do0.25_lr0.005_bs64k][run 1/1] Epoch 0090 | loss 0.2317 | val@20 0.4028 | test@20 0.2149 | best 0.4028 (ep 90) | lr 0.005000
%Y-%m-%d %H:%M:%S - [A_l2_h256_do0.25_lr0.005_bs64k][run 1/1] Epoch 0095 | loss 0.2281 | val@20 0.4616 | test@20 0.3685 | best 0.4616 (ep 95) | lr 0.005000
%Y-%m-%d %H:%M:%S - [A_l2_h256_do0.25_lr0.005_bs64k][run 1/1] Epoch 0100 | loss 0.2272 | val@20 0.3421 | test@20 0.2849 | best 0.4616 (ep 95) | lr 0.005000
%Y-%m-%d %H:%M:%S - [A_l2_h256_do0.25_lr0.005_bs64k][run 1/1] Epoch 0105 | loss 0.2212 | val@20 0.4542 | test@20 0.3372 | best 0.4616 (ep 95) | lr 0.005000
%Y-%m-%d %H:%M:%S - [A_l2_h256_do0.25_lr0.005_bs64k][run 1/1] Epoch 0110 | loss 0.2186 | val@20 0.4819 | test@20 0.3230 | best 0.4819 (ep 110) | lr 0.005000
%Y-%m-%d %H:%M:%S - [A_l2_h256_do0.25_lr0.005_bs64k][run 1/1] Epoch 0115 | loss 0.2148 | val@20 0.3880 | test@20 0.1986 | best 0.4819 (ep 110) | lr 0.005000
%Y-%m-%d %H:%M:%S - [A_l2_h256_do0.25_lr0.005_bs64k][run 1/1] Epoch 0120 | loss 0.2113 | val@20 0.4354 | test@20 0.2813 | best 0.4819 (ep 110) | lr 0.005000
%Y-%m-%d %H:%M:%S - [A_l2_h256_do0.25_lr0.005_bs64k][run 1/1] Epoch 0125 | loss 0.2092 | val@20 0.3947 | test@20 0.2292 | best 0.4819 (ep 110) | lr 0.005000
%Y-%m-%d %H:%M:%S - [A_l2_h256_do0.25_lr0.005_bs64k][run 1/1] Epoch 0130 | loss 0.2067 | val@20 0.4388 | test@20 0.3477 | best 0.4819 (ep 110) | lr 0.005000
%Y-%m-%d %H:%M:%S - [A_l2_h256_do0.25_lr0.005_bs64k][run 1/1] Epoch 0135 | loss 0.2075 | val@20 0.4527 | test@20 0.3811 | best 0.4819 (ep 110) | lr 0.005000
%Y-%m-%d %H:%M:%S - [A_l2_h256_do0.25_lr0.005_bs64k][run 1/1] Epoch 0140 | loss 0.2016 | val@20 0.3730 | test@20 0.3840 | best 0.4819 (ep 110) | lr 0.005000
%Y-%m-%d %H:%M:%S - [A_l2_h256_do0.25_lr0.005_bs64k][run 1/1] Epoch 0145 | loss 0.2026 | val@20 0.4917 | test@20 0.3427 | best 0.4917 (ep 145) | lr 0.005000
%Y-%m-%d %H:%M:%S - [A_l2_h256_do0.25_lr0.005_bs64k][run 1/1] Epoch 0150 | loss 0.1976 | val@20 0.4598 | test@20 0.3862 | best 0.4917 (ep 145) | lr 0.005000
%Y-%m-%d %H:%M:%S - [A_l2_h256_do0.25_lr0.005_bs64k][run 1/1] Epoch 0155 | loss 0.1967 | val@20 0.5157 | test@20 0.3637 | best 0.5157 (ep 155) | lr 0.005000
%Y-%m-%d %H:%M:%S - [A_l2_h256_do0.25_lr0.005_bs64k][run 1/1] Epoch 0160 | loss 0.1973 | val@20 0.3497 | test@20 0.2658 | best 0.5157 (ep 155) | lr 0.005000
%Y-%m-%d %H:%M:%S - [A_l2_h256_do0.25_lr0.005_bs64k][run 1/1] Epoch 0165 | loss 0.1942 | val@20 0.4603 | test@20 0.2561 | best 0.5157 (ep 155) | lr 0.005000
%Y-%m-%d %H:%M:%S - [A_l2_h256_do0.25_lr0.005_bs64k][run 1/1] Epoch 0170 | loss 0.1941 | val@20 0.3394 | test@20 0.2144 | best 0.5157 (ep 155) | lr 0.005000
%Y-%m-%d %H:%M:%S - [A_l2_h256_do0.25_lr0.005_bs64k][run 1/1] Epoch 0175 | loss 0.1911 | val@20 0.3864 | test@20 0.1875 | best 0.5157 (ep 155) | lr 0.005000
%Y-%m-%d %H:%M:%S - [A_l2_h256_do0.25_lr0.005_bs64k][run 1/1] Epoch 0180 | loss 0.1875 | val@20 0.4340 | test@20 0.3224 | best 0.5157 (ep 155) | lr 0.005000
%Y-%m-%d %H:%M:%S - [A_l2_h256_do0.25_lr0.005_bs64k][run 1/1] Epoch 0185 | loss 0.1885 | val@20 0.5223 | test@20 0.4016 | best 0.5223 (ep 185) | lr 0.005000
%Y-%m-%d %H:%M:%S - [A_l2_h256_do0.25_lr0.005_bs64k][run 1/1] Epoch 0190 | loss 0.1882 | val@20 0.5439 | test@20 0.4168 | best 0.5439 (ep 190) | lr 0.005000
%Y-%m-%d %H:%M:%S - [A_l2_h256_do0.25_lr0.005_bs64k][run 1/1] Epoch 0195 | loss 0.1861 | val@20 0.4337 | test@20 0.2650 | best 0.5439 (ep 190) | lr 0.005000
%Y-%m-%d %H:%M:%S - [A_l2_h256_do0.25_lr0.005_bs64k][run 1/1] Epoch 0200 | loss 0.1842 | val@20 0.4341 | test@20 0.2495 | best 0.5439 (ep 190) | lr 0.005000
%Y-%m-%d %H:%M:%S - [A_l2_h256_do0.25_lr0.005_bs64k][run 1/1] Epoch 0205 | loss 0.1819 | val@20 0.4725 | test@20 0.2489 | best 0.5439 (ep 190) | lr 0.005000
%Y-%m-%d %H:%M:%S - [A_l2_h256_do0.25_lr0.005_bs64k][run 1/1] Epoch 0210 | loss 0.1813 | val@20 0.4186 | test@20 0.2478 | best 0.5439 (ep 190) | lr 0.005000
%Y-%m-%d %H:%M:%S - [A_l2_h256_do0.25_lr0.005_bs64k][run 1/1] Epoch 0215 | loss 0.1798 | val@20 0.5276 | test@20 0.3354 | best 0.5439 (ep 190) | lr 0.005000
%Y-%m-%d %H:%M:%S - [A_l2_h256_do0.25_lr0.005_bs64k][run 1/1] Epoch 0220 | loss 0.1774 | val@20 0.4064 | test@20 0.1954 | best 0.5439 (ep 190) | lr 0.005000
%Y-%m-%d %H:%M:%S - [A_l2_h256_do0.25_lr0.005_bs64k][run 1/1] Epoch 0225 | loss 0.1777 | val@20 0.5074 | test@20 0.3749 | best 0.5439 (ep 190) | lr 0.005000
%Y-%m-%d %H:%M:%S - [A_l2_h256_do0.25_lr0.005_bs64k][run 1/1] Epoch 0230 | loss 0.1767 | val@20 0.4629 | test@20 0.1988 | best 0.5439 (ep 190) | lr 0.005000
%Y-%m-%d %H:%M:%S - [A_l2_h256_do0.25_lr0.005_bs64k][run 1/1] Epoch 0235 | loss 0.1758 | val@20 0.4517 | test@20 0.2186 | best 0.5439 (ep 190) | lr 0.005000
%Y-%m-%d %H:%M:%S - [A_l2_h256_do0.25_lr0.005_bs64k][run 1/1] Epoch 0240 | loss 0.1748 | val@20 0.5229 | test@20 0.3680 | best 0.5439 (ep 190) | lr 0.005000
%Y-%m-%d %H:%M:%S - [A_l2_h256_do0.25_lr0.005_bs64k][run 1/1] Epoch 0245 | loss 0.1724 | val@20 0.5616 | test@20 0.3488 | best 0.5616 (ep 245) | lr 0.005000
%Y-%m-%d %H:%M:%S - [A_l2_h256_do0.25_lr0.005_bs64k][run 1/1] Epoch 0250 | loss 0.1732 | val@20 0.5067 | test@20 0.3756 | best 0.5616 (ep 245) | lr 0.005000
%Y-%m-%d %H:%M:%S - [A_l2_h256_do0.25_lr0.005_bs64k][run 1/1] Epoch 0255 | loss 0.1719 | val@20 0.5492 | test@20 0.1678 | best 0.5616 (ep 245) | lr 0.005000
%Y-%m-%d %H:%M:%S - [A_l2_h256_do0.25_lr0.005_bs64k][run 1/1] Epoch 0260 | loss 0.1715 | val@20 0.5460 | test@20 0.3972 | best 0.5616 (ep 245) | lr 0.005000
%Y-%m-%d %H:%M:%S - [A_l2_h256_do0.25_lr0.005_bs64k][run 1/1] Epoch 0265 | loss 0.1693 | val@20 0.5395 | test@20 0.3542 | best 0.5616 (ep 245) | lr 0.005000
%Y-%m-%d %H:%M:%S - [A_l2_h256_do0.25_lr0.005_bs64k][run 1/1] Epoch 0270 | loss 0.1674 | val@20 0.5826 | test@20 0.3787 | best 0.5826 (ep 270) | lr 0.005000
%Y-%m-%d %H:%M:%S - [A_l2_h256_do0.25_lr0.005_bs64k][run 1/1] Epoch 0275 | loss 0.1702 | val@20 0.5522 | test@20 0.3020 | best 0.5826 (ep 270) | lr 0.005000
%Y-%m-%d %H:%M:%S - [A_l2_h256_do0.25_lr0.005_bs64k][run 1/1] Epoch 0280 | loss 0.1660 | val@20 0.5560 | test@20 0.1890 | best 0.5826 (ep 270) | lr 0.005000
%Y-%m-%d %H:%M:%S - [A_l2_h256_do0.25_lr0.005_bs64k][run 1/1] Epoch 0285 | loss 0.1670 | val@20 0.5749 | test@20 0.3526 | best 0.5826 (ep 270) | lr 0.005000
%Y-%m-%d %H:%M:%S - [A_l2_h256_do0.25_lr0.005_bs64k][run 1/1] Epoch 0290 | loss 0.1664 | val@20 0.5212 | test@20 0.2109 | best 0.5826 (ep 270) | lr 0.005000
%Y-%m-%d %H:%M:%S - [A_l2_h256_do0.25_lr0.005_bs64k][run 1/1] Epoch 0295 | loss 0.1657 | val@20 0.5480 | test@20 0.2640 | best 0.5826 (ep 270) | lr 0.005000
%Y-%m-%d %H:%M:%S - [A_l2_h256_do0.25_lr0.005_bs64k][run 1/1] Epoch 0300 | loss 0.1651 | val@20 0.5063 | test@20 0.2517 | best 0.5826 (ep 270) | lr 0.005000
%Y-%m-%d %H:%M:%S - [A_l2_h256_do0.25_lr0.005_bs64k][run 1/1] Epoch 0305 | loss 0.1636 | val@20 0.5545 | test@20 0.3406 | best 0.5826 (ep 270) | lr 0.005000
%Y-%m-%d %H:%M:%S - [A_l2_h256_do0.25_lr0.005_bs64k][run 1/1] Epoch 0310 | loss 0.1649 | val@20 0.5662 | test@20 0.3737 | best 0.5826 (ep 270) | lr 0.005000
%Y-%m-%d %H:%M:%S - [A_l2_h256_do0.25_lr0.005_bs64k][run 1/1] Epoch 0315 | loss 0.1637 | val@20 0.5739 | test@20 0.3564 | best 0.5826 (ep 270) | lr 0.005000
%Y-%m-%d %H:%M:%S - [A_l2_h256_do0.25_lr0.005_bs64k][run 1/1] Epoch 0320 | loss 0.1627 | val@20 0.5316 | test@20 0.1874 | best 0.5826 (ep 270) | lr 0.002500
%Y-%m-%d %H:%M:%S - [A_l2_h256_do0.25_lr0.005_bs64k][run 1/1] Epoch 0325 | loss 0.1594 | val@20 0.5852 | test@20 0.3152 | best 0.5852 (ep 325) | lr 0.002500
%Y-%m-%d %H:%M:%S - [A_l2_h256_do0.25_lr0.005_bs64k][run 1/1] Epoch 0330 | loss 0.1581 | val@20 0.5680 | test@20 0.2927 | best 0.5852 (ep 325) | lr 0.002500
%Y-%m-%d %H:%M:%S - [A_l2_h256_do0.25_lr0.005_bs64k][run 1/1] Epoch 0335 | loss 0.1590 | val@20 0.5356 | test@20 0.3308 | best 0.5852 (ep 325) | lr 0.002500
%Y-%m-%d %H:%M:%S - [A_l2_h256_do0.25_lr0.005_bs64k][run 1/1] Epoch 0340 | loss 0.1575 | val@20 0.5050 | test@20 0.2652 | best 0.5852 (ep 325) | lr 0.002500
%Y-%m-%d %H:%M:%S - [A_l2_h256_do0.25_lr0.005_bs64k][run 1/1] Epoch 0345 | loss 0.1583 | val@20 0.5382 | test@20 0.2750 | best 0.5852 (ep 325) | lr 0.002500
%Y-%m-%d %H:%M:%S - [A_l2_h256_do0.25_lr0.005_bs64k][run 1/1] Epoch 0350 | loss 0.1577 | val@20 0.6241 | test@20 0.4446 | best 0.6241 (ep 350) | lr 0.002500
%Y-%m-%d %H:%M:%S - [A_l2_h256_do0.25_lr0.005_bs64k][run 1/1] Epoch 0355 | loss 0.1576 | val@20 0.6020 | test@20 0.3713 | best 0.6241 (ep 350) | lr 0.002500
%Y-%m-%d %H:%M:%S - [A_l2_h256_do0.25_lr0.005_bs64k][run 1/1] Epoch 0360 | loss 0.1572 | val@20 0.5927 | test@20 0.3505 | best 0.6241 (ep 350) | lr 0.002500
%Y-%m-%d %H:%M:%S - [A_l2_h256_do0.25_lr0.005_bs64k][run 1/1] Epoch 0365 | loss 0.1568 | val@20 0.5837 | test@20 0.2500 | best 0.6241 (ep 350) | lr 0.002500
%Y-%m-%d %H:%M:%S - [A_l2_h256_do0.25_lr0.005_bs64k][run 1/1] Epoch 0370 | loss 0.1570 | val@20 0.5715 | test@20 0.2436 | best 0.6241 (ep 350) | lr 0.002500
%Y-%m-%d %H:%M:%S - [A_l2_h256_do0.25_lr0.005_bs64k][run 1/1] Epoch 0375 | loss 0.1565 | val@20 0.5917 | test@20 0.2150 | best 0.6241 (ep 350) | lr 0.002500
%Y-%m-%d %H:%M:%S - [A_l2_h256_do0.25_lr0.005_bs64k][run 1/1] Epoch 0380 | loss 0.1563 | val@20 0.5339 | test@20 0.3331 | best 0.6241 (ep 350) | lr 0.002500
%Y-%m-%d %H:%M:%S - [A_l2_h256_do0.25_lr0.005_bs64k][run 1/1] Epoch 0385 | loss 0.1566 | val@20 0.5932 | test@20 0.2564 | best 0.6241 (ep 350) | lr 0.002500
%Y-%m-%d %H:%M:%S - [A_l2_h256_do0.25_lr0.005_bs64k][run 1/1] Epoch 0390 | loss 0.1547 | val@20 0.6046 | test@20 0.3219 | best 0.6241 (ep 350) | lr 0.002500
%Y-%m-%d %H:%M:%S - [A_l2_h256_do0.25_lr0.005_bs64k][run 1/1] Epoch 0395 | loss 0.1558 | val@20 0.5838 | test@20 0.2825 | best 0.6241 (ep 350) | lr 0.002500
%Y-%m-%d %H:%M:%S - [A_l2_h256_do0.25_lr0.005_bs64k][run 1/1] Epoch 0400 | loss 0.1558 | val@20 0.6198 | test@20 0.2507 | best 0.6241 (ep 350) | lr 0.002500
%Y-%m-%d %H:%M:%S - [A_l2_h256_do0.25_lr0.005_bs64k][run 1/1] Epoch 0405 | loss 0.1544 | val@20 0.6184 | test@20 0.3212 | best 0.6241 (ep 350) | lr 0.002500
%Y-%m-%d %H:%M:%S - [A_l2_h256_do0.25_lr0.005_bs64k][run 1/1] Epoch 0410 | loss 0.1549 | val@20 0.5806 | test@20 0.2917 | best 0.6241 (ep 350) | lr 0.002500
%Y-%m-%d %H:%M:%S - [A_l2_h256_do0.25_lr0.005_bs64k][run 1/1] Epoch 0415 | loss 0.1547 | val@20 0.6093 | test@20 0.2755 | best 0.6241 (ep 350) | lr 0.002500
%Y-%m-%d %H:%M:%S - [A_l2_h256_do0.25_lr0.005_bs64k][run 1/1] Epoch 0420 | loss 0.1540 | val@20 0.6107 | test@20 0.2550 | best 0.6241 (ep 350) | lr 0.002500
%Y-%m-%d %H:%M:%S - [A_l2_h256_do0.25_lr0.005_bs64k][run 1/1] Epoch 0425 | loss 0.1543 | val@20 0.6147 | test@20 0.2491 | best 0.6241 (ep 350) | lr 0.002500
%Y-%m-%d %H:%M:%S - [A_l2_h256_do0.25_lr0.005_bs64k][run 1/1] Epoch 0430 | loss 0.1532 | val@20 0.5938 | test@20 0.1895 | best 0.6241 (ep 350) | lr 0.002500
%Y-%m-%d %H:%M:%S - [A_l2_h256_do0.25_lr0.005_bs64k][run 1/1] Epoch 0435 | loss 0.1542 | val@20 0.6283 | test@20 0.2596 | best 0.6283 (ep 435) | lr 0.002500
%Y-%m-%d %H:%M:%S - [A_l2_h256_do0.25_lr0.005_bs64k][run 1/1] Epoch 0440 | loss 0.1530 | val@20 0.6230 | test@20 0.3448 | best 0.6283 (ep 435) | lr 0.002500
%Y-%m-%d %H:%M:%S - [A_l2_h256_do0.25_lr0.005_bs64k][run 1/1] Epoch 0445 | loss 0.1544 | val@20 0.5501 | test@20 0.1666 | best 0.6283 (ep 435) | lr 0.002500
%Y-%m-%d %H:%M:%S - [A_l2_h256_do0.25_lr0.005_bs64k][run 1/1] Epoch 0450 | loss 0.1528 | val@20 0.6133 | test@20 0.2377 | best 0.6283 (ep 435) | lr 0.002500
%Y-%m-%d %H:%M:%S - [A_l2_h256_do0.25_lr0.005_bs64k][run 1/1] Epoch 0455 | loss 0.1525 | val@20 0.5997 | test@20 0.3735 | best 0.6283 (ep 435) | lr 0.002500
%Y-%m-%d %H:%M:%S - [A_l2_h256_do0.25_lr0.005_bs64k][run 1/1] Epoch 0460 | loss 0.1537 | val@20 0.6104 | test@20 0.2852 | best 0.6283 (ep 435) | lr 0.002500
%Y-%m-%d %H:%M:%S - [A_l2_h256_do0.25_lr0.005_bs64k][run 1/1] Epoch 0465 | loss 0.1532 | val@20 0.6457 | test@20 0.3760 | best 0.6457 (ep 465) | lr 0.002500
%Y-%m-%d %H:%M:%S - [A_l2_h256_do0.25_lr0.005_bs64k][run 1/1] Epoch 0470 | loss 0.1529 | val@20 0.6135 | test@20 0.3729 | best 0.6457 (ep 465) | lr 0.002500
%Y-%m-%d %H:%M:%S - [A_l2_h256_do0.25_lr0.005_bs64k][run 1/1] Epoch 0475 | loss 0.1534 | val@20 0.6198 | test@20 0.2520 | best 0.6457 (ep 465) | lr 0.002500
%Y-%m-%d %H:%M:%S - [A_l2_h256_do0.25_lr0.005_bs64k][run 1/1] Epoch 0480 | loss 0.1536 | val@20 0.6114 | test@20 0.2655 | best 0.6457 (ep 465) | lr 0.002500
%Y-%m-%d %H:%M:%S - [A_l2_h256_do0.25_lr0.005_bs64k][run 1/1] Epoch 0485 | loss 0.1523 | val@20 0.6225 | test@20 0.2813 | best 0.6457 (ep 465) | lr 0.002500
%Y-%m-%d %H:%M:%S - [A_l2_h256_do0.25_lr0.005_bs64k][run 1/1] Epoch 0490 | loss 0.1517 | val@20 0.6388 | test@20 0.2624 | best 0.6457 (ep 465) | lr 0.002500
%Y-%m-%d %H:%M:%S - [A_l2_h256_do0.25_lr0.005_bs64k][run 1/1] Epoch 0495 | loss 0.1522 | val@20 0.6161 | test@20 0.3261 | best 0.6457 (ep 465) | lr 0.002500
%Y-%m-%d %H:%M:%S - [A_l2_h256_do0.25_lr0.005_bs64k][run 1/1] Epoch 0500 | loss 0.1511 | val@20 0.6322 | test@20 0.2772 | best 0.6457 (ep 465) | lr 0.002500
%Y-%m-%d %H:%M:%S - [A_l2_h256_do0.25_lr0.005_bs64k][run 1/1] Epoch 0505 | loss 0.1528 | val@20 0.6423 | test@20 0.1785 | best 0.6457 (ep 465) | lr 0.002500
%Y-%m-%d %H:%M:%S - [A_l2_h256_do0.25_lr0.005_bs64k][run 1/1] Epoch 0510 | loss 0.1515 | val@20 0.6181 | test@20 0.3002 | best 0.6457 (ep 465) | lr 0.002500
%Y-%m-%d %H:%M:%S - [A_l2_h256_do0.25_lr0.005_bs64k][run 1/1] Epoch 0515 | loss 0.1514 | val@20 0.6101 | test@20 0.2099 | best 0.6457 (ep 465) | lr 0.002500
%Y-%m-%d %H:%M:%S - [A_l2_h256_do0.25_lr0.005_bs64k][run 1/1] Epoch 0520 | loss 0.1502 | val@20 0.6107 | test@20 0.3143 | best 0.6457 (ep 465) | lr 0.002500
%Y-%m-%d %H:%M:%S - [A_l2_h256_do0.25_lr0.005_bs64k][run 1/1] Epoch 0525 | loss 0.1498 | val@20 0.6172 | test@20 0.2321 | best 0.6457 (ep 465) | lr 0.002500
%Y-%m-%d %H:%M:%S - [A_l2_h256_do0.25_lr0.005_bs64k][run 1/1] Epoch 0530 | loss 0.1507 | val@20 0.5643 | test@20 0.1915 | best 0.6457 (ep 465) | lr 0.002500
%Y-%m-%d %H:%M:%S - [A_l2_h256_do0.25_lr0.005_bs64k][run 1/1] Epoch 0535 | loss 0.1501 | val@20 0.6284 | test@20 0.2021 | best 0.6457 (ep 465) | lr 0.002500
%Y-%m-%d %H:%M:%S - [A_l2_h256_do0.25_lr0.005_bs64k][run 1/1] Epoch 0540 | loss 0.1498 | val@20 0.6157 | test@20 0.2323 | best 0.6457 (ep 465) | lr 0.002500
%Y-%m-%d %H:%M:%S - [A_l2_h256_do0.25_lr0.005_bs64k][run 1/1] Epoch 0545 | loss 0.1503 | val@20 0.6465 | test@20 0.3540 | best 0.6465 (ep 545) | lr 0.002500
%Y-%m-%d %H:%M:%S - [A_l2_h256_do0.25_lr0.005_bs64k][run 1/1] Epoch 0550 | loss 0.1504 | val@20 0.6119 | test@20 0.3211 | best 0.6465 (ep 545) | lr 0.002500
%Y-%m-%d %H:%M:%S - [A_l2_h256_do0.25_lr0.005_bs64k][run 1/1] Epoch 0555 | loss 0.1499 | val@20 0.6139 | test@20 0.3511 | best 0.6465 (ep 545) | lr 0.002500
%Y-%m-%d %H:%M:%S - [A_l2_h256_do0.25_lr0.005_bs64k][run 1/1] Epoch 0560 | loss 0.1498 | val@20 0.6348 | test@20 0.2592 | best 0.6465 (ep 545) | lr 0.001250
%Y-%m-%d %H:%M:%S - [A_l2_h256_do0.25_lr0.005_bs64k][run 1/1] Epoch 0565 | loss 0.1487 | val@20 0.6323 | test@20 0.2472 | best 0.6465 (ep 545) | lr 0.001250
%Y-%m-%d %H:%M:%S - [A_l2_h256_do0.25_lr0.005_bs64k][run 1/1] Epoch 0570 | loss 0.1475 | val@20 0.5827 | test@20 0.3567 | best 0.6465 (ep 545) | lr 0.001250
%Y-%m-%d %H:%M:%S - [A_l2_h256_do0.25_lr0.005_bs64k][run 1/1] Epoch 0575 | loss 0.1477 | val@20 0.6052 | test@20 0.2726 | best 0.6465 (ep 545) | lr 0.001250
%Y-%m-%d %H:%M:%S - [A_l2_h256_do0.25_lr0.005_bs64k][run 1/1] Epoch 0580 | loss 0.1464 | val@20 0.6489 | test@20 0.4244 | best 0.6489 (ep 580) | lr 0.001250
%Y-%m-%d %H:%M:%S - [A_l2_h256_do0.25_lr0.005_bs64k][run 1/1] Epoch 0585 | loss 0.1476 | val@20 0.5974 | test@20 0.2984 | best 0.6489 (ep 580) | lr 0.001250
%Y-%m-%d %H:%M:%S - [A_l2_h256_do0.25_lr0.005_bs64k][run 1/1] Epoch 0590 | loss 0.1477 | val@20 0.6307 | test@20 0.3822 | best 0.6489 (ep 580) | lr 0.001250
%Y-%m-%d %H:%M:%S - [A_l2_h256_do0.25_lr0.005_bs64k][run 1/1] Epoch 0595 | loss 0.1475 | val@20 0.6254 | test@20 0.2784 | best 0.6489 (ep 580) | lr 0.001250
%Y-%m-%d %H:%M:%S - [A_l2_h256_do0.25_lr0.005_bs64k][run 1/1] Epoch 0600 | loss 0.1476 | val@20 0.5886 | test@20 0.2765 | best 0.6489 (ep 580) | lr 0.001250
%Y-%m-%d %H:%M:%S - [A_l2_h256_do0.25_lr0.005_bs64k][run 1/1] Epoch 0605 | loss 0.1461 | val@20 0.6006 | test@20 0.2680 | best 0.6489 (ep 580) | lr 0.001250
%Y-%m-%d %H:%M:%S - [A_l2_h256_do0.25_lr0.005_bs64k][run 1/1] Epoch 0610 | loss 0.1470 | val@20 0.6137 | test@20 0.2466 | best 0.6489 (ep 580) | lr 0.001250
%Y-%m-%d %H:%M:%S - [A_l2_h256_do0.25_lr0.005_bs64k][run 1/1] Epoch 0615 | loss 0.1473 | val@20 0.6397 | test@20 0.2163 | best 0.6489 (ep 580) | lr 0.001250
%Y-%m-%d %H:%M:%S - [A_l2_h256_do0.25_lr0.005_bs64k][run 1/1] Epoch 0620 | loss 0.1477 | val@20 0.6028 | test@20 0.3239 | best 0.6489 (ep 580) | lr 0.001250
%Y-%m-%d %H:%M:%S - [A_l2_h256_do0.25_lr0.005_bs64k][run 1/1] Epoch 0625 | loss 0.1463 | val@20 0.6008 | test@20 0.2727 | best 0.6489 (ep 580) | lr 0.001250
%Y-%m-%d %H:%M:%S - [A_l2_h256_do0.25_lr0.005_bs64k][run 1/1] Epoch 0630 | loss 0.1472 | val@20 0.6306 | test@20 0.2355 | best 0.6489 (ep 580) | lr 0.001250
%Y-%m-%d %H:%M:%S - [A_l2_h256_do0.25_lr0.005_bs64k][run 1/1] Epoch 0635 | loss 0.1468 | val@20 0.6190 | test@20 0.2593 | best 0.6489 (ep 580) | lr 0.001250
%Y-%m-%d %H:%M:%S - [A_l2_h256_do0.25_lr0.005_bs64k][run 1/1] Epoch 0640 | loss 0.1470 | val@20 0.6382 | test@20 0.2770 | best 0.6489 (ep 580) | lr 0.001250
