INFO:root:Dataset: 4267 nodes, 2135822 edges
INFO:root:Train edges: 1067911
INFO:root:Valid edges: 133489 pos, 101882 neg
INFO:root:Test edges: 133489 pos, 95599 neg
INFO:root:Loading external features...
INFO:src.data.external_features:Loading cached Morgan features from data/morgan_features.pt
INFO:src.data.external_features:  Morgan fingerprints: 2048 dims
INFO:src.data.external_features:Loaded PubChem features: shape=(4267, 9)
INFO:src.data.external_features:  PubChem properties: 9 dims
INFO:src.data.external_features:Loaded ChemBERTa features: shape=torch.Size([4267, 768])
INFO:src.data.external_features:  ChemBERTa embeddings: 768 dims
INFO:src.data.external_features:Loaded drug-target features: shape=torch.Size([4267, 229])
INFO:src.data.external_features:  Drug-target features: 229 dims
INFO:src.data.external_features:Combined features: 3054 dims total
INFO:root:Loaded features: {'morgan': 2048, 'pubchem': 9, 'chemberta': 768, 'drug_targets': 229}
INFO:root:Total feature dimension: 3054
INFO:root:================================================================================
INFO:root:Model Configuration:
INFO:root:  architecture: GCN + MLP
INFO:root:  num_layers: 2
INFO:root:  hidden_channels: 256
INFO:root:  dropout: 0.5
INFO:root:  fusion: concat
INFO:root:  external_features: ['morgan', 'pubchem', 'chemberta', 'drug_targets']
INFO:root:Training Configuration:
INFO:root:  epochs: 2000
INFO:root:  lr: 0.005
INFO:root:  batch_size: 65536
INFO:root:  eval_steps: 5
INFO:root:  runs: 1
INFO:root:================================================================================
INFO:root:[GCN] Epoch 0005 | loss 0.8540 | val@20 0.0629 | test@20 0.0674 | best 0.0629 (ep 5)
INFO:root:[GCN] Epoch 0010 | loss 0.6627 | val@20 0.1465 | test@20 0.1411 | best 0.1465 (ep 10)
INFO:root:[GCN] Epoch 0015 | loss 0.5632 | val@20 0.2132 | test@20 0.1908 | best 0.2132 (ep 15)
INFO:root:[GCN] Epoch 0020 | loss 0.5403 | val@20 0.1723 | test@20 0.1566 | best 0.2132 (ep 15)
INFO:root:[GCN] Epoch 0025 | loss 0.4865 | val@20 0.1522 | test@20 0.0452 | best 0.2132 (ep 15)
INFO:root:[GCN] Epoch 0030 | loss 0.4509 | val@20 0.2768 | test@20 0.1497 | best 0.2768 (ep 30)
INFO:root:[GCN] Epoch 0035 | loss 0.4173 | val@20 0.2519 | test@20 0.1807 | best 0.2768 (ep 30)
INFO:root:[GCN] Epoch 0040 | loss 0.4096 | val@20 0.3363 | test@20 0.2131 | best 0.3363 (ep 40)
INFO:root:[GCN] Epoch 0045 | loss 0.3658 | val@20 0.2191 | test@20 0.1710 | best 0.3363 (ep 40)
INFO:root:[GCN] Epoch 0050 | loss 0.3427 | val@20 0.2536 | test@20 0.2573 | best 0.3363 (ep 40)
INFO:root:[GCN] Epoch 0055 | loss 0.3188 | val@20 0.2440 | test@20 0.2237 | best 0.3363 (ep 40)
INFO:root:[GCN] Epoch 0060 | loss 0.3092 | val@20 0.1847 | test@20 0.1113 | best 0.3363 (ep 40)
INFO:root:[GCN] Epoch 0065 | loss 0.2929 | val@20 0.4576 | test@20 0.2732 | best 0.4576 (ep 65)
INFO:root:[GCN] Epoch 0070 | loss 0.2804 | val@20 0.3045 | test@20 0.1779 | best 0.4576 (ep 65)
INFO:root:[GCN] Epoch 0075 | loss 0.2750 | val@20 0.4372 | test@20 0.2942 | best 0.4576 (ep 65)
INFO:root:[GCN] Epoch 0080 | loss 0.2652 | val@20 0.3310 | test@20 0.1276 | best 0.4576 (ep 65)
INFO:root:[GCN] Epoch 0085 | loss 0.2531 | val@20 0.3190 | test@20 0.2246 | best 0.4576 (ep 65)
INFO:root:[GCN] Epoch 0090 | loss 0.2506 | val@20 0.4406 | test@20 0.3451 | best 0.4576 (ep 65)
INFO:root:[GCN] Epoch 0095 | loss 0.2414 | val@20 0.2981 | test@20 0.2493 | best 0.4576 (ep 65)
INFO:root:[GCN] Epoch 0100 | loss 0.2394 | val@20 0.2329 | test@20 0.1250 | best 0.4576 (ep 65)
INFO:root:[GCN] Epoch 0105 | loss 0.2372 | val@20 0.2421 | test@20 0.2776 | best 0.4576 (ep 65)
INFO:root:[GCN] Epoch 0110 | loss 0.2362 | val@20 0.2819 | test@20 0.1678 | best 0.4576 (ep 65)
INFO:root:[GCN] Epoch 0115 | loss 0.2282 | val@20 0.2488 | test@20 0.2226 | best 0.4576 (ep 65)
INFO:root:[GCN] Epoch 0120 | loss 0.2232 | val@20 0.4717 | test@20 0.4823 | best 0.4717 (ep 120)
INFO:root:[GCN] Epoch 0125 | loss 0.2217 | val@20 0.3115 | test@20 0.2657 | best 0.4717 (ep 120)
INFO:root:[GCN] Epoch 0130 | loss 0.2168 | val@20 0.4834 | test@20 0.5110 | best 0.4834 (ep 130)
INFO:root:[GCN] Epoch 0135 | loss 0.2170 | val@20 0.5186 | test@20 0.4501 | best 0.5186 (ep 135)
INFO:root:[GCN] Epoch 0140 | loss 0.2145 | val@20 0.5056 | test@20 0.4391 | best 0.5186 (ep 135)
INFO:root:[GCN] Epoch 0145 | loss 0.2103 | val@20 0.4861 | test@20 0.4994 | best 0.5186 (ep 135)
INFO:root:[GCN] Epoch 0150 | loss 0.2091 | val@20 0.4413 | test@20 0.5554 | best 0.5186 (ep 135)
INFO:root:[GCN] Epoch 0155 | loss 0.2086 | val@20 0.4186 | test@20 0.4527 | best 0.5186 (ep 135)
INFO:root:[GCN] Epoch 0160 | loss 0.2049 | val@20 0.4152 | test@20 0.5084 | best 0.5186 (ep 135)
INFO:root:[GCN] Epoch 0165 | loss 0.2036 | val@20 0.3978 | test@20 0.4013 | best 0.5186 (ep 135)
INFO:root:[GCN] Epoch 0170 | loss 0.2002 | val@20 0.3946 | test@20 0.3976 | best 0.5186 (ep 135)
INFO:root:[GCN] Epoch 0175 | loss 0.1999 | val@20 0.4363 | test@20 0.4133 | best 0.5186 (ep 135)
INFO:root:[GCN] Epoch 0180 | loss 0.1977 | val@20 0.4726 | test@20 0.5623 | best 0.5186 (ep 135)
INFO:root:[GCN] Epoch 0185 | loss 0.1947 | val@20 0.4907 | test@20 0.5253 | best 0.5186 (ep 135)
INFO:root:[GCN] Epoch 0190 | loss 0.1956 | val@20 0.4850 | test@20 0.3979 | best 0.5186 (ep 135)
INFO:root:[GCN] Epoch 0195 | loss 0.1943 | val@20 0.4729 | test@20 0.4309 | best 0.5186 (ep 135)
INFO:root:[GCN] Epoch 0200 | loss 0.1920 | val@20 0.4372 | test@20 0.5228 | best 0.5186 (ep 135)
INFO:root:[GCN] Epoch 0205 | loss 0.1924 | val@20 0.4770 | test@20 0.4474 | best 0.5186 (ep 135)
INFO:root:[GCN] Epoch 0210 | loss 0.1928 | val@20 0.5676 | test@20 0.4828 | best 0.5676 (ep 210)
INFO:root:[GCN] Epoch 0215 | loss 0.1915 | val@20 0.5778 | test@20 0.4094 | best 0.5778 (ep 215)
INFO:root:[GCN] Epoch 0220 | loss 0.1888 | val@20 0.5149 | test@20 0.4858 | best 0.5778 (ep 215)
INFO:root:[GCN] Epoch 0225 | loss 0.1875 | val@20 0.5128 | test@20 0.5773 | best 0.5778 (ep 215)
INFO:root:[GCN] Epoch 0230 | loss 0.1856 | val@20 0.4335 | test@20 0.4081 | best 0.5778 (ep 215)
INFO:root:[GCN] Epoch 0235 | loss 0.1854 | val@20 0.5062 | test@20 0.6117 | best 0.5778 (ep 215)
INFO:root:[GCN] Epoch 0240 | loss 0.1838 | val@20 0.5897 | test@20 0.6189 | best 0.5897 (ep 240)
INFO:root:[GCN] Epoch 0245 | loss 0.1819 | val@20 0.5217 | test@20 0.3746 | best 0.5897 (ep 240)
INFO:root:[GCN] Epoch 0250 | loss 0.1871 | val@20 0.5486 | test@20 0.6757 | best 0.5897 (ep 240)
INFO:root:[GCN] Epoch 0255 | loss 0.1823 | val@20 0.5616 | test@20 0.5720 | best 0.5897 (ep 240)
INFO:root:[GCN] Epoch 0260 | loss 0.1804 | val@20 0.5748 | test@20 0.4393 | best 0.5897 (ep 240)
INFO:root:[GCN] Epoch 0265 | loss 0.1804 | val@20 0.5336 | test@20 0.3269 | best 0.5897 (ep 240)
INFO:root:[GCN] Epoch 0270 | loss 0.1796 | val@20 0.5905 | test@20 0.6089 | best 0.5905 (ep 270)
INFO:root:[GCN] Epoch 0275 | loss 0.1786 | val@20 0.5199 | test@20 0.4119 | best 0.5905 (ep 270)
INFO:root:[GCN] Epoch 0280 | loss 0.1804 | val@20 0.5377 | test@20 0.5737 | best 0.5905 (ep 270)
INFO:root:[GCN] Epoch 0285 | loss 0.1735 | val@20 0.5642 | test@20 0.4801 | best 0.5905 (ep 270)
INFO:root:[GCN] Epoch 0290 | loss 0.1772 | val@20 0.5851 | test@20 0.4554 | best 0.5905 (ep 270)
INFO:root:[GCN] Epoch 0295 | loss 0.1755 | val@20 0.5579 | test@20 0.4176 | best 0.5905 (ep 270)
INFO:root:[GCN] Epoch 0300 | loss 0.1741 | val@20 0.4287 | test@20 0.6331 | best 0.5905 (ep 270)
INFO:root:[GCN] Epoch 0305 | loss 0.1761 | val@20 0.5160 | test@20 0.5685 | best 0.5905 (ep 270)
INFO:root:[GCN] Epoch 0310 | loss 0.1774 | val@20 0.4891 | test@20 0.4116 | best 0.5905 (ep 270)
INFO:root:[GCN] Epoch 0315 | loss 0.1730 | val@20 0.5905 | test@20 0.5466 | best 0.5905 (ep 270)
INFO:root:[GCN] Epoch 0320 | loss 0.1709 | val@20 0.5800 | test@20 0.4805 | best 0.5905 (ep 270)
INFO:root:[GCN] Epoch 0325 | loss 0.1714 | val@20 0.5301 | test@20 0.5136 | best 0.5905 (ep 270)
INFO:root:[GCN] Epoch 0330 | loss 0.1727 | val@20 0.5503 | test@20 0.4854 | best 0.5905 (ep 270)
INFO:root:[GCN] Epoch 0335 | loss 0.1686 | val@20 0.6081 | test@20 0.4529 | best 0.6081 (ep 335)
INFO:root:[GCN] Epoch 0340 | loss 0.1709 | val@20 0.4647 | test@20 0.3218 | best 0.6081 (ep 335)
INFO:root:[GCN] Epoch 0345 | loss 0.1694 | val@20 0.5350 | test@20 0.4046 | best 0.6081 (ep 335)
INFO:root:[GCN] Epoch 0350 | loss 0.1712 | val@20 0.6142 | test@20 0.4341 | best 0.6142 (ep 350)
INFO:root:[GCN] Epoch 0355 | loss 0.1687 | val@20 0.5032 | test@20 0.2559 | best 0.6142 (ep 350)
INFO:root:[GCN] Epoch 0360 | loss 0.1766 | val@20 0.5374 | test@20 0.3431 | best 0.6142 (ep 350)
INFO:root:[GCN] Epoch 0365 | loss 0.1706 | val@20 0.5517 | test@20 0.4321 | best 0.6142 (ep 350)
INFO:root:[GCN] Epoch 0370 | loss 0.1711 | val@20 0.5965 | test@20 0.6041 | best 0.6142 (ep 350)
INFO:root:[GCN] Epoch 0375 | loss 0.1712 | val@20 0.6025 | test@20 0.5006 | best 0.6142 (ep 350)
INFO:root:[GCN] Epoch 0380 | loss 0.1666 | val@20 0.5771 | test@20 0.5600 | best 0.6142 (ep 350)
INFO:root:[GCN] Epoch 0385 | loss 0.1670 | val@20 0.5256 | test@20 0.4362 | best 0.6142 (ep 350)
INFO:root:[GCN] Epoch 0390 | loss 0.1665 | val@20 0.5050 | test@20 0.3525 | best 0.6142 (ep 350)
INFO:root:[GCN] Epoch 0395 | loss 0.1643 | val@20 0.6021 | test@20 0.3514 | best 0.6142 (ep 350)
INFO:root:[GCN] Epoch 0400 | loss 0.1691 | val@20 0.6188 | test@20 0.3943 | best 0.6188 (ep 400)
INFO:root:[GCN] Epoch 0405 | loss 0.1668 | val@20 0.6297 | test@20 0.4975 | best 0.6297 (ep 405)
INFO:root:[GCN] Epoch 0410 | loss 0.1645 | val@20 0.5684 | test@20 0.3530 | best 0.6297 (ep 405)
INFO:root:[GCN] Epoch 0415 | loss 0.1662 | val@20 0.5642 | test@20 0.3905 | best 0.6297 (ep 405)
INFO:root:[GCN] Epoch 0420 | loss 0.1657 | val@20 0.5118 | test@20 0.2874 | best 0.6297 (ep 405)
INFO:root:[GCN] Epoch 0425 | loss 0.1647 | val@20 0.6000 | test@20 0.3251 | best 0.6297 (ep 405)
INFO:root:[GCN] Epoch 0430 | loss 0.1641 | val@20 0.5495 | test@20 0.5514 | best 0.6297 (ep 405)
INFO:root:[GCN] Epoch 0435 | loss 0.1639 | val@20 0.6264 | test@20 0.3982 | best 0.6297 (ep 405)
INFO:root:[GCN] Epoch 0440 | loss 0.1661 | val@20 0.5205 | test@20 0.3212 | best 0.6297 (ep 405)
INFO:root:[GCN] Epoch 0445 | loss 0.1655 | val@20 0.5900 | test@20 0.4946 | best 0.6297 (ep 405)
INFO:root:[GCN] Epoch 0450 | loss 0.1624 | val@20 0.6231 | test@20 0.3662 | best 0.6297 (ep 405)
INFO:root:[GCN] Epoch 0455 | loss 0.1667 | val@20 0.4331 | test@20 0.2384 | best 0.6297 (ep 405)
INFO:root:[GCN] Epoch 0460 | loss 0.1623 | val@20 0.6311 | test@20 0.4740 | best 0.6311 (ep 460)
INFO:root:[GCN] Epoch 0465 | loss 0.1629 | val@20 0.6337 | test@20 0.4298 | best 0.6337 (ep 465)
INFO:root:[GCN] Epoch 0470 | loss 0.1670 | val@20 0.5626 | test@20 0.3779 | best 0.6337 (ep 465)
INFO:root:[GCN] Epoch 0475 | loss 0.1656 | val@20 0.5421 | test@20 0.4069 | best 0.6337 (ep 465)
INFO:root:[GCN] Epoch 0480 | loss 0.1601 | val@20 0.6161 | test@20 0.5173 | best 0.6337 (ep 465)
INFO:root:[GCN] Epoch 0485 | loss 0.1627 | val@20 0.6311 | test@20 0.4373 | best 0.6337 (ep 465)
INFO:root:[GCN] Epoch 0490 | loss 0.1624 | val@20 0.6303 | test@20 0.5351 | best 0.6337 (ep 465)
INFO:root:[GCN] Epoch 0495 | loss 0.1637 | val@20 0.6112 | test@20 0.5299 | best 0.6337 (ep 465)
INFO:root:[GCN] Epoch 0500 | loss 0.1617 | val@20 0.5341 | test@20 0.4871 | best 0.6337 (ep 465)
INFO:root:[GCN] Epoch 0505 | loss 0.1616 | val@20 0.6053 | test@20 0.4647 | best 0.6337 (ep 465)
INFO:root:[GCN] Epoch 0510 | loss 0.1597 | val@20 0.6215 | test@20 0.5105 | best 0.6337 (ep 465)
INFO:root:[GCN] Epoch 0515 | loss 0.1612 | val@20 0.5948 | test@20 0.3624 | best 0.6337 (ep 465)
INFO:root:[GCN] Epoch 0520 | loss 0.1628 | val@20 0.4906 | test@20 0.1931 | best 0.6337 (ep 465)
INFO:root:[GCN] Epoch 0525 | loss 0.1603 | val@20 0.5872 | test@20 0.3394 | best 0.6337 (ep 465)
INFO:root:[GCN] Epoch 0530 | loss 0.1595 | val@20 0.5844 | test@20 0.3644 | best 0.6337 (ep 465)
INFO:root:[GCN] Epoch 0535 | loss 0.1597 | val@20 0.5652 | test@20 0.4865 | best 0.6337 (ep 465)
INFO:root:[GCN] Epoch 0540 | loss 0.1599 | val@20 0.5870 | test@20 0.3012 | best 0.6337 (ep 465)
INFO:root:[GCN] Epoch 0545 | loss 0.1615 | val@20 0.5041 | test@20 0.3322 | best 0.6337 (ep 465)
INFO:root:[GCN] Epoch 0550 | loss 0.1595 | val@20 0.6531 | test@20 0.5459 | best 0.6531 (ep 550)
INFO:root:[GCN] Epoch 0555 | loss 0.1610 | val@20 0.5939 | test@20 0.4922 | best 0.6531 (ep 550)
INFO:root:[GCN] Epoch 0560 | loss 0.1606 | val@20 0.5724 | test@20 0.5109 | best 0.6531 (ep 550)
INFO:root:[GCN] Epoch 0565 | loss 0.1592 | val@20 0.5668 | test@20 0.6920 | best 0.6531 (ep 550)
INFO:root:[GCN] Epoch 0570 | loss 0.1605 | val@20 0.5547 | test@20 0.5119 | best 0.6531 (ep 550)
INFO:root:[GCN] Epoch 0575 | loss 0.1601 | val@20 0.5774 | test@20 0.5738 | best 0.6531 (ep 550)
INFO:root:[GCN] Epoch 0580 | loss 0.1585 | val@20 0.5553 | test@20 0.3745 | best 0.6531 (ep 550)
INFO:root:[GCN] Epoch 0585 | loss 0.1597 | val@20 0.5394 | test@20 0.4822 | best 0.6531 (ep 550)
INFO:root:[GCN] Epoch 0590 | loss 0.1634 | val@20 0.6298 | test@20 0.4778 | best 0.6531 (ep 550)
INFO:root:[GCN] Epoch 0595 | loss 0.1593 | val@20 0.4933 | test@20 0.3300 | best 0.6531 (ep 550)
INFO:root:[GCN] Epoch 0600 | loss 0.1585 | val@20 0.5661 | test@20 0.5224 | best 0.6531 (ep 550)
INFO:root:[GCN] Epoch 0605 | loss 0.1573 | val@20 0.6433 | test@20 0.5405 | best 0.6531 (ep 550)
INFO:root:[GCN] Epoch 0610 | loss 0.1572 | val@20 0.5989 | test@20 0.4338 | best 0.6531 (ep 550)
INFO:root:[GCN] Epoch 0615 | loss 0.1585 | val@20 0.6403 | test@20 0.6209 | best 0.6531 (ep 550)
INFO:root:[GCN] Epoch 0620 | loss 0.1563 | val@20 0.6021 | test@20 0.5262 | best 0.6531 (ep 550)
INFO:root:[GCN] Epoch 0625 | loss 0.1581 | val@20 0.5291 | test@20 0.5144 | best 0.6531 (ep 550)
INFO:root:[GCN] Epoch 0630 | loss 0.1593 | val@20 0.5793 | test@20 0.5032 | best 0.6531 (ep 550)
INFO:root:[GCN] Epoch 0635 | loss 0.1581 | val@20 0.5962 | test@20 0.4366 | best 0.6531 (ep 550)
INFO:root:[GCN] Epoch 0640 | loss 0.1579 | val@20 0.6072 | test@20 0.5448 | best 0.6531 (ep 550)
INFO:root:[GCN] Epoch 0645 | loss 0.1576 | val@20 0.5773 | test@20 0.4061 | best 0.6531 (ep 550)
INFO:root:[GCN] Epoch 0650 | loss 0.1594 | val@20 0.5579 | test@20 0.3344 | best 0.6531 (ep 550)
INFO:root:[GCN] Epoch 0655 | loss 0.1587 | val@20 0.6611 | test@20 0.5734 | best 0.6611 (ep 655)
INFO:root:[GCN] Epoch 0660 | loss 0.1593 | val@20 0.5976 | test@20 0.4778 | best 0.6611 (ep 655)
INFO:root:[GCN] Epoch 0665 | loss 0.1562 | val@20 0.6457 | test@20 0.3935 | best 0.6611 (ep 655)
INFO:root:[GCN] Epoch 0670 | loss 0.1556 | val@20 0.6265 | test@20 0.5036 | best 0.6611 (ep 655)
INFO:root:[GCN] Epoch 0675 | loss 0.1567 | val@20 0.5436 | test@20 0.3592 | best 0.6611 (ep 655)
INFO:root:[GCN] Epoch 0680 | loss 0.1555 | val@20 0.5857 | test@20 0.5624 | best 0.6611 (ep 655)
INFO:root:[GCN] Epoch 0685 | loss 0.1574 | val@20 0.5711 | test@20 0.3937 | best 0.6611 (ep 655)
INFO:root:[GCN] Epoch 0690 | loss 0.1598 | val@20 0.6546 | test@20 0.5902 | best 0.6611 (ep 655)
INFO:root:[GCN] Epoch 0695 | loss 0.1574 | val@20 0.6221 | test@20 0.5176 | best 0.6611 (ep 655)
INFO:root:[GCN] Epoch 0700 | loss 0.1564 | val@20 0.5272 | test@20 0.3295 | best 0.6611 (ep 655)
INFO:root:[GCN] Epoch 0705 | loss 0.1568 | val@20 0.6106 | test@20 0.4260 | best 0.6611 (ep 655)
INFO:root:[GCN] Epoch 0710 | loss 0.1560 | val@20 0.5627 | test@20 0.4865 | best 0.6611 (ep 655)
INFO:root:[GCN] Epoch 0715 | loss 0.1559 | val@20 0.6106 | test@20 0.5593 | best 0.6611 (ep 655)
INFO:root:[GCN] Epoch 0720 | loss 0.1595 | val@20 0.6482 | test@20 0.3882 | best 0.6611 (ep 655)
INFO:root:[GCN] Epoch 0725 | loss 0.1557 | val@20 0.6529 | test@20 0.5833 | best 0.6611 (ep 655)
INFO:root:[GCN] Epoch 0730 | loss 0.1547 | val@20 0.6421 | test@20 0.3891 | best 0.6611 (ep 655)
INFO:root:[GCN] Epoch 0735 | loss 0.1564 | val@20 0.5912 | test@20 0.5356 | best 0.6611 (ep 655)
INFO:root:[GCN] Epoch 0740 | loss 0.1552 | val@20 0.5864 | test@20 0.4546 | best 0.6611 (ep 655)
INFO:root:[GCN] Epoch 0745 | loss 0.1568 | val@20 0.5781 | test@20 0.5267 | best 0.6611 (ep 655)
INFO:root:[GCN] Epoch 0750 | loss 0.1575 | val@20 0.6295 | test@20 0.7584 | best 0.6611 (ep 655)
INFO:root:[GCN] Epoch 0755 | loss 0.1532 | val@20 0.6379 | test@20 0.4561 | best 0.6611 (ep 655)
INFO:root:[GCN] Epoch 0760 | loss 0.1565 | val@20 0.6301 | test@20 0.4073 | best 0.6611 (ep 655)
INFO:root:[GCN] Epoch 0765 | loss 0.1564 | val@20 0.6185 | test@20 0.4770 | best 0.6611 (ep 655)
INFO:root:[GCN] Epoch 0770 | loss 0.1558 | val@20 0.6418 | test@20 0.4693 | best 0.6611 (ep 655)
INFO:root:[GCN] Epoch 0775 | loss 0.1554 | val@20 0.6312 | test@20 0.4401 | best 0.6611 (ep 655)
INFO:root:[GCN] Epoch 0780 | loss 0.1549 | val@20 0.6189 | test@20 0.4613 | best 0.6611 (ep 655)
INFO:root:[GCN] Epoch 0785 | loss 0.1540 | val@20 0.6545 | test@20 0.6877 | best 0.6611 (ep 655)
INFO:root:[GCN] Epoch 0790 | loss 0.1544 | val@20 0.6255 | test@20 0.5268 | best 0.6611 (ep 655)
INFO:root:[GCN] Epoch 0795 | loss 0.1547 | val@20 0.6084 | test@20 0.5355 | best 0.6611 (ep 655)
INFO:root:[GCN] Epoch 0800 | loss 0.1537 | val@20 0.6413 | test@20 0.5151 | best 0.6611 (ep 655)
INFO:root:[GCN] Epoch 0805 | loss 0.1535 | val@20 0.6325 | test@20 0.5895 | best 0.6611 (ep 655)
INFO:root:[GCN] Epoch 0810 | loss 0.1551 | val@20 0.6240 | test@20 0.4009 | best 0.6611 (ep 655)
INFO:root:[GCN] Epoch 0815 | loss 0.1550 | val@20 0.5349 | test@20 0.5628 | best 0.6611 (ep 655)
INFO:root:[GCN] Epoch 0820 | loss 0.1528 | val@20 0.5649 | test@20 0.6784 | best 0.6611 (ep 655)
INFO:root:[GCN] Epoch 0825 | loss 0.1533 | val@20 0.6341 | test@20 0.5852 | best 0.6611 (ep 655)
INFO:root:[GCN] Epoch 0830 | loss 0.1570 | val@20 0.6023 | test@20 0.4595 | best 0.6611 (ep 655)
INFO:root:[GCN] Epoch 0835 | loss 0.1532 | val@20 0.6555 | test@20 0.5890 | best 0.6611 (ep 655)
INFO:root:[GCN] Epoch 0840 | loss 0.1559 | val@20 0.6582 | test@20 0.5634 | best 0.6611 (ep 655)
INFO:root:[GCN] Epoch 0845 | loss 0.1540 | val@20 0.6239 | test@20 0.6371 | best 0.6611 (ep 655)
INFO:root:[GCN] Epoch 0850 | loss 0.1537 | val@20 0.6358 | test@20 0.5481 | best 0.6611 (ep 655)
INFO:root:[GCN] Epoch 0855 | loss 0.1555 | val@20 0.6431 | test@20 0.5640 | best 0.6611 (ep 655)
INFO:root:[GCN] Epoch 0860 | loss 0.1540 | val@20 0.6062 | test@20 0.6083 | best 0.6611 (ep 655)
INFO:root:[GCN] Epoch 0865 | loss 0.1551 | val@20 0.6128 | test@20 0.4083 | best 0.6611 (ep 655)
INFO:root:[GCN] Epoch 0870 | loss 0.1530 | val@20 0.6453 | test@20 0.5149 | best 0.6611 (ep 655)
INFO:root:[GCN] Epoch 0875 | loss 0.1538 | val@20 0.6286 | test@20 0.5291 | best 0.6611 (ep 655)
INFO:root:[GCN] Epoch 0880 | loss 0.1523 | val@20 0.6459 | test@20 0.4267 | best 0.6611 (ep 655)
INFO:root:[GCN] Epoch 0885 | loss 0.1533 | val@20 0.6289 | test@20 0.4690 | best 0.6611 (ep 655)
INFO:root:[GCN] Epoch 0890 | loss 0.1552 | val@20 0.6133 | test@20 0.3750 | best 0.6611 (ep 655)
INFO:root:[GCN] Epoch 0895 | loss 0.1560 | val@20 0.6140 | test@20 0.4216 | best 0.6611 (ep 655)
INFO:root:[GCN] Epoch 0900 | loss 0.1524 | val@20 0.6385 | test@20 0.4752 | best 0.6611 (ep 655)
INFO:root:[GCN] Epoch 0905 | loss 0.1534 | val@20 0.6173 | test@20 0.5680 | best 0.6611 (ep 655)
INFO:root:[GCN] Epoch 0910 | loss 0.1550 | val@20 0.6346 | test@20 0.4763 | best 0.6611 (ep 655)
INFO:root:[GCN] Epoch 0915 | loss 0.1547 | val@20 0.6281 | test@20 0.4644 | best 0.6611 (ep 655)
INFO:root:[GCN] Epoch 0920 | loss 0.1537 | val@20 0.6324 | test@20 0.6932 | best 0.6611 (ep 655)
INFO:root:[GCN] Epoch 0925 | loss 0.1531 | val@20 0.6376 | test@20 0.3841 | best 0.6611 (ep 655)
INFO:root:[GCN] Epoch 0930 | loss 0.1513 | val@20 0.6006 | test@20 0.4960 | best 0.6611 (ep 655)
INFO:root:[GCN] Epoch 0935 | loss 0.1537 | val@20 0.6035 | test@20 0.4160 | best 0.6611 (ep 655)
INFO:root:[GCN] Epoch 0940 | loss 0.1516 | val@20 0.6502 | test@20 0.5998 | best 0.6611 (ep 655)
INFO:root:[GCN] Epoch 0945 | loss 0.1530 | val@20 0.6751 | test@20 0.5862 | best 0.6751 (ep 945)
INFO:root:[GCN] Epoch 0950 | loss 0.1531 | val@20 0.6384 | test@20 0.7565 | best 0.6751 (ep 945)
INFO:root:[GCN] Epoch 0955 | loss 0.1538 | val@20 0.5962 | test@20 0.5940 | best 0.6751 (ep 945)
INFO:root:[GCN] Epoch 0960 | loss 0.1523 | val@20 0.6226 | test@20 0.5652 | best 0.6751 (ep 945)
INFO:root:[GCN] Epoch 0965 | loss 0.1560 | val@20 0.5876 | test@20 0.4661 | best 0.6751 (ep 945)
INFO:root:[GCN] Epoch 0970 | loss 0.1544 | val@20 0.6804 | test@20 0.5100 | best 0.6804 (ep 970)
INFO:root:[GCN] Epoch 0975 | loss 0.1534 | val@20 0.6717 | test@20 0.5346 | best 0.6804 (ep 970)
INFO:root:[GCN] Epoch 0980 | loss 0.1517 | val@20 0.6489 | test@20 0.6231 | best 0.6804 (ep 970)
INFO:root:[GCN] Epoch 0985 | loss 0.1550 | val@20 0.5593 | test@20 0.5524 | best 0.6804 (ep 970)
INFO:root:[GCN] Epoch 0990 | loss 0.1526 | val@20 0.6527 | test@20 0.5008 | best 0.6804 (ep 970)
INFO:root:[GCN] Epoch 0995 | loss 0.1507 | val@20 0.6051 | test@20 0.4635 | best 0.6804 (ep 970)
INFO:root:[GCN] Epoch 1000 | loss 0.1525 | val@20 0.6360 | test@20 0.4554 | best 0.6804 (ep 970)
INFO:root:[GCN] Epoch 1005 | loss 0.1543 | val@20 0.6497 | test@20 0.6617 | best 0.6804 (ep 970)
INFO:root:[GCN] Epoch 1010 | loss 0.1532 | val@20 0.5975 | test@20 0.3397 | best 0.6804 (ep 970)
INFO:root:[GCN] Epoch 1015 | loss 0.1526 | val@20 0.6552 | test@20 0.4918 | best 0.6804 (ep 970)
INFO:root:[GCN] Epoch 1020 | loss 0.1514 | val@20 0.6598 | test@20 0.4822 | best 0.6804 (ep 970)
INFO:root:[GCN] Epoch 1025 | loss 0.1526 | val@20 0.6300 | test@20 0.5072 | best 0.6804 (ep 970)
INFO:root:[GCN] Epoch 1030 | loss 0.1518 | val@20 0.6525 | test@20 0.5075 | best 0.6804 (ep 970)
INFO:root:[GCN] Epoch 1035 | loss 0.1517 | val@20 0.6478 | test@20 0.4672 | best 0.6804 (ep 970)
INFO:root:[GCN] Epoch 1040 | loss 0.1551 | val@20 0.6141 | test@20 0.4698 | best 0.6804 (ep 970)
INFO:root:[GCN] Epoch 1045 | loss 0.1520 | val@20 0.6355 | test@20 0.7103 | best 0.6804 (ep 970)
INFO:root:[GCN] Epoch 1050 | loss 0.1512 | val@20 0.6451 | test@20 0.5766 | best 0.6804 (ep 970)
INFO:root:[GCN] Epoch 1055 | loss 0.1530 | val@20 0.6163 | test@20 0.5072 | best 0.6804 (ep 970)
INFO:root:[GCN] Epoch 1060 | loss 0.1529 | val@20 0.6458 | test@20 0.5662 | best 0.6804 (ep 970)
INFO:root:[GCN] Epoch 1065 | loss 0.1518 | val@20 0.6622 | test@20 0.4527 | best 0.6804 (ep 970)
INFO:root:[GCN] Epoch 1070 | loss 0.1511 | val@20 0.6685 | test@20 0.7691 | best 0.6804 (ep 970)
INFO:root:[GCN] Epoch 1075 | loss 0.1514 | val@20 0.6755 | test@20 0.4222 | best 0.6804 (ep 970)
INFO:root:[GCN] Epoch 1080 | loss 0.1510 | val@20 0.6720 | test@20 0.5639 | best 0.6804 (ep 970)
INFO:root:[GCN] Epoch 1085 | loss 0.1519 | val@20 0.6716 | test@20 0.5448 | best 0.6804 (ep 970)
INFO:root:[GCN] Epoch 1090 | loss 0.1510 | val@20 0.6321 | test@20 0.7564 | best 0.6804 (ep 970)
INFO:root:[GCN] Epoch 1095 | loss 0.1522 | val@20 0.6738 | test@20 0.4224 | best 0.6804 (ep 970)
INFO:root:[GCN] Epoch 1100 | loss 0.1500 | val@20 0.6581 | test@20 0.4111 | best 0.6804 (ep 970)
INFO:root:[GCN] Epoch 1105 | loss 0.1515 | val@20 0.6745 | test@20 0.5633 | best 0.6804 (ep 970)
INFO:root:[GCN] Epoch 1110 | loss 0.1504 | val@20 0.6800 | test@20 0.4749 | best 0.6804 (ep 970)
INFO:root:[GCN] Epoch 1115 | loss 0.1508 | val@20 0.6706 | test@20 0.5127 | best 0.6804 (ep 970)
INFO:root:[GCN] Epoch 1120 | loss 0.1509 | val@20 0.6596 | test@20 0.7809 | best 0.6804 (ep 970)
INFO:root:[GCN] Epoch 1125 | loss 0.1522 | val@20 0.6820 | test@20 0.6736 | best 0.6820 (ep 1125)
INFO:root:[GCN] Epoch 1130 | loss 0.1511 | val@20 0.6495 | test@20 0.7074 | best 0.6820 (ep 1125)
INFO:root:[GCN] Epoch 1135 | loss 0.1527 | val@20 0.6635 | test@20 0.5698 | best 0.6820 (ep 1125)
INFO:root:[GCN] Epoch 1140 | loss 0.1514 | val@20 0.6700 | test@20 0.4946 | best 0.6820 (ep 1125)
INFO:root:[GCN] Epoch 1145 | loss 0.1528 | val@20 0.6535 | test@20 0.3967 | best 0.6820 (ep 1125)
INFO:root:[GCN] Epoch 1150 | loss 0.1513 | val@20 0.6205 | test@20 0.5838 | best 0.6820 (ep 1125)
INFO:root:[GCN] Epoch 1155 | loss 0.1498 | val@20 0.6773 | test@20 0.5188 | best 0.6820 (ep 1125)
INFO:root:[GCN] Epoch 1160 | loss 0.1498 | val@20 0.6849 | test@20 0.6704 | best 0.6849 (ep 1160)
INFO:root:[GCN] Epoch 1165 | loss 0.1537 | val@20 0.6723 | test@20 0.6005 | best 0.6849 (ep 1160)
INFO:root:[GCN] Epoch 1170 | loss 0.1511 | val@20 0.6852 | test@20 0.7109 | best 0.6852 (ep 1170)
INFO:root:[GCN] Epoch 1175 | loss 0.1505 | val@20 0.6775 | test@20 0.5784 | best 0.6852 (ep 1170)
INFO:root:[GCN] Epoch 1180 | loss 0.1525 | val@20 0.6238 | test@20 0.5284 | best 0.6852 (ep 1170)
INFO:root:[GCN] Epoch 1185 | loss 0.1511 | val@20 0.6277 | test@20 0.5386 | best 0.6852 (ep 1170)
INFO:root:[GCN] Epoch 1190 | loss 0.1503 | val@20 0.6499 | test@20 0.6378 | best 0.6852 (ep 1170)
INFO:root:[GCN] Epoch 1195 | loss 0.1502 | val@20 0.6457 | test@20 0.4912 | best 0.6852 (ep 1170)
INFO:root:[GCN] Epoch 1200 | loss 0.1534 | val@20 0.6326 | test@20 0.6233 | best 0.6852 (ep 1170)
INFO:root:[GCN] Epoch 1205 | loss 0.1510 | val@20 0.6592 | test@20 0.4892 | best 0.6852 (ep 1170)
INFO:root:[GCN] Epoch 1210 | loss 0.1516 | val@20 0.6698 | test@20 0.4993 | best 0.6852 (ep 1170)
INFO:root:[GCN] Epoch 1215 | loss 0.1504 | val@20 0.6427 | test@20 0.7005 | best 0.6852 (ep 1170)
INFO:root:[GCN] Epoch 1220 | loss 0.1497 | val@20 0.6639 | test@20 0.6190 | best 0.6852 (ep 1170)
INFO:root:[GCN] Epoch 1225 | loss 0.1527 | val@20 0.6502 | test@20 0.5358 | best 0.6852 (ep 1170)
INFO:root:[GCN] Epoch 1230 | loss 0.1521 | val@20 0.6319 | test@20 0.5209 | best 0.6852 (ep 1170)
INFO:root:[GCN] Epoch 1235 | loss 0.1498 | val@20 0.6727 | test@20 0.5423 | best 0.6852 (ep 1170)
INFO:root:[GCN] Epoch 1240 | loss 0.1517 | val@20 0.6612 | test@20 0.4021 | best 0.6852 (ep 1170)
INFO:root:[GCN] Epoch 1245 | loss 0.1524 | val@20 0.6536 | test@20 0.5937 | best 0.6852 (ep 1170)
INFO:root:[GCN] Epoch 1250 | loss 0.1500 | val@20 0.6808 | test@20 0.5932 | best 0.6852 (ep 1170)
INFO:root:[GCN] Epoch 1255 | loss 0.1491 | val@20 0.6763 | test@20 0.4774 | best 0.6852 (ep 1170)
INFO:root:[GCN] Epoch 1260 | loss 0.1491 | val@20 0.6869 | test@20 0.4535 | best 0.6869 (ep 1260)
INFO:root:[GCN] Epoch 1265 | loss 0.1484 | val@20 0.6535 | test@20 0.5396 | best 0.6869 (ep 1260)
INFO:root:[GCN] Epoch 1270 | loss 0.1528 | val@20 0.6128 | test@20 0.7876 | best 0.6869 (ep 1260)
INFO:root:[GCN] Epoch 1275 | loss 0.1500 | val@20 0.6656 | test@20 0.4163 | best 0.6869 (ep 1260)
INFO:root:[GCN] Epoch 1280 | loss 0.1506 | val@20 0.6622 | test@20 0.3984 | best 0.6869 (ep 1260)
INFO:root:[GCN] Epoch 1285 | loss 0.1495 | val@20 0.6407 | test@20 0.7188 | best 0.6869 (ep 1260)
INFO:root:[GCN] Epoch 1290 | loss 0.1512 | val@20 0.6566 | test@20 0.4647 | best 0.6869 (ep 1260)
INFO:root:[GCN] Epoch 1295 | loss 0.1513 | val@20 0.6710 | test@20 0.5790 | best 0.6869 (ep 1260)
INFO:root:[GCN] Epoch 1300 | loss 0.1505 | val@20 0.6471 | test@20 0.4514 | best 0.6869 (ep 1260)
INFO:root:[GCN] Epoch 1305 | loss 0.1488 | val@20 0.6570 | test@20 0.5210 | best 0.6869 (ep 1260)
INFO:root:[GCN] Epoch 1310 | loss 0.1484 | val@20 0.6600 | test@20 0.4336 | best 0.6869 (ep 1260)
INFO:root:[GCN] Epoch 1315 | loss 0.1513 | val@20 0.6486 | test@20 0.7675 | best 0.6869 (ep 1260)
INFO:root:[GCN] Epoch 1320 | loss 0.1494 | val@20 0.6761 | test@20 0.5020 | best 0.6869 (ep 1260)
INFO:root:[GCN] Epoch 1325 | loss 0.1497 | val@20 0.6829 | test@20 0.6294 | best 0.6869 (ep 1260)
INFO:root:[GCN] Epoch 1330 | loss 0.1500 | val@20 0.6395 | test@20 0.6301 | best 0.6869 (ep 1260)
INFO:root:[GCN] Epoch 1335 | loss 0.1492 | val@20 0.6704 | test@20 0.5453 | best 0.6869 (ep 1260)
INFO:root:[GCN] Epoch 1340 | loss 0.1496 | val@20 0.6573 | test@20 0.7689 | best 0.6869 (ep 1260)
INFO:root:[GCN] Epoch 1345 | loss 0.1491 | val@20 0.6387 | test@20 0.6575 | best 0.6869 (ep 1260)
INFO:root:[GCN] Epoch 1350 | loss 0.1490 | val@20 0.6605 | test@20 0.5912 | best 0.6869 (ep 1260)
INFO:root:[GCN] Epoch 1355 | loss 0.1498 | val@20 0.6397 | test@20 0.5979 | best 0.6869 (ep 1260)
INFO:root:[GCN] Epoch 1360 | loss 0.1522 | val@20 0.6760 | test@20 0.4591 | best 0.6869 (ep 1260)
INFO:root:[GCN] Epoch 1365 | loss 0.1498 | val@20 0.6436 | test@20 0.4825 | best 0.6869 (ep 1260)
INFO:root:[GCN] Epoch 1370 | loss 0.1483 | val@20 0.6705 | test@20 0.5498 | best 0.6869 (ep 1260)
INFO:root:[GCN] Epoch 1375 | loss 0.1515 | val@20 0.6615 | test@20 0.5014 | best 0.6869 (ep 1260)
INFO:root:[GCN] Epoch 1380 | loss 0.1510 | val@20 0.6084 | test@20 0.4871 | best 0.6869 (ep 1260)
INFO:root:[GCN] Epoch 1385 | loss 0.1497 | val@20 0.6419 | test@20 0.5033 | best 0.6869 (ep 1260)
INFO:root:[GCN] Epoch 1390 | loss 0.1511 | val@20 0.6464 | test@20 0.5604 | best 0.6869 (ep 1260)
INFO:root:[GCN] Epoch 1395 | loss 0.1507 | val@20 0.6605 | test@20 0.5976 | best 0.6869 (ep 1260)
INFO:root:[GCN] Epoch 1400 | loss 0.1505 | val@20 0.6811 | test@20 0.5741 | best 0.6869 (ep 1260)
INFO:root:[GCN] Epoch 1405 | loss 0.1501 | val@20 0.6622 | test@20 0.4077 | best 0.6869 (ep 1260)
INFO:root:[GCN] Epoch 1410 | loss 0.1502 | val@20 0.6678 | test@20 0.7262 | best 0.6869 (ep 1260)
INFO:root:[GCN] Epoch 1415 | loss 0.1496 | val@20 0.6600 | test@20 0.3970 | best 0.6869 (ep 1260)
INFO:root:[GCN] Epoch 1420 | loss 0.1500 | val@20 0.6713 | test@20 0.5034 | best 0.6869 (ep 1260)
INFO:root:[GCN] Epoch 1425 | loss 0.1477 | val@20 0.6634 | test@20 0.6023 | best 0.6869 (ep 1260)
INFO:root:[GCN] Epoch 1430 | loss 0.1498 | val@20 0.6785 | test@20 0.3325 | best 0.6869 (ep 1260)
INFO:root:[GCN] Epoch 1435 | loss 0.1487 | val@20 0.6499 | test@20 0.4588 | best 0.6869 (ep 1260)
INFO:root:[GCN] Epoch 1440 | loss 0.1501 | val@20 0.6117 | test@20 0.5067 | best 0.6869 (ep 1260)
INFO:root:[GCN] Epoch 1445 | loss 0.1489 | val@20 0.6625 | test@20 0.5520 | best 0.6869 (ep 1260)
INFO:root:[GCN] Epoch 1450 | loss 0.1492 | val@20 0.6594 | test@20 0.3413 | best 0.6869 (ep 1260)
INFO:root:[GCN] Epoch 1455 | loss 0.1498 | val@20 0.6601 | test@20 0.4497 | best 0.6869 (ep 1260)
INFO:root:[GCN] Epoch 1460 | loss 0.1530 | val@20 0.6183 | test@20 0.5069 | best 0.6869 (ep 1260)
INFO:root:[GCN] Epoch 1465 | loss 0.1505 | val@20 0.6760 | test@20 0.5627 | best 0.6869 (ep 1260)
INFO:root:[GCN] Epoch 1470 | loss 0.1493 | val@20 0.6760 | test@20 0.5069 | best 0.6869 (ep 1260)
INFO:root:[GCN] Epoch 1475 | loss 0.1488 | val@20 0.6828 | test@20 0.5958 | best 0.6869 (ep 1260)
INFO:root:[GCN] Epoch 1480 | loss 0.1496 | val@20 0.6806 | test@20 0.5735 | best 0.6869 (ep 1260)
INFO:root:[GCN] Epoch 1485 | loss 0.1494 | val@20 0.6678 | test@20 0.5884 | best 0.6869 (ep 1260)
INFO:root:[GCN] Epoch 1490 | loss 0.1500 | val@20 0.6660 | test@20 0.3834 | best 0.6869 (ep 1260)
INFO:root:[GCN] Epoch 1495 | loss 0.1484 | val@20 0.6658 | test@20 0.4132 | best 0.6869 (ep 1260)
INFO:root:[GCN] Epoch 1500 | loss 0.1528 | val@20 0.6734 | test@20 0.5014 | best 0.6869 (ep 1260)
INFO:root:[GCN] Epoch 1505 | loss 0.1503 | val@20 0.6607 | test@20 0.5299 | best 0.6869 (ep 1260)
INFO:root:[GCN] Epoch 1510 | loss 0.1486 | val@20 0.6823 | test@20 0.4542 | best 0.6869 (ep 1260)
INFO:root:[GCN] Epoch 1515 | loss 0.1488 | val@20 0.6778 | test@20 0.5917 | best 0.6869 (ep 1260)
INFO:root:[GCN] Epoch 1520 | loss 0.1480 | val@20 0.6771 | test@20 0.5326 | best 0.6869 (ep 1260)
INFO:root:[GCN] Epoch 1525 | loss 0.1480 | val@20 0.6656 | test@20 0.4505 | best 0.6869 (ep 1260)
INFO:root:[GCN] Epoch 1530 | loss 0.1501 | val@20 0.6719 | test@20 0.6523 | best 0.6869 (ep 1260)
INFO:root:[GCN] Epoch 1535 | loss 0.1492 | val@20 0.6681 | test@20 0.3805 | best 0.6869 (ep 1260)
INFO:root:[GCN] Epoch 1540 | loss 0.1491 | val@20 0.6463 | test@20 0.3869 | best 0.6869 (ep 1260)
INFO:root:[GCN] Epoch 1545 | loss 0.1488 | val@20 0.6374 | test@20 0.2607 | best 0.6869 (ep 1260)
INFO:root:[GCN] Epoch 1550 | loss 0.1489 | val@20 0.6661 | test@20 0.4051 | best 0.6869 (ep 1260)
INFO:root:[GCN] Epoch 1555 | loss 0.1484 | val@20 0.6937 | test@20 0.6332 | best 0.6937 (ep 1555)
INFO:root:[GCN] Epoch 1560 | loss 0.1509 | val@20 0.6281 | test@20 0.2925 | best 0.6937 (ep 1555)
INFO:root:[GCN] Epoch 1565 | loss 0.1498 | val@20 0.6823 | test@20 0.6374 | best 0.6937 (ep 1555)
INFO:root:[GCN] Epoch 1570 | loss 0.1487 | val@20 0.6889 | test@20 0.7995 | best 0.6937 (ep 1555)
INFO:root:[GCN] Epoch 1575 | loss 0.1483 | val@20 0.6745 | test@20 0.5447 | best 0.6937 (ep 1555)
INFO:root:[GCN] Epoch 1580 | loss 0.1489 | val@20 0.6915 | test@20 0.7718 | best 0.6937 (ep 1555)
INFO:root:[GCN] Epoch 1585 | loss 0.1491 | val@20 0.6345 | test@20 0.3522 | best 0.6937 (ep 1555)
INFO:root:[GCN] Epoch 1590 | loss 0.1474 | val@20 0.6823 | test@20 0.7669 | best 0.6937 (ep 1555)
INFO:root:[GCN] Epoch 1595 | loss 0.1482 | val@20 0.6625 | test@20 0.6746 | best 0.6937 (ep 1555)
INFO:root:[GCN] Epoch 1600 | loss 0.1498 | val@20 0.6659 | test@20 0.3494 | best 0.6937 (ep 1555)
INFO:root:[GCN] Epoch 1605 | loss 0.1495 | val@20 0.5955 | test@20 0.3044 | best 0.6937 (ep 1555)
INFO:root:[GCN] Epoch 1610 | loss 0.1495 | val@20 0.6918 | test@20 0.4845 | best 0.6937 (ep 1555)
INFO:root:[GCN] Epoch 1615 | loss 0.1496 | val@20 0.6787 | test@20 0.3381 | best 0.6937 (ep 1555)
INFO:root:[GCN] Epoch 1620 | loss 0.1495 | val@20 0.6700 | test@20 0.5567 | best 0.6937 (ep 1555)
INFO:root:[GCN] Epoch 1625 | loss 0.1513 | val@20 0.5882 | test@20 0.4002 | best 0.6937 (ep 1555)
INFO:root:[GCN] Epoch 1630 | loss 0.1501 | val@20 0.6823 | test@20 0.3557 | best 0.6937 (ep 1555)
INFO:root:[GCN] Epoch 1635 | loss 0.1469 | val@20 0.6552 | test@20 0.5706 | best 0.6937 (ep 1555)
INFO:root:[GCN] Epoch 1640 | loss 0.1484 | val@20 0.6826 | test@20 0.6901 | best 0.6937 (ep 1555)
INFO:root:[GCN] Epoch 1645 | loss 0.1487 | val@20 0.6823 | test@20 0.4935 | best 0.6937 (ep 1555)
INFO:root:[GCN] Epoch 1650 | loss 0.1480 | val@20 0.6602 | test@20 0.4920 | best 0.6937 (ep 1555)
INFO:root:[GCN] Epoch 1655 | loss 0.1509 | val@20 0.6646 | test@20 0.6478 | best 0.6937 (ep 1555)
INFO:root:[GCN] Epoch 1660 | loss 0.1480 | val@20 0.6579 | test@20 0.7320 | best 0.6937 (ep 1555)
INFO:root:[GCN] Epoch 1665 | loss 0.1478 | val@20 0.6665 | test@20 0.5541 | best 0.6937 (ep 1555)
INFO:root:[GCN] Epoch 1670 | loss 0.1493 | val@20 0.6846 | test@20 0.4649 | best 0.6937 (ep 1555)
INFO:root:[GCN] Epoch 1675 | loss 0.1490 | val@20 0.6817 | test@20 0.6356 | best 0.6937 (ep 1555)
INFO:root:[GCN] Epoch 1680 | loss 0.1475 | val@20 0.6605 | test@20 0.5630 | best 0.6937 (ep 1555)
INFO:root:[GCN] Epoch 1685 | loss 0.1481 | val@20 0.7031 | test@20 0.7328 | best 0.7031 (ep 1685)
INFO:root:[GCN] Epoch 1690 | loss 0.1488 | val@20 0.6459 | test@20 0.4306 | best 0.7031 (ep 1685)
INFO:root:[GCN] Epoch 1695 | loss 0.1484 | val@20 0.6649 | test@20 0.4705 | best 0.7031 (ep 1685)
INFO:root:[GCN] Epoch 1700 | loss 0.1499 | val@20 0.6722 | test@20 0.6184 | best 0.7031 (ep 1685)
INFO:root:[GCN] Epoch 1705 | loss 0.1496 | val@20 0.6587 | test@20 0.5082 | best 0.7031 (ep 1685)
INFO:root:[GCN] Epoch 1710 | loss 0.1497 | val@20 0.6708 | test@20 0.7892 | best 0.7031 (ep 1685)
INFO:root:[GCN] Epoch 1715 | loss 0.1509 | val@20 0.6668 | test@20 0.7475 | best 0.7031 (ep 1685)
INFO:root:[GCN] Epoch 1720 | loss 0.1483 | val@20 0.6669 | test@20 0.7066 | best 0.7031 (ep 1685)
INFO:root:[GCN] Epoch 1725 | loss 0.1489 | val@20 0.6733 | test@20 0.7584 | best 0.7031 (ep 1685)
INFO:root:[GCN] Epoch 1730 | loss 0.1488 | val@20 0.6629 | test@20 0.4471 | best 0.7031 (ep 1685)
INFO:root:[GCN] Epoch 1735 | loss 0.1491 | val@20 0.6378 | test@20 0.4597 | best 0.7031 (ep 1685)
INFO:root:[GCN] Epoch 1740 | loss 0.1477 | val@20 0.6763 | test@20 0.6615 | best 0.7031 (ep 1685)
INFO:root:[GCN] Epoch 1745 | loss 0.1486 | val@20 0.6615 | test@20 0.4319 | best 0.7031 (ep 1685)
INFO:root:[GCN] Epoch 1750 | loss 0.1499 | val@20 0.6289 | test@20 0.6198 | best 0.7031 (ep 1685)
INFO:root:[GCN] Epoch 1755 | loss 0.1487 | val@20 0.6903 | test@20 0.6653 | best 0.7031 (ep 1685)
INFO:root:[GCN] Epoch 1760 | loss 0.1478 | val@20 0.6703 | test@20 0.6040 | best 0.7031 (ep 1685)
INFO:root:[GCN] Epoch 1765 | loss 0.1472 | val@20 0.6815 | test@20 0.6757 | best 0.7031 (ep 1685)
INFO:root:[GCN] Epoch 1770 | loss 0.1477 | val@20 0.6864 | test@20 0.7059 | best 0.7031 (ep 1685)
INFO:root:[GCN] Epoch 1775 | loss 0.1478 | val@20 0.6806 | test@20 0.5319 | best 0.7031 (ep 1685)
INFO:root:[GCN] Epoch 1780 | loss 0.1471 | val@20 0.6843 | test@20 0.6455 | best 0.7031 (ep 1685)
INFO:root:[GCN] Epoch 1785 | loss 0.1490 | val@20 0.6529 | test@20 0.4471 | best 0.7031 (ep 1685)
INFO:root:[GCN] Epoch 1790 | loss 0.1497 | val@20 0.6817 | test@20 0.5430 | best 0.7031 (ep 1685)
INFO:root:[GCN] Epoch 1795 | loss 0.1477 | val@20 0.6730 | test@20 0.5740 | best 0.7031 (ep 1685)
INFO:root:[GCN] Epoch 1800 | loss 0.1470 | val@20 0.6069 | test@20 0.6142 | best 0.7031 (ep 1685)
INFO:root:[GCN] Epoch 1805 | loss 0.1476 | val@20 0.6490 | test@20 0.6031 | best 0.7031 (ep 1685)
INFO:root:[GCN] Epoch 1810 | loss 0.1485 | val@20 0.6726 | test@20 0.7479 | best 0.7031 (ep 1685)
INFO:root:[GCN] Epoch 1815 | loss 0.1482 | val@20 0.6534 | test@20 0.6363 | best 0.7031 (ep 1685)
INFO:root:[GCN] Epoch 1820 | loss 0.1467 | val@20 0.6905 | test@20 0.7096 | best 0.7031 (ep 1685)
INFO:root:[GCN] Epoch 1825 | loss 0.1478 | val@20 0.5944 | test@20 0.4565 | best 0.7031 (ep 1685)
INFO:root:[GCN] Epoch 1830 | loss 0.1476 | val@20 0.6599 | test@20 0.4691 | best 0.7031 (ep 1685)
INFO:root:[GCN] Epoch 1835 | loss 0.1474 | val@20 0.6372 | test@20 0.7429 | best 0.7031 (ep 1685)
INFO:root:[GCN] Epoch 1840 | loss 0.1492 | val@20 0.6827 | test@20 0.6817 | best 0.7031 (ep 1685)
INFO:root:[GCN] Epoch 1845 | loss 0.1477 | val@20 0.6977 | test@20 0.5043 | best 0.7031 (ep 1685)
INFO:root:[GCN] Epoch 1850 | loss 0.1489 | val@20 0.6476 | test@20 0.7277 | best 0.7031 (ep 1685)
INFO:root:[GCN] Epoch 1855 | loss 0.1469 | val@20 0.6590 | test@20 0.4502 | best 0.7031 (ep 1685)
INFO:root:[GCN] Epoch 1860 | loss 0.1499 | val@20 0.6839 | test@20 0.5502 | best 0.7031 (ep 1685)
INFO:root:[GCN] Epoch 1865 | loss 0.1470 | val@20 0.6505 | test@20 0.4980 | best 0.7031 (ep 1685)
INFO:root:[GCN] Epoch 1870 | loss 0.1468 | val@20 0.6488 | test@20 0.6298 | best 0.7031 (ep 1685)
INFO:root:[GCN] Epoch 1875 | loss 0.1490 | val@20 0.6844 | test@20 0.7013 | best 0.7031 (ep 1685)
INFO:root:[GCN] Epoch 1880 | loss 0.1476 | val@20 0.6652 | test@20 0.5504 | best 0.7031 (ep 1685)
INFO:root:[GCN] Epoch 1885 | loss 0.1475 | val@20 0.6821 | test@20 0.6643 | best 0.7031 (ep 1685)
INFO:root:[GCN] Epoch 1890 | loss 0.1478 | val@20 0.6586 | test@20 0.6550 | best 0.7031 (ep 1685)
INFO:root:[GCN] Epoch 1895 | loss 0.1481 | val@20 0.6868 | test@20 0.6256 | best 0.7031 (ep 1685)
INFO:root:[GCN] Epoch 1900 | loss 0.1480 | val@20 0.6007 | test@20 0.6828 | best 0.7031 (ep 1685)
INFO:root:[GCN] Epoch 1905 | loss 0.1480 | val@20 0.6667 | test@20 0.6794 | best 0.7031 (ep 1685)
INFO:root:[GCN] Epoch 1910 | loss 0.1478 | val@20 0.6849 | test@20 0.7008 | best 0.7031 (ep 1685)
INFO:root:[GCN] Epoch 1915 | loss 0.1468 | val@20 0.6481 | test@20 0.7431 | best 0.7031 (ep 1685)
INFO:root:[GCN] Epoch 1920 | loss 0.1466 | val@20 0.6787 | test@20 0.6731 | best 0.7031 (ep 1685)
INFO:root:[GCN] Epoch 1925 | loss 0.1478 | val@20 0.6612 | test@20 0.6047 | best 0.7031 (ep 1685)
INFO:root:[GCN] Epoch 1930 | loss 0.1486 | val@20 0.6688 | test@20 0.6188 | best 0.7031 (ep 1685)
INFO:root:[GCN] Epoch 1935 | loss 0.1470 | val@20 0.6741 | test@20 0.6889 | best 0.7031 (ep 1685)
INFO:root:[GCN] Epoch 1940 | loss 0.1469 | val@20 0.6592 | test@20 0.6654 | best 0.7031 (ep 1685)
INFO:root:[GCN] Epoch 1945 | loss 0.1500 | val@20 0.6007 | test@20 0.6648 | best 0.7031 (ep 1685)
INFO:root:[GCN] Epoch 1950 | loss 0.1472 | val@20 0.6597 | test@20 0.6872 | best 0.7031 (ep 1685)
INFO:root:[GCN] Epoch 1955 | loss 0.1480 | val@20 0.6363 | test@20 0.3357 | best 0.7031 (ep 1685)
INFO:root:[GCN] Epoch 1960 | loss 0.1480 | val@20 0.6667 | test@20 0.7194 | best 0.7031 (ep 1685)
INFO:root:[GCN] Epoch 1965 | loss 0.1466 | val@20 0.6621 | test@20 0.6001 | best 0.7031 (ep 1685)
INFO:root:[GCN] Epoch 1970 | loss 0.1460 | val@20 0.6601 | test@20 0.6339 | best 0.7031 (ep 1685)
INFO:root:[GCN] Epoch 1975 | loss 0.1477 | val@20 0.6545 | test@20 0.5654 | best 0.7031 (ep 1685)
INFO:root:[GCN] Epoch 1980 | loss 0.1471 | val@20 0.6790 | test@20 0.6418 | best 0.7031 (ep 1685)
INFO:root:[GCN] Epoch 1985 | loss 0.1489 | val@20 0.6470 | test@20 0.6328 | best 0.7031 (ep 1685)
INFO:root:[GCN] Epoch 1990 | loss 0.1462 | val@20 0.6934 | test@20 0.7671 | best 0.7031 (ep 1685)
INFO:root:[GCN] Epoch 1995 | loss 0.1480 | val@20 0.6504 | test@20 0.5829 | best 0.7031 (ep 1685)
INFO:root:[GCN] Epoch 2000 | loss 0.1467 | val@20 0.6607 | test@20 0.6271 | best 0.7031 (ep 1685)
INFO:root:================================================================================
INFO:root:Final Results
INFO:root:================================================================================
INFO:root:Hits@10: Valid 65.73% | Test 35.29%
INFO:root:Hits@20: Valid 70.31% | Test 73.28%
INFO:root:Hits@30: Valid 71.57% | Test 84.64%
INFO:root:================================================================================