2025-12-09 03:30:33,862 - Using device: cuda
2025-12-09 03:30:33,862 - Logging results to: logs/baselines_20251209_033033/baselines.log
2025-12-09 03:30:33,862 - Loading dataset ogbl-ddi...
2025-12-09 03:30:33,947 - Dataset loaded: 4267 nodes
2025-12-09 03:30:34,091 - Train pos edges: 1067911, Valid pos: 133489, Test pos: 133489
2025-12-09 03:30:34,091 - Valid neg edges: 101882, Test neg: 95599
2025-12-09 03:30:34,111 - Added self-loops: Total edges now = 1072178
2025-12-09 03:30:34,118 - 
================================================================================
2025-12-09 03:30:34,118 - Training Simple GCN Baseline
2025-12-09 03:30:34,118 - ================================================================================
2025-12-09 03:30:34,157 - Starting training for GCN-Baseline (epochs=200, lr=0.01, patience=20, hard_neg=False)
2025-12-09 03:30:34,158 - Model description: Ultra-minimal GCN (2 layers, dropout=0.0) | hidden_dim=128, num_layers=2, decoder=simple
2025-12-09 03:30:34,158 - Memory optimization: batch_size=50000, gradient_accumulation=1
2025-12-09 03:30:34,159 - EMA disabled for this run
2025-12-09 03:30:35,979 - GCN-Baseline Epoch 0001/200 [Random Neg] | Loss: 1.3863 | Val Hits@20: 0.0088 | Test Hits@20: 0.0057 | Best Val: 0.0088 (epoch 1) | LR: 0.010000 ðŸ”¥
2025-12-09 03:30:36,355 - [DIAGNOSTICS Epoch 1] Emb: sim_mean=0.949 sim_std=0.062 norm=0.355 | Scores: pos=0.493 neg=0.492 gap=0.001 | Grad: norm=0.00
2025-12-09 03:30:36,355 -   âš ï¸  EMBEDDING COLLAPSE (similarity > 0.9)
2025-12-09 03:30:42,022 - GCN-Baseline Epoch 0005/200 [Random Neg] | Loss: 1.6693 | Val Hits@20: 0.0178 | Test Hits@20: 0.0359 | Best Val: 0.0178 (epoch 5) | LR: 0.010000 ðŸ”¥
2025-12-09 03:30:42,376 - [DIAGNOSTICS Epoch 5] Emb: sim_mean=0.823 sim_std=0.326 norm=3.010 | Scores: pos=0.712 neg=0.578 gap=0.134 | Grad: norm=3.41
2025-12-09 03:30:49,520 - GCN-Baseline Epoch 0010/200 [Random Neg] | Loss: 1.3576 | Val Hits@20: 0.0058 | Test Hits@20: 0.0008 | Best Val: 0.0178 (epoch 5) | LR: 0.010000 
2025-12-09 03:30:49,889 - [DIAGNOSTICS Epoch 10] Emb: sim_mean=0.678 sim_std=0.368 norm=1.066 | Scores: pos=0.468 neg=0.442 gap=0.026 | Grad: norm=0.26
2025-12-09 03:30:57,018 - GCN-Baseline Epoch 0015/200 [Random Neg] | Loss: 1.2497 | Val Hits@20: 0.0429 | Test Hits@20: 0.0246 | Best Val: 0.0429 (epoch 15) | LR: 0.010000 ðŸ”¥
2025-12-09 03:31:04,172 - GCN-Baseline Epoch 0020/200 [Random Neg] | Loss: 1.0807 | Val Hits@20: 0.0391 | Test Hits@20: 0.0107 | Best Val: 0.0429 (epoch 15) | LR: 0.010000 
2025-12-09 03:31:04,531 - [DIAGNOSTICS Epoch 20] Emb: sim_mean=0.762 sim_std=0.286 norm=3.740 | Scores: pos=0.643 neg=0.389 gap=0.255 | Grad: norm=0.69
2025-12-09 03:31:11,714 - GCN-Baseline Epoch 0025/200 [Random Neg] | Loss: 0.9870 | Val Hits@20: 0.0263 | Test Hits@20: 0.0604 | Best Val: 0.0429 (epoch 15) | LR: 0.010000 
2025-12-09 03:31:18,867 - GCN-Baseline Epoch 0030/200 [Random Neg] | Loss: 0.9432 | Val Hits@20: 0.0580 | Test Hits@20: 0.0652 | Best Val: 0.0580 (epoch 30) | LR: 0.010000 ðŸ”¥
2025-12-09 03:31:26,002 - GCN-Baseline Epoch 0035/200 [Random Neg] | Loss: 0.9021 | Val Hits@20: 0.0620 | Test Hits@20: 0.0720 | Best Val: 0.0620 (epoch 35) | LR: 0.010000 ðŸ”¥
2025-12-09 03:31:33,094 - GCN-Baseline Epoch 0040/200 [Random Neg] | Loss: 0.8702 | Val Hits@20: 0.0223 | Test Hits@20: 0.0597 | Best Val: 0.0620 (epoch 35) | LR: 0.010000 
2025-12-09 03:31:40,168 - GCN-Baseline Epoch 0045/200 [Random Neg] | Loss: 0.8538 | Val Hits@20: 0.0449 | Test Hits@20: 0.0586 | Best Val: 0.0620 (epoch 35) | LR: 0.010000 
2025-12-09 03:31:47,202 - GCN-Baseline Epoch 0050/200 [Random Neg] | Loss: 0.8200 | Val Hits@20: 0.0211 | Test Hits@20: 0.0190 | Best Val: 0.0620 (epoch 35) | LR: 0.010000 
2025-12-09 03:31:47,547 - [DIAGNOSTICS Epoch 50] Emb: sim_mean=0.773 sim_std=0.202 norm=4.180 | Scores: pos=0.719 neg=0.253 gap=0.466 | Grad: norm=0.16
2025-12-09 03:31:54,629 - GCN-Baseline Epoch 0055/200 [Random Neg] | Loss: 0.9646 | Val Hits@20: 0.0589 | Test Hits@20: 0.0646 | Best Val: 0.0620 (epoch 35) | LR: 0.010000 
2025-12-09 03:31:54,982 - [DIAGNOSTICS Epoch 55] Emb: sim_mean=0.708 sim_std=0.254 norm=3.745 | Scores: pos=0.725 neg=0.329 gap=0.396 | Grad: norm=1.76
2025-12-09 03:32:02,090 - GCN-Baseline Epoch 0060/200 [Random Neg] | Loss: 0.9137 | Val Hits@20: 0.0358 | Test Hits@20: 0.0748 | Best Val: 0.0620 (epoch 35) | LR: 0.010000 
2025-12-09 03:32:02,439 - [DIAGNOSTICS Epoch 60] Emb: sim_mean=0.666 sim_std=0.310 norm=3.530 | Scores: pos=0.683 neg=0.310 gap=0.373 | Grad: norm=0.63
2025-12-09 03:32:09,541 - GCN-Baseline Epoch 0065/200 [Random Neg] | Loss: 0.8733 | Val Hits@20: 0.0430 | Test Hits@20: 0.0115 | Best Val: 0.0620 (epoch 35) | LR: 0.010000 
2025-12-09 03:32:09,890 - [DIAGNOSTICS Epoch 65] Emb: sim_mean=0.651 sim_std=0.287 norm=3.410 | Scores: pos=0.659 neg=0.259 gap=0.400 | Grad: norm=0.28
2025-12-09 03:32:17,008 - GCN-Baseline Epoch 0070/200 [Random Neg] | Loss: 0.8371 | Val Hits@20: 0.0309 | Test Hits@20: 0.0619 | Best Val: 0.0620 (epoch 35) | LR: 0.010000 
2025-12-09 03:32:17,356 - [DIAGNOSTICS Epoch 70] Emb: sim_mean=0.690 sim_std=0.254 norm=3.938 | Scores: pos=0.776 neg=0.310 gap=0.466 | Grad: norm=0.33
2025-12-09 03:32:24,475 - GCN-Baseline Epoch 0075/200 [Random Neg] | Loss: 0.8317 | Val Hits@20: 0.0230 | Test Hits@20: 0.0210 | Best Val: 0.0620 (epoch 35) | LR: 0.010000 
2025-12-09 03:32:24,822 - [DIAGNOSTICS Epoch 75] Emb: sim_mean=0.718 sim_std=0.214 norm=3.975 | Scores: pos=0.724 neg=0.243 gap=0.482 | Grad: norm=1.16
2025-12-09 03:32:31,937 - GCN-Baseline Epoch 0080/200 [Random Neg] | Loss: 0.7951 | Val Hits@20: 0.0495 | Test Hits@20: 0.0143 | Best Val: 0.0620 (epoch 35) | LR: 0.010000 
2025-12-09 03:32:32,284 - [DIAGNOSTICS Epoch 80] Emb: sim_mean=0.703 sim_std=0.219 norm=3.818 | Scores: pos=0.718 neg=0.244 gap=0.474 | Grad: norm=0.66
2025-12-09 03:32:39,389 - GCN-Baseline Epoch 0085/200 [Random Neg] | Loss: 0.7878 | Val Hits@20: 0.0281 | Test Hits@20: 0.0261 | Best Val: 0.0620 (epoch 35) | LR: 0.010000 
2025-12-09 03:32:39,739 - [DIAGNOSTICS Epoch 85] Emb: sim_mean=0.696 sim_std=0.223 norm=3.894 | Scores: pos=0.776 neg=0.257 gap=0.519 | Grad: norm=0.65
2025-12-09 03:32:46,816 - GCN-Baseline Epoch 0090/200 [Random Neg] | Loss: 0.7743 | Val Hits@20: 0.0148 | Test Hits@20: 0.0098 | Best Val: 0.0620 (epoch 35) | LR: 0.010000 
2025-12-09 03:32:47,173 - [DIAGNOSTICS Epoch 90] Emb: sim_mean=0.700 sim_std=0.217 norm=3.982 | Scores: pos=0.754 neg=0.253 gap=0.501 | Grad: norm=0.56
2025-12-09 03:32:54,279 - GCN-Baseline Epoch 0095/200 [Random Neg] | Loss: 0.7609 | Val Hits@20: 0.0367 | Test Hits@20: 0.0250 | Best Val: 0.0620 (epoch 35) | LR: 0.010000 
2025-12-09 03:32:54,628 - [DIAGNOSTICS Epoch 95] Emb: sim_mean=0.705 sim_std=0.215 norm=4.057 | Scores: pos=0.736 neg=0.235 gap=0.501 | Grad: norm=0.35
2025-12-09 03:33:01,740 - GCN-Baseline Epoch 0100/200 [Random Neg] | Loss: 0.7495 | Val Hits@20: 0.0259 | Test Hits@20: 0.0365 | Best Val: 0.0620 (epoch 35) | LR: 0.010000 
2025-12-09 03:33:02,089 - [DIAGNOSTICS Epoch 100] Emb: sim_mean=0.702 sim_std=0.217 norm=4.178 | Scores: pos=0.728 neg=0.237 gap=0.491 | Grad: norm=0.10
2025-12-09 03:33:09,211 - GCN-Baseline Epoch 0105/200 [Random Neg] | Loss: 0.7411 | Val Hits@20: 0.0207 | Test Hits@20: 0.0248 | Best Val: 0.0620 (epoch 35) | LR: 0.010000 
2025-12-09 03:33:09,561 - [DIAGNOSTICS Epoch 105] Emb: sim_mean=0.720 sim_std=0.212 norm=4.357 | Scores: pos=0.769 neg=0.250 gap=0.519 | Grad: norm=0.34
2025-12-09 03:33:16,689 - GCN-Baseline Epoch 0110/200 [Random Neg] | Loss: 0.7313 | Val Hits@20: 0.0153 | Test Hits@20: 0.0228 | Best Val: 0.0620 (epoch 35) | LR: 0.010000 
2025-12-09 03:33:17,039 - [DIAGNOSTICS Epoch 110] Emb: sim_mean=0.712 sim_std=0.206 norm=4.539 | Scores: pos=0.773 neg=0.232 gap=0.541 | Grad: norm=0.48
2025-12-09 03:33:24,153 - GCN-Baseline Epoch 0115/200 [Random Neg] | Loss: 0.7223 | Val Hits@20: 0.0165 | Test Hits@20: 0.0426 | Best Val: 0.0620 (epoch 35) | LR: 0.005000 
2025-12-09 03:33:24,503 - [DIAGNOSTICS Epoch 115] Emb: sim_mean=0.710 sim_std=0.206 norm=4.726 | Scores: pos=0.757 neg=0.224 gap=0.532 | Grad: norm=0.59
2025-12-09 03:33:31,613 - GCN-Baseline Epoch 0120/200 [Random Neg] | Loss: 0.7104 | Val Hits@20: 0.0159 | Test Hits@20: 0.0461 | Best Val: 0.0620 (epoch 35) | LR: 0.005000 
2025-12-09 03:33:31,962 - [DIAGNOSTICS Epoch 120] Emb: sim_mean=0.716 sim_std=0.200 norm=4.837 | Scores: pos=0.762 neg=0.220 gap=0.542 | Grad: norm=0.29
2025-12-09 03:33:39,048 - GCN-Baseline Epoch 0125/200 [Random Neg] | Loss: 0.7044 | Val Hits@20: 0.0152 | Test Hits@20: 0.0373 | Best Val: 0.0620 (epoch 35) | LR: 0.005000 
2025-12-09 03:33:39,395 - [DIAGNOSTICS Epoch 125] Emb: sim_mean=0.713 sim_std=0.200 norm=4.999 | Scores: pos=0.792 neg=0.217 gap=0.575 | Grad: norm=0.06
2025-12-09 03:33:46,503 - GCN-Baseline Epoch 0130/200 [Random Neg] | Loss: 0.6994 | Val Hits@20: 0.0143 | Test Hits@20: 0.0343 | Best Val: 0.0620 (epoch 35) | LR: 0.005000 
2025-12-09 03:33:46,852 - [DIAGNOSTICS Epoch 130] Emb: sim_mean=0.713 sim_std=0.201 norm=5.118 | Scores: pos=0.787 neg=0.208 gap=0.579 | Grad: norm=0.11
