2025-12-10 09:24:34 - OGBL-DDI Link Prediction - GCN with External Features
2025-12-10 09:24:34 - Device: cuda:0
2025-12-10 09:24:34 - Log directory: logs/ddi_gcn_dti_20251210_092434
2025-12-10 09:24:34 - ================================================================================
2025-12-10 09:24:34 - Dataset: 4267 nodes, 2135822 edges
2025-12-10 09:24:34 - Train edges: 1067911
2025-12-10 09:24:34 - Valid edges: 133489 pos, 101882 neg
2025-12-10 09:24:34 - Test edges: 133489 pos, 95599 neg
2025-12-10 09:24:34 - Loading external features...
2025-12-10 09:24:34 - Loaded drug-target features: shape=torch.Size([4267, 229])
2025-12-10 09:24:34 -   Drug-target features: 229 dims
2025-12-10 09:24:34 - Combined features: 229 dims total
2025-12-10 09:24:34 - Loaded features: {'drug_targets': 229}
2025-12-10 09:24:34 - Total feature dimension: 229
2025-12-10 09:24:34 - ================================================================================
2025-12-10 09:24:34 - Model Configuration:
2025-12-10 09:24:34 -   architecture: GCN + MLP
2025-12-10 09:24:34 -   num_layers: 2
2025-12-10 09:24:34 -   hidden_channels: 256
2025-12-10 09:24:34 -   dropout: 0.5
2025-12-10 09:24:34 -   fusion: concat
2025-12-10 09:24:34 -   external_features: ['drug_targets']
2025-12-10 09:24:34 - Training Configuration:
2025-12-10 09:24:34 -   epochs: 2000
2025-12-10 09:24:34 -   lr: 0.005
2025-12-10 09:24:34 -   batch_size: 65536
2025-12-10 09:24:34 -   eval_steps: 5
2025-12-10 09:24:34 -   runs: 1
2025-12-10 09:24:34 - ================================================================================
2025-12-10 09:24:48 - [GCN] Epoch 0005 | loss 0.7222 | val@20 0.0807 | test@20 0.0891 | best 0.0807 (ep 5)
2025-12-10 09:25:00 - [GCN] Epoch 0010 | loss 0.5710 | val@20 0.2348 | test@20 0.2189 | best 0.2348 (ep 10)
2025-12-10 09:25:14 - [GCN] Epoch 0015 | loss 0.5255 | val@20 0.2049 | test@20 0.1093 | best 0.2348 (ep 10)
2025-12-10 09:25:27 - [GCN] Epoch 0020 | loss 0.4834 | val@20 0.2678 | test@20 0.2084 | best 0.2678 (ep 20)
2025-12-10 09:25:40 - [GCN] Epoch 0025 | loss 0.4225 | val@20 0.3215 | test@20 0.1780 | best 0.3215 (ep 25)
2025-12-10 09:25:52 - [GCN] Epoch 0030 | loss 0.3892 | val@20 0.1854 | test@20 0.0919 | best 0.3215 (ep 25)
2025-12-10 09:26:05 - [GCN] Epoch 0035 | loss 0.3463 | val@20 0.1826 | test@20 0.1299 | best 0.3215 (ep 25)
2025-12-10 09:26:18 - [GCN] Epoch 0040 | loss 0.3214 | val@20 0.2207 | test@20 0.1780 | best 0.3215 (ep 25)
2025-12-10 09:26:31 - [GCN] Epoch 0045 | loss 0.3018 | val@20 0.2682 | test@20 0.1795 | best 0.3215 (ep 25)
2025-12-10 09:26:44 - [GCN] Epoch 0050 | loss 0.2813 | val@20 0.2031 | test@20 0.1222 | best 0.3215 (ep 25)
2025-12-10 09:26:57 - [GCN] Epoch 0055 | loss 0.2739 | val@20 0.3595 | test@20 0.2626 | best 0.3595 (ep 55)
2025-12-10 09:27:10 - [GCN] Epoch 0060 | loss 0.2613 | val@20 0.2916 | test@20 0.1868 | best 0.3595 (ep 55)
2025-12-10 09:27:24 - [GCN] Epoch 0065 | loss 0.2535 | val@20 0.2602 | test@20 0.2350 | best 0.3595 (ep 55)
2025-12-10 09:27:36 - [GCN] Epoch 0070 | loss 0.2411 | val@20 0.3614 | test@20 0.3627 | best 0.3614 (ep 70)
2025-12-10 09:27:49 - [GCN] Epoch 0075 | loss 0.2416 | val@20 0.3658 | test@20 0.2950 | best 0.3658 (ep 75)
2025-12-10 09:28:02 - [GCN] Epoch 0080 | loss 0.2330 | val@20 0.2690 | test@20 0.2820 | best 0.3658 (ep 75)
2025-12-10 09:28:15 - [GCN] Epoch 0085 | loss 0.2273 | val@20 0.4290 | test@20 0.3828 | best 0.4290 (ep 85)
2025-12-10 09:28:28 - [GCN] Epoch 0090 | loss 0.2244 | val@20 0.4067 | test@20 0.3354 | best 0.4290 (ep 85)
2025-12-10 09:28:40 - [GCN] Epoch 0095 | loss 0.2239 | val@20 0.3121 | test@20 0.2433 | best 0.4290 (ep 85)
2025-12-10 09:28:53 - [GCN] Epoch 0100 | loss 0.2171 | val@20 0.3727 | test@20 0.3484 | best 0.4290 (ep 85)
2025-12-10 09:29:06 - [GCN] Epoch 0105 | loss 0.2156 | val@20 0.4652 | test@20 0.4652 | best 0.4652 (ep 105)
2025-12-10 09:29:19 - [GCN] Epoch 0110 | loss 0.2109 | val@20 0.3716 | test@20 0.2361 | best 0.4652 (ep 105)
2025-12-10 09:29:31 - [GCN] Epoch 0115 | loss 0.2135 | val@20 0.4625 | test@20 0.3783 | best 0.4652 (ep 105)
2025-12-10 09:29:44 - [GCN] Epoch 0120 | loss 0.2076 | val@20 0.3710 | test@20 0.3134 | best 0.4652 (ep 105)
2025-12-10 09:29:57 - [GCN] Epoch 0125 | loss 0.2097 | val@20 0.4925 | test@20 0.4579 | best 0.4925 (ep 125)
2025-12-10 09:30:10 - [GCN] Epoch 0130 | loss 0.2031 | val@20 0.5247 | test@20 0.3439 | best 0.5247 (ep 130)
2025-12-10 09:30:23 - [GCN] Epoch 0135 | loss 0.2040 | val@20 0.4250 | test@20 0.2571 | best 0.5247 (ep 130)
2025-12-10 09:30:36 - [GCN] Epoch 0140 | loss 0.2018 | val@20 0.5306 | test@20 0.3931 | best 0.5306 (ep 140)
2025-12-10 09:30:49 - [GCN] Epoch 0145 | loss 0.1987 | val@20 0.4974 | test@20 0.4190 | best 0.5306 (ep 140)
2025-12-10 09:31:02 - [GCN] Epoch 0150 | loss 0.1982 | val@20 0.4723 | test@20 0.3064 | best 0.5306 (ep 140)
2025-12-10 09:31:17 - [GCN] Epoch 0155 | loss 0.1973 | val@20 0.4443 | test@20 0.3925 | best 0.5306 (ep 140)
2025-12-10 09:31:30 - [GCN] Epoch 0160 | loss 0.1964 | val@20 0.4516 | test@20 0.3183 | best 0.5306 (ep 140)
2025-12-10 09:31:43 - [GCN] Epoch 0165 | loss 0.1920 | val@20 0.4487 | test@20 0.2979 | best 0.5306 (ep 140)
2025-12-10 09:31:56 - [GCN] Epoch 0170 | loss 0.1942 | val@20 0.5116 | test@20 0.5159 | best 0.5306 (ep 140)
2025-12-10 09:32:09 - [GCN] Epoch 0175 | loss 0.1896 | val@20 0.5492 | test@20 0.4198 | best 0.5492 (ep 175)
2025-12-10 09:32:22 - [GCN] Epoch 0180 | loss 0.1888 | val@20 0.4885 | test@20 0.4230 | best 0.5492 (ep 175)
2025-12-10 09:32:35 - [GCN] Epoch 0185 | loss 0.1883 | val@20 0.5158 | test@20 0.4241 | best 0.5492 (ep 175)
2025-12-10 09:32:48 - [GCN] Epoch 0190 | loss 0.1901 | val@20 0.4917 | test@20 0.3746 | best 0.5492 (ep 175)
2025-12-10 09:33:00 - [GCN] Epoch 0195 | loss 0.1896 | val@20 0.5556 | test@20 0.4871 | best 0.5556 (ep 195)
2025-12-10 09:33:14 - [GCN] Epoch 0200 | loss 0.1854 | val@20 0.5079 | test@20 0.4594 | best 0.5556 (ep 195)
2025-12-10 09:33:26 - [GCN] Epoch 0205 | loss 0.1821 | val@20 0.5100 | test@20 0.4171 | best 0.5556 (ep 195)
2025-12-10 09:33:39 - [GCN] Epoch 0210 | loss 0.1836 | val@20 0.5614 | test@20 0.4429 | best 0.5614 (ep 210)
2025-12-10 09:33:51 - [GCN] Epoch 0215 | loss 0.1826 | val@20 0.5320 | test@20 0.3293 | best 0.5614 (ep 210)
2025-12-10 09:34:04 - [GCN] Epoch 0220 | loss 0.1795 | val@20 0.4209 | test@20 0.2969 | best 0.5614 (ep 210)
2025-12-10 09:34:17 - [GCN] Epoch 0225 | loss 0.1826 | val@20 0.5108 | test@20 0.4088 | best 0.5614 (ep 210)
2025-12-10 09:34:30 - [GCN] Epoch 0230 | loss 0.1812 | val@20 0.5195 | test@20 0.4539 | best 0.5614 (ep 210)
2025-12-10 09:34:43 - [GCN] Epoch 0235 | loss 0.1767 | val@20 0.5430 | test@20 0.3918 | best 0.5614 (ep 210)
2025-12-10 09:34:55 - [GCN] Epoch 0240 | loss 0.1754 | val@20 0.5688 | test@20 0.4831 | best 0.5688 (ep 240)
2025-12-10 09:35:09 - [GCN] Epoch 0245 | loss 0.1767 | val@20 0.5318 | test@20 0.3363 | best 0.5688 (ep 240)
2025-12-10 09:35:22 - [GCN] Epoch 0250 | loss 0.1750 | val@20 0.5565 | test@20 0.3332 | best 0.5688 (ep 240)
2025-12-10 09:35:34 - [GCN] Epoch 0255 | loss 0.1746 | val@20 0.5230 | test@20 0.3890 | best 0.5688 (ep 240)
2025-12-10 09:35:47 - [GCN] Epoch 0260 | loss 0.1741 | val@20 0.5527 | test@20 0.3293 | best 0.5688 (ep 240)
2025-12-10 09:36:00 - [GCN] Epoch 0265 | loss 0.1758 | val@20 0.5640 | test@20 0.3795 | best 0.5688 (ep 240)
2025-12-10 09:36:14 - [GCN] Epoch 0270 | loss 0.1716 | val@20 0.5747 | test@20 0.3490 | best 0.5747 (ep 270)
2025-12-10 09:36:26 - [GCN] Epoch 0275 | loss 0.1740 | val@20 0.5704 | test@20 0.3801 | best 0.5747 (ep 270)
2025-12-10 09:36:39 - [GCN] Epoch 0280 | loss 0.1701 | val@20 0.5851 | test@20 0.2288 | best 0.5851 (ep 280)
2025-12-10 09:36:52 - [GCN] Epoch 0285 | loss 0.1724 | val@20 0.5708 | test@20 0.3730 | best 0.5851 (ep 280)
2025-12-10 09:37:05 - [GCN] Epoch 0290 | loss 0.1685 | val@20 0.5490 | test@20 0.4193 | best 0.5851 (ep 280)
2025-12-10 09:37:18 - [GCN] Epoch 0295 | loss 0.1699 | val@20 0.6012 | test@20 0.3391 | best 0.6012 (ep 295)
2025-12-10 09:37:31 - [GCN] Epoch 0300 | loss 0.1682 | val@20 0.5955 | test@20 0.2842 | best 0.6012 (ep 295)
2025-12-10 09:37:44 - [GCN] Epoch 0305 | loss 0.1694 | val@20 0.5199 | test@20 0.2250 | best 0.6012 (ep 295)
2025-12-10 09:37:56 - [GCN] Epoch 0310 | loss 0.1690 | val@20 0.6213 | test@20 0.2975 | best 0.6213 (ep 310)
2025-12-10 09:38:10 - [GCN] Epoch 0315 | loss 0.1673 | val@20 0.6252 | test@20 0.2895 | best 0.6252 (ep 315)
2025-12-10 09:38:23 - [GCN] Epoch 0320 | loss 0.1654 | val@20 0.5713 | test@20 0.3191 | best 0.6252 (ep 315)
2025-12-10 09:38:36 - [GCN] Epoch 0325 | loss 0.1690 | val@20 0.5349 | test@20 0.1605 | best 0.6252 (ep 315)
2025-12-10 09:38:48 - [GCN] Epoch 0330 | loss 0.1672 | val@20 0.6125 | test@20 0.3003 | best 0.6252 (ep 315)
2025-12-10 09:39:01 - [GCN] Epoch 0335 | loss 0.1661 | val@20 0.6146 | test@20 0.2440 | best 0.6252 (ep 315)
2025-12-10 09:39:15 - [GCN] Epoch 0340 | loss 0.1671 | val@20 0.6023 | test@20 0.3655 | best 0.6252 (ep 315)
2025-12-10 09:39:27 - [GCN] Epoch 0345 | loss 0.1638 | val@20 0.6180 | test@20 0.2907 | best 0.6252 (ep 315)
2025-12-10 09:39:41 - [GCN] Epoch 0350 | loss 0.1650 | val@20 0.5997 | test@20 0.3637 | best 0.6252 (ep 315)
2025-12-10 09:39:53 - [GCN] Epoch 0355 | loss 0.1658 | val@20 0.6254 | test@20 0.4048 | best 0.6254 (ep 355)
2025-12-10 09:40:06 - [GCN] Epoch 0360 | loss 0.1657 | val@20 0.5676 | test@20 0.2511 | best 0.6254 (ep 355)
2025-12-10 09:40:19 - [GCN] Epoch 0365 | loss 0.1649 | val@20 0.5862 | test@20 0.3566 | best 0.6254 (ep 355)
2025-12-10 09:40:31 - [GCN] Epoch 0370 | loss 0.1642 | val@20 0.5756 | test@20 0.2760 | best 0.6254 (ep 355)
2025-12-10 09:40:44 - [GCN] Epoch 0375 | loss 0.1633 | val@20 0.6183 | test@20 0.2855 | best 0.6254 (ep 355)
2025-12-10 09:40:56 - [GCN] Epoch 0380 | loss 0.1627 | val@20 0.5485 | test@20 0.3835 | best 0.6254 (ep 355)
2025-12-10 09:41:12 - [GCN] Epoch 0385 | loss 0.1618 | val@20 0.6488 | test@20 0.5627 | best 0.6488 (ep 385)
2025-12-10 09:41:26 - [GCN] Epoch 0390 | loss 0.1621 | val@20 0.6241 | test@20 0.3307 | best 0.6488 (ep 385)
2025-12-10 09:41:38 - [GCN] Epoch 0395 | loss 0.1636 | val@20 0.6111 | test@20 0.2942 | best 0.6488 (ep 385)
2025-12-10 09:41:51 - [GCN] Epoch 0400 | loss 0.1612 | val@20 0.6227 | test@20 0.3683 | best 0.6488 (ep 385)
2025-12-10 09:42:04 - [GCN] Epoch 0405 | loss 0.1645 | val@20 0.5855 | test@20 0.3664 | best 0.6488 (ep 385)
2025-12-10 09:42:17 - [GCN] Epoch 0410 | loss 0.1640 | val@20 0.6338 | test@20 0.3158 | best 0.6488 (ep 385)
2025-12-10 09:42:30 - [GCN] Epoch 0415 | loss 0.1618 | val@20 0.6028 | test@20 0.3552 | best 0.6488 (ep 385)
2025-12-10 09:42:43 - [GCN] Epoch 0420 | loss 0.1596 | val@20 0.5712 | test@20 0.4449 | best 0.6488 (ep 385)
2025-12-10 09:42:55 - [GCN] Epoch 0425 | loss 0.1605 | val@20 0.6340 | test@20 0.3937 | best 0.6488 (ep 385)
2025-12-10 09:43:09 - [GCN] Epoch 0430 | loss 0.1611 | val@20 0.6141 | test@20 0.3541 | best 0.6488 (ep 385)
2025-12-10 09:43:21 - [GCN] Epoch 0435 | loss 0.1632 | val@20 0.6143 | test@20 0.1865 | best 0.6488 (ep 385)
2025-12-10 09:43:34 - [GCN] Epoch 0440 | loss 0.1602 | val@20 0.6092 | test@20 0.3418 | best 0.6488 (ep 385)
2025-12-10 09:43:47 - [GCN] Epoch 0445 | loss 0.1600 | val@20 0.6306 | test@20 0.2933 | best 0.6488 (ep 385)
2025-12-10 09:43:59 - [GCN] Epoch 0450 | loss 0.1598 | val@20 0.6542 | test@20 0.4660 | best 0.6542 (ep 450)
2025-12-10 09:44:12 - [GCN] Epoch 0455 | loss 0.1600 | val@20 0.6208 | test@20 0.2855 | best 0.6542 (ep 450)
2025-12-10 09:44:24 - [GCN] Epoch 0460 | loss 0.1608 | val@20 0.5546 | test@20 0.2262 | best 0.6542 (ep 450)
2025-12-10 09:44:37 - [GCN] Epoch 0465 | loss 0.1593 | val@20 0.6129 | test@20 0.2804 | best 0.6542 (ep 450)
2025-12-10 09:44:50 - [GCN] Epoch 0470 | loss 0.1588 | val@20 0.6474 | test@20 0.2637 | best 0.6542 (ep 450)
2025-12-10 09:45:04 - [GCN] Epoch 0475 | loss 0.1608 | val@20 0.6250 | test@20 0.3060 | best 0.6542 (ep 450)
2025-12-10 09:45:16 - [GCN] Epoch 0480 | loss 0.1573 | val@20 0.6391 | test@20 0.3233 | best 0.6542 (ep 450)
2025-12-10 09:45:29 - [GCN] Epoch 0485 | loss 0.1609 | val@20 0.5918 | test@20 0.2401 | best 0.6542 (ep 450)
2025-12-10 09:45:41 - [GCN] Epoch 0490 | loss 0.1572 | val@20 0.6477 | test@20 0.4044 | best 0.6542 (ep 450)
2025-12-10 09:45:54 - [GCN] Epoch 0495 | loss 0.1576 | val@20 0.6399 | test@20 0.3587 | best 0.6542 (ep 450)
2025-12-10 09:46:08 - [GCN] Epoch 0500 | loss 0.1597 | val@20 0.6310 | test@20 0.2725 | best 0.6542 (ep 450)
2025-12-10 09:46:21 - [GCN] Epoch 0505 | loss 0.1602 | val@20 0.6166 | test@20 0.2858 | best 0.6542 (ep 450)
2025-12-10 09:46:34 - [GCN] Epoch 0510 | loss 0.1578 | val@20 0.6414 | test@20 0.2747 | best 0.6542 (ep 450)
2025-12-10 09:46:46 - [GCN] Epoch 0515 | loss 0.1613 | val@20 0.5917 | test@20 0.3326 | best 0.6542 (ep 450)
2025-12-10 09:46:58 - [GCN] Epoch 0520 | loss 0.1612 | val@20 0.6464 | test@20 0.3646 | best 0.6542 (ep 450)
2025-12-10 09:47:12 - [GCN] Epoch 0525 | loss 0.1565 | val@20 0.6389 | test@20 0.2533 | best 0.6542 (ep 450)
2025-12-10 09:47:24 - [GCN] Epoch 0530 | loss 0.1562 | val@20 0.5815 | test@20 0.2917 | best 0.6542 (ep 450)
2025-12-10 09:47:37 - [GCN] Epoch 0535 | loss 0.1576 | val@20 0.5894 | test@20 0.3597 | best 0.6542 (ep 450)
2025-12-10 09:47:50 - [GCN] Epoch 0540 | loss 0.1596 | val@20 0.6603 | test@20 0.3441 | best 0.6603 (ep 540)
2025-12-10 09:48:04 - [GCN] Epoch 0545 | loss 0.1579 | val@20 0.6265 | test@20 0.2309 | best 0.6603 (ep 540)
2025-12-10 09:48:17 - [GCN] Epoch 0550 | loss 0.1574 | val@20 0.6529 | test@20 0.2998 | best 0.6603 (ep 540)
2025-12-10 09:48:30 - [GCN] Epoch 0555 | loss 0.1570 | val@20 0.6658 | test@20 0.3468 | best 0.6658 (ep 555)
2025-12-10 09:48:42 - [GCN] Epoch 0560 | loss 0.1563 | val@20 0.6287 | test@20 0.4593 | best 0.6658 (ep 555)
2025-12-10 09:48:55 - [GCN] Epoch 0565 | loss 0.1576 | val@20 0.5447 | test@20 0.2304 | best 0.6658 (ep 555)
2025-12-10 09:49:08 - [GCN] Epoch 0570 | loss 0.1559 | val@20 0.6391 | test@20 0.2993 | best 0.6658 (ep 555)
2025-12-10 09:49:21 - [GCN] Epoch 0575 | loss 0.1557 | val@20 0.6469 | test@20 0.3172 | best 0.6658 (ep 555)
2025-12-10 09:49:34 - [GCN] Epoch 0580 | loss 0.1567 | val@20 0.6444 | test@20 0.4098 | best 0.6658 (ep 555)
2025-12-10 09:49:47 - [GCN] Epoch 0585 | loss 0.1571 | val@20 0.5954 | test@20 0.3827 | best 0.6658 (ep 555)
2025-12-10 09:50:00 - [GCN] Epoch 0590 | loss 0.1547 | val@20 0.6091 | test@20 0.3860 | best 0.6658 (ep 555)
2025-12-10 09:50:13 - [GCN] Epoch 0595 | loss 0.1557 | val@20 0.6511 | test@20 0.3592 | best 0.6658 (ep 555)
2025-12-10 09:50:26 - [GCN] Epoch 0600 | loss 0.1564 | val@20 0.5358 | test@20 0.2809 | best 0.6658 (ep 555)
2025-12-10 09:50:38 - [GCN] Epoch 0605 | loss 0.1558 | val@20 0.6370 | test@20 0.4175 | best 0.6658 (ep 555)
2025-12-10 09:50:51 - [GCN] Epoch 0610 | loss 0.1563 | val@20 0.5639 | test@20 0.3163 | best 0.6658 (ep 555)
2025-12-10 09:51:05 - [GCN] Epoch 0615 | loss 0.1577 | val@20 0.6113 | test@20 0.2844 | best 0.6658 (ep 555)
2025-12-10 09:51:20 - [GCN] Epoch 0620 | loss 0.1556 | val@20 0.5503 | test@20 0.5799 | best 0.6658 (ep 555)
2025-12-10 09:51:32 - [GCN] Epoch 0625 | loss 0.1594 | val@20 0.5902 | test@20 0.3866 | best 0.6658 (ep 555)
2025-12-10 09:51:45 - [GCN] Epoch 0630 | loss 0.1542 | val@20 0.5719 | test@20 0.4416 | best 0.6658 (ep 555)
2025-12-10 09:51:58 - [GCN] Epoch 0635 | loss 0.1546 | val@20 0.6458 | test@20 0.3700 | best 0.6658 (ep 555)
2025-12-10 09:52:11 - [GCN] Epoch 0640 | loss 0.1547 | val@20 0.6533 | test@20 0.4746 | best 0.6658 (ep 555)
2025-12-10 09:52:24 - [GCN] Epoch 0645 | loss 0.1547 | val@20 0.6351 | test@20 0.3491 | best 0.6658 (ep 555)
2025-12-10 09:52:37 - [GCN] Epoch 0650 | loss 0.1565 | val@20 0.6612 | test@20 0.5058 | best 0.6658 (ep 555)
2025-12-10 09:52:50 - [GCN] Epoch 0655 | loss 0.1547 | val@20 0.6512 | test@20 0.4791 | best 0.6658 (ep 555)
2025-12-10 09:53:03 - [GCN] Epoch 0660 | loss 0.1545 | val@20 0.5576 | test@20 0.4863 | best 0.6658 (ep 555)
2025-12-10 09:53:16 - [GCN] Epoch 0665 | loss 0.1536 | val@20 0.6664 | test@20 0.4149 | best 0.6664 (ep 665)
2025-12-10 09:53:29 - [GCN] Epoch 0670 | loss 0.1547 | val@20 0.6595 | test@20 0.5376 | best 0.6664 (ep 665)
2025-12-10 09:53:42 - [GCN] Epoch 0675 | loss 0.1550 | val@20 0.6675 | test@20 0.4639 | best 0.6675 (ep 675)
2025-12-10 09:53:55 - [GCN] Epoch 0680 | loss 0.1551 | val@20 0.6499 | test@20 0.3642 | best 0.6675 (ep 675)
2025-12-10 09:54:08 - [GCN] Epoch 0685 | loss 0.1549 | val@20 0.6443 | test@20 0.5631 | best 0.6675 (ep 675)
2025-12-10 09:54:21 - [GCN] Epoch 0690 | loss 0.1546 | val@20 0.6636 | test@20 0.3809 | best 0.6675 (ep 675)
2025-12-10 09:54:33 - [GCN] Epoch 0695 | loss 0.1517 | val@20 0.6738 | test@20 0.5248 | best 0.6738 (ep 695)
2025-12-10 09:54:46 - [GCN] Epoch 0700 | loss 0.1531 | val@20 0.6571 | test@20 0.3728 | best 0.6738 (ep 695)
2025-12-10 09:54:58 - [GCN] Epoch 0705 | loss 0.1536 | val@20 0.6422 | test@20 0.3705 | best 0.6738 (ep 695)
2025-12-10 09:55:12 - [GCN] Epoch 0710 | loss 0.1553 | val@20 0.6599 | test@20 0.4325 | best 0.6738 (ep 695)
2025-12-10 09:55:25 - [GCN] Epoch 0715 | loss 0.1524 | val@20 0.6557 | test@20 0.4558 | best 0.6738 (ep 695)
2025-12-10 09:55:37 - [GCN] Epoch 0720 | loss 0.1537 | val@20 0.5448 | test@20 0.5149 | best 0.6738 (ep 695)
2025-12-10 09:55:50 - [GCN] Epoch 0725 | loss 0.1557 | val@20 0.6422 | test@20 0.5117 | best 0.6738 (ep 695)
2025-12-10 09:56:02 - [GCN] Epoch 0730 | loss 0.1532 | val@20 0.6442 | test@20 0.4292 | best 0.6738 (ep 695)
2025-12-10 09:56:16 - [GCN] Epoch 0735 | loss 0.1534 | val@20 0.6720 | test@20 0.4856 | best 0.6738 (ep 695)
2025-12-10 09:56:29 - [GCN] Epoch 0740 | loss 0.1534 | val@20 0.6509 | test@20 0.4842 | best 0.6738 (ep 695)
2025-12-10 09:56:42 - [GCN] Epoch 0745 | loss 0.1531 | val@20 0.6375 | test@20 0.4324 | best 0.6738 (ep 695)
2025-12-10 09:56:55 - [GCN] Epoch 0750 | loss 0.1522 | val@20 0.6691 | test@20 0.4897 | best 0.6738 (ep 695)
2025-12-10 09:57:08 - [GCN] Epoch 0755 | loss 0.1527 | val@20 0.6429 | test@20 0.4920 | best 0.6738 (ep 695)
2025-12-10 09:57:21 - [GCN] Epoch 0760 | loss 0.1527 | val@20 0.6464 | test@20 0.4632 | best 0.6738 (ep 695)
2025-12-10 09:57:33 - [GCN] Epoch 0765 | loss 0.1522 | val@20 0.6500 | test@20 0.3115 | best 0.6738 (ep 695)
2025-12-10 09:57:46 - [GCN] Epoch 0770 | loss 0.1520 | val@20 0.6568 | test@20 0.3715 | best 0.6738 (ep 695)
2025-12-10 09:57:59 - [GCN] Epoch 0775 | loss 0.1544 | val@20 0.6594 | test@20 0.6132 | best 0.6738 (ep 695)
2025-12-10 09:58:12 - [GCN] Epoch 0780 | loss 0.1532 | val@20 0.6574 | test@20 0.3205 | best 0.6738 (ep 695)
2025-12-10 09:58:25 - [GCN] Epoch 0785 | loss 0.1538 | val@20 0.6622 | test@20 0.2907 | best 0.6738 (ep 695)
2025-12-10 09:58:38 - [GCN] Epoch 0790 | loss 0.1517 | val@20 0.6070 | test@20 0.5293 | best 0.6738 (ep 695)
2025-12-10 09:58:50 - [GCN] Epoch 0795 | loss 0.1519 | val@20 0.6559 | test@20 0.5143 | best 0.6738 (ep 695)
2025-12-10 09:59:04 - [GCN] Epoch 0800 | loss 0.1514 | val@20 0.6656 | test@20 0.3721 | best 0.6738 (ep 695)
2025-12-10 09:59:17 - [GCN] Epoch 0805 | loss 0.1511 | val@20 0.6801 | test@20 0.5179 | best 0.6801 (ep 805)
2025-12-10 09:59:29 - [GCN] Epoch 0810 | loss 0.1524 | val@20 0.6482 | test@20 0.4026 | best 0.6801 (ep 805)
2025-12-10 09:59:42 - [GCN] Epoch 0815 | loss 0.1524 | val@20 0.6448 | test@20 0.4679 | best 0.6801 (ep 805)
2025-12-10 09:59:55 - [GCN] Epoch 0820 | loss 0.1518 | val@20 0.6734 | test@20 0.4234 | best 0.6801 (ep 805)
2025-12-10 10:00:09 - [GCN] Epoch 0825 | loss 0.1533 | val@20 0.6124 | test@20 0.3221 | best 0.6801 (ep 805)
2025-12-10 10:00:21 - [GCN] Epoch 0830 | loss 0.1523 | val@20 0.6564 | test@20 0.4059 | best 0.6801 (ep 805)
2025-12-10 10:00:34 - [GCN] Epoch 0835 | loss 0.1502 | val@20 0.6656 | test@20 0.4731 | best 0.6801 (ep 805)
2025-12-10 10:00:46 - [GCN] Epoch 0840 | loss 0.1547 | val@20 0.5827 | test@20 0.3784 | best 0.6801 (ep 805)
2025-12-10 10:01:00 - [GCN] Epoch 0845 | loss 0.1516 | val@20 0.6549 | test@20 0.5673 | best 0.6801 (ep 805)
2025-12-10 10:01:16 - [GCN] Epoch 0850 | loss 0.1504 | val@20 0.6810 | test@20 0.4914 | best 0.6810 (ep 850)
2025-12-10 10:01:28 - [GCN] Epoch 0855 | loss 0.1529 | val@20 0.6813 | test@20 0.3896 | best 0.6813 (ep 855)
2025-12-10 10:01:41 - [GCN] Epoch 0860 | loss 0.1513 | val@20 0.6586 | test@20 0.5789 | best 0.6813 (ep 855)
2025-12-10 10:01:54 - [GCN] Epoch 0865 | loss 0.1499 | val@20 0.6776 | test@20 0.4798 | best 0.6813 (ep 855)
2025-12-10 10:02:07 - [GCN] Epoch 0870 | loss 0.1505 | val@20 0.6463 | test@20 0.4718 | best 0.6813 (ep 855)
2025-12-10 10:02:20 - [GCN] Epoch 0875 | loss 0.1499 | val@20 0.6163 | test@20 0.5316 | best 0.6813 (ep 855)
2025-12-10 10:02:33 - [GCN] Epoch 0880 | loss 0.1542 | val@20 0.6746 | test@20 0.5739 | best 0.6813 (ep 855)
2025-12-10 10:02:46 - [GCN] Epoch 0885 | loss 0.1510 | val@20 0.6386 | test@20 0.2936 | best 0.6813 (ep 855)
2025-12-10 10:02:58 - [GCN] Epoch 0890 | loss 0.1501 | val@20 0.6728 | test@20 0.4527 | best 0.6813 (ep 855)
2025-12-10 10:03:12 - [GCN] Epoch 0895 | loss 0.1515 | val@20 0.6618 | test@20 0.4552 | best 0.6813 (ep 855)
2025-12-10 10:03:25 - [GCN] Epoch 0900 | loss 0.1501 | val@20 0.6814 | test@20 0.5762 | best 0.6814 (ep 900)
2025-12-10 10:03:38 - [GCN] Epoch 0905 | loss 0.1504 | val@20 0.6489 | test@20 0.4784 | best 0.6814 (ep 900)
2025-12-10 10:03:50 - [GCN] Epoch 0910 | loss 0.1506 | val@20 0.6639 | test@20 0.3484 | best 0.6814 (ep 900)
2025-12-10 10:04:04 - [GCN] Epoch 0915 | loss 0.1505 | val@20 0.6191 | test@20 0.3471 | best 0.6814 (ep 900)
2025-12-10 10:04:17 - [GCN] Epoch 0920 | loss 0.1486 | val@20 0.6652 | test@20 0.5813 | best 0.6814 (ep 900)
2025-12-10 10:04:29 - [GCN] Epoch 0925 | loss 0.1492 | val@20 0.6758 | test@20 0.4229 | best 0.6814 (ep 900)
2025-12-10 10:04:42 - [GCN] Epoch 0930 | loss 0.1497 | val@20 0.6778 | test@20 0.5526 | best 0.6814 (ep 900)
2025-12-10 10:04:55 - [GCN] Epoch 0935 | loss 0.1509 | val@20 0.6696 | test@20 0.6603 | best 0.6814 (ep 900)
2025-12-10 10:05:09 - [GCN] Epoch 0940 | loss 0.1503 | val@20 0.6073 | test@20 0.5186 | best 0.6814 (ep 900)
2025-12-10 10:05:21 - [GCN] Epoch 0945 | loss 0.1504 | val@20 0.6923 | test@20 0.3399 | best 0.6923 (ep 945)
2025-12-10 10:05:34 - [GCN] Epoch 0950 | loss 0.1499 | val@20 0.6740 | test@20 0.5082 | best 0.6923 (ep 945)
2025-12-10 10:05:47 - [GCN] Epoch 0955 | loss 0.1514 | val@20 0.6668 | test@20 0.5044 | best 0.6923 (ep 945)
2025-12-10 10:06:00 - [GCN] Epoch 0960 | loss 0.1517 | val@20 0.6411 | test@20 0.4699 | best 0.6923 (ep 945)
2025-12-10 10:06:13 - [GCN] Epoch 0965 | loss 0.1514 | val@20 0.6592 | test@20 0.6235 | best 0.6923 (ep 945)
2025-12-10 10:06:26 - [GCN] Epoch 0970 | loss 0.1499 | val@20 0.6795 | test@20 0.5731 | best 0.6923 (ep 945)
2025-12-10 10:06:39 - [GCN] Epoch 0975 | loss 0.1488 | val@20 0.6693 | test@20 0.5955 | best 0.6923 (ep 945)
2025-12-10 10:06:52 - [GCN] Epoch 0980 | loss 0.1516 | val@20 0.6755 | test@20 0.5585 | best 0.6923 (ep 945)
2025-12-10 10:07:05 - [GCN] Epoch 0985 | loss 0.1489 | val@20 0.6721 | test@20 0.6026 | best 0.6923 (ep 945)
2025-12-10 10:07:18 - [GCN] Epoch 0990 | loss 0.1507 | val@20 0.6567 | test@20 0.5172 | best 0.6923 (ep 945)
2025-12-10 10:07:30 - [GCN] Epoch 0995 | loss 0.1504 | val@20 0.6595 | test@20 0.6495 | best 0.6923 (ep 945)
2025-12-10 10:07:43 - [GCN] Epoch 1000 | loss 0.1502 | val@20 0.6930 | test@20 0.5081 | best 0.6930 (ep 1000)
2025-12-10 10:07:56 - [GCN] Epoch 1005 | loss 0.1511 | val@20 0.6833 | test@20 0.6521 | best 0.6930 (ep 1000)
2025-12-10 10:08:09 - [GCN] Epoch 1010 | loss 0.1504 | val@20 0.6829 | test@20 0.5976 | best 0.6930 (ep 1000)
2025-12-10 10:08:21 - [GCN] Epoch 1015 | loss 0.1494 | val@20 0.6593 | test@20 0.6043 | best 0.6930 (ep 1000)
2025-12-10 10:08:34 - [GCN] Epoch 1020 | loss 0.1512 | val@20 0.6778 | test@20 0.8007 | best 0.6930 (ep 1000)
2025-12-10 10:08:47 - [GCN] Epoch 1025 | loss 0.1515 | val@20 0.6490 | test@20 0.4897 | best 0.6930 (ep 1000)
2025-12-10 10:09:00 - [GCN] Epoch 1030 | loss 0.1483 | val@20 0.6150 | test@20 0.2902 | best 0.6930 (ep 1000)
2025-12-10 10:09:13 - [GCN] Epoch 1035 | loss 0.1501 | val@20 0.6879 | test@20 0.5384 | best 0.6930 (ep 1000)
2025-12-10 10:09:26 - [GCN] Epoch 1040 | loss 0.1500 | val@20 0.6554 | test@20 0.7426 | best 0.6930 (ep 1000)
2025-12-10 10:09:38 - [GCN] Epoch 1045 | loss 0.1508 | val@20 0.5889 | test@20 0.3467 | best 0.6930 (ep 1000)
2025-12-10 10:09:51 - [GCN] Epoch 1050 | loss 0.1500 | val@20 0.6710 | test@20 0.3490 | best 0.6930 (ep 1000)
2025-12-10 10:10:04 - [GCN] Epoch 1055 | loss 0.1504 | val@20 0.6881 | test@20 0.5365 | best 0.6930 (ep 1000)
2025-12-10 10:10:17 - [GCN] Epoch 1060 | loss 0.1492 | val@20 0.6532 | test@20 0.3318 | best 0.6930 (ep 1000)
2025-12-10 10:10:30 - [GCN] Epoch 1065 | loss 0.1494 | val@20 0.6900 | test@20 0.4289 | best 0.6930 (ep 1000)
2025-12-10 10:10:43 - [GCN] Epoch 1070 | loss 0.1495 | val@20 0.6868 | test@20 0.5347 | best 0.6930 (ep 1000)
2025-12-10 10:10:56 - [GCN] Epoch 1075 | loss 0.1498 | val@20 0.6554 | test@20 0.5352 | best 0.6930 (ep 1000)
2025-12-10 10:11:11 - [GCN] Epoch 1080 | loss 0.1486 | val@20 0.6772 | test@20 0.6389 | best 0.6930 (ep 1000)
2025-12-10 10:11:24 - [GCN] Epoch 1085 | loss 0.1491 | val@20 0.6799 | test@20 0.4145 | best 0.6930 (ep 1000)
2025-12-10 10:11:37 - [GCN] Epoch 1090 | loss 0.1476 | val@20 0.6968 | test@20 0.5872 | best 0.6968 (ep 1090)
2025-12-10 10:11:50 - [GCN] Epoch 1095 | loss 0.1484 | val@20 0.6454 | test@20 0.4759 | best 0.6968 (ep 1090)
2025-12-10 10:12:03 - [GCN] Epoch 1100 | loss 0.1491 | val@20 0.6342 | test@20 0.4968 | best 0.6968 (ep 1090)
2025-12-10 10:12:16 - [GCN] Epoch 1105 | loss 0.1490 | val@20 0.6701 | test@20 0.5072 | best 0.6968 (ep 1090)
2025-12-10 10:12:29 - [GCN] Epoch 1110 | loss 0.1493 | val@20 0.6857 | test@20 0.4652 | best 0.6968 (ep 1090)
2025-12-10 10:12:42 - [GCN] Epoch 1115 | loss 0.1474 | val@20 0.6804 | test@20 0.5034 | best 0.6968 (ep 1090)
2025-12-10 10:12:55 - [GCN] Epoch 1120 | loss 0.1489 | val@20 0.6383 | test@20 0.5225 | best 0.6968 (ep 1090)
2025-12-10 10:13:08 - [GCN] Epoch 1125 | loss 0.1486 | val@20 0.6782 | test@20 0.3755 | best 0.6968 (ep 1090)
2025-12-10 10:13:21 - [GCN] Epoch 1130 | loss 0.1470 | val@20 0.6965 | test@20 0.6241 | best 0.6968 (ep 1090)
2025-12-10 10:13:34 - [GCN] Epoch 1135 | loss 0.1482 | val@20 0.6703 | test@20 0.5675 | best 0.6968 (ep 1090)
2025-12-10 10:13:46 - [GCN] Epoch 1140 | loss 0.1497 | val@20 0.6699 | test@20 0.6130 | best 0.6968 (ep 1090)
2025-12-10 10:13:59 - [GCN] Epoch 1145 | loss 0.1482 | val@20 0.6890 | test@20 0.5373 | best 0.6968 (ep 1090)
2025-12-10 10:14:13 - [GCN] Epoch 1150 | loss 0.1499 | val@20 0.6768 | test@20 0.4275 | best 0.6968 (ep 1090)
2025-12-10 10:14:25 - [GCN] Epoch 1155 | loss 0.1488 | val@20 0.5791 | test@20 0.2443 | best 0.6968 (ep 1090)
2025-12-10 10:14:38 - [GCN] Epoch 1160 | loss 0.1497 | val@20 0.6469 | test@20 0.3757 | best 0.6968 (ep 1090)
2025-12-10 10:14:51 - [GCN] Epoch 1165 | loss 0.1551 | val@20 0.3785 | test@20 0.1084 | best 0.6968 (ep 1090)
2025-12-10 10:15:04 - [GCN] Epoch 1170 | loss 0.1688 | val@20 0.5858 | test@20 0.3460 | best 0.6968 (ep 1090)
2025-12-10 10:15:17 - [GCN] Epoch 1175 | loss 0.1541 | val@20 0.6803 | test@20 0.4855 | best 0.6968 (ep 1090)
2025-12-10 10:15:30 - [GCN] Epoch 1180 | loss 0.1503 | val@20 0.6812 | test@20 0.2586 | best 0.6968 (ep 1090)
2025-12-10 10:15:43 - [GCN] Epoch 1185 | loss 0.1496 | val@20 0.6624 | test@20 0.3672 | best 0.6968 (ep 1090)
2025-12-10 10:15:56 - [GCN] Epoch 1190 | loss 0.1501 | val@20 0.6734 | test@20 0.5403 | best 0.6968 (ep 1090)
2025-12-10 10:16:09 - [GCN] Epoch 1195 | loss 0.1486 | val@20 0.6843 | test@20 0.6040 | best 0.6968 (ep 1090)
2025-12-10 10:16:22 - [GCN] Epoch 1200 | loss 0.1482 | val@20 0.6648 | test@20 0.4999 | best 0.6968 (ep 1090)
2025-12-10 10:16:35 - [GCN] Epoch 1205 | loss 0.1500 | val@20 0.6733 | test@20 0.4504 | best 0.6968 (ep 1090)
2025-12-10 10:16:47 - [GCN] Epoch 1210 | loss 0.1501 | val@20 0.6849 | test@20 0.5569 | best 0.6968 (ep 1090)
2025-12-10 10:17:00 - [GCN] Epoch 1215 | loss 0.1476 | val@20 0.6910 | test@20 0.5929 | best 0.6968 (ep 1090)
2025-12-10 10:17:13 - [GCN] Epoch 1220 | loss 0.1484 | val@20 0.6777 | test@20 0.4538 | best 0.6968 (ep 1090)
2025-12-10 10:17:25 - [GCN] Epoch 1225 | loss 0.1501 | val@20 0.7038 | test@20 0.6368 | best 0.7038 (ep 1225)
2025-12-10 10:17:38 - [GCN] Epoch 1230 | loss 0.1475 | val@20 0.6876 | test@20 0.4882 | best 0.7038 (ep 1225)
2025-12-10 10:17:50 - [GCN] Epoch 1235 | loss 0.1483 | val@20 0.6925 | test@20 0.6855 | best 0.7038 (ep 1225)
2025-12-10 10:18:03 - [GCN] Epoch 1240 | loss 0.1459 | val@20 0.6755 | test@20 0.5425 | best 0.7038 (ep 1225)
2025-12-10 10:18:16 - [GCN] Epoch 1245 | loss 0.1477 | val@20 0.6871 | test@20 0.7356 | best 0.7038 (ep 1225)
2025-12-10 10:18:29 - [GCN] Epoch 1250 | loss 0.1469 | val@20 0.6755 | test@20 0.4100 | best 0.7038 (ep 1225)
2025-12-10 10:18:42 - [GCN] Epoch 1255 | loss 0.1484 | val@20 0.6988 | test@20 0.5698 | best 0.7038 (ep 1225)
2025-12-10 10:18:55 - [GCN] Epoch 1260 | loss 0.1460 | val@20 0.6809 | test@20 0.4897 | best 0.7038 (ep 1225)
2025-12-10 10:19:08 - [GCN] Epoch 1265 | loss 0.1477 | val@20 0.6952 | test@20 0.5350 | best 0.7038 (ep 1225)
2025-12-10 10:19:20 - [GCN] Epoch 1270 | loss 0.1487 | val@20 0.6974 | test@20 0.7888 | best 0.7038 (ep 1225)
2025-12-10 10:19:33 - [GCN] Epoch 1275 | loss 0.1486 | val@20 0.6875 | test@20 0.5290 | best 0.7038 (ep 1225)
2025-12-10 10:19:46 - [GCN] Epoch 1280 | loss 0.1468 | val@20 0.6702 | test@20 0.3454 | best 0.7038 (ep 1225)
2025-12-10 10:19:58 - [GCN] Epoch 1285 | loss 0.1490 | val@20 0.6336 | test@20 0.2554 | best 0.7038 (ep 1225)
2025-12-10 10:20:11 - [GCN] Epoch 1290 | loss 0.1476 | val@20 0.6930 | test@20 0.5004 | best 0.7038 (ep 1225)
2025-12-10 10:20:24 - [GCN] Epoch 1295 | loss 0.1471 | val@20 0.6898 | test@20 0.5974 | best 0.7038 (ep 1225)
2025-12-10 10:20:37 - [GCN] Epoch 1300 | loss 0.1466 | val@20 0.6873 | test@20 0.3604 | best 0.7038 (ep 1225)
2025-12-10 10:20:49 - [GCN] Epoch 1305 | loss 0.1476 | val@20 0.6974 | test@20 0.5318 | best 0.7038 (ep 1225)
2025-12-10 10:21:03 - [GCN] Epoch 1310 | loss 0.1474 | val@20 0.7009 | test@20 0.8238 | best 0.7038 (ep 1225)
2025-12-10 10:21:18 - [GCN] Epoch 1315 | loss 0.1475 | val@20 0.6383 | test@20 0.3540 | best 0.7038 (ep 1225)
2025-12-10 10:21:30 - [GCN] Epoch 1320 | loss 0.1470 | val@20 0.6973 | test@20 0.4310 | best 0.7038 (ep 1225)
2025-12-10 10:21:43 - [GCN] Epoch 1325 | loss 0.1473 | val@20 0.6946 | test@20 0.5105 | best 0.7038 (ep 1225)
2025-12-10 10:21:56 - [GCN] Epoch 1330 | loss 0.1486 | val@20 0.6630 | test@20 0.5741 | best 0.7038 (ep 1225)
2025-12-10 10:22:09 - [GCN] Epoch 1335 | loss 0.1481 | val@20 0.6806 | test@20 0.6082 | best 0.7038 (ep 1225)
2025-12-10 10:22:22 - [GCN] Epoch 1340 | loss 0.1475 | val@20 0.6665 | test@20 0.5858 | best 0.7038 (ep 1225)
2025-12-10 10:22:34 - [GCN] Epoch 1345 | loss 0.1473 | val@20 0.6842 | test@20 0.3258 | best 0.7038 (ep 1225)
2025-12-10 10:22:47 - [GCN] Epoch 1350 | loss 0.1496 | val@20 0.6938 | test@20 0.5892 | best 0.7038 (ep 1225)
2025-12-10 10:23:00 - [GCN] Epoch 1355 | loss 0.1458 | val@20 0.6882 | test@20 0.4930 | best 0.7038 (ep 1225)
2025-12-10 10:23:13 - [GCN] Epoch 1360 | loss 0.1476 | val@20 0.6912 | test@20 0.4570 | best 0.7038 (ep 1225)
2025-12-10 10:23:26 - [GCN] Epoch 1365 | loss 0.1479 | val@20 0.6434 | test@20 0.6782 | best 0.7038 (ep 1225)
2025-12-10 10:23:39 - [GCN] Epoch 1370 | loss 0.1487 | val@20 0.6855 | test@20 0.6896 | best 0.7038 (ep 1225)
2025-12-10 10:23:51 - [GCN] Epoch 1375 | loss 0.1481 | val@20 0.6253 | test@20 0.2590 | best 0.7038 (ep 1225)
2025-12-10 10:24:05 - [GCN] Epoch 1380 | loss 0.1474 | val@20 0.6103 | test@20 0.2715 | best 0.7038 (ep 1225)
2025-12-10 10:24:18 - [GCN] Epoch 1385 | loss 0.1484 | val@20 0.6607 | test@20 0.5499 | best 0.7038 (ep 1225)
2025-12-10 10:24:31 - [GCN] Epoch 1390 | loss 0.1485 | val@20 0.6808 | test@20 0.7565 | best 0.7038 (ep 1225)
2025-12-10 10:24:43 - [GCN] Epoch 1395 | loss 0.1474 | val@20 0.6877 | test@20 0.5606 | best 0.7038 (ep 1225)
2025-12-10 10:24:56 - [GCN] Epoch 1400 | loss 0.1478 | val@20 0.6818 | test@20 0.6776 | best 0.7038 (ep 1225)
2025-12-10 10:25:10 - [GCN] Epoch 1405 | loss 0.1466 | val@20 0.6892 | test@20 0.4114 | best 0.7038 (ep 1225)
2025-12-10 10:25:23 - [GCN] Epoch 1410 | loss 0.1473 | val@20 0.6802 | test@20 0.2964 | best 0.7038 (ep 1225)
2025-12-10 10:25:35 - [GCN] Epoch 1415 | loss 0.1458 | val@20 0.6735 | test@20 0.3102 | best 0.7038 (ep 1225)
2025-12-10 10:25:48 - [GCN] Epoch 1420 | loss 0.1464 | val@20 0.6859 | test@20 0.6741 | best 0.7038 (ep 1225)
2025-12-10 10:26:01 - [GCN] Epoch 1425 | loss 0.1476 | val@20 0.6772 | test@20 0.6066 | best 0.7038 (ep 1225)
2025-12-10 10:26:15 - [GCN] Epoch 1430 | loss 0.1470 | val@20 0.7063 | test@20 0.7310 | best 0.7063 (ep 1430)
2025-12-10 10:26:27 - [GCN] Epoch 1435 | loss 0.1470 | val@20 0.6873 | test@20 0.6733 | best 0.7063 (ep 1430)
2025-12-10 10:26:40 - [GCN] Epoch 1440 | loss 0.1481 | val@20 0.6985 | test@20 0.6388 | best 0.7063 (ep 1430)
2025-12-10 10:26:53 - [GCN] Epoch 1445 | loss 0.1469 | val@20 0.6887 | test@20 0.6887 | best 0.7063 (ep 1430)
2025-12-10 10:27:06 - [GCN] Epoch 1450 | loss 0.1457 | val@20 0.6842 | test@20 0.6975 | best 0.7063 (ep 1430)
2025-12-10 10:27:18 - [GCN] Epoch 1455 | loss 0.1461 | val@20 0.6859 | test@20 0.6212 | best 0.7063 (ep 1430)
2025-12-10 10:27:32 - [GCN] Epoch 1460 | loss 0.1461 | val@20 0.6631 | test@20 0.3782 | best 0.7063 (ep 1430)
2025-12-10 10:27:45 - [GCN] Epoch 1465 | loss 0.1463 | val@20 0.6873 | test@20 0.7477 | best 0.7063 (ep 1430)
2025-12-10 10:27:58 - [GCN] Epoch 1470 | loss 0.1470 | val@20 0.6848 | test@20 0.5133 | best 0.7063 (ep 1430)
2025-12-10 10:28:11 - [GCN] Epoch 1475 | loss 0.1467 | val@20 0.6746 | test@20 0.6562 | best 0.7063 (ep 1430)
2025-12-10 10:28:23 - [GCN] Epoch 1480 | loss 0.1471 | val@20 0.6818 | test@20 0.6914 | best 0.7063 (ep 1430)
2025-12-10 10:28:36 - [GCN] Epoch 1485 | loss 0.1472 | val@20 0.6772 | test@20 0.7192 | best 0.7063 (ep 1430)
2025-12-10 10:28:49 - [GCN] Epoch 1490 | loss 0.1470 | val@20 0.6635 | test@20 0.3173 | best 0.7063 (ep 1430)
2025-12-10 10:29:02 - [GCN] Epoch 1495 | loss 0.1474 | val@20 0.6699 | test@20 0.5142 | best 0.7063 (ep 1430)
2025-12-10 10:29:16 - [GCN] Epoch 1500 | loss 0.1467 | val@20 0.6965 | test@20 0.5568 | best 0.7063 (ep 1430)
2025-12-10 10:29:29 - [GCN] Epoch 1505 | loss 0.1474 | val@20 0.6752 | test@20 0.4701 | best 0.7063 (ep 1430)
2025-12-10 10:29:41 - [GCN] Epoch 1510 | loss 0.1467 | val@20 0.6835 | test@20 0.7766 | best 0.7063 (ep 1430)
2025-12-10 10:29:55 - [GCN] Epoch 1515 | loss 0.1464 | val@20 0.7004 | test@20 0.6683 | best 0.7063 (ep 1430)
2025-12-10 10:30:08 - [GCN] Epoch 1520 | loss 0.1466 | val@20 0.6998 | test@20 0.7368 | best 0.7063 (ep 1430)
2025-12-10 10:30:21 - [GCN] Epoch 1525 | loss 0.1484 | val@20 0.6961 | test@20 0.7181 | best 0.7063 (ep 1430)
2025-12-10 10:30:34 - [GCN] Epoch 1530 | loss 0.1473 | val@20 0.6875 | test@20 0.7671 | best 0.7063 (ep 1430)
2025-12-10 10:30:47 - [GCN] Epoch 1535 | loss 0.1471 | val@20 0.6666 | test@20 0.6451 | best 0.7063 (ep 1430)
2025-12-10 10:31:01 - [GCN] Epoch 1540 | loss 0.1467 | val@20 0.6647 | test@20 0.4307 | best 0.7063 (ep 1430)
2025-12-10 10:31:18 - [GCN] Epoch 1545 | loss 0.1457 | val@20 0.6430 | test@20 0.6229 | best 0.7063 (ep 1430)
2025-12-10 10:31:30 - [GCN] Epoch 1550 | loss 0.1481 | val@20 0.6766 | test@20 0.7279 | best 0.7063 (ep 1430)
2025-12-10 10:31:43 - [GCN] Epoch 1555 | loss 0.1453 | val@20 0.6538 | test@20 0.1831 | best 0.7063 (ep 1430)
2025-12-10 10:31:56 - [GCN] Epoch 1560 | loss 0.1443 | val@20 0.6826 | test@20 0.7056 | best 0.7063 (ep 1430)
2025-12-10 10:32:10 - [GCN] Epoch 1565 | loss 0.1491 | val@20 0.6830 | test@20 0.5500 | best 0.7063 (ep 1430)
2025-12-10 10:32:23 - [GCN] Epoch 1570 | loss 0.1471 | val@20 0.6730 | test@20 0.5723 | best 0.7063 (ep 1430)
2025-12-10 10:32:36 - [GCN] Epoch 1575 | loss 0.1464 | val@20 0.6904 | test@20 0.4036 | best 0.7063 (ep 1430)
2025-12-10 10:32:49 - [GCN] Epoch 1580 | loss 0.1470 | val@20 0.6837 | test@20 0.5836 | best 0.7063 (ep 1430)
2025-12-10 10:33:02 - [GCN] Epoch 1585 | loss 0.1460 | val@20 0.6716 | test@20 0.4481 | best 0.7063 (ep 1430)
2025-12-10 10:33:15 - [GCN] Epoch 1590 | loss 0.1470 | val@20 0.6792 | test@20 0.5178 | best 0.7063 (ep 1430)
2025-12-10 10:33:28 - [GCN] Epoch 1595 | loss 0.1463 | val@20 0.6957 | test@20 0.4898 | best 0.7063 (ep 1430)
2025-12-10 10:33:41 - [GCN] Epoch 1600 | loss 0.1481 | val@20 0.6501 | test@20 0.6487 | best 0.7063 (ep 1430)
2025-12-10 10:33:54 - [GCN] Epoch 1605 | loss 0.1467 | val@20 0.6453 | test@20 0.6764 | best 0.7063 (ep 1430)
2025-12-10 10:34:08 - [GCN] Epoch 1610 | loss 0.1469 | val@20 0.6260 | test@20 0.5673 | best 0.7063 (ep 1430)
2025-12-10 10:34:20 - [GCN] Epoch 1615 | loss 0.1456 | val@20 0.6940 | test@20 0.7990 | best 0.7063 (ep 1430)
2025-12-10 10:34:33 - [GCN] Epoch 1620 | loss 0.1450 | val@20 0.6948 | test@20 0.7851 | best 0.7063 (ep 1430)
2025-12-10 10:34:46 - [GCN] Epoch 1625 | loss 0.1456 | val@20 0.6723 | test@20 0.6717 | best 0.7063 (ep 1430)
2025-12-10 10:34:59 - [GCN] Epoch 1630 | loss 0.1467 | val@20 0.6922 | test@20 0.7065 | best 0.7063 (ep 1430)
2025-12-10 10:35:12 - [GCN] Epoch 1635 | loss 0.1469 | val@20 0.6988 | test@20 0.7253 | best 0.7063 (ep 1430)
2025-12-10 10:35:25 - [GCN] Epoch 1640 | loss 0.1467 | val@20 0.6854 | test@20 0.8081 | best 0.7063 (ep 1430)
2025-12-10 10:35:38 - [GCN] Epoch 1645 | loss 0.1457 | val@20 0.6910 | test@20 0.6987 | best 0.7063 (ep 1430)
2025-12-10 10:35:51 - [GCN] Epoch 1650 | loss 0.1476 | val@20 0.5976 | test@20 0.6590 | best 0.7063 (ep 1430)
2025-12-10 10:36:05 - [GCN] Epoch 1655 | loss 0.1470 | val@20 0.6736 | test@20 0.7034 | best 0.7063 (ep 1430)
2025-12-10 10:36:18 - [GCN] Epoch 1660 | loss 0.1455 | val@20 0.6983 | test@20 0.7731 | best 0.7063 (ep 1430)
2025-12-10 10:36:31 - [GCN] Epoch 1665 | loss 0.1472 | val@20 0.6688 | test@20 0.6376 | best 0.7063 (ep 1430)
2025-12-10 10:36:43 - [GCN] Epoch 1670 | loss 0.1455 | val@20 0.6888 | test@20 0.6771 | best 0.7063 (ep 1430)
2025-12-10 10:36:56 - [GCN] Epoch 1675 | loss 0.1451 | val@20 0.6854 | test@20 0.4029 | best 0.7063 (ep 1430)
2025-12-10 10:37:10 - [GCN] Epoch 1680 | loss 0.1458 | val@20 0.6897 | test@20 0.4904 | best 0.7063 (ep 1430)
2025-12-10 10:37:22 - [GCN] Epoch 1685 | loss 0.1464 | val@20 0.6921 | test@20 0.4101 | best 0.7063 (ep 1430)
2025-12-10 10:37:35 - [GCN] Epoch 1690 | loss 0.1459 | val@20 0.6746 | test@20 0.7763 | best 0.7063 (ep 1430)
2025-12-10 10:37:48 - [GCN] Epoch 1695 | loss 0.1464 | val@20 0.6685 | test@20 0.6832 | best 0.7063 (ep 1430)
2025-12-10 10:38:00 - [GCN] Epoch 1700 | loss 0.1457 | val@20 0.6706 | test@20 0.7061 | best 0.7063 (ep 1430)
2025-12-10 10:38:14 - [GCN] Epoch 1705 | loss 0.1481 | val@20 0.6409 | test@20 0.3498 | best 0.7063 (ep 1430)
2025-12-10 10:38:26 - [GCN] Epoch 1710 | loss 0.1462 | val@20 0.6766 | test@20 0.6119 | best 0.7063 (ep 1430)
2025-12-10 10:38:39 - [GCN] Epoch 1715 | loss 0.1458 | val@20 0.6868 | test@20 0.7781 | best 0.7063 (ep 1430)
2025-12-10 10:38:52 - [GCN] Epoch 1720 | loss 0.1463 | val@20 0.6815 | test@20 0.7270 | best 0.7063 (ep 1430)
2025-12-10 10:39:06 - [GCN] Epoch 1725 | loss 0.1457 | val@20 0.6901 | test@20 0.6631 | best 0.7063 (ep 1430)
2025-12-10 10:39:18 - [GCN] Epoch 1730 | loss 0.1457 | val@20 0.6833 | test@20 0.5546 | best 0.7063 (ep 1430)
2025-12-10 10:39:32 - [GCN] Epoch 1735 | loss 0.1469 | val@20 0.6664 | test@20 0.6471 | best 0.7063 (ep 1430)
2025-12-10 10:39:44 - [GCN] Epoch 1740 | loss 0.1458 | val@20 0.6808 | test@20 0.6768 | best 0.7063 (ep 1430)
2025-12-10 10:39:57 - [GCN] Epoch 1745 | loss 0.1469 | val@20 0.6380 | test@20 0.5272 | best 0.7063 (ep 1430)
2025-12-10 10:40:11 - [GCN] Epoch 1750 | loss 0.1455 | val@20 0.6516 | test@20 0.5331 | best 0.7063 (ep 1430)
2025-12-10 10:40:24 - [GCN] Epoch 1755 | loss 0.1457 | val@20 0.6939 | test@20 0.5941 | best 0.7063 (ep 1430)
2025-12-10 10:40:37 - [GCN] Epoch 1760 | loss 0.1443 | val@20 0.6873 | test@20 0.6526 | best 0.7063 (ep 1430)
2025-12-10 10:40:50 - [GCN] Epoch 1765 | loss 0.1461 | val@20 0.6854 | test@20 0.7452 | best 0.7063 (ep 1430)
2025-12-10 10:41:04 - [GCN] Epoch 1770 | loss 0.1453 | val@20 0.6759 | test@20 0.7445 | best 0.7063 (ep 1430)
2025-12-10 10:41:19 - [GCN] Epoch 1775 | loss 0.1466 | val@20 0.6917 | test@20 0.7840 | best 0.7063 (ep 1430)
2025-12-10 10:41:31 - [GCN] Epoch 1780 | loss 0.1468 | val@20 0.7036 | test@20 0.4762 | best 0.7063 (ep 1430)
2025-12-10 10:41:44 - [GCN] Epoch 1785 | loss 0.1463 | val@20 0.6980 | test@20 0.7692 | best 0.7063 (ep 1430)
2025-12-10 10:41:56 - [GCN] Epoch 1790 | loss 0.1448 | val@20 0.6798 | test@20 0.5767 | best 0.7063 (ep 1430)
2025-12-10 10:42:10 - [GCN] Epoch 1795 | loss 0.1457 | val@20 0.7034 | test@20 0.4485 | best 0.7063 (ep 1430)
2025-12-10 10:42:22 - [GCN] Epoch 1800 | loss 0.1470 | val@20 0.6861 | test@20 0.6816 | best 0.7063 (ep 1430)
2025-12-10 10:42:35 - [GCN] Epoch 1805 | loss 0.1458 | val@20 0.7031 | test@20 0.6596 | best 0.7063 (ep 1430)
2025-12-10 10:42:48 - [GCN] Epoch 1810 | loss 0.1450 | val@20 0.6716 | test@20 0.6013 | best 0.7063 (ep 1430)
2025-12-10 10:43:01 - [GCN] Epoch 1815 | loss 0.1456 | val@20 0.6788 | test@20 0.7224 | best 0.7063 (ep 1430)
2025-12-10 10:43:14 - [GCN] Epoch 1820 | loss 0.1443 | val@20 0.6688 | test@20 0.6019 | best 0.7063 (ep 1430)
2025-12-10 10:43:27 - [GCN] Epoch 1825 | loss 0.1470 | val@20 0.6899 | test@20 0.7013 | best 0.7063 (ep 1430)
2025-12-10 10:43:40 - [GCN] Epoch 1830 | loss 0.1452 | val@20 0.6930 | test@20 0.6805 | best 0.7063 (ep 1430)
2025-12-10 10:43:52 - [GCN] Epoch 1835 | loss 0.1447 | val@20 0.6479 | test@20 0.7046 | best 0.7063 (ep 1430)
2025-12-10 10:44:06 - [GCN] Epoch 1840 | loss 0.1453 | val@20 0.6858 | test@20 0.6660 | best 0.7063 (ep 1430)
2025-12-10 10:44:18 - [GCN] Epoch 1845 | loss 0.1453 | val@20 0.6910 | test@20 0.6063 | best 0.7063 (ep 1430)
2025-12-10 10:44:31 - [GCN] Epoch 1850 | loss 0.1443 | val@20 0.6874 | test@20 0.7668 | best 0.7063 (ep 1430)
2025-12-10 10:44:43 - [GCN] Epoch 1855 | loss 0.1445 | val@20 0.6800 | test@20 0.6207 | best 0.7063 (ep 1430)
2025-12-10 10:44:56 - [GCN] Epoch 1860 | loss 0.1453 | val@20 0.6575 | test@20 0.6587 | best 0.7063 (ep 1430)
2025-12-10 10:45:09 - [GCN] Epoch 1865 | loss 0.1462 | val@20 0.7041 | test@20 0.8000 | best 0.7063 (ep 1430)
2025-12-10 10:45:21 - [GCN] Epoch 1870 | loss 0.1456 | val@20 0.6740 | test@20 0.5189 | best 0.7063 (ep 1430)
2025-12-10 10:45:34 - [GCN] Epoch 1875 | loss 0.1447 | val@20 0.6782 | test@20 0.5558 | best 0.7063 (ep 1430)
2025-12-10 10:45:47 - [GCN] Epoch 1880 | loss 0.1457 | val@20 0.6932 | test@20 0.4414 | best 0.7063 (ep 1430)
2025-12-10 10:46:00 - [GCN] Epoch 1885 | loss 0.1437 | val@20 0.6915 | test@20 0.5814 | best 0.7063 (ep 1430)
2025-12-10 10:46:14 - [GCN] Epoch 1890 | loss 0.1440 | val@20 0.6975 | test@20 0.3454 | best 0.7063 (ep 1430)
2025-12-10 10:46:26 - [GCN] Epoch 1895 | loss 0.1450 | val@20 0.6936 | test@20 0.6374 | best 0.7063 (ep 1430)
2025-12-10 10:46:39 - [GCN] Epoch 1900 | loss 0.1463 | val@20 0.6791 | test@20 0.5674 | best 0.7063 (ep 1430)
2025-12-10 10:46:52 - [GCN] Epoch 1905 | loss 0.1459 | val@20 0.7045 | test@20 0.6393 | best 0.7063 (ep 1430)
2025-12-10 10:47:05 - [GCN] Epoch 1910 | loss 0.1463 | val@20 0.6912 | test@20 0.5317 | best 0.7063 (ep 1430)
2025-12-10 10:47:18 - [GCN] Epoch 1915 | loss 0.1451 | val@20 0.6748 | test@20 0.7319 | best 0.7063 (ep 1430)
2025-12-10 10:47:31 - [GCN] Epoch 1920 | loss 0.1474 | val@20 0.6985 | test@20 0.5301 | best 0.7063 (ep 1430)
2025-12-10 10:47:43 - [GCN] Epoch 1925 | loss 0.1455 | val@20 0.6764 | test@20 0.5329 | best 0.7063 (ep 1430)
2025-12-10 10:47:56 - [GCN] Epoch 1930 | loss 0.1461 | val@20 0.6684 | test@20 0.3901 | best 0.7063 (ep 1430)
2025-12-10 10:48:09 - [GCN] Epoch 1935 | loss 0.1458 | val@20 0.6899 | test@20 0.5394 | best 0.7063 (ep 1430)
2025-12-10 10:48:22 - [GCN] Epoch 1940 | loss 0.1453 | val@20 0.7034 | test@20 0.4173 | best 0.7063 (ep 1430)
2025-12-10 10:48:35 - [GCN] Epoch 1945 | loss 0.1451 | val@20 0.6809 | test@20 0.2982 | best 0.7063 (ep 1430)
2025-12-10 10:48:48 - [GCN] Epoch 1950 | loss 0.1450 | val@20 0.6581 | test@20 0.7100 | best 0.7063 (ep 1430)
2025-12-10 10:49:01 - [GCN] Epoch 1955 | loss 0.1450 | val@20 0.6841 | test@20 0.7081 | best 0.7063 (ep 1430)
2025-12-10 10:49:15 - [GCN] Epoch 1960 | loss 0.1447 | val@20 0.6632 | test@20 0.5129 | best 0.7063 (ep 1430)
2025-12-10 10:49:27 - [GCN] Epoch 1965 | loss 0.1459 | val@20 0.6905 | test@20 0.5996 | best 0.7063 (ep 1430)
2025-12-10 10:49:40 - [GCN] Epoch 1970 | loss 0.1455 | val@20 0.6721 | test@20 0.5624 | best 0.7063 (ep 1430)
2025-12-10 10:49:52 - [GCN] Epoch 1975 | loss 0.1449 | val@20 0.6998 | test@20 0.8181 | best 0.7063 (ep 1430)
2025-12-10 10:50:05 - [GCN] Epoch 1980 | loss 0.1460 | val@20 0.6912 | test@20 0.5866 | best 0.7063 (ep 1430)
2025-12-10 10:50:18 - [GCN] Epoch 1985 | loss 0.1450 | val@20 0.6559 | test@20 0.6601 | best 0.7063 (ep 1430)
2025-12-10 10:50:31 - [GCN] Epoch 1990 | loss 0.1451 | val@20 0.6680 | test@20 0.7590 | best 0.7063 (ep 1430)
2025-12-10 10:50:44 - [GCN] Epoch 1995 | loss 0.1454 | val@20 0.6641 | test@20 0.4346 | best 0.7063 (ep 1430)
2025-12-10 10:50:56 - [GCN] Epoch 2000 | loss 0.1447 | val@20 0.7033 | test@20 0.7123 | best 0.7063 (ep 1430)
2025-12-10 10:50:56 - ================================================================================
2025-12-10 10:50:56 - Final Results
2025-12-10 10:50:56 - ================================================================================
2025-12-10 10:50:56 - Hits@10: Valid 68.47% | Test 27.52%
2025-12-10 10:50:56 - Hits@20: Valid 70.63% | Test 73.10%
2025-12-10 10:50:56 - Hits@30: Valid 72.09% | Test 85.25%
2025-12-10 10:50:56 - ================================================================================
